#
# There is insufficient memory for the Java Runtime Environment to continue.
# Native memory allocation (mmap) failed to map 49283072 bytes for G1 virtual space
# Possible reasons:
#   The system is out of physical RAM or swap space
#   The process is running with CompressedOops enabled, and the Java Heap may be blocking the growth of the native heap
# Possible solutions:
#   Reduce memory load on the system
#   Increase physical memory or swap space
#   Check if swap backing store is full
#   Decrease Java heap size (-Xmx/-Xms)
#   Decrease number of Java threads
#   Decrease Java thread stack sizes (-Xss)
#   Set larger code cache with -XX:ReservedCodeCacheSize=
#   JVM is running with Unscaled Compressed Oops mode in which the Java heap is
#     placed in the first 4GB address space. The Java Heap base address is the
#     maximum limit for the native heap growth. Please use -XX:HeapBaseMinAddress
#     to set the Java Heap base and to place the Java Heap above 4GB virtual address.
# This output file may be truncated or incomplete.
#
#  Out of Memory Error (os_windows.cpp:3550), pid=7916, tid=224
#
# JRE version: Java(TM) SE Runtime Environment (17.0.6+9) (build 17.0.6+9-LTS-190)
# Java VM: Java HotSpot(TM) 64-Bit Server VM (17.0.6+9-LTS-190, mixed mode, sharing, tiered, compressed oops, compressed class ptrs, g1 gc, windows-amd64)
# No core dump will be written. Minidumps are not enabled by default on client versions of Windows
#

---------------  S U M M A R Y ------------

Command Line: -Dmaven.home=EMBEDDED -Dclassworlds.conf=G:\Java\.metadata\.plugins\org.eclipse.m2e.launching\launches\m2conf18192711220844079551.tmp -Dmaven.multiModuleProjectDirectory=C:\Users\Shatabdi\Downloads\kirana-register -Dfile.encoding=Cp1252 -XX:+ShowCodeDetailsInExceptionMessages org.codehaus.plexus.classworlds.launcher.Launcher -B clean install package

Host: Intel(R) Core(TM) i3-7020U CPU @ 2.30GHz, 4 cores, 7G,  Windows 10 , 64 bit Build 19041 (10.0.19041.3636)
Time: Wed Dec 27 09:07:02 2023 India Standard Time elapsed time: 22.723821 seconds (0d 0h 0m 22s)

---------------  T H R E A D  ---------------

Current thread (0x000001fd7cb57ca0):  VMThread "VM Thread" [stack: 0x0000009d22c00000,0x0000009d22d00000] [id=224]

Stack: [0x0000009d22c00000,0x0000009d22d00000]
Native frames: (J=compiled Java code, j=interpreted, Vv=VM code, C=native code)
V  [jvm.dll+0x6734ea]
V  [jvm.dll+0x7d18f4]
V  [jvm.dll+0x7d309e]
V  [jvm.dll+0x7d3703]
V  [jvm.dll+0x2433c5]
V  [jvm.dll+0x6703f9]
V  [jvm.dll+0x664d32]
V  [jvm.dll+0x300086]
V  [jvm.dll+0x307606]
V  [jvm.dll+0x356c1e]
V  [jvm.dll+0x356e4f]
V  [jvm.dll+0x2d72e8]
V  [jvm.dll+0x2d57e5]
V  [jvm.dll+0x2d4dec]
V  [jvm.dll+0x3186a1]
V  [jvm.dll+0x7d7f0b]
V  [jvm.dll+0x7d8c44]
V  [jvm.dll+0x7d915d]
V  [jvm.dll+0x7d9534]
V  [jvm.dll+0x7d9600]
V  [jvm.dll+0x781a7a]
V  [jvm.dll+0x672375]
C  [ucrtbase.dll+0x21bb2]
C  [KERNEL32.DLL+0x17344]
C  [ntdll.dll+0x526b1]

VM_Operation (0x0000009d226fc088): G1TryInitiateConcMark, mode: safepoint, requested by thread 0x000001fd6e331070


---------------  P R O C E S S  ---------------

Threads class SMR info:
_java_thread_list=0x000001fd7ecda130, length=18, elements={
0x000001fd6e331070, 0x000001fd7cb5ec40, 0x000001fd7cb60750, 0x000001fd7cb75870,
0x000001fd7cb78330, 0x000001fd7cb78ce0, 0x000001fd7cb79690, 0x000001fd7cb7a420,
0x000001fd7cbe8100, 0x000001fd7cbecec0, 0x000001fd7d89e020, 0x000001fd7d8aa970,
0x000001fd7e959740, 0x000001fd7e959ee0, 0x000001fd7e95a3b0, 0x000001fd7e89c020,
0x000001fd7e89c4f0, 0x000001fd7ec8daa0
}

Java Threads: ( => current thread )
  0x000001fd6e331070 JavaThread "main" [_thread_blocked, id=3264, stack(0x0000009d22600000,0x0000009d22700000)]
  0x000001fd7cb5ec40 JavaThread "Reference Handler" daemon [_thread_blocked, id=2820, stack(0x0000009d22d00000,0x0000009d22e00000)]
  0x000001fd7cb60750 JavaThread "Finalizer" daemon [_thread_blocked, id=688, stack(0x0000009d22e00000,0x0000009d22f00000)]
  0x000001fd7cb75870 JavaThread "Signal Dispatcher" daemon [_thread_blocked, id=3116, stack(0x0000009d22f00000,0x0000009d23000000)]
  0x000001fd7cb78330 JavaThread "Attach Listener" daemon [_thread_blocked, id=15840, stack(0x0000009d23000000,0x0000009d23100000)]
  0x000001fd7cb78ce0 JavaThread "Service Thread" daemon [_thread_blocked, id=6624, stack(0x0000009d23100000,0x0000009d23200000)]
  0x000001fd7cb79690 JavaThread "Monitor Deflation Thread" daemon [_thread_blocked, id=2584, stack(0x0000009d23200000,0x0000009d23300000)]
  0x000001fd7cb7a420 JavaThread "C2 CompilerThread0" daemon [_thread_blocked, id=1468, stack(0x0000009d23300000,0x0000009d23400000)]
  0x000001fd7cbe8100 JavaThread "C1 CompilerThread0" daemon [_thread_blocked, id=11668, stack(0x0000009d23400000,0x0000009d23500000)]
  0x000001fd7cbecec0 JavaThread "Sweeper thread" daemon [_thread_blocked, id=7760, stack(0x0000009d23500000,0x0000009d23600000)]
  0x000001fd7d89e020 JavaThread "Notification Thread" daemon [_thread_blocked, id=5396, stack(0x0000009d23600000,0x0000009d23700000)]
  0x000001fd7d8aa970 JavaThread "Common-Cleaner" daemon [_thread_blocked, id=10804, stack(0x0000009d23800000,0x0000009d23900000)]
  0x000001fd7e959740 JavaThread "OkHttp repo.maven.apache.org" [_thread_in_native, id=10628, stack(0x0000009d23e00000,0x0000009d23f00000)]
  0x000001fd7e959ee0 JavaThread "OkHttp ConnectionPool" daemon [_thread_blocked, id=2808, stack(0x0000009d23f00000,0x0000009d24000000)]
  0x000001fd7e95a3b0 JavaThread "Okio Watchdog" daemon [_thread_blocked, id=11072, stack(0x0000009d24000000,0x0000009d24100000)]
  0x000001fd7e89c020 JavaThread "OkHttp repo.maven.apache.org Writer" [_thread_blocked, id=12180, stack(0x0000009d24100000,0x0000009d24200000)]
  0x000001fd7e89c4f0 JavaThread "OkHttp Http2Connection" daemon [_thread_blocked, id=11744, stack(0x0000009d24200000,0x0000009d24300000)]
  0x000001fd7ec8daa0 JavaThread "C2 CompilerThread1" daemon [_thread_in_native, id=4828, stack(0x0000009d23c00000,0x0000009d23d00000)]

Other Threads:
=>0x000001fd7cb57ca0 VMThread "VM Thread" [stack: 0x0000009d22c00000,0x0000009d22d00000] [id=224]
  0x000001fd7d8a8520 WatcherThread [stack: 0x0000009d23700000,0x0000009d23800000] [id=256]
  0x000001fd6e3889c0 GCTaskThread "GC Thread#0" [stack: 0x0000009d22700000,0x0000009d22800000] [id=5772]
  0x000001fd7e0d9d50 GCTaskThread "GC Thread#1" [stack: 0x0000009d23900000,0x0000009d23a00000] [id=3816]
  0x000001fd7d9aa0d0 GCTaskThread "GC Thread#2" [stack: 0x0000009d23a00000,0x0000009d23b00000] [id=1552]
  0x000001fd7de2e280 GCTaskThread "GC Thread#3" [stack: 0x0000009d23b00000,0x0000009d23c00000] [id=4628]
  0x000001fd6e399590 ConcurrentGCThread "G1 Main Marker" [stack: 0x0000009d22800000,0x0000009d22900000] [id=11912]
  0x000001fd6e399fa0 ConcurrentGCThread "G1 Conc#0" [stack: 0x0000009d22900000,0x0000009d22a00000] [id=2256]
  0x000001fd7ca20090 ConcurrentGCThread "G1 Refine#0" [stack: 0x0000009d22a00000,0x0000009d22b00000] [id=4688]
  0x000001fd7ec64220 ConcurrentGCThread "G1 Refine#1" [stack: 0x0000009d24300000,0x0000009d24400000] [id=10732]
  0x000001fd7ca21ac0 ConcurrentGCThread "G1 Service" [stack: 0x0000009d22b00000,0x0000009d22c00000] [id=3028]

Threads with active compile tasks:
C2 CompilerThread1    22772 7044 % !   4       java.util.jar.Attributes::read @ 214 (494 bytes)

VM state: at safepoint (normal execution)

VM Mutex/Monitor currently owned by a thread:  ([mutex/lock_event])
[0x000001fd6e32d2d0] Threads_lock - owner thread: 0x000001fd7cb57ca0
[0x000001fd6e32c550] Heap_lock - owner thread: 0x000001fd6e331070

Heap address: 0x0000000081c00000, size: 2020 MB, Compressed Oops mode: 32-bit

CDS archive(s) mapped at: [0x0000000800000000-0x0000000800bd0000-0x0000000800bd0000), size 12386304, SharedBaseAddress: 0x0000000800000000, ArchiveRelocationMode: 0.
Compressed class space mapped at: 0x0000000800c00000-0x0000000840c00000, reserved size: 1073741824
Narrow klass base: 0x0000000800000000, Narrow klass shift: 0, Narrow klass range: 0x100000000

GC Precious Log:
 CPUs: 4 total, 4 available
 Memory: 8074M
 Large Page Support: Disabled
 NUMA Support: Disabled
 Compressed Oops: Enabled (32-bit)
 Heap Region Size: 1M
 Heap Min Capacity: 8M
 Heap Initial Capacity: 128M
 Heap Max Capacity: 2020M
 Pre-touch: Disabled
 Parallel Workers: 4
 Concurrent Workers: 1
 Concurrent Refinement Workers: 4
 Periodic GC: Disabled

Heap:
 garbage-first heap   total 88064K, used 49086K [0x0000000081c00000, 0x0000000100000000)
  region size 1024K, 2 young (2048K), 2 survivors (2048K)
 Metaspace       used 34395K, committed 34816K, reserved 1081344K
  class space    used 3848K, committed 4032K, reserved 1048576K

Heap Regions: E=young(eden), S=young(survivor), O=old, HS=humongous(starts), HC=humongous(continues), CS=collection set, F=free, OA=open archive, CA=closed archive, TAMS=top-at-mark-start (previous, next)
|   0|0x0000000081c00000, 0x0000000081d00000, 0x0000000081d00000|100%| O|  |TAMS 0x0000000081d00000, 0x0000000081d00000| Untracked 
|   1|0x0000000081d00000, 0x0000000081e00000, 0x0000000081e00000|100%| O|  |TAMS 0x0000000081e00000, 0x0000000081e00000| Untracked 
|   2|0x0000000081e00000, 0x0000000081f00000, 0x0000000081f00000|100%| O|  |TAMS 0x0000000081f00000, 0x0000000081f00000| Untracked 
|   3|0x0000000081f00000, 0x0000000082000000, 0x0000000082000000|100%|HS|  |TAMS 0x0000000082000000, 0x0000000082000000| Complete 
|   4|0x0000000082000000, 0x0000000082100000, 0x0000000082100000|100%|HC|  |TAMS 0x0000000082100000, 0x0000000082100000| Complete 
|   5|0x0000000082100000, 0x0000000082200000, 0x0000000082200000|100%|HS|  |TAMS 0x0000000082100000, 0x0000000082200000| Complete 
|   6|0x0000000082200000, 0x0000000082300000, 0x0000000082300000|100%|HS|  |TAMS 0x0000000082300000, 0x0000000082300000| Complete 
|   7|0x0000000082300000, 0x00000000823a3e00, 0x0000000082400000| 64%| O|  |TAMS 0x0000000082300000, 0x00000000823a3e00| Untracked 
|   8|0x0000000082400000, 0x0000000082400000, 0x0000000082500000|  0%| F|  |TAMS 0x0000000082400000, 0x0000000082400000| Untracked 
|   9|0x0000000082500000, 0x0000000082600000, 0x0000000082600000|100%| O|  |TAMS 0x0000000082600000, 0x0000000082600000| Untracked 
|  10|0x0000000082600000, 0x0000000082700000, 0x0000000082700000|100%| O|  |TAMS 0x0000000082700000, 0x0000000082700000| Untracked 
|  11|0x0000000082700000, 0x0000000082800000, 0x0000000082800000|100%| O|  |TAMS 0x00000000827e3c00, 0x0000000082800000| Untracked 
|  12|0x0000000082800000, 0x0000000082900000, 0x0000000082900000|100%| O|  |TAMS 0x0000000082800000, 0x0000000082900000| Untracked 
|  13|0x0000000082900000, 0x0000000082a00000, 0x0000000082a00000|100%| O|  |TAMS 0x0000000082a00000, 0x0000000082a00000| Untracked 
|  14|0x0000000082a00000, 0x0000000082a00000, 0x0000000082b00000|  0%| F|  |TAMS 0x0000000082a00000, 0x0000000082a00000| Untracked 
|  15|0x0000000082b00000, 0x0000000082c00000, 0x0000000082c00000|100%| O|  |TAMS 0x0000000082c00000, 0x0000000082c00000| Untracked 
|  16|0x0000000082c00000, 0x0000000082c00000, 0x0000000082d00000|  0%| F|  |TAMS 0x0000000082c00000, 0x0000000082c00000| Untracked 
|  17|0x0000000082d00000, 0x0000000082e00000, 0x0000000082e00000|100%| O|  |TAMS 0x0000000082e00000, 0x0000000082e00000| Untracked 
|  18|0x0000000082e00000, 0x0000000082f00000, 0x0000000082f00000|100%| O|  |TAMS 0x0000000082f00000, 0x0000000082f00000| Untracked 
|  19|0x0000000082f00000, 0x0000000083000000, 0x0000000083000000|100%|HS|  |TAMS 0x0000000082f00000, 0x0000000083000000| Complete 
|  20|0x0000000083000000, 0x0000000083100000, 0x0000000083100000|100%|HC|  |TAMS 0x0000000083000000, 0x0000000083100000| Complete 
|  21|0x0000000083100000, 0x0000000083200000, 0x0000000083200000|100%| O|  |TAMS 0x0000000083100000, 0x0000000083200000| Untracked 
|  22|0x0000000083200000, 0x0000000083300000, 0x0000000083300000|100%| O|  |TAMS 0x0000000083200000, 0x0000000083300000| Untracked 
|  23|0x0000000083300000, 0x0000000083400000, 0x0000000083400000|100%| O|  |TAMS 0x0000000083300000, 0x0000000083400000| Untracked 
|  24|0x0000000083400000, 0x0000000083500000, 0x0000000083500000|100%| O|  |TAMS 0x0000000083400000, 0x0000000083500000| Untracked 
|  25|0x0000000083500000, 0x0000000083600000, 0x0000000083600000|100%| O|  |TAMS 0x0000000083500000, 0x0000000083600000| Untracked 
|  26|0x0000000083600000, 0x0000000083700000, 0x0000000083700000|100%| O|  |TAMS 0x0000000083600000, 0x0000000083700000| Untracked 
|  27|0x0000000083700000, 0x0000000083800000, 0x0000000083800000|100%| O|  |TAMS 0x0000000083700000, 0x0000000083800000| Untracked 
|  28|0x0000000083800000, 0x0000000083900000, 0x0000000083900000|100%| O|  |TAMS 0x0000000083800000, 0x0000000083900000| Untracked 
|  29|0x0000000083900000, 0x0000000083a00000, 0x0000000083a00000|100%| O|  |TAMS 0x0000000083900000, 0x0000000083a00000| Untracked 
|  30|0x0000000083a00000, 0x0000000083b00000, 0x0000000083b00000|100%| O|  |TAMS 0x0000000083a00000, 0x0000000083b00000| Untracked 
|  31|0x0000000083b00000, 0x0000000083c00000, 0x0000000083c00000|100%| O|  |TAMS 0x0000000083b00000, 0x0000000083c00000| Untracked 
|  32|0x0000000083c00000, 0x0000000083c00000, 0x0000000083d00000|  0%| F|  |TAMS 0x0000000083c00000, 0x0000000083c00000| Untracked 
|  33|0x0000000083d00000, 0x0000000083d00000, 0x0000000083e00000|  0%| F|  |TAMS 0x0000000083d00000, 0x0000000083d00000| Untracked 
|  34|0x0000000083e00000, 0x0000000083e00000, 0x0000000083f00000|  0%| F|  |TAMS 0x0000000083e00000, 0x0000000083e00000| Untracked 
|  35|0x0000000083f00000, 0x0000000084000000, 0x0000000084000000|100%| O|  |TAMS 0x0000000084000000, 0x0000000084000000| Untracked 
|  36|0x0000000084000000, 0x0000000084100000, 0x0000000084100000|100%| O|  |TAMS 0x0000000084100000, 0x0000000084100000| Untracked 
|  37|0x0000000084100000, 0x0000000084200000, 0x0000000084200000|100%| O|  |TAMS 0x0000000084200000, 0x0000000084200000| Untracked 
|  38|0x0000000084200000, 0x0000000084300000, 0x0000000084300000|100%| O|  |TAMS 0x0000000084300000, 0x0000000084300000| Untracked 
|  39|0x0000000084300000, 0x0000000084300000, 0x0000000084400000|  0%| F|  |TAMS 0x0000000084300000, 0x0000000084300000| Untracked 
|  40|0x0000000084400000, 0x0000000084500000, 0x0000000084500000|100%| O|  |TAMS 0x0000000084400000, 0x0000000084500000| Untracked 
|  41|0x0000000084500000, 0x0000000084600000, 0x0000000084600000|100%| O|  |TAMS 0x0000000084500000, 0x0000000084600000| Untracked 
|  42|0x0000000084600000, 0x0000000084700000, 0x0000000084700000|100%| O|  |TAMS 0x0000000084600000, 0x0000000084700000| Untracked 
|  43|0x0000000084700000, 0x0000000084700000, 0x0000000084800000|  0%| F|  |TAMS 0x0000000084700000, 0x0000000084700000| Untracked 
|  44|0x0000000084800000, 0x0000000084800000, 0x0000000084900000|  0%| F|  |TAMS 0x0000000084800000, 0x0000000084800000| Untracked 
|  45|0x0000000084900000, 0x0000000084900000, 0x0000000084a00000|  0%| F|  |TAMS 0x0000000084900000, 0x0000000084900000| Untracked 
|  46|0x0000000084a00000, 0x0000000084a00000, 0x0000000084b00000|  0%| F|  |TAMS 0x0000000084a00000, 0x0000000084a00000| Untracked 
|  47|0x0000000084b00000, 0x0000000084b00000, 0x0000000084c00000|  0%| F|  |TAMS 0x0000000084b00000, 0x0000000084b00000| Untracked 
|  48|0x0000000084c00000, 0x0000000084c00000, 0x0000000084d00000|  0%| F|  |TAMS 0x0000000084c00000, 0x0000000084c00000| Untracked 
|  49|0x0000000084d00000, 0x0000000084d00000, 0x0000000084e00000|  0%| F|  |TAMS 0x0000000084d00000, 0x0000000084d00000| Untracked 
|  50|0x0000000084e00000, 0x0000000084e00000, 0x0000000084f00000|  0%| F|  |TAMS 0x0000000084e00000, 0x0000000084e00000| Untracked 
|  51|0x0000000084f00000, 0x0000000084f00000, 0x0000000085000000|  0%| F|  |TAMS 0x0000000084f00000, 0x0000000084f00000| Untracked 
|  52|0x0000000085000000, 0x0000000085000000, 0x0000000085100000|  0%| F|  |TAMS 0x0000000085000000, 0x0000000085000000| Untracked 
|  53|0x0000000085100000, 0x0000000085100000, 0x0000000085200000|  0%| F|  |TAMS 0x0000000085100000, 0x0000000085100000| Untracked 
|  54|0x0000000085200000, 0x0000000085200000, 0x0000000085300000|  0%| F|  |TAMS 0x0000000085200000, 0x0000000085200000| Untracked 
|  55|0x0000000085300000, 0x0000000085300000, 0x0000000085400000|  0%| F|  |TAMS 0x0000000085300000, 0x0000000085300000| Untracked 
|  56|0x0000000085400000, 0x0000000085400000, 0x0000000085500000|  0%| F|  |TAMS 0x0000000085400000, 0x0000000085400000| Untracked 
|  57|0x0000000085500000, 0x0000000085500000, 0x0000000085600000|  0%| F|  |TAMS 0x0000000085500000, 0x0000000085500000| Untracked 
|  58|0x0000000085600000, 0x0000000085600000, 0x0000000085700000|  0%| F|  |TAMS 0x0000000085600000, 0x0000000085600000| Untracked 
|  59|0x0000000085700000, 0x0000000085700000, 0x0000000085800000|  0%| F|  |TAMS 0x0000000085700000, 0x0000000085700000| Untracked 
|  60|0x0000000085800000, 0x0000000085800000, 0x0000000085900000|  0%| F|  |TAMS 0x0000000085800000, 0x0000000085800000| Untracked 
|  61|0x0000000085900000, 0x0000000085900000, 0x0000000085a00000|  0%| F|  |TAMS 0x0000000085900000, 0x0000000085900000| Untracked 
|  62|0x0000000085a00000, 0x0000000085b00000, 0x0000000085b00000|100%| O|  |TAMS 0x0000000085b00000, 0x0000000085b00000| Untracked 
|  63|0x0000000085b00000, 0x0000000085c00000, 0x0000000085c00000|100%| O|  |TAMS 0x0000000085c00000, 0x0000000085c00000| Untracked 
|  64|0x0000000085c00000, 0x0000000085d00000, 0x0000000085d00000|100%| O|  |TAMS 0x0000000085d00000, 0x0000000085d00000| Untracked 
|  65|0x0000000085d00000, 0x0000000085e00000, 0x0000000085e00000|100%| O|  |TAMS 0x0000000085e00000, 0x0000000085e00000| Untracked 
|  66|0x0000000085e00000, 0x0000000085f00000, 0x0000000085f00000|100%| O|  |TAMS 0x0000000085f00000, 0x0000000085f00000| Untracked 
|  67|0x0000000085f00000, 0x0000000086000000, 0x0000000086000000|100%| O|  |TAMS 0x0000000086000000, 0x0000000086000000| Untracked 
|  68|0x0000000086000000, 0x0000000086100000, 0x0000000086100000|100%| O|  |TAMS 0x0000000086100000, 0x0000000086100000| Untracked 
|  69|0x0000000086100000, 0x0000000086200000, 0x0000000086200000|100%| O|  |TAMS 0x0000000086200000, 0x0000000086200000| Untracked 
|  70|0x0000000086200000, 0x0000000086200000, 0x0000000086300000|  0%| F|  |TAMS 0x0000000086200000, 0x0000000086200000| Untracked 
| 118|0x0000000089200000, 0x0000000089200000, 0x0000000089300000|  0%| F|  |TAMS 0x0000000089200000, 0x0000000089200000| Untracked 
| 119|0x0000000089300000, 0x0000000089300000, 0x0000000089400000|  0%| F|  |TAMS 0x0000000089300000, 0x0000000089300000| Untracked 
| 120|0x0000000089400000, 0x0000000089400000, 0x0000000089500000|  0%| F|  |TAMS 0x0000000089400000, 0x0000000089400000| Untracked 
| 121|0x0000000089500000, 0x0000000089500000, 0x0000000089600000|  0%| F|  |TAMS 0x0000000089500000, 0x0000000089500000| Untracked 
| 122|0x0000000089600000, 0x0000000089600000, 0x0000000089700000|  0%| F|  |TAMS 0x0000000089600000, 0x0000000089600000| Untracked 
| 127|0x0000000089b00000, 0x0000000089b00000, 0x0000000089c00000|  0%| F|  |TAMS 0x0000000089b00000, 0x0000000089b00000| Untracked 
|2011|0x00000000ff700000, 0x00000000ff800000, 0x00000000ff800000|100%| O|  |TAMS 0x00000000ff800000, 0x00000000ff800000| Untracked 
|2012|0x00000000ff800000, 0x00000000ff900000, 0x00000000ff900000|100%| O|  |TAMS 0x00000000ff900000, 0x00000000ff900000| Untracked 
|2013|0x00000000ff900000, 0x00000000ff900000, 0x00000000ffa00000|  0%| F|  |TAMS 0x00000000ff900000, 0x00000000ff900000| Untracked 
|2014|0x00000000ffa00000, 0x00000000ffa00000, 0x00000000ffb00000|  0%| F|  |TAMS 0x00000000ffa00000, 0x00000000ffa00000| Untracked 
|2015|0x00000000ffb00000, 0x00000000ffb00000, 0x00000000ffc00000|  0%| F|  |TAMS 0x00000000ffb00000, 0x00000000ffb00000| Untracked 
|2016|0x00000000ffc00000, 0x00000000ffc4bdc0, 0x00000000ffd00000| 29%| S|CS|TAMS 0x00000000ffc00000, 0x00000000ffc00000| Complete 
|2017|0x00000000ffd00000, 0x00000000ffe00000, 0x00000000ffe00000|100%| O|  |TAMS 0x00000000ffe00000, 0x00000000ffe00000| Untracked 
|2018|0x00000000ffe00000, 0x00000000fff00000, 0x00000000fff00000|100%| S|CS|TAMS 0x00000000ffe00000, 0x00000000ffe00000| Complete 
|2019|0x00000000fff00000, 0x00000000fff00000, 0x0000000100000000|  0%| F|  |TAMS 0x00000000fff00000, 0x00000000fff00000| Untracked 

Card table byte_map: [0x000001fd75fc0000,0x000001fd763c0000] _byte_map_base: 0x000001fd75bb2000

Marking Bits (Prev, Next): (CMBitMap*) 0x000001fd6e388fe0, (CMBitMap*) 0x000001fd6e389020
 Prev Bits: [0x000001fd767c0000, 0x000001fd78750000)
 Next Bits: [0x000001fd78750000, 0x000001fd7a6e0000)

Polling page: 0x000001fd6c330000

Metaspace:

Usage:
  Non-class:     29.83 MB used.
      Class:      3.76 MB used.
       Both:     33.59 MB used.

Virtual space:
  Non-class space:       32.00 MB reserved,      30.06 MB ( 94%) committed,  4 nodes.
      Class space:        1.00 GB reserved,       3.94 MB ( <1%) committed,  1 nodes.
             Both:        1.03 GB reserved,      34.00 MB (  3%) committed. 

Chunk freelists:
   Non-Class:  1.67 MB
       Class:  3.98 MB
        Both:  5.65 MB

MaxMetaspaceSize: unlimited
CompressedClassSpaceSize: 1.00 GB
Initial GC threshold: 21.00 MB
Current GC threshold: 56.50 MB
CDS: on
MetaspaceReclaimPolicy: balanced
 - commit_granule_bytes: 65536.
 - commit_granule_words: 8192.
 - virtual_space_node_default_size: 1048576.
 - enlarge_chunks_in_place: 1.
 - new_chunks_are_fully_committed: 0.
 - uncommit_free_chunks: 1.
 - use_allocation_guard: 0.
 - handle_deallocations: 1.


Internal statistics:

num_allocs_failed_limit: 3.
num_arena_births: 242.
num_arena_deaths: 0.
num_vsnodes_births: 5.
num_vsnodes_deaths: 0.
num_space_committed: 544.
num_space_uncommitted: 0.
num_chunks_returned_to_freelist: 3.
num_chunks_taken_from_freelist: 1328.
num_chunk_merges: 0.
num_chunk_splits: 921.
num_chunks_enlarged: 682.
num_purges: 0.
num_inconsistent_stats: 0.

CodeHeap 'non-profiled nmethods': size=120000Kb used=3236Kb max_used=3299Kb free=116763Kb
 bounds [0x000001fd07ad0000, 0x000001fd07e50000, 0x000001fd0f000000]
CodeHeap 'profiled nmethods': size=120000Kb used=12479Kb max_used=13053Kb free=107521Kb
 bounds [0x000001fd00000000, 0x000001fd00cc0000, 0x000001fd07530000]
CodeHeap 'non-nmethods': size=5760Kb used=1268Kb max_used=1374Kb free=4491Kb
 bounds [0x000001fd07530000, 0x000001fd077a0000, 0x000001fd07ad0000]
 total_blobs=6691 nmethods=6111 adapters=492
 compilation: enabled
              stopped_count=0, restarted_count=0
 full_count=0

Compilation events (20 events):
Event: 22.608 Thread 0x000001fd7cb7a420 7046       4       sun.nio.fs.NativeBuffers::getNativeBufferFromCache (51 bytes)
Event: 22.614 Thread 0x000001fd7cb7a420 nmethod 7046 0x000001fd07ba3c10 code [0x000001fd07ba3dc0, 0x000001fd07ba40d8]
Event: 22.631 Thread 0x000001fd7cb7a420 7047       4       jdk.nio.zipfs.ZipPath::getResolved (62 bytes)
Event: 22.639 Thread 0x000001fd7cb7a420 nmethod 7047 0x000001fd07ba3690 code [0x000001fd07ba3820, 0x000001fd07ba3af8]
Event: 22.640 Thread 0x000001fd7cb7a420 7048       4       jdk.nio.zipfs.ZipPath::getResolvedPath (42 bytes)
Event: 22.649 Thread 0x000001fd7cb7a420 nmethod 7048 0x000001fd07ba2e90 code [0x000001fd07ba3020, 0x000001fd07ba3438]
Event: 22.682 Thread 0x000001fd7cb7a420 7049       4       sun.nio.fs.NativeBuffers::releaseNativeBuffer (97 bytes)
Event: 22.690 Thread 0x000001fd7cb7a420 nmethod 7049 0x000001fd07cd7c10 code [0x000001fd07cd7dc0, 0x000001fd07cd80b8]
Event: 22.697 Thread 0x000001fd7cb7a420 7050       4       java.util.function.Function$$Lambda$123/0x0000000800ec2660::apply (5 bytes)
Event: 22.697 Thread 0x000001fd7cb7a420 nmethod 7050 0x000001fd07cd7910 code [0x000001fd07cd7a80, 0x000001fd07cd7af8]
Event: 22.697 Thread 0x000001fd7cb7a420 7051       4       sun.nio.fs.WindowsPath::hashCode (52 bytes)
Event: 22.706 Thread 0x000001fd7cb7a420 nmethod 7051 0x000001fd07cd7110 code [0x000001fd07cd72c0, 0x000001fd07cd75e8]
Event: 22.711 Thread 0x000001fd7cbe8100 7052       3       java.nio.file.Files::newByteChannel (36 bytes)
Event: 22.711 Thread 0x000001fd7cb7a420 7054       4       java.nio.ByteBuffer::<init> (47 bytes)
Event: 22.711 Thread 0x000001fd7cbe8100 nmethod 7052 0x000001fd0055c710 code [0x000001fd0055c940, 0x000001fd0055d2d8]
Event: 22.712 Thread 0x000001fd7cbe8100 7053       3       java.nio.file.Files::newByteChannel (11 bytes)
Event: 22.712 Thread 0x000001fd7cbe8100 nmethod 7053 0x000001fd0055c010 code [0x000001fd0055c1e0, 0x000001fd0055c5a8]
Event: 22.713 Thread 0x000001fd7cbe8100 7055   !   3       com.sun.tools.javac.file.JavacFileManager$ArchiveContainer::walkDirectories (134 bytes)
Event: 22.714 Thread 0x000001fd7cbe8100 nmethod 7055 0x000001fd0055a610 code [0x000001fd0055a900, 0x000001fd0055b998]
Event: 22.715 Thread 0x000001fd7cb7a420 nmethod 7054 0x000001fd07cd6b10 code [0x000001fd07cd6ca0, 0x000001fd07cd6f98]

GC Heap History (20 events):
Event: 17.602 GC heap after
{Heap after GC invocations=20 (full 0):
 garbage-first heap   total 61440K, used 20667K [0x0000000081c00000, 0x0000000100000000)
  region size 1024K, 2 young (2048K), 2 survivors (2048K)
 Metaspace       used 22051K, committed 22336K, reserved 1073152K
  class space    used 2421K, committed 2560K, reserved 1048576K
}
Event: 17.995 GC heap before
{Heap before GC invocations=20 (full 0):
 garbage-first heap   total 61440K, used 28859K [0x0000000081c00000, 0x0000000100000000)
  region size 1024K, 3 young (3072K), 2 survivors (2048K)
 Metaspace       used 22060K, committed 22336K, reserved 1073152K
  class space    used 2421K, committed 2560K, reserved 1048576K
}
Event: 17.998 GC heap after
{Heap after GC invocations=21 (full 0):
 garbage-first heap   total 61440K, used 16464K [0x0000000081c00000, 0x0000000100000000)
  region size 1024K, 2 young (2048K), 2 survivors (2048K)
 Metaspace       used 22060K, committed 22336K, reserved 1073152K
  class space    used 2421K, committed 2560K, reserved 1048576K
}
Event: 18.713 GC heap before
{Heap before GC invocations=21 (full 0):
 garbage-first heap   total 61440K, used 43088K [0x0000000081c00000, 0x0000000100000000)
  region size 1024K, 17 young (17408K), 2 survivors (2048K)
 Metaspace       used 24699K, committed 24960K, reserved 1073152K
  class space    used 2731K, committed 2880K, reserved 1048576K
}
Event: 18.719 GC heap after
{Heap after GC invocations=22 (full 0):
 garbage-first heap   total 61440K, used 19323K [0x0000000081c00000, 0x0000000100000000)
  region size 1024K, 2 young (2048K), 2 survivors (2048K)
 Metaspace       used 24699K, committed 24960K, reserved 1073152K
  class space    used 2731K, committed 2880K, reserved 1048576K
}
Event: 19.559 GC heap before
{Heap before GC invocations=22 (full 0):
 garbage-first heap   total 61440K, used 54139K [0x0000000081c00000, 0x0000000100000000)
  region size 1024K, 32 young (32768K), 2 survivors (2048K)
 Metaspace       used 30173K, committed 30464K, reserved 1081344K
  class space    used 3382K, committed 3520K, reserved 1048576K
}
Event: 19.581 GC heap after
{Heap after GC invocations=23 (full 0):
 garbage-first heap   total 70656K, used 35266K [0x0000000081c00000, 0x0000000100000000)
  region size 1024K, 4 young (4096K), 4 survivors (4096K)
 Metaspace       used 30173K, committed 30464K, reserved 1081344K
  class space    used 3382K, committed 3520K, reserved 1048576K
}
Event: 19.930 GC heap before
{Heap before GC invocations=23 (full 0):
 garbage-first heap   total 70656K, used 53698K [0x0000000081c00000, 0x0000000100000000)
  region size 1024K, 22 young (22528K), 4 survivors (4096K)
 Metaspace       used 30820K, committed 31104K, reserved 1081344K
  class space    used 3452K, committed 3584K, reserved 1048576K
}
Event: 19.938 GC heap after
{Heap after GC invocations=24 (full 0):
 garbage-first heap   total 84992K, used 39258K [0x0000000081c00000, 0x0000000100000000)
  region size 1024K, 3 young (3072K), 3 survivors (3072K)
 Metaspace       used 30820K, committed 31104K, reserved 1081344K
  class space    used 3452K, committed 3584K, reserved 1048576K
}
Event: 20.838 GC heap before
{Heap before GC invocations=24 (full 0):
 garbage-first heap   total 84992K, used 60762K [0x0000000081c00000, 0x0000000100000000)
  region size 1024K, 25 young (25600K), 3 survivors (3072K)
 Metaspace       used 32207K, committed 32512K, reserved 1081344K
  class space    used 3604K, committed 3776K, reserved 1048576K
}
Event: 20.844 GC heap after
{Heap after GC invocations=25 (full 0):
 garbage-first heap   total 84992K, used 40847K [0x0000000081c00000, 0x0000000100000000)
  region size 1024K, 1 young (1024K), 1 survivors (1024K)
 Metaspace       used 32207K, committed 32512K, reserved 1081344K
  class space    used 3604K, committed 3776K, reserved 1048576K
}
Event: 21.961 GC heap before
{Heap before GC invocations=25 (full 0):
 garbage-first heap   total 84992K, used 63375K [0x0000000081c00000, 0x0000000100000000)
  region size 1024K, 24 young (24576K), 1 survivors (1024K)
 Metaspace       used 34288K, committed 34688K, reserved 1081344K
  class space    used 3846K, committed 4032K, reserved 1048576K
}
Event: 21.966 GC heap after
{Heap after GC invocations=26 (full 0):
 garbage-first heap   total 84992K, used 40499K [0x0000000081c00000, 0x0000000100000000)
  region size 1024K, 2 young (2048K), 2 survivors (2048K)
 Metaspace       used 34288K, committed 34688K, reserved 1081344K
  class space    used 3846K, committed 4032K, reserved 1048576K
}
Event: 22.618 GC heap before
{Heap before GC invocations=27 (full 0):
 garbage-first heap   total 84992K, used 67123K [0x0000000081c00000, 0x0000000100000000)
  region size 1024K, 26 young (26624K), 2 survivors (2048K)
 Metaspace       used 34394K, committed 34816K, reserved 1081344K
  class space    used 3848K, committed 4032K, reserved 1048576K
}
Event: 22.627 GC heap after
{Heap after GC invocations=28 (full 0):
 garbage-first heap   total 84992K, used 54876K [0x0000000081c00000, 0x0000000100000000)
  region size 1024K, 4 young (4096K), 4 survivors (4096K)
 Metaspace       used 34394K, committed 34816K, reserved 1081344K
  class space    used 3848K, committed 4032K, reserved 1048576K
}
Event: 22.665 GC heap before
{Heap before GC invocations=28 (full 0):
 garbage-first heap   total 84992K, used 55900K [0x0000000081c00000, 0x0000000100000000)
  region size 1024K, 5 young (5120K), 4 survivors (4096K)
 Metaspace       used 34394K, committed 34816K, reserved 1081344K
  class space    used 3848K, committed 4032K, reserved 1048576K
}
Event: 22.672 GC heap after
{Heap after GC invocations=29 (full 0):
 garbage-first heap   total 84992K, used 48048K [0x0000000081c00000, 0x0000000100000000)
  region size 1024K, 1 young (1024K), 1 survivors (1024K)
 Metaspace       used 34394K, committed 34816K, reserved 1081344K
  class space    used 3848K, committed 4032K, reserved 1048576K
}
Event: 22.703 GC heap before
{Heap before GC invocations=29 (full 0):
 garbage-first heap   total 84992K, used 51120K [0x0000000081c00000, 0x0000000100000000)
  region size 1024K, 4 young (4096K), 1 survivors (1024K)
 Metaspace       used 34394K, committed 34816K, reserved 1081344K
  class space    used 3848K, committed 4032K, reserved 1048576K
}
Event: 22.706 GC heap after
{Heap after GC invocations=30 (full 0):
 garbage-first heap   total 84992K, used 48783K [0x0000000081c00000, 0x0000000100000000)
  region size 1024K, 1 young (1024K), 1 survivors (1024K)
 Metaspace       used 34394K, committed 34816K, reserved 1081344K
  class space    used 3848K, committed 4032K, reserved 1048576K
}
Event: 22.719 GC heap before
{Heap before GC invocations=30 (full 0):
 garbage-first heap   total 84992K, used 48783K [0x0000000081c00000, 0x0000000100000000)
  region size 1024K, 2 young (2048K), 1 survivors (1024K)
 Metaspace       used 34395K, committed 34816K, reserved 1081344K
  class space    used 3848K, committed 4032K, reserved 1048576K
}

Deoptimization events (20 events):
Event: 22.009 Thread 0x000001fd6e331070 DEOPT PACKING pc=0x000001fd07dc3b30 sp=0x0000009d226fdad0
Event: 22.009 Thread 0x000001fd6e331070 DEOPT UNPACKING pc=0x000001fd075823a3 sp=0x0000009d226fda78 mode 2
Event: 22.069 Thread 0x000001fd6e331070 Uncommon trap: trap_request=0xffffff45 fr.pc=0x000001fd07dff060 relative=0x0000000000000380
Event: 22.069 Thread 0x000001fd6e331070 Uncommon trap: reason=unstable_if action=reinterpret pc=0x000001fd07dff060 method=java.util.zip.ZipInputStream.read([BII)I @ 29 c2
Event: 22.069 Thread 0x000001fd6e331070 DEOPT PACKING pc=0x000001fd07dff060 sp=0x0000009d226fcef0
Event: 22.069 Thread 0x000001fd6e331070 DEOPT UNPACKING pc=0x000001fd075823a3 sp=0x0000009d226fceb0 mode 2
Event: 22.258 Thread 0x000001fd6e331070 DEOPT PACKING pc=0x000001fd000ae559 sp=0x0000009d226fd2a0
Event: 22.258 Thread 0x000001fd6e331070 DEOPT UNPACKING pc=0x000001fd07582b43 sp=0x0000009d226fc798 mode 0
Event: 22.278 Thread 0x000001fd6e331070 DEOPT PACKING pc=0x000001fd0020468e sp=0x0000009d226fcd90
Event: 22.278 Thread 0x000001fd6e331070 DEOPT UNPACKING pc=0x000001fd07582b43 sp=0x0000009d226fc278 mode 0
Event: 22.291 Thread 0x000001fd6e331070 DEOPT PACKING pc=0x000001fd005c19bd sp=0x0000009d226fca70
Event: 22.291 Thread 0x000001fd6e331070 DEOPT UNPACKING pc=0x000001fd07582b43 sp=0x0000009d226fbef8 mode 0
Event: 22.311 Thread 0x000001fd6e331070 DEOPT PACKING pc=0x000001fd005c19bd sp=0x0000009d226fca70
Event: 22.311 Thread 0x000001fd6e331070 DEOPT UNPACKING pc=0x000001fd07582b43 sp=0x0000009d226fbef8 mode 0
Event: 22.635 Thread 0x000001fd6e331070 DEOPT PACKING pc=0x000001fd00b99085 sp=0x0000009d226fc830
Event: 22.635 Thread 0x000001fd6e331070 DEOPT UNPACKING pc=0x000001fd07582b43 sp=0x0000009d226fbcc8 mode 0
Event: 22.706 Thread 0x000001fd6e331070 Uncommon trap: trap_request=0xffffff45 fr.pc=0x000001fd07dcbb54 relative=0x0000000000006394
Event: 22.706 Thread 0x000001fd6e331070 Uncommon trap: reason=unstable_if action=reinterpret pc=0x000001fd07dcbb54 method=java.lang.CharacterDataLatin1.isJavaIdentifierStart(I)Z @ 14 c2
Event: 22.706 Thread 0x000001fd6e331070 DEOPT PACKING pc=0x000001fd07dcbb54 sp=0x0000009d226fca10
Event: 22.706 Thread 0x000001fd6e331070 DEOPT UNPACKING pc=0x000001fd075823a3 sp=0x0000009d226fc7e8 mode 2

Classes unloaded (0 events):
No events

Classes redefined (0 events):
No events

Internal exceptions (20 events):
Event: 21.873 Thread 0x000001fd6e331070 Exception <a 'sun/nio/fs/WindowsException'{0x00000000848fa4e8}> (0x00000000848fa4e8) 
thrown [s\open\src\hotspot\share\prims\jni.cpp, line 516]
Event: 21.873 Thread 0x000001fd6e331070 Exception <a 'sun/nio/fs/WindowsException'{0x00000000848fa818}> (0x00000000848fa818) 
thrown [s\open\src\hotspot\share\prims\jni.cpp, line 516]
Event: 21.873 Thread 0x000001fd6e331070 Exception <a 'sun/nio/fs/WindowsException'{0x00000000848fbcf8}> (0x00000000848fbcf8) 
thrown [s\open\src\hotspot\share\prims\jni.cpp, line 516]
Event: 21.873 Thread 0x000001fd6e331070 Exception <a 'sun/nio/fs/WindowsException'{0x00000000848fc0b8}> (0x00000000848fc0b8) 
thrown [s\open\src\hotspot\share\prims\jni.cpp, line 516]
Event: 21.877 Thread 0x000001fd6e331070 Exception <a 'sun/nio/fs/WindowsException'{0x00000000846095d0}> (0x00000000846095d0) 
thrown [s\open\src\hotspot\share\prims\jni.cpp, line 516]
Event: 21.877 Thread 0x000001fd6e331070 Exception <a 'sun/nio/fs/WindowsException'{0x0000000084609ca0}> (0x0000000084609ca0) 
thrown [s\open\src\hotspot\share\prims\jni.cpp, line 516]
Event: 21.877 Thread 0x000001fd6e331070 Exception <a 'sun/nio/fs/WindowsException'{0x000000008460a580}> (0x000000008460a580) 
thrown [s\open\src\hotspot\share\prims\jni.cpp, line 516]
Event: 21.881 Thread 0x000001fd6e331070 Exception <a 'sun/nio/fs/WindowsException'{0x0000000084616af0}> (0x0000000084616af0) 
thrown [s\open\src\hotspot\share\prims\jni.cpp, line 516]
Event: 21.881 Thread 0x000001fd6e331070 Exception <a 'sun/nio/fs/WindowsException'{0x00000000846171c0}> (0x00000000846171c0) 
thrown [s\open\src\hotspot\share\prims\jni.cpp, line 516]
Event: 21.881 Thread 0x000001fd6e331070 Exception <a 'sun/nio/fs/WindowsException'{0x0000000084617aa0}> (0x0000000084617aa0) 
thrown [s\open\src\hotspot\share\prims\jni.cpp, line 516]
Event: 22.247 Thread 0x000001fd6e331070 Exception <a 'sun/nio/fs/WindowsException'{0x00000000855fb4b0}> (0x00000000855fb4b0) 
thrown [s\open\src\hotspot\share\prims\jni.cpp, line 516]
Event: 22.247 Thread 0x000001fd6e331070 Exception <a 'sun/nio/fs/WindowsException'{0x00000000855fb780}> (0x00000000855fb780) 
thrown [s\open\src\hotspot\share\prims\jni.cpp, line 516]
Event: 22.252 Thread 0x000001fd6e331070 Exception <a 'sun/nio/fs/WindowsException'{0x000000008545e3a8}> (0x000000008545e3a8) 
thrown [s\open\src\hotspot\share\prims\jni.cpp, line 516]
Event: 22.252 Thread 0x000001fd6e331070 Exception <a 'sun/nio/fs/WindowsException'{0x000000008545e5d8}> (0x000000008545e5d8) 
thrown [s\open\src\hotspot\share\prims\jni.cpp, line 516]
Event: 22.347 Thread 0x000001fd6e331070 Exception <a 'sun/nio/fs/WindowsException'{0x0000000084fc1630}> (0x0000000084fc1630) 
thrown [s\open\src\hotspot\share\prims\jni.cpp, line 516]
Event: 22.347 Thread 0x000001fd6e331070 Exception <a 'sun/nio/fs/WindowsException'{0x0000000084fc1920}> (0x0000000084fc1920) 
thrown [s\open\src\hotspot\share\prims\jni.cpp, line 516]
Event: 22.347 Thread 0x000001fd6e331070 Exception <a 'sun/nio/fs/WindowsException'{0x0000000084fc2a00}> (0x0000000084fc2a00) 
thrown [s\open\src\hotspot\share\prims\jni.cpp, line 516]
Event: 22.347 Thread 0x000001fd6e331070 Exception <a 'sun/nio/fs/WindowsException'{0x0000000084fc2db8}> (0x0000000084fc2db8) 
thrown [s\open\src\hotspot\share\prims\jni.cpp, line 516]
Event: 22.347 Thread 0x000001fd6e331070 Exception <a 'sun/nio/fs/WindowsException'{0x0000000084fc3f28}> (0x0000000084fc3f28) 
thrown [s\open\src\hotspot\share\prims\jni.cpp, line 516]
Event: 22.347 Thread 0x000001fd6e331070 Exception <a 'sun/nio/fs/WindowsException'{0x0000000084fc4248}> (0x0000000084fc4248) 
thrown [s\open\src\hotspot\share\prims\jni.cpp, line 516]

VM Operations (20 events):
Event: 21.493 Executing VM operation: ICBufferFull done
Event: 21.745 Executing VM operation: ICBufferFull
Event: 21.745 Executing VM operation: ICBufferFull done
Event: 21.772 Executing VM operation: HandshakeAllThreads
Event: 21.773 Executing VM operation: HandshakeAllThreads done
Event: 21.845 Executing VM operation: HandshakeAllThreads
Event: 21.845 Executing VM operation: HandshakeAllThreads done
Event: 21.960 Executing VM operation: G1CollectForAllocation
Event: 21.966 Executing VM operation: G1CollectForAllocation done
Event: 22.047 Executing VM operation: G1Concurrent
Event: 22.055 Executing VM operation: G1Concurrent done
Event: 22.094 Executing VM operation: G1Concurrent
Event: 22.095 Executing VM operation: G1Concurrent done
Event: 22.618 Executing VM operation: G1CollectForAllocation
Event: 22.627 Executing VM operation: G1CollectForAllocation done
Event: 22.665 Executing VM operation: G1CollectForAllocation
Event: 22.672 Executing VM operation: G1CollectForAllocation done
Event: 22.703 Executing VM operation: G1CollectForAllocation
Event: 22.706 Executing VM operation: G1CollectForAllocation done
Event: 22.719 Executing VM operation: G1TryInitiateConcMark

Events (20 events):
Event: 21.704 loading class java/nio/file/Path$1
Event: 21.704 loading class java/nio/file/Path$1 done
Event: 21.773 loading class java/util/function/ToIntBiFunction
Event: 21.773 loading class java/util/function/ToIntBiFunction done
Event: 21.778 loading class java/io/DataOutputStream
Event: 21.778 loading class java/io/DataOutputStream done
Event: 21.828 loading class java/util/EnumMap$EntrySet
Event: 21.830 loading class java/util/EnumMap$EntrySet done
Event: 21.830 loading class java/util/EnumMap$EntryIterator
Event: 21.830 loading class java/util/EnumMap$EnumMapIterator
Event: 21.830 loading class java/util/EnumMap$EnumMapIterator done
Event: 21.830 loading class java/util/EnumMap$EntryIterator done
Event: 21.830 loading class java/util/EnumMap$EntryIterator$Entry
Event: 21.830 loading class java/util/EnumMap$EntryIterator$Entry done
Event: 21.883 loading class java/util/EnumMap$Values
Event: 21.884 loading class java/util/EnumMap$Values done
Event: 21.884 loading class java/util/EnumMap$ValueIterator
Event: 21.884 loading class java/util/EnumMap$ValueIterator done
Event: 21.886 loading class java/util/WeakHashMap$KeyIterator
Event: 21.886 loading class java/util/WeakHashMap$KeyIterator done


Dynamic libraries:
0x00007ff6ed520000 - 0x00007ff6ed530000 	C:\Program Files\Java\jdk-17\bin\javaw.exe
0x00007fff93a50000 - 0x00007fff93c48000 	C:\WINDOWS\SYSTEM32\ntdll.dll
0x00007fff93050000 - 0x00007fff9310d000 	C:\WINDOWS\System32\KERNEL32.DLL
0x00007fff91220000 - 0x00007fff91516000 	C:\WINDOWS\System32\KERNELBASE.dll
0x00007fff915c0000 - 0x00007fff916c0000 	C:\WINDOWS\System32\ucrtbase.dll
0x00007fff74a50000 - 0x00007fff74a68000 	C:\Program Files\Java\jdk-17\bin\jli.dll
0x00007fff92c90000 - 0x00007fff92d3f000 	C:\WINDOWS\System32\ADVAPI32.dll
0x00007fff92070000 - 0x00007fff9210e000 	C:\WINDOWS\System32\msvcrt.dll
0x00007fff92110000 - 0x00007fff921ac000 	C:\WINDOWS\System32\sechost.dll
0x00007fff91e20000 - 0x00007fff91f46000 	C:\WINDOWS\System32\RPCRT4.dll
0x00007fff932c0000 - 0x00007fff9345e000 	C:\WINDOWS\System32\USER32.dll
0x00007fff91520000 - 0x00007fff91542000 	C:\WINDOWS\System32\win32u.dll
0x00007fff91f80000 - 0x00007fff91fac000 	C:\WINDOWS\System32\GDI32.dll
0x00007fff917a0000 - 0x00007fff918ba000 	C:\WINDOWS\System32\gdi32full.dll
0x00007fff91130000 - 0x00007fff911cd000 	C:\WINDOWS\System32\msvcp_win.dll
0x00007fff749f0000 - 0x00007fff74a0b000 	C:\Program Files\Java\jdk-17\bin\VCRUNTIME140.dll
0x00007fff750a0000 - 0x00007fff7533a000 	C:\WINDOWS\WinSxS\amd64_microsoft.windows.common-controls_6595b64144ccf1df_6.0.19041.3636_none_60b6a03d71f818d5\COMCTL32.dll
0x00007fff899e0000 - 0x00007fff899ea000 	C:\WINDOWS\SYSTEM32\VERSION.dll
0x00007fff91f50000 - 0x00007fff91f80000 	C:\WINDOWS\System32\IMM32.DLL
0x00007fff88020000 - 0x00007fff8802c000 	C:\Program Files\Java\jdk-17\bin\vcruntime140_1.dll
0x00007fff719c0000 - 0x00007fff71a4e000 	C:\Program Files\Java\jdk-17\bin\msvcp140.dll
0x00007fff5bdc0000 - 0x00007fff5c997000 	C:\Program Files\Java\jdk-17\bin\server\jvm.dll
0x00007fff92060000 - 0x00007fff92068000 	C:\WINDOWS\System32\PSAPI.DLL
0x00007fff7d960000 - 0x00007fff7d969000 	C:\WINDOWS\SYSTEM32\WSOCK32.dll
0x00007fff92d40000 - 0x00007fff92dab000 	C:\WINDOWS\System32\WS2_32.dll
0x00007fff7d9d0000 - 0x00007fff7d9f7000 	C:\WINDOWS\SYSTEM32\WINMM.dll
0x00007fff8f980000 - 0x00007fff8f992000 	C:\WINDOWS\SYSTEM32\kernel.appcore.dll
0x00007fff8bcd0000 - 0x00007fff8bcda000 	C:\Program Files\Java\jdk-17\bin\jimage.dll
0x00007fff8f6b0000 - 0x00007fff8f894000 	C:\WINDOWS\SYSTEM32\DBGHELP.DLL
0x00007fff897d0000 - 0x00007fff89804000 	C:\WINDOWS\SYSTEM32\dbgcore.DLL
0x00007fff91a20000 - 0x00007fff91aa2000 	C:\WINDOWS\System32\bcryptPrimitives.dll
0x00007fff86d90000 - 0x00007fff86db5000 	C:\Program Files\Java\jdk-17\bin\java.dll
0x00007fff70d10000 - 0x00007fff70de7000 	C:\Program Files\Java\jdk-17\bin\jsvml.dll
0x00007fff921b0000 - 0x00007fff928f5000 	C:\WINDOWS\System32\SHELL32.dll
0x00007fff8ee40000 - 0x00007fff8f5db000 	C:\WINDOWS\SYSTEM32\windows.storage.dll
0x00007fff91ac0000 - 0x00007fff91e14000 	C:\WINDOWS\System32\combase.dll
0x00007fff90b00000 - 0x00007fff90b2d000 	C:\WINDOWS\SYSTEM32\Wldp.dll
0x00007fff92e70000 - 0x00007fff92f1d000 	C:\WINDOWS\System32\SHCORE.dll
0x00007fff92db0000 - 0x00007fff92e05000 	C:\WINDOWS\System32\shlwapi.dll
0x00007fff91060000 - 0x00007fff91085000 	C:\WINDOWS\SYSTEM32\profapi.dll
0x00007fff8a980000 - 0x00007fff8a999000 	C:\Program Files\Java\jdk-17\bin\net.dll
0x00007fff88dc0000 - 0x00007fff88eca000 	C:\WINDOWS\SYSTEM32\WINHTTP.dll
0x00007fff90800000 - 0x00007fff9086a000 	C:\WINDOWS\system32\mswsock.dll
0x00007fff89880000 - 0x00007fff89896000 	C:\Program Files\Java\jdk-17\bin\nio.dll
0x00007fff89270000 - 0x00007fff89288000 	C:\Program Files\Java\jdk-17\bin\zip.dll
0x0000000069ac0000 - 0x0000000069ae4000 	C:\Users\Shatabdi\AppData\Local\Temp\jansi-2.4.0-9dbdccd3650c1c33-jansi.dll
0x00007fff8b260000 - 0x00007fff8b270000 	C:\Program Files\Java\jdk-17\bin\verify.dll
0x00007fff88140000 - 0x00007fff8814d000 	C:\Program Files\Java\jdk-17\bin\sunmscapi.dll
0x00007fff918c0000 - 0x00007fff91a1d000 	C:\WINDOWS\System32\CRYPT32.dll
0x00007fff90b70000 - 0x00007fff90b97000 	C:\WINDOWS\SYSTEM32\ncrypt.dll
0x00007fff90b30000 - 0x00007fff90b6b000 	C:\WINDOWS\SYSTEM32\NTASN1.dll
0x00007fff90a00000 - 0x00007fff90a18000 	C:\WINDOWS\SYSTEM32\CRYPTSP.dll
0x00007fff90130000 - 0x00007fff90164000 	C:\WINDOWS\system32\rsaenh.dll
0x00007fff91770000 - 0x00007fff91797000 	C:\WINDOWS\System32\bcrypt.dll
0x00007fff90fe0000 - 0x00007fff9100e000 	C:\WINDOWS\SYSTEM32\USERENV.dll
0x00007fff909f0000 - 0x00007fff909fc000 	C:\WINDOWS\SYSTEM32\CRYPTBASE.dll
0x00007fff904f0000 - 0x00007fff9052b000 	C:\WINDOWS\SYSTEM32\IPHLPAPI.DLL
0x00007fff91ab0000 - 0x00007fff91ab8000 	C:\WINDOWS\System32\NSI.dll
0x00007fff89380000 - 0x00007fff89397000 	C:\WINDOWS\SYSTEM32\dhcpcsvc6.DLL
0x00007fff894c0000 - 0x00007fff894dd000 	C:\WINDOWS\SYSTEM32\dhcpcsvc.DLL
0x00007fff90530000 - 0x00007fff905fa000 	C:\WINDOWS\SYSTEM32\DNSAPI.dll
0x0000000051620000 - 0x0000000051646000 	C:\Program Files\Bonjour\mdnsNSP.dll
0x00007fff87850000 - 0x00007fff8785a000 	C:\Windows\System32\rasadhlp.dll
0x00007fff87870000 - 0x00007fff878f0000 	C:\WINDOWS\System32\fwpuclnt.dll

dbghelp: loaded successfully - version: 4.0.5 - missing functions: none
symbol engine: initialized successfully - sym options: 0x614 - pdb path: .;C:\Program Files\Java\jdk-17\bin;C:\WINDOWS\SYSTEM32;C:\WINDOWS\WinSxS\amd64_microsoft.windows.common-controls_6595b64144ccf1df_6.0.19041.3636_none_60b6a03d71f818d5;C:\Program Files\Java\jdk-17\bin\server;C:\Users\Shatabdi\AppData\Local\Temp;C:\Program Files\Bonjour

VM Arguments:
jvm_args: -Dmaven.home=EMBEDDED -Dclassworlds.conf=G:\Java\.metadata\.plugins\org.eclipse.m2e.launching\launches\m2conf18192711220844079551.tmp -Dmaven.multiModuleProjectDirectory=C:\Users\Shatabdi\Downloads\kirana-register -Dfile.encoding=Cp1252 -XX:+ShowCodeDetailsInExceptionMessages 
java_command: org.codehaus.plexus.classworlds.launcher.Launcher -B clean install package
java_class_path (initial): C:\Users\Shatabdi\.p2\pool\plugins\org.eclipse.m2e.maven.runtime_1.18.3.20220227-1319\jars\plexus-classworlds-2.6.0.jar
Launcher Type: SUN_STANDARD

[Global flags]
     intx CICompilerCount                          = 3                                         {product} {ergonomic}
     uint ConcGCThreads                            = 1                                         {product} {ergonomic}
     uint G1ConcRefinementThreads                  = 4                                         {product} {ergonomic}
   size_t G1HeapRegionSize                         = 1048576                                   {product} {ergonomic}
    uintx GCDrainStackTargetSize                   = 64                                        {product} {ergonomic}
   size_t InitialHeapSize                          = 134217728                                 {product} {ergonomic}
   size_t MarkStackSize                            = 4194304                                   {product} {ergonomic}
   size_t MaxHeapSize                              = 2118123520                                {product} {ergonomic}
   size_t MaxNewSize                               = 1270874112                                {product} {ergonomic}
   size_t MinHeapDeltaBytes                        = 1048576                                   {product} {ergonomic}
   size_t MinHeapSize                              = 8388608                                   {product} {ergonomic}
    uintx NonNMethodCodeHeapSize                   = 5832780                                {pd product} {ergonomic}
    uintx NonProfiledCodeHeapSize                  = 122912730                              {pd product} {ergonomic}
    uintx ProfiledCodeHeapSize                     = 122912730                              {pd product} {ergonomic}
    uintx ReservedCodeCacheSize                    = 251658240                              {pd product} {ergonomic}
     bool SegmentedCodeCache                       = true                                      {product} {ergonomic}
     bool ShowCodeDetailsInExceptionMessages       = true                                   {manageable} {command line}
   size_t SoftMaxHeapSize                          = 2118123520                             {manageable} {ergonomic}
     bool UseCompressedClassPointers               = true                           {product lp64_product} {ergonomic}
     bool UseCompressedOops                        = true                           {product lp64_product} {ergonomic}
     bool UseG1GC                                  = true                                      {product} {ergonomic}
     bool UseLargePagesIndividualAllocation        = false                                  {pd product} {ergonomic}

Logging:
Log output configuration:
 #0: stdout all=warning uptime,level,tags
 #1: stderr all=off uptime,level,tags

Environment Variables:
JAVA_HOME=C:\Program Files\Java\jdk-17
CLASSPATH=E:\test\mypack.jar;.;
PATH=C:/Program Files/Java/jdk-17/bin/server;C:/Program Files/Java/jdk-17/bin;C:\Program Files\Common Files\Oracle\Java\javapath;C:\Python311\Scripts\;C:\Python311\;C:\Program Files\Java\jdk-17\bin;C:\Program Files\Intel\Intel(R) Management Engine Components\iCLS\;C:\WINDOWS\system32;C:\WINDOWS;C:\WINDOWS\System32\Wbem;C:\WINDOWS\System32\WindowsPowerShell\v1.0\;C:\Program Files (x86)\Intel\Intel(R) Management Engine Components\DAL;C:\Program Files\Intel\Intel(R) Management Engine Components\DAL;C:\Program Files (x86)\Intel\Intel(R) Management Engine Components\IPT;C:\Program Files\Intel\Intel(R) Management Engine Components\IPT;C:\WINDOWS\System32\OpenSSH\;C:\Program Files\nodejs\;C:\ProgramData\chocolatey\bin;C:\Program Files\apache-maven-3.8.7\bin;C:\Program Files\Git\cmd;C:\Users\Shatabdi\AppData\Local\Android\cmdline-tools\tools;C:\Users\Shatabdi\AppData\Local\Android\cmdline-tools\tools\bin;C:\Users\Shatabdi\AppData\Local\Android\platform-tools;C:\Program Files\TortoiseGit\bin;C:\HashiCorp\Vagrant\bin;C:\Program Files\MongoDB\Server\6.0\bin;C:\mongosh\bin;C:\Program Files\MySQL\MySQL Shell 8.0\bin\;C:\Users\Shatabdi\AppData\Local\Programs\Python\Python39\Scripts\;C:\Users\Shatabdi\AppData\Local\Programs\Python\Python39\;C:\Users\Shatabdi\AppData\Local\Microsoft\WindowsApps;C:\Program Files\Java\jdk-17\bin;C:\Users\Shatabdi\AppData\Roaming\npm;;C:\Users\Shatabdi\AppData\Local\Programs\Microsoft VS Code\bin;C:\WINDOWS\system32;
USERNAME=Shatabdi
OS=Windows_NT
PROCESSOR_IDENTIFIER=Intel64 Family 6 Model 142 Stepping 9, GenuineIntel



---------------  S Y S T E M  ---------------

OS:
 Windows 10 , 64 bit Build 19041 (10.0.19041.3636)
OS uptime: 0 days 6:01 hours

CPU: total 4 (initial active 4) (2 cores per cpu, 2 threads per core) family 6 model 142 stepping 9 microcode 0xb4, cx8, cmov, fxsr, ht, mmx, 3dnowpref, sse, sse2, sse3, ssse3, sse4.1, sse4.2, popcnt, lzcnt, tsc, tscinvbit, avx, avx2, aes, erms, clmul, bmi1, bmi2, adx, fma, vzeroupper, clflush, clflushopt

Memory: 4k page, system-wide physical 8074M (1063M free)
TotalPageFile size 10122M (AvailPageFile size 47M)
current process WorkingSet (physical memory assigned to process): 240M, peak: 245M
current process commit charge ("private bytes"): 266M, peak: 312M

vm_info: Java HotSpot(TM) 64-Bit Server VM (17.0.6+9-LTS-190) for windows-amd64 JRE (17.0.6+9-LTS-190), built on Dec  6 2022 15:53:54 by "mach5one" with MS VC++ 17.1 (VS2022)

END.
