#
# There is insufficient memory for the Java Runtime Environment to continue.
# Native memory allocation (malloc) failed to allocate 262160 bytes for Chunk::new
# Possible reasons:
#   The system is out of physical RAM or swap space
#   The process is running with CompressedOops enabled, and the Java Heap may be blocking the growth of the native heap
# Possible solutions:
#   Reduce memory load on the system
#   Increase physical memory or swap space
#   Check if swap backing store is full
#   Decrease Java heap size (-Xmx/-Xms)
#   Decrease number of Java threads
#   Decrease Java thread stack sizes (-Xss)
#   Set larger code cache with -XX:ReservedCodeCacheSize=
#   JVM is running with Unscaled Compressed Oops mode in which the Java heap is
#     placed in the first 4GB address space. The Java Heap base address is the
#     maximum limit for the native heap growth. Please use -XX:HeapBaseMinAddress
#     to set the Java Heap base and to place the Java Heap above 4GB virtual address.
# This output file may be truncated or incomplete.
#
#  Out of Memory Error (arena.cpp:189), pid=16052, tid=17212
#
# JRE version: Java(TM) SE Runtime Environment (17.0.6+9) (build 17.0.6+9-LTS-190)
# Java VM: Java HotSpot(TM) 64-Bit Server VM (17.0.6+9-LTS-190, mixed mode, sharing, tiered, compressed oops, compressed class ptrs, g1 gc, windows-amd64)
# No core dump will be written. Minidumps are not enabled by default on client versions of Windows
#

---------------  S U M M A R Y ------------

Command Line: C:\Users\Shatabdi\AppData\Local\Temp\surefire10541266884907217071\surefirebooter-20231227015114817_3.jar C:\Users\Shatabdi\AppData\Local\Temp\surefire10541266884907217071 2023-12-27T01-51-13_020-jvmRun1 surefire-20231227015114817_1tmp surefire_0-20231227015114817_2tmp

Host: Intel(R) Core(TM) i3-7020U CPU @ 2.30GHz, 4 cores, 7G,  Windows 10 , 64 bit Build 19041 (10.0.19041.3636)
Time: Wed Dec 27 01:51:16 2023 India Standard Time elapsed time: 1.681237 seconds (0d 0h 0m 1s)

---------------  T H R E A D  ---------------

Current thread (0x0000021b4a247530):  JavaThread "C2 CompilerThread1" daemon [_thread_in_native, id=17212, stack(0x000000a45a800000,0x000000a45a900000)]


Current CompileTask:
C2:   1681 1563       4       jdk.internal.org.objectweb.asm.Frame::execute (2305 bytes)

Stack: [0x000000a45a800000,0x000000a45a900000]
Native frames: (J=compiled Java code, j=interpreted, Vv=VM code, C=native code)
V  [jvm.dll+0x6734ea]
V  [jvm.dll+0x7d18f4]
V  [jvm.dll+0x7d309e]
V  [jvm.dll+0x7d3703]
V  [jvm.dll+0x2433c5]
V  [jvm.dll+0xaa46b]
V  [jvm.dll+0xaaa0c]
V  [jvm.dll+0xaa584]
V  [jvm.dll+0x651e3c]
V  [jvm.dll+0x21ca49]
V  [jvm.dll+0x696901]
V  [jvm.dll+0x214f39]
V  [jvm.dll+0x1a1730]
V  [jvm.dll+0x224b6e]
V  [jvm.dll+0x222f15]
V  [jvm.dll+0x78753c]
V  [jvm.dll+0x781a7a]
V  [jvm.dll+0x672375]
C  [ucrtbase.dll+0x21bb2]
C  [KERNEL32.DLL+0x17344]
C  [ntdll.dll+0x526b1]


---------------  P R O C E S S  ---------------

Threads class SMR info:
_java_thread_list=0x0000021b4a33c1a0, length=15, elements={
0x0000021b2b90e9b0, 0x0000021b49142840, 0x0000021b491456c0, 0x0000021b49159cd0,
0x0000021b4915a880, 0x0000021b4915e350, 0x0000021b4915ed00, 0x0000021b49161d30,
0x0000021b49162bd0, 0x0000021b491963d0, 0x0000021b49cd4320, 0x0000021b49cdf040,
0x0000021b4a159e00, 0x0000021b4a1b3360, 0x0000021b4a247530
}

Java Threads: ( => current thread )
  0x0000021b2b90e9b0 JavaThread "main" [_thread_in_vm, id=12944, stack(0x000000a459000000,0x000000a459100000)]
  0x0000021b49142840 JavaThread "Reference Handler" daemon [_thread_blocked, id=15132, stack(0x000000a459700000,0x000000a459800000)]
  0x0000021b491456c0 JavaThread "Finalizer" daemon [_thread_blocked, id=13188, stack(0x000000a459800000,0x000000a459900000)]
  0x0000021b49159cd0 JavaThread "Signal Dispatcher" daemon [_thread_blocked, id=5924, stack(0x000000a459900000,0x000000a459a00000)]
  0x0000021b4915a880 JavaThread "Attach Listener" daemon [_thread_blocked, id=11696, stack(0x000000a459a00000,0x000000a459b00000)]
  0x0000021b4915e350 JavaThread "Service Thread" daemon [_thread_blocked, id=11760, stack(0x000000a459b00000,0x000000a459c00000)]
  0x0000021b4915ed00 JavaThread "Monitor Deflation Thread" daemon [_thread_blocked, id=2548, stack(0x000000a459c00000,0x000000a459d00000)]
  0x0000021b49161d30 JavaThread "C2 CompilerThread0" daemon [_thread_in_native, id=8364, stack(0x000000a459d00000,0x000000a459e00000)]
  0x0000021b49162bd0 JavaThread "C1 CompilerThread0" daemon [_thread_blocked, id=13908, stack(0x000000a459e00000,0x000000a459f00000)]
  0x0000021b491963d0 JavaThread "Sweeper thread" daemon [_thread_blocked, id=12764, stack(0x000000a459f00000,0x000000a45a000000)]
  0x0000021b49cd4320 JavaThread "Notification Thread" daemon [_thread_blocked, id=16584, stack(0x000000a45a000000,0x000000a45a100000)]
  0x0000021b49cdf040 JavaThread "Common-Cleaner" daemon [_thread_blocked, id=14964, stack(0x000000a45a200000,0x000000a45a300000)]
  0x0000021b4a159e00 JavaThread "surefire-forkedjvm-stream-flusher" daemon [_thread_blocked, id=1300, stack(0x000000a45a300000,0x000000a45a400000)]
  0x0000021b4a1b3360 JavaThread "surefire-forkedjvm-command-thread" daemon [_thread_in_native, id=17768, stack(0x000000a45a400000,0x000000a45a500000)]
=>0x0000021b4a247530 JavaThread "C2 CompilerThread1" daemon [_thread_in_native, id=17212, stack(0x000000a45a800000,0x000000a45a900000)]

Other Threads:
  0x0000021b4913e840 VMThread "VM Thread" [stack: 0x000000a459600000,0x000000a459700000] [id=10588]
  0x0000021b2b98c250 WatcherThread [stack: 0x000000a45a100000,0x000000a45a200000] [id=9992]
  0x0000021b2b968b80 GCTaskThread "GC Thread#0" [stack: 0x000000a459100000,0x000000a459200000] [id=6488]
  0x0000021b4a1d8570 GCTaskThread "GC Thread#1" [stack: 0x000000a45a500000,0x000000a45a600000] [id=13544]
  0x0000021b4a1d8820 GCTaskThread "GC Thread#2" [stack: 0x000000a45a600000,0x000000a45a700000] [id=15748]
  0x0000021b4a247f20 GCTaskThread "GC Thread#3" [stack: 0x000000a45a700000,0x000000a45a800000] [id=4132]
  0x0000021b2b979740 ConcurrentGCThread "G1 Main Marker" [stack: 0x000000a459200000,0x000000a459300000] [id=10192]
  0x0000021b2b97a8f0 ConcurrentGCThread "G1 Conc#0" [stack: 0x000000a459300000,0x000000a459400000] [id=8492]
  0x0000021b49000090 ConcurrentGCThread "G1 Refine#0" [stack: 0x000000a459400000,0x000000a459500000] [id=5104]
  0x0000021b49000ab0 ConcurrentGCThread "G1 Service" [stack: 0x000000a459500000,0x000000a459600000] [id=8928]

Threads with active compile tasks:
C2 CompilerThread0     1727 1607   !   4       java.util.zip.ZipFile::getEntry (59 bytes)
C2 CompilerThread1     1727 1563       4       jdk.internal.org.objectweb.asm.Frame::execute (2305 bytes)

VM state: not at safepoint (normal execution)

VM Mutex/Monitor currently owned by a thread: None

Heap address: 0x0000000081c00000, size: 2020 MB, Compressed Oops mode: 32-bit

CDS archive(s) mapped at: [0x0000000800000000-0x0000000800bd0000-0x0000000800bd0000), size 12386304, SharedBaseAddress: 0x0000000800000000, ArchiveRelocationMode: 0.
Compressed class space mapped at: 0x0000000800c00000-0x0000000840c00000, reserved size: 1073741824
Narrow klass base: 0x0000000800000000, Narrow klass shift: 0, Narrow klass range: 0x100000000

GC Precious Log:
 CPUs: 4 total, 4 available
 Memory: 8074M
 Large Page Support: Disabled
 NUMA Support: Disabled
 Compressed Oops: Enabled (32-bit)
 Heap Region Size: 1M
 Heap Min Capacity: 8M
 Heap Initial Capacity: 128M
 Heap Max Capacity: 2020M
 Pre-touch: Disabled
 Parallel Workers: 4
 Concurrent Workers: 1
 Concurrent Refinement Workers: 4
 Periodic GC: Disabled

Heap:
 garbage-first heap   total 131072K, used 28493K [0x0000000081c00000, 0x0000000100000000)
  region size 1024K, 22 young (22528K), 1 survivors (1024K)
 Metaspace       used 9387K, committed 9600K, reserved 1064960K
  class space    used 1178K, committed 1280K, reserved 1048576K

Heap Regions: E=young(eden), S=young(survivor), O=old, HS=humongous(starts), HC=humongous(continues), CS=collection set, F=free, OA=open archive, CA=closed archive, TAMS=top-at-mark-start (previous, next)
|   0|0x0000000081c00000, 0x0000000081d00000, 0x0000000081d00000|100%|HS|  |TAMS 0x0000000081c00000, 0x0000000081c00000| Complete 
|   1|0x0000000081d00000, 0x0000000081e00000, 0x0000000081e00000|100%|HS|  |TAMS 0x0000000081d00000, 0x0000000081d00000| Complete 
|   2|0x0000000081e00000, 0x0000000081f00000, 0x0000000081f00000|100%| O|  |TAMS 0x0000000081e00000, 0x0000000081e00000| Untracked 
|   3|0x0000000081f00000, 0x0000000082000000, 0x0000000082000000|100%| O|  |TAMS 0x0000000081f00000, 0x0000000081f00000| Untracked 
|   4|0x0000000082000000, 0x0000000082100000, 0x0000000082100000|100%| O|  |TAMS 0x0000000082000000, 0x0000000082000000| Untracked 
|   5|0x0000000082100000, 0x0000000082200000, 0x0000000082200000|100%| O|  |TAMS 0x0000000082100000, 0x0000000082100000| Untracked 
|   6|0x0000000082200000, 0x0000000082300000, 0x0000000082300000|100%| O|  |TAMS 0x0000000082200000, 0x0000000082200000| Untracked 
|   7|0x0000000082300000, 0x0000000082400000, 0x0000000082400000|100%| O|  |TAMS 0x0000000082300000, 0x0000000082300000| Untracked 
|   8|0x0000000082400000, 0x0000000082460200, 0x0000000082500000| 37%| O|  |TAMS 0x0000000082400000, 0x0000000082400000| Untracked 
|   9|0x0000000082500000, 0x0000000082500000, 0x0000000082600000|  0%| F|  |TAMS 0x0000000082500000, 0x0000000082500000| Untracked 
|  10|0x0000000082600000, 0x0000000082600000, 0x0000000082700000|  0%| F|  |TAMS 0x0000000082600000, 0x0000000082600000| Untracked 
|  11|0x0000000082700000, 0x0000000082700000, 0x0000000082800000|  0%| F|  |TAMS 0x0000000082700000, 0x0000000082700000| Untracked 
|  12|0x0000000082800000, 0x0000000082800000, 0x0000000082900000|  0%| F|  |TAMS 0x0000000082800000, 0x0000000082800000| Untracked 
|  13|0x0000000082900000, 0x0000000082900000, 0x0000000082a00000|  0%| F|  |TAMS 0x0000000082900000, 0x0000000082900000| Untracked 
|  14|0x0000000082a00000, 0x0000000082a00000, 0x0000000082b00000|  0%| F|  |TAMS 0x0000000082a00000, 0x0000000082a00000| Untracked 
|  15|0x0000000082b00000, 0x0000000082b00000, 0x0000000082c00000|  0%| F|  |TAMS 0x0000000082b00000, 0x0000000082b00000| Untracked 
|  16|0x0000000082c00000, 0x0000000082c00000, 0x0000000082d00000|  0%| F|  |TAMS 0x0000000082c00000, 0x0000000082c00000| Untracked 
|  17|0x0000000082d00000, 0x0000000082d00000, 0x0000000082e00000|  0%| F|  |TAMS 0x0000000082d00000, 0x0000000082d00000| Untracked 
|  18|0x0000000082e00000, 0x0000000082e00000, 0x0000000082f00000|  0%| F|  |TAMS 0x0000000082e00000, 0x0000000082e00000| Untracked 
|  19|0x0000000082f00000, 0x0000000082f00000, 0x0000000083000000|  0%| F|  |TAMS 0x0000000082f00000, 0x0000000082f00000| Untracked 
|  20|0x0000000083000000, 0x0000000083000000, 0x0000000083100000|  0%| F|  |TAMS 0x0000000083000000, 0x0000000083000000| Untracked 
|  21|0x0000000083100000, 0x0000000083100000, 0x0000000083200000|  0%| F|  |TAMS 0x0000000083100000, 0x0000000083100000| Untracked 
|  22|0x0000000083200000, 0x0000000083200000, 0x0000000083300000|  0%| F|  |TAMS 0x0000000083200000, 0x0000000083200000| Untracked 
|  23|0x0000000083300000, 0x0000000083300000, 0x0000000083400000|  0%| F|  |TAMS 0x0000000083300000, 0x0000000083300000| Untracked 
|  24|0x0000000083400000, 0x0000000083400000, 0x0000000083500000|  0%| F|  |TAMS 0x0000000083400000, 0x0000000083400000| Untracked 
|  25|0x0000000083500000, 0x0000000083500000, 0x0000000083600000|  0%| F|  |TAMS 0x0000000083500000, 0x0000000083500000| Untracked 
|  26|0x0000000083600000, 0x0000000083600000, 0x0000000083700000|  0%| F|  |TAMS 0x0000000083600000, 0x0000000083600000| Untracked 
|  27|0x0000000083700000, 0x0000000083700000, 0x0000000083800000|  0%| F|  |TAMS 0x0000000083700000, 0x0000000083700000| Untracked 
|  28|0x0000000083800000, 0x0000000083800000, 0x0000000083900000|  0%| F|  |TAMS 0x0000000083800000, 0x0000000083800000| Untracked 
|  29|0x0000000083900000, 0x0000000083900000, 0x0000000083a00000|  0%| F|  |TAMS 0x0000000083900000, 0x0000000083900000| Untracked 
|  30|0x0000000083a00000, 0x0000000083a00000, 0x0000000083b00000|  0%| F|  |TAMS 0x0000000083a00000, 0x0000000083a00000| Untracked 
|  31|0x0000000083b00000, 0x0000000083b00000, 0x0000000083c00000|  0%| F|  |TAMS 0x0000000083b00000, 0x0000000083b00000| Untracked 
|  32|0x0000000083c00000, 0x0000000083c00000, 0x0000000083d00000|  0%| F|  |TAMS 0x0000000083c00000, 0x0000000083c00000| Untracked 
|  33|0x0000000083d00000, 0x0000000083d00000, 0x0000000083e00000|  0%| F|  |TAMS 0x0000000083d00000, 0x0000000083d00000| Untracked 
|  34|0x0000000083e00000, 0x0000000083e00000, 0x0000000083f00000|  0%| F|  |TAMS 0x0000000083e00000, 0x0000000083e00000| Untracked 
|  35|0x0000000083f00000, 0x0000000083f00000, 0x0000000084000000|  0%| F|  |TAMS 0x0000000083f00000, 0x0000000083f00000| Untracked 
|  36|0x0000000084000000, 0x0000000084000000, 0x0000000084100000|  0%| F|  |TAMS 0x0000000084000000, 0x0000000084000000| Untracked 
|  37|0x0000000084100000, 0x0000000084100000, 0x0000000084200000|  0%| F|  |TAMS 0x0000000084100000, 0x0000000084100000| Untracked 
|  38|0x0000000084200000, 0x0000000084200000, 0x0000000084300000|  0%| F|  |TAMS 0x0000000084200000, 0x0000000084200000| Untracked 
|  39|0x0000000084300000, 0x0000000084300000, 0x0000000084400000|  0%| F|  |TAMS 0x0000000084300000, 0x0000000084300000| Untracked 
|  40|0x0000000084400000, 0x0000000084400000, 0x0000000084500000|  0%| F|  |TAMS 0x0000000084400000, 0x0000000084400000| Untracked 
|  41|0x0000000084500000, 0x0000000084500000, 0x0000000084600000|  0%| F|  |TAMS 0x0000000084500000, 0x0000000084500000| Untracked 
|  42|0x0000000084600000, 0x0000000084600000, 0x0000000084700000|  0%| F|  |TAMS 0x0000000084600000, 0x0000000084600000| Untracked 
|  43|0x0000000084700000, 0x0000000084700000, 0x0000000084800000|  0%| F|  |TAMS 0x0000000084700000, 0x0000000084700000| Untracked 
|  44|0x0000000084800000, 0x0000000084800000, 0x0000000084900000|  0%| F|  |TAMS 0x0000000084800000, 0x0000000084800000| Untracked 
|  45|0x0000000084900000, 0x0000000084900000, 0x0000000084a00000|  0%| F|  |TAMS 0x0000000084900000, 0x0000000084900000| Untracked 
|  46|0x0000000084a00000, 0x0000000084a00000, 0x0000000084b00000|  0%| F|  |TAMS 0x0000000084a00000, 0x0000000084a00000| Untracked 
|  47|0x0000000084b00000, 0x0000000084b00000, 0x0000000084c00000|  0%| F|  |TAMS 0x0000000084b00000, 0x0000000084b00000| Untracked 
|  48|0x0000000084c00000, 0x0000000084c00000, 0x0000000084d00000|  0%| F|  |TAMS 0x0000000084c00000, 0x0000000084c00000| Untracked 
|  49|0x0000000084d00000, 0x0000000084d00000, 0x0000000084e00000|  0%| F|  |TAMS 0x0000000084d00000, 0x0000000084d00000| Untracked 
|  50|0x0000000084e00000, 0x0000000084e00000, 0x0000000084f00000|  0%| F|  |TAMS 0x0000000084e00000, 0x0000000084e00000| Untracked 
|  51|0x0000000084f00000, 0x0000000084f00000, 0x0000000085000000|  0%| F|  |TAMS 0x0000000084f00000, 0x0000000084f00000| Untracked 
|  52|0x0000000085000000, 0x0000000085000000, 0x0000000085100000|  0%| F|  |TAMS 0x0000000085000000, 0x0000000085000000| Untracked 
|  53|0x0000000085100000, 0x0000000085100000, 0x0000000085200000|  0%| F|  |TAMS 0x0000000085100000, 0x0000000085100000| Untracked 
|  54|0x0000000085200000, 0x0000000085200000, 0x0000000085300000|  0%| F|  |TAMS 0x0000000085200000, 0x0000000085200000| Untracked 
|  55|0x0000000085300000, 0x0000000085300000, 0x0000000085400000|  0%| F|  |TAMS 0x0000000085300000, 0x0000000085300000| Untracked 
|  56|0x0000000085400000, 0x0000000085400000, 0x0000000085500000|  0%| F|  |TAMS 0x0000000085400000, 0x0000000085400000| Untracked 
|  57|0x0000000085500000, 0x0000000085500000, 0x0000000085600000|  0%| F|  |TAMS 0x0000000085500000, 0x0000000085500000| Untracked 
|  58|0x0000000085600000, 0x0000000085600000, 0x0000000085700000|  0%| F|  |TAMS 0x0000000085600000, 0x0000000085600000| Untracked 
|  59|0x0000000085700000, 0x0000000085700000, 0x0000000085800000|  0%| F|  |TAMS 0x0000000085700000, 0x0000000085700000| Untracked 
|  60|0x0000000085800000, 0x0000000085800000, 0x0000000085900000|  0%| F|  |TAMS 0x0000000085800000, 0x0000000085800000| Untracked 
|  61|0x0000000085900000, 0x0000000085900000, 0x0000000085a00000|  0%| F|  |TAMS 0x0000000085900000, 0x0000000085900000| Untracked 
|  62|0x0000000085a00000, 0x0000000085a00000, 0x0000000085b00000|  0%| F|  |TAMS 0x0000000085a00000, 0x0000000085a00000| Untracked 
|  63|0x0000000085b00000, 0x0000000085b00000, 0x0000000085c00000|  0%| F|  |TAMS 0x0000000085b00000, 0x0000000085b00000| Untracked 
|  64|0x0000000085c00000, 0x0000000085c00000, 0x0000000085d00000|  0%| F|  |TAMS 0x0000000085c00000, 0x0000000085c00000| Untracked 
|  65|0x0000000085d00000, 0x0000000085d00000, 0x0000000085e00000|  0%| F|  |TAMS 0x0000000085d00000, 0x0000000085d00000| Untracked 
|  66|0x0000000085e00000, 0x0000000085e00000, 0x0000000085f00000|  0%| F|  |TAMS 0x0000000085e00000, 0x0000000085e00000| Untracked 
|  67|0x0000000085f00000, 0x0000000085f00000, 0x0000000086000000|  0%| F|  |TAMS 0x0000000085f00000, 0x0000000085f00000| Untracked 
|  68|0x0000000086000000, 0x0000000086000000, 0x0000000086100000|  0%| F|  |TAMS 0x0000000086000000, 0x0000000086000000| Untracked 
|  69|0x0000000086100000, 0x0000000086100000, 0x0000000086200000|  0%| F|  |TAMS 0x0000000086100000, 0x0000000086100000| Untracked 
|  70|0x0000000086200000, 0x0000000086200000, 0x0000000086300000|  0%| F|  |TAMS 0x0000000086200000, 0x0000000086200000| Untracked 
|  71|0x0000000086300000, 0x0000000086300000, 0x0000000086400000|  0%| F|  |TAMS 0x0000000086300000, 0x0000000086300000| Untracked 
|  72|0x0000000086400000, 0x0000000086400000, 0x0000000086500000|  0%| F|  |TAMS 0x0000000086400000, 0x0000000086400000| Untracked 
|  73|0x0000000086500000, 0x0000000086500000, 0x0000000086600000|  0%| F|  |TAMS 0x0000000086500000, 0x0000000086500000| Untracked 
|  74|0x0000000086600000, 0x0000000086600000, 0x0000000086700000|  0%| F|  |TAMS 0x0000000086600000, 0x0000000086600000| Untracked 
|  75|0x0000000086700000, 0x0000000086700000, 0x0000000086800000|  0%| F|  |TAMS 0x0000000086700000, 0x0000000086700000| Untracked 
|  76|0x0000000086800000, 0x0000000086800000, 0x0000000086900000|  0%| F|  |TAMS 0x0000000086800000, 0x0000000086800000| Untracked 
|  77|0x0000000086900000, 0x0000000086900000, 0x0000000086a00000|  0%| F|  |TAMS 0x0000000086900000, 0x0000000086900000| Untracked 
|  78|0x0000000086a00000, 0x0000000086a00000, 0x0000000086b00000|  0%| F|  |TAMS 0x0000000086a00000, 0x0000000086a00000| Untracked 
|  79|0x0000000086b00000, 0x0000000086b00000, 0x0000000086c00000|  0%| F|  |TAMS 0x0000000086b00000, 0x0000000086b00000| Untracked 
|  80|0x0000000086c00000, 0x0000000086c00000, 0x0000000086d00000|  0%| F|  |TAMS 0x0000000086c00000, 0x0000000086c00000| Untracked 
|  81|0x0000000086d00000, 0x0000000086d00000, 0x0000000086e00000|  0%| F|  |TAMS 0x0000000086d00000, 0x0000000086d00000| Untracked 
|  82|0x0000000086e00000, 0x0000000086e00000, 0x0000000086f00000|  0%| F|  |TAMS 0x0000000086e00000, 0x0000000086e00000| Untracked 
|  83|0x0000000086f00000, 0x0000000086f00000, 0x0000000087000000|  0%| F|  |TAMS 0x0000000086f00000, 0x0000000086f00000| Untracked 
|  84|0x0000000087000000, 0x0000000087000000, 0x0000000087100000|  0%| F|  |TAMS 0x0000000087000000, 0x0000000087000000| Untracked 
|  85|0x0000000087100000, 0x0000000087100000, 0x0000000087200000|  0%| F|  |TAMS 0x0000000087100000, 0x0000000087100000| Untracked 
|  86|0x0000000087200000, 0x0000000087200000, 0x0000000087300000|  0%| F|  |TAMS 0x0000000087200000, 0x0000000087200000| Untracked 
|  87|0x0000000087300000, 0x0000000087300000, 0x0000000087400000|  0%| F|  |TAMS 0x0000000087300000, 0x0000000087300000| Untracked 
|  88|0x0000000087400000, 0x0000000087400000, 0x0000000087500000|  0%| F|  |TAMS 0x0000000087400000, 0x0000000087400000| Untracked 
|  89|0x0000000087500000, 0x0000000087500000, 0x0000000087600000|  0%| F|  |TAMS 0x0000000087500000, 0x0000000087500000| Untracked 
|  90|0x0000000087600000, 0x0000000087600000, 0x0000000087700000|  0%| F|  |TAMS 0x0000000087600000, 0x0000000087600000| Untracked 
|  91|0x0000000087700000, 0x0000000087700000, 0x0000000087800000|  0%| F|  |TAMS 0x0000000087700000, 0x0000000087700000| Untracked 
|  92|0x0000000087800000, 0x0000000087800000, 0x0000000087900000|  0%| F|  |TAMS 0x0000000087800000, 0x0000000087800000| Untracked 
|  93|0x0000000087900000, 0x0000000087900000, 0x0000000087a00000|  0%| F|  |TAMS 0x0000000087900000, 0x0000000087900000| Untracked 
|  94|0x0000000087a00000, 0x0000000087a00000, 0x0000000087b00000|  0%| F|  |TAMS 0x0000000087a00000, 0x0000000087a00000| Untracked 
|  95|0x0000000087b00000, 0x0000000087b00000, 0x0000000087c00000|  0%| F|  |TAMS 0x0000000087b00000, 0x0000000087b00000| Untracked 
|  96|0x0000000087c00000, 0x0000000087c00000, 0x0000000087d00000|  0%| F|  |TAMS 0x0000000087c00000, 0x0000000087c00000| Untracked 
|  97|0x0000000087d00000, 0x0000000087d00000, 0x0000000087e00000|  0%| F|  |TAMS 0x0000000087d00000, 0x0000000087d00000| Untracked 
|  98|0x0000000087e00000, 0x0000000087e00000, 0x0000000087f00000|  0%| F|  |TAMS 0x0000000087e00000, 0x0000000087e00000| Untracked 
|  99|0x0000000087f00000, 0x0000000087f00000, 0x0000000088000000|  0%| F|  |TAMS 0x0000000087f00000, 0x0000000087f00000| Untracked 
| 100|0x0000000088000000, 0x0000000088000000, 0x0000000088100000|  0%| F|  |TAMS 0x0000000088000000, 0x0000000088000000| Untracked 
| 101|0x0000000088100000, 0x0000000088100000, 0x0000000088200000|  0%| F|  |TAMS 0x0000000088100000, 0x0000000088100000| Untracked 
| 102|0x0000000088200000, 0x0000000088200000, 0x0000000088300000|  0%| F|  |TAMS 0x0000000088200000, 0x0000000088200000| Untracked 
| 103|0x0000000088300000, 0x0000000088300000, 0x0000000088400000|  0%| F|  |TAMS 0x0000000088300000, 0x0000000088300000| Untracked 
| 104|0x0000000088400000, 0x0000000088400000, 0x0000000088500000|  0%| F|  |TAMS 0x0000000088400000, 0x0000000088400000| Untracked 
| 105|0x0000000088500000, 0x0000000088500000, 0x0000000088600000|  0%| F|  |TAMS 0x0000000088500000, 0x0000000088500000| Untracked 
| 106|0x0000000088600000, 0x0000000088674f80, 0x0000000088700000| 45%| E|  |TAMS 0x0000000088600000, 0x0000000088600000| Complete 
| 107|0x0000000088700000, 0x0000000088800000, 0x0000000088800000|100%| E|CS|TAMS 0x0000000088700000, 0x0000000088700000| Complete 
| 108|0x0000000088800000, 0x0000000088900000, 0x0000000088900000|100%| E|CS|TAMS 0x0000000088800000, 0x0000000088800000| Complete 
| 109|0x0000000088900000, 0x0000000088a00000, 0x0000000088a00000|100%| E|CS|TAMS 0x0000000088900000, 0x0000000088900000| Complete 
| 110|0x0000000088a00000, 0x0000000088b00000, 0x0000000088b00000|100%| E|CS|TAMS 0x0000000088a00000, 0x0000000088a00000| Complete 
| 111|0x0000000088b00000, 0x0000000088c00000, 0x0000000088c00000|100%| E|CS|TAMS 0x0000000088b00000, 0x0000000088b00000| Complete 
| 112|0x0000000088c00000, 0x0000000088d00000, 0x0000000088d00000|100%| E|CS|TAMS 0x0000000088c00000, 0x0000000088c00000| Complete 
| 113|0x0000000088d00000, 0x0000000088e00000, 0x0000000088e00000|100%| E|  |TAMS 0x0000000088d00000, 0x0000000088d00000| Complete 
| 114|0x0000000088e00000, 0x0000000088f00000, 0x0000000088f00000|100%| E|CS|TAMS 0x0000000088e00000, 0x0000000088e00000| Complete 
| 115|0x0000000088f00000, 0x0000000089000000, 0x0000000089000000|100%| E|CS|TAMS 0x0000000088f00000, 0x0000000088f00000| Complete 
| 116|0x0000000089000000, 0x0000000089100000, 0x0000000089100000|100%| E|CS|TAMS 0x0000000089000000, 0x0000000089000000| Complete 
| 117|0x0000000089100000, 0x0000000089200000, 0x0000000089200000|100%| E|CS|TAMS 0x0000000089100000, 0x0000000089100000| Complete 
| 118|0x0000000089200000, 0x0000000089300000, 0x0000000089300000|100%| E|CS|TAMS 0x0000000089200000, 0x0000000089200000| Complete 
| 119|0x0000000089300000, 0x0000000089400000, 0x0000000089400000|100%| E|CS|TAMS 0x0000000089300000, 0x0000000089300000| Complete 
| 120|0x0000000089400000, 0x0000000089473320, 0x0000000089500000| 44%| S|CS|TAMS 0x0000000089400000, 0x0000000089400000| Complete 
| 121|0x0000000089500000, 0x0000000089600000, 0x0000000089600000|100%| E|CS|TAMS 0x0000000089500000, 0x0000000089500000| Complete 
| 122|0x0000000089600000, 0x0000000089700000, 0x0000000089700000|100%| E|CS|TAMS 0x0000000089600000, 0x0000000089600000| Complete 
| 123|0x0000000089700000, 0x0000000089800000, 0x0000000089800000|100%| E|CS|TAMS 0x0000000089700000, 0x0000000089700000| Complete 
| 124|0x0000000089800000, 0x0000000089900000, 0x0000000089900000|100%| E|CS|TAMS 0x0000000089800000, 0x0000000089800000| Complete 
| 125|0x0000000089900000, 0x0000000089a00000, 0x0000000089a00000|100%| E|CS|TAMS 0x0000000089900000, 0x0000000089900000| Complete 
| 126|0x0000000089a00000, 0x0000000089b00000, 0x0000000089b00000|100%| E|CS|TAMS 0x0000000089a00000, 0x0000000089a00000| Complete 
| 127|0x0000000089b00000, 0x0000000089c00000, 0x0000000089c00000|100%| E|CS|TAMS 0x0000000089b00000, 0x0000000089b00000| Complete 

Card table byte_map: [0x0000021b425a0000,0x0000021b429a0000] _byte_map_base: 0x0000021b42192000

Marking Bits (Prev, Next): (CMBitMap*) 0x0000021b2b969190, (CMBitMap*) 0x0000021b2b9691d0
 Prev Bits: [0x0000021b42da0000, 0x0000021b44d30000)
 Next Bits: [0x0000021b44d30000, 0x0000021b46cc0000)

Polling page: 0x0000021b298a0000

Metaspace:

Usage:
  Non-class:      8.02 MB used.
      Class:      1.15 MB used.
       Both:      9.17 MB used.

Virtual space:
  Non-class space:       16.00 MB reserved,       8.12 MB ( 51%) committed,  2 nodes.
      Class space:        1.00 GB reserved,       1.25 MB ( <1%) committed,  1 nodes.
             Both:        1.02 GB reserved,       9.38 MB ( <1%) committed. 

Chunk freelists:
   Non-Class:  3.27 MB
       Class:  2.76 MB
        Both:  6.02 MB

MaxMetaspaceSize: unlimited
CompressedClassSpaceSize: 1.00 GB
Initial GC threshold: 21.00 MB
Current GC threshold: 21.00 MB
CDS: on
MetaspaceReclaimPolicy: balanced
 - commit_granule_bytes: 65536.
 - commit_granule_words: 8192.
 - virtual_space_node_default_size: 1048576.
 - enlarge_chunks_in_place: 1.
 - new_chunks_are_fully_committed: 0.
 - uncommit_free_chunks: 1.
 - use_allocation_guard: 0.
 - handle_deallocations: 1.


Internal statistics:

num_allocs_failed_limit: 0.
num_arena_births: 166.
num_arena_deaths: 0.
num_vsnodes_births: 3.
num_vsnodes_deaths: 0.
num_space_committed: 150.
num_space_uncommitted: 0.
num_chunks_returned_to_freelist: 0.
num_chunks_taken_from_freelist: 509.
num_chunk_merges: 0.
num_chunk_splits: 291.
num_chunks_enlarged: 191.
num_purges: 0.
num_inconsistent_stats: 0.

CodeHeap 'non-profiled nmethods': size=120000Kb used=619Kb max_used=619Kb free=119380Kb
 bounds [0x0000021b3ac70000, 0x0000021b3aee0000, 0x0000021b421a0000]
CodeHeap 'profiled nmethods': size=120000Kb used=3242Kb max_used=3242Kb free=116757Kb
 bounds [0x0000021b331a0000, 0x0000021b334d0000, 0x0000021b3a6d0000]
CodeHeap 'non-nmethods': size=5760Kb used=1185Kb max_used=1214Kb free=4574Kb
 bounds [0x0000021b3a6d0000, 0x0000021b3a940000, 0x0000021b3ac70000]
 total_blobs=2098 nmethods=1615 adapters=395
 compilation: enabled
              stopped_count=0, restarted_count=0
 full_count=0

Compilation events (20 events):
Event: 1.668 Thread 0x0000021b49162bd0 1575       3       java.lang.AbstractStringBuilder::<init> (63 bytes)
Event: 1.669 Thread 0x0000021b49162bd0 nmethod 1575 0x0000021b334b3210 code [0x0000021b334b3400, 0x0000021b334b3998]
Event: 1.669 Thread 0x0000021b49162bd0 1576       3       sun.reflect.annotation.AnnotationParser::parseSig (62 bytes)
Event: 1.670 Thread 0x0000021b49162bd0 nmethod 1576 0x0000021b334b3b90 code [0x0000021b334b3e80, 0x0000021b334b5058]
Event: 1.670 Thread 0x0000021b49162bd0 1577       3       sun.reflect.generics.visitor.Reifier::getResult (26 bytes)
Event: 1.670 Thread 0x0000021b49162bd0 nmethod 1577 0x0000021b334b5610 code [0x0000021b334b57a0, 0x0000021b334b58b8]
Event: 1.670 Thread 0x0000021b49162bd0 1578       3       sun.reflect.annotation.AnnotationParser::toClass (32 bytes)
Event: 1.671 Thread 0x0000021b49162bd0 nmethod 1578 0x0000021b334b5990 code [0x0000021b334b5be0, 0x0000021b334b6748]
Event: 1.671 Thread 0x0000021b49162bd0 1571       1       java.util.Collections$SingletonList::size (2 bytes)
Event: 1.671 Thread 0x0000021b49162bd0 nmethod 1571 0x0000021b3ad07f90 code [0x0000021b3ad08120, 0x0000021b3ad081f8]
Event: 1.671 Thread 0x0000021b49162bd0 1579       1       java.lang.reflect.Method::getSharedExceptionTypes (5 bytes)
Event: 1.671 Thread 0x0000021b49162bd0 nmethod 1579 0x0000021b3ad08290 code [0x0000021b3ad08420, 0x0000021b3ad084f8]
Event: 1.672 Thread 0x0000021b49162bd0 1580       3       sun.reflect.annotation.AnnotationType::getInstance (65 bytes)
Event: 1.673 Thread 0x0000021b49162bd0 nmethod 1580 0x0000021b334b6990 code [0x0000021b334b6b80, 0x0000021b334b7118]
Event: 1.673 Thread 0x0000021b49162bd0 1581       3       java.lang.System$2::getAnnotationType (5 bytes)
Event: 1.673 Thread 0x0000021b49162bd0 nmethod 1581 0x0000021b334b7390 code [0x0000021b334b7520, 0x0000021b334b7658]
Event: 1.675 Thread 0x0000021b49162bd0 1582   !   3       sun.reflect.annotation.AnnotationParser::parseAnnotation2 (271 bytes)
Event: 1.677 Thread 0x0000021b49161d30 nmethod 1556 0x0000021b3ad08590 code [0x0000021b3ad08760, 0x0000021b3ad09588]
Event: 1.678 Thread 0x0000021b49162bd0 nmethod 1582 0x0000021b334b7710 code [0x0000021b334b7b20, 0x0000021b334b97c8]
Event: 1.678 Thread 0x0000021b49162bd0 1583   !   3       jdk.proxy1.$Proxy1::annotationType (29 bytes)

GC Heap History (4 events):
Event: 0.481 GC heap before
{Heap before GC invocations=0 (full 0):
 garbage-first heap   total 131072K, used 14336K [0x0000000081c00000, 0x0000000100000000)
  region size 1024K, 13 young (13312K), 0 survivors (0K)
 Metaspace       used 2275K, committed 2368K, reserved 1056768K
  class space    used 232K, committed 256K, reserved 1048576K
}
Event: 0.488 GC heap after
{Heap after GC invocations=1 (full 0):
 garbage-first heap   total 131072K, used 8554K [0x0000000081c00000, 0x0000000100000000)
  region size 1024K, 2 young (2048K), 2 survivors (2048K)
 Metaspace       used 2275K, committed 2368K, reserved 1056768K
  class space    used 232K, committed 256K, reserved 1048576K
}
Event: 0.846 GC heap before
{Heap before GC invocations=1 (full 0):
 garbage-first heap   total 131072K, used 14698K [0x0000000081c00000, 0x0000000100000000)
  region size 1024K, 9 young (9216K), 2 survivors (2048K)
 Metaspace       used 4016K, committed 4160K, reserved 1056768K
  class space    used 473K, committed 576K, reserved 1048576K
}
Event: 0.851 GC heap after
{Heap after GC invocations=2 (full 0):
 garbage-first heap   total 131072K, used 9037K [0x0000000081c00000, 0x0000000100000000)
  region size 1024K, 1 young (1024K), 1 survivors (1024K)
 Metaspace       used 4016K, committed 4160K, reserved 1056768K
  class space    used 473K, committed 576K, reserved 1048576K
}

Deoptimization events (20 events):
Event: 1.602 Thread 0x0000021b2b90e9b0 Uncommon trap: trap_request=0xffffff45 fr.pc=0x0000021b3aca24d4 relative=0x00000000000005f4
Event: 1.602 Thread 0x0000021b2b90e9b0 Uncommon trap: reason=unstable_if action=reinterpret pc=0x0000021b3aca24d4 method=java.util.zip.ZipCoder.hash(Ljava/lang/String;)I @ 23 c2
Event: 1.602 Thread 0x0000021b2b90e9b0 DEOPT PACKING pc=0x0000021b3aca24d4 sp=0x000000a4590fc580
Event: 1.602 Thread 0x0000021b2b90e9b0 DEOPT UNPACKING pc=0x0000021b3a7223a3 sp=0x000000a4590fc4b0 mode 2
Event: 1.602 Thread 0x0000021b2b90e9b0 Uncommon trap: trap_request=0xffffff45 fr.pc=0x0000021b3aca08e0 relative=0x0000000000000240
Event: 1.602 Thread 0x0000021b2b90e9b0 Uncommon trap: reason=unstable_if action=reinterpret pc=0x0000021b3aca08e0 method=java.util.zip.ZipCoder.hash(Ljava/lang/String;)I @ 23 c2
Event: 1.602 Thread 0x0000021b2b90e9b0 DEOPT PACKING pc=0x0000021b3aca08e0 sp=0x000000a4590fc510
Event: 1.602 Thread 0x0000021b2b90e9b0 DEOPT UNPACKING pc=0x0000021b3a7223a3 sp=0x000000a4590fc4a8 mode 2
Event: 1.602 Thread 0x0000021b2b90e9b0 Uncommon trap: trap_request=0xffffff45 fr.pc=0x0000021b3acc0454 relative=0x0000000000001654
Event: 1.602 Thread 0x0000021b2b90e9b0 Uncommon trap: reason=unstable_if action=reinterpret pc=0x0000021b3acc0454 method=java.io.WinNTFileSystem.normalize(Ljava/lang/String;)Ljava/lang/String; @ 128 c2
Event: 1.602 Thread 0x0000021b2b90e9b0 DEOPT PACKING pc=0x0000021b3acc0454 sp=0x000000a4590fc5d0
Event: 1.602 Thread 0x0000021b2b90e9b0 DEOPT UNPACKING pc=0x0000021b3a7223a3 sp=0x000000a4590fc5a8 mode 2
Event: 1.606 Thread 0x0000021b2b90e9b0 Uncommon trap: trap_request=0xffffff45 fr.pc=0x0000021b3ac88bc0 relative=0x0000000000000040
Event: 1.606 Thread 0x0000021b2b90e9b0 Uncommon trap: reason=unstable_if action=reinterpret pc=0x0000021b3ac88bc0 method=sun.nio.fs.WindowsPathParser.isSlash(C)Z @ 9 c2
Event: 1.606 Thread 0x0000021b2b90e9b0 DEOPT PACKING pc=0x0000021b3ac88bc0 sp=0x000000a4590fc8c0
Event: 1.606 Thread 0x0000021b2b90e9b0 DEOPT UNPACKING pc=0x0000021b3a7223a3 sp=0x000000a4590fc848 mode 2
Event: 1.658 Thread 0x0000021b2b90e9b0 Uncommon trap: trap_request=0xffffff45 fr.pc=0x0000021b3acc5414 relative=0x00000000000002f4
Event: 1.658 Thread 0x0000021b2b90e9b0 Uncommon trap: reason=unstable_if action=reinterpret pc=0x0000021b3acc5414 method=jdk.internal.org.objectweb.asm.SymbolTable.put(Ljdk/internal/org/objectweb/asm/SymbolTable$Entry;)Ljdk/internal/org/objectweb/asm/SymbolTable$Entry; @ 13 c2
Event: 1.658 Thread 0x0000021b2b90e9b0 DEOPT PACKING pc=0x0000021b3acc5414 sp=0x000000a4590fb580
Event: 1.658 Thread 0x0000021b2b90e9b0 DEOPT UNPACKING pc=0x0000021b3a7223a3 sp=0x000000a4590fb500 mode 2

Classes unloaded (0 events):
No events

Classes redefined (0 events):
No events

Internal exceptions (20 events):
Event: 0.983 Thread 0x0000021b2b90e9b0 Exception <a 'java/lang/NoSuchMethodError'{0x00000000899d6520}: 'int java.lang.invoke.DirectMethodHandle$Holder.invokeStatic(java.lang.Object, java.lang.Object, java.lang.Object, java.lang.Object, java.lang.Object)'> (0x00000000899d6520) 
thrown [s\open\src\hotspot\share\interpreter\linkResolver.cpp, line 759]
Event: 0.999 Thread 0x0000021b2b90e9b0 Exception <a 'java/lang/NoSuchMethodError'{0x00000000898270f0}: 'void java.lang.invoke.DirectMethodHandle$Holder.invokeStaticInit(java.lang.Object)'> (0x00000000898270f0) 
thrown [s\open\src\hotspot\share\interpreter\linkResolver.cpp, line 759]
Event: 1.019 Thread 0x0000021b2b90e9b0 Exception <a 'java/lang/NoSuchMethodError'{0x00000000898cd328}: 'void java.lang.invoke.DirectMethodHandle$Holder.invokeStaticInit(java.lang.Object, java.lang.Object, java.lang.Object, java.lang.Object)'> (0x00000000898cd328) 
thrown [s\open\src\hotspot\share\interpreter\linkResolver.cpp, line 759]
Event: 1.034 Thread 0x0000021b2b90e9b0 Exception <a 'java/lang/NoSuchMethodError'{0x0000000089742418}: 'int java.lang.invoke.DirectMethodHandle$Holder.invokeStaticInit(java.lang.Object, java.lang.Object)'> (0x0000000089742418) 
thrown [s\open\src\hotspot\share\interpreter\linkResolver.cpp, line 759]
Event: 1.092 Thread 0x0000021b2b90e9b0 Exception <a 'java/lang/NoSuchMethodError'{0x00000000896cbfd0}: 'void java.lang.invoke.DirectMethodHandle$Holder.invokeStatic(java.lang.Object, java.lang.Object)'> (0x00000000896cbfd0) 
thrown [s\open\src\hotspot\share\interpreter\linkResolver.cpp, line 759]
Event: 1.178 Thread 0x0000021b2b90e9b0 Exception <a 'java/lang/ClassNotFoundException'{0x0000000089364a70}: javax/smartcardio/CardPermission> (0x0000000089364a70) 
thrown [s\open\src\hotspot\share\classfile\systemDictionary.cpp, line 256]
Event: 1.183 Thread 0x0000021b2b90e9b0 Exception <a 'java/io/FileNotFoundException'{0x0000000089373450}> (0x0000000089373450) 
thrown [s\open\src\hotspot\share\prims\jni.cpp, line 516]
Event: 1.223 Thread 0x0000021b2b90e9b0 Exception <a 'java/lang/NoSuchMethodError'{0x00000000892197e0}: 'java.lang.Object java.lang.invoke.DirectMethodHandle$Holder.invokeSpecial(java.lang.Object, java.lang.Object, java.lang.Object, long, java.lang.Object)'> (0x00000000892197e0) 
thrown [s\open\src\hotspot\share\interpreter\linkResolver.cpp, line 759]
Event: 1.224 Thread 0x0000021b2b90e9b0 Exception <a 'java/lang/NoSuchMethodError'{0x000000008921d658}: 'java.lang.Object java.lang.invoke.Invokers$Holder.linkToTargetMethod(java.lang.Object, long, java.lang.Object, java.lang.Object)'> (0x000000008921d658) 
thrown [s\open\src\hotspot\share\interpreter\linkResolver.cpp, line 759]
Event: 1.406 Thread 0x0000021b2b90e9b0 Exception <a 'java/lang/NoSuchMethodError'{0x0000000088e015a8}: 'int java.lang.invoke.DirectMethodHandle$Holder.invokeStaticInit(java.lang.Object, java.lang.Object, java.lang.Object)'> (0x0000000088e015a8) 
thrown [s\open\src\hotspot\share\interpreter\linkResolver.cpp, line 759]
Event: 1.431 Thread 0x0000021b2b90e9b0 Implicit null exception at 0x0000021b3acdc80f to 0x0000021b3acdc889
Event: 1.446 Thread 0x0000021b2b90e9b0 Exception <a 'java/lang/NoSuchMethodError'{0x0000000088d0b0e0}: 'int java.lang.invoke.DirectMethodHandle$Holder.invokeInterface(java.lang.Object, java.lang.Object)'> (0x0000000088d0b0e0) 
thrown [s\open\src\hotspot\share\interpreter\linkResolver.cpp, line 759]
Event: 1.474 Thread 0x0000021b2b90e9b0 Exception <a 'java/lang/NoSuchMethodError'{0x0000000088dece88}: 'void java.lang.invoke.DirectMethodHandle$Holder.invokeStaticInit(java.lang.Object, java.lang.Object)'> (0x0000000088dece88) 
thrown [s\open\src\hotspot\share\interpreter\linkResolver.cpp, line 759]
Event: 1.507 Thread 0x0000021b2b90e9b0 Exception <a 'java/lang/NoSuchMethodError'{0x0000000088ca43d8}: 'int java.lang.invoke.DirectMethodHandle$Holder.invokeVirtual(java.lang.Object, java.lang.Object, java.lang.Object)'> (0x0000000088ca43d8) 
thrown [s\open\src\hotspot\share\interpreter\linkResolver.cpp, line 759]
Event: 1.555 Thread 0x0000021b2b90e9b0 Exception <a 'java/lang/IncompatibleClassChangeError'{0x0000000088be4de8}: Found class java.lang.Object, but interface was expected> (0x0000000088be4de8) 
thrown [s\open\src\hotspot\share\interpreter\linkResolver.cpp, line 826]
Event: 1.600 Thread 0x0000021b2b90e9b0 Exception <a 'java/lang/NoSuchMethodError'{0x000000008891b420}: 'int java.lang.invoke.DirectMethodHandle$Holder.invokeSpecial(java.lang.Object, java.lang.Object, java.lang.Object, java.lang.Object)'> (0x000000008891b420) 
thrown [s\open\src\hotspot\share\interpreter\linkResolver.cpp, line 759]
Event: 1.606 Thread 0x0000021b2b90e9b0 Exception <a 'sun/nio/fs/WindowsException'{0x0000000088938fd8}> (0x0000000088938fd8) 
thrown [s\open\src\hotspot\share\prims\jni.cpp, line 516]
Event: 1.608 Thread 0x0000021b2b90e9b0 Exception <a 'java/lang/NoSuchMethodError'{0x000000008893a830}: 'int java.lang.invoke.DirectMethodHandle$Holder.invokeSpecial(java.lang.Object, java.lang.Object, java.lang.Object, java.lang.Object, java.lang.Object)'> (0x000000008893a830) 
thrown [s\open\src\hotspot\share\interpreter\linkResolver.cpp, line 759]
Event: 1.610 Thread 0x0000021b2b90e9b0 Exception <a 'java/lang/NoSuchMethodError'{0x0000000088943828}: 'void java.lang.invoke.DirectMethodHandle$Holder.invokeVirtual(java.lang.Object, java.lang.Object)'> (0x0000000088943828) 
thrown [s\open\src\hotspot\share\interpreter\linkResolver.cpp, line 759]
Event: 1.614 Thread 0x0000021b2b90e9b0 Exception <a 'sun/nio/fs/WindowsException'{0x000000008895c7d8}> (0x000000008895c7d8) 
thrown [s\open\src\hotspot\share\prims\jni.cpp, line 516]

VM Operations (20 events):
Event: 0.481 Executing VM operation: G1CollectForAllocation
Event: 0.488 Executing VM operation: G1CollectForAllocation done
Event: 0.845 Executing VM operation: G1CollectForAllocation
Event: 0.851 Executing VM operation: G1CollectForAllocation done
Event: 0.927 Executing VM operation: HandshakeAllThreads
Event: 0.927 Executing VM operation: HandshakeAllThreads done
Event: 1.048 Executing VM operation: HandshakeAllThreads
Event: 1.048 Executing VM operation: HandshakeAllThreads done
Event: 1.115 Executing VM operation: HandshakeAllThreads
Event: 1.115 Executing VM operation: HandshakeAllThreads done
Event: 1.316 Executing VM operation: HandshakeAllThreads
Event: 1.316 Executing VM operation: HandshakeAllThreads done
Event: 1.316 Executing VM operation: HandshakeAllThreads
Event: 1.316 Executing VM operation: HandshakeAllThreads done
Event: 1.448 Executing VM operation: HandshakeAllThreads
Event: 1.448 Executing VM operation: HandshakeAllThreads done
Event: 1.570 Executing VM operation: HandshakeAllThreads
Event: 1.570 Executing VM operation: HandshakeAllThreads done
Event: 1.594 Executing VM operation: ICBufferFull
Event: 1.594 Executing VM operation: ICBufferFull done

Events (20 events):
Event: 1.609 loading class java/nio/file/DirectoryStream$Filter done
Event: 1.609 loading class java/nio/file/Files$AcceptAllFilter done
Event: 1.609 loading class java/nio/file/FileTreeWalker$DirectoryNode
Event: 1.609 loading class java/nio/file/FileTreeWalker$DirectoryNode done
Event: 1.609 loading class sun/nio/fs/WindowsDirectoryStream$WindowsDirectoryIterator
Event: 1.609 loading class sun/nio/fs/WindowsDirectoryStream$WindowsDirectoryIterator done
Event: 1.610 loading class java/nio/file/FileTreeWalker$Event
Event: 1.610 loading class java/nio/file/FileTreeWalker$Event done
Event: 1.610 loading class java/nio/file/FileTreeWalker$EventType
Event: 1.610 loading class java/nio/file/FileTreeWalker$EventType done
Event: 1.611 loading class sun/nio/fs/WindowsPath$WindowsPathWithAttributes
Event: 1.611 loading class sun/nio/fs/BasicFileAttributesHolder
Event: 1.611 loading class sun/nio/fs/BasicFileAttributesHolder done
Event: 1.612 loading class sun/nio/fs/WindowsPath$WindowsPathWithAttributes done
Event: 1.613 loading class java/util/regex/Pattern$LazyLoop
Event: 1.613 loading class java/util/regex/Pattern$Loop
Event: 1.613 loading class java/util/regex/Pattern$Loop done
Event: 1.613 loading class java/util/regex/Pattern$LazyLoop done
Event: 1.613 loading class java/util/regex/Pattern$Prolog
Event: 1.613 loading class java/util/regex/Pattern$Prolog done


Dynamic libraries:
0x00007ff648fb0000 - 0x00007ff648fc0000 	C:\Program Files\Java\jdk-17\bin\java.exe
0x00007ffd9f6f0000 - 0x00007ffd9f8e8000 	C:\WINDOWS\SYSTEM32\ntdll.dll
0x00007ffd9ed10000 - 0x00007ffd9edcd000 	C:\WINDOWS\System32\KERNEL32.DLL
0x00007ffd9cdd0000 - 0x00007ffd9d0c6000 	C:\WINDOWS\System32\KERNELBASE.dll
0x00007ffd9d160000 - 0x00007ffd9d260000 	C:\WINDOWS\System32\ucrtbase.dll
0x00007ffd81620000 - 0x00007ffd8163b000 	C:\Program Files\Java\jdk-17\bin\VCRUNTIME140.dll
0x00007ffd81800000 - 0x00007ffd81818000 	C:\Program Files\Java\jdk-17\bin\jli.dll
0x00007ffd9efe0000 - 0x00007ffd9f08f000 	C:\WINDOWS\System32\ADVAPI32.dll
0x00007ffd9d750000 - 0x00007ffd9d7ee000 	C:\WINDOWS\System32\msvcrt.dll
0x00007ffd9f5f0000 - 0x00007ffd9f68c000 	C:\WINDOWS\System32\sechost.dll
0x00007ffd9dfc0000 - 0x00007ffd9e0e6000 	C:\WINDOWS\System32\RPCRT4.dll
0x00007ffd9d820000 - 0x00007ffd9d9be000 	C:\WINDOWS\System32\USER32.dll
0x00007ffd9d3b0000 - 0x00007ffd9d3d2000 	C:\WINDOWS\System32\win32u.dll
0x00007ffd82ed0000 - 0x00007ffd8316a000 	C:\WINDOWS\WinSxS\amd64_microsoft.windows.common-controls_6595b64144ccf1df_6.0.19041.3636_none_60b6a03d71f818d5\COMCTL32.dll
0x00007ffd9d7f0000 - 0x00007ffd9d81c000 	C:\WINDOWS\System32\GDI32.dll
0x00007ffd9d540000 - 0x00007ffd9d65a000 	C:\WINDOWS\System32\gdi32full.dll
0x00007ffd9d6b0000 - 0x00007ffd9d74d000 	C:\WINDOWS\System32\msvcp_win.dll
0x00007ffd94ed0000 - 0x00007ffd94eda000 	C:\WINDOWS\SYSTEM32\VERSION.dll
0x00007ffd9eaf0000 - 0x00007ffd9eb20000 	C:\WINDOWS\System32\IMM32.DLL
0x00007ffd94ef0000 - 0x00007ffd94efc000 	C:\Program Files\Java\jdk-17\bin\vcruntime140_1.dll
0x00007ffd68e20000 - 0x00007ffd68eae000 	C:\Program Files\Java\jdk-17\bin\msvcp140.dll
0x00007ffd61540000 - 0x00007ffd62117000 	C:\Program Files\Java\jdk-17\bin\server\jvm.dll
0x00007ffd9f090000 - 0x00007ffd9f098000 	C:\WINDOWS\System32\PSAPI.DLL
0x00007ffd89a90000 - 0x00007ffd89ab7000 	C:\WINDOWS\SYSTEM32\WINMM.dll
0x00007ffd895e0000 - 0x00007ffd895e9000 	C:\WINDOWS\SYSTEM32\WSOCK32.dll
0x00007ffd9eb80000 - 0x00007ffd9ebeb000 	C:\WINDOWS\System32\ws2_32.DLL
0x00007ffd9b620000 - 0x00007ffd9b632000 	C:\WINDOWS\SYSTEM32\kernel.appcore.dll
0x00007ffd94780000 - 0x00007ffd9478a000 	C:\Program Files\Java\jdk-17\bin\jimage.dll
0x00007ffd9b350000 - 0x00007ffd9b534000 	C:\WINDOWS\SYSTEM32\DBGHELP.DLL
0x00007ffd953b0000 - 0x00007ffd953e4000 	C:\WINDOWS\SYSTEM32\dbgcore.DLL
0x00007ffd9d0d0000 - 0x00007ffd9d152000 	C:\WINDOWS\System32\bcryptPrimitives.dll
0x00007ffd89740000 - 0x00007ffd89765000 	C:\Program Files\Java\jdk-17\bin\java.dll
0x00007ffd7b730000 - 0x00007ffd7b807000 	C:\Program Files\Java\jdk-17\bin\jsvml.dll
0x00007ffd9e3a0000 - 0x00007ffd9eae4000 	C:\WINDOWS\System32\SHELL32.dll
0x00007ffd9aae0000 - 0x00007ffd9b27b000 	C:\WINDOWS\SYSTEM32\windows.storage.dll
0x00007ffd9db90000 - 0x00007ffd9dee4000 	C:\WINDOWS\System32\combase.dll
0x00007ffd9c7a0000 - 0x00007ffd9c7cd000 	C:\WINDOWS\SYSTEM32\Wldp.dll
0x00007ffd9ebf0000 - 0x00007ffd9ec9d000 	C:\WINDOWS\System32\SHCORE.dll
0x00007ffd9eca0000 - 0x00007ffd9ecf5000 	C:\WINDOWS\System32\shlwapi.dll
0x00007ffd9cd00000 - 0x00007ffd9cd25000 	C:\WINDOWS\SYSTEM32\profapi.dll
0x00007ffd93730000 - 0x00007ffd93749000 	C:\Program Files\Java\jdk-17\bin\net.dll
0x00007ffd941e0000 - 0x00007ffd942ea000 	C:\WINDOWS\SYSTEM32\WINHTTP.dll
0x00007ffd9c4a0000 - 0x00007ffd9c50a000 	C:\WINDOWS\system32\mswsock.dll
0x00007ffd934c0000 - 0x00007ffd934d6000 	C:\Program Files\Java\jdk-17\bin\nio.dll
0x00007ffd89570000 - 0x00007ffd89588000 	C:\Program Files\Java\jdk-17\bin\zip.dll
0x00007ffd862f0000 - 0x00007ffd862fa000 	C:\Program Files\Java\jdk-17\bin\management.dll
0x00007ffd844d0000 - 0x00007ffd844db000 	C:\Program Files\Java\jdk-17\bin\management_ext.dll

dbghelp: loaded successfully - version: 4.0.5 - missing functions: none
symbol engine: initialized successfully - sym options: 0x614 - pdb path: .;C:\Program Files\Java\jdk-17\bin;C:\WINDOWS\SYSTEM32;C:\WINDOWS\WinSxS\amd64_microsoft.windows.common-controls_6595b64144ccf1df_6.0.19041.3636_none_60b6a03d71f818d5;C:\Program Files\Java\jdk-17\bin\server

VM Arguments:
java_command: C:\Users\Shatabdi\AppData\Local\Temp\surefire10541266884907217071\surefirebooter-20231227015114817_3.jar C:\Users\Shatabdi\AppData\Local\Temp\surefire10541266884907217071 2023-12-27T01-51-13_020-jvmRun1 surefire-20231227015114817_1tmp surefire_0-20231227015114817_2tmp
java_class_path (initial): C:\Users\Shatabdi\AppData\Local\Temp\surefire10541266884907217071\surefirebooter-20231227015114817_3.jar
Launcher Type: SUN_STANDARD

[Global flags]
     intx CICompilerCount                          = 3                                         {product} {ergonomic}
     uint ConcGCThreads                            = 1                                         {product} {ergonomic}
     uint G1ConcRefinementThreads                  = 4                                         {product} {ergonomic}
   size_t G1HeapRegionSize                         = 1048576                                   {product} {ergonomic}
    uintx GCDrainStackTargetSize                   = 64                                        {product} {ergonomic}
   size_t InitialHeapSize                          = 134217728                                 {product} {ergonomic}
   size_t MarkStackSize                            = 4194304                                   {product} {ergonomic}
   size_t MaxHeapSize                              = 2118123520                                {product} {ergonomic}
   size_t MaxNewSize                               = 1270874112                                {product} {ergonomic}
   size_t MinHeapDeltaBytes                        = 1048576                                   {product} {ergonomic}
   size_t MinHeapSize                              = 8388608                                   {product} {ergonomic}
    uintx NonNMethodCodeHeapSize                   = 5832780                                {pd product} {ergonomic}
    uintx NonProfiledCodeHeapSize                  = 122912730                              {pd product} {ergonomic}
    uintx ProfiledCodeHeapSize                     = 122912730                              {pd product} {ergonomic}
    uintx ReservedCodeCacheSize                    = 251658240                              {pd product} {ergonomic}
     bool SegmentedCodeCache                       = true                                      {product} {ergonomic}
   size_t SoftMaxHeapSize                          = 2118123520                             {manageable} {ergonomic}
     bool UseCompressedClassPointers               = true                           {product lp64_product} {ergonomic}
     bool UseCompressedOops                        = true                           {product lp64_product} {ergonomic}
     bool UseG1GC                                  = true                                      {product} {ergonomic}
     bool UseLargePagesIndividualAllocation        = false                                  {pd product} {ergonomic}

Logging:
Log output configuration:
 #0: stdout all=warning uptime,level,tags
 #1: stderr all=off uptime,level,tags

Environment Variables:
JAVA_HOME=C:\Program Files\Java\jdk-17
CLASSPATH=E:\test\mypack.jar;.;
PATH=C:/Program Files/Java/jdk-17/bin/server;C:/Program Files/Java/jdk-17/bin;C:\Program Files\Common Files\Oracle\Java\javapath;C:\Python311\Scripts\;C:\Python311\;C:\Program Files\Java\jdk-17\bin;C:\Program Files\Intel\Intel(R) Management Engine Components\iCLS\;C:\WINDOWS\system32;C:\WINDOWS;C:\WINDOWS\System32\Wbem;C:\WINDOWS\System32\WindowsPowerShell\v1.0\;C:\Program Files (x86)\Intel\Intel(R) Management Engine Components\DAL;C:\Program Files\Intel\Intel(R) Management Engine Components\DAL;C:\Program Files (x86)\Intel\Intel(R) Management Engine Components\IPT;C:\Program Files\Intel\Intel(R) Management Engine Components\IPT;C:\WINDOWS\System32\OpenSSH\;C:\Program Files\nodejs\;C:\ProgramData\chocolatey\bin;C:\Program Files\apache-maven-3.8.7\bin;C:\Program Files\Git\cmd;C:\Users\Shatabdi\AppData\Local\Android\cmdline-tools\tools;C:\Users\Shatabdi\AppData\Local\Android\cmdline-tools\tools\bin;C:\Users\Shatabdi\AppData\Local\Android\platform-tools;C:\Program Files\TortoiseGit\bin;C:\HashiCorp\Vagrant\bin;C:\Program Files\MongoDB\Server\6.0\bin;C:\mongosh\bin;C:\Program Files\MySQL\MySQL Shell 8.0\bin\;C:\Users\Shatabdi\AppData\Local\Programs\Python\Python39\Scripts\;C:\Users\Shatabdi\AppData\Local\Programs\Python\Python39\;C:\Users\Shatabdi\AppData\Local\Microsoft\WindowsApps;C:\Program Files\Java\jdk-17\bin;C:\Users\Shatabdi\AppData\Roaming\npm;;C:\Users\Shatabdi\AppData\Local\Programs\Microsoft VS Code\bin;C:\WINDOWS\system32;
USERNAME=Shatabdi
OS=Windows_NT
PROCESSOR_IDENTIFIER=Intel64 Family 6 Model 142 Stepping 9, GenuineIntel



---------------  S Y S T E M  ---------------

OS:
 Windows 10 , 64 bit Build 19041 (10.0.19041.3636)
OS uptime: 32 days 0:35 hours

CPU: total 4 (initial active 4) (2 cores per cpu, 2 threads per core) family 6 model 142 stepping 9 microcode 0xb4, cx8, cmov, fxsr, ht, mmx, 3dnowpref, sse, sse2, sse3, ssse3, sse4.1, sse4.2, popcnt, lzcnt, tsc, tscinvbit, avx, avx2, aes, erms, clmul, bmi1, bmi2, adx, fma, vzeroupper, clflush, clflushopt

Memory: 4k page, system-wide physical 8074M (719M free)
TotalPageFile size 10122M (AvailPageFile size 5M)
current process WorkingSet (physical memory assigned to process): 98M, peak: 98M
current process commit charge ("private bytes"): 234M, peak: 235M

vm_info: Java HotSpot(TM) 64-Bit Server VM (17.0.6+9-LTS-190) for windows-amd64 JRE (17.0.6+9-LTS-190), built on Dec  6 2022 15:53:54 by "mach5one" with MS VC++ 17.1 (VS2022)

END.
