#
# There is insufficient memory for the Java Runtime Environment to continue.
# Native memory allocation (malloc) failed to allocate 720560 bytes for Chunk::new
# Possible reasons:
#   The system is out of physical RAM or swap space
#   The process is running with CompressedOops enabled, and the Java Heap may be blocking the growth of the native heap
# Possible solutions:
#   Reduce memory load on the system
#   Increase physical memory or swap space
#   Check if swap backing store is full
#   Decrease Java heap size (-Xmx/-Xms)
#   Decrease number of Java threads
#   Decrease Java thread stack sizes (-Xss)
#   Set larger code cache with -XX:ReservedCodeCacheSize=
#   JVM is running with Unscaled Compressed Oops mode in which the Java heap is
#     placed in the first 4GB address space. The Java Heap base address is the
#     maximum limit for the native heap growth. Please use -XX:HeapBaseMinAddress
#     to set the Java Heap base and to place the Java Heap above 4GB virtual address.
# This output file may be truncated or incomplete.
#
#  Out of Memory Error (arena.cpp:189), pid=17180, tid=10900
#
# JRE version: Java(TM) SE Runtime Environment (17.0.6+9) (build 17.0.6+9-LTS-190)
# Java VM: Java HotSpot(TM) 64-Bit Server VM (17.0.6+9-LTS-190, mixed mode, sharing, tiered, compressed oops, compressed class ptrs, g1 gc, windows-amd64)
# No core dump will be written. Minidumps are not enabled by default on client versions of Windows
#

---------------  S U M M A R Y ------------

Command Line: -Dmaven.home=EMBEDDED -Dclassworlds.conf=G:\Java\.metadata\.plugins\org.eclipse.m2e.launching\launches\m2conf14856271664068746749.tmp -Dmaven.multiModuleProjectDirectory=C:\Users\Shatabdi\Downloads\kirana-register -Dfile.encoding=Cp1252 -XX:+ShowCodeDetailsInExceptionMessages org.codehaus.plexus.classworlds.launcher.Launcher -B clean install package

Host: Intel(R) Core(TM) i3-7020U CPU @ 2.30GHz, 4 cores, 7G,  Windows 10 , 64 bit Build 19041 (10.0.19041.3636)
Time: Wed Dec 27 02:11:12 2023 India Standard Time elapsed time: 1.663526 seconds (0d 0h 0m 1s)

---------------  T H R E A D  ---------------

Current thread (0x00000213ff64b6b0):  JavaThread "C2 CompilerThread0" daemon [_thread_in_native, id=10900, stack(0x00000031da400000,0x00000031da500000)]


Current CompileTask:
C2:   1663 1216       4       jdk.internal.loader.URLClassPath::getResource (74 bytes)

Stack: [0x00000031da400000,0x00000031da500000]
Native frames: (J=compiled Java code, j=interpreted, Vv=VM code, C=native code)
V  [jvm.dll+0x6734ea]
V  [jvm.dll+0x7d18f4]
V  [jvm.dll+0x7d309e]
V  [jvm.dll+0x7d3703]
V  [jvm.dll+0x2433c5]
V  [jvm.dll+0xaa46b]
V  [jvm.dll+0xaaa0c]
V  [jvm.dll+0x35eb2e]
V  [jvm.dll+0x329401]
V  [jvm.dll+0x32889a]
V  [jvm.dll+0x215ddf]
V  [jvm.dll+0x215211]
V  [jvm.dll+0x1a1730]
V  [jvm.dll+0x224b6e]
V  [jvm.dll+0x222f15]
V  [jvm.dll+0x78753c]
V  [jvm.dll+0x781a7a]
V  [jvm.dll+0x672375]
C  [ucrtbase.dll+0x21bb2]
C  [KERNEL32.DLL+0x17344]
C  [ntdll.dll+0x526b1]


---------------  P R O C E S S  ---------------

Threads class SMR info:
_java_thread_list=0x000002139ba1b900, length=13, elements={
0x00000213fa5c1210, 0x00000213ff623730, 0x00000213ff624aa0, 0x00000213ff63b5f0,
0x00000213ff63e0b0, 0x00000213ff63ea60, 0x00000213ff63f410, 0x00000213ff64b6b0,
0x00000213ff64c930, 0x00000213ff65f310, 0x000002139b1a9660, 0x000002139b1b3f70,
0x000002139ba83030
}

Java Threads: ( => current thread )
  0x00000213fa5c1210 JavaThread "main" [_thread_in_vm, id=2208, stack(0x00000031d9700000,0x00000031d9800000)]
  0x00000213ff623730 JavaThread "Reference Handler" daemon [_thread_blocked, id=6384, stack(0x00000031d9e00000,0x00000031d9f00000)]
  0x00000213ff624aa0 JavaThread "Finalizer" daemon [_thread_blocked, id=17388, stack(0x00000031d9f00000,0x00000031da000000)]
  0x00000213ff63b5f0 JavaThread "Signal Dispatcher" daemon [_thread_blocked, id=7900, stack(0x00000031da000000,0x00000031da100000)]
  0x00000213ff63e0b0 JavaThread "Attach Listener" daemon [_thread_blocked, id=13992, stack(0x00000031da100000,0x00000031da200000)]
  0x00000213ff63ea60 JavaThread "Service Thread" daemon [_thread_blocked, id=14148, stack(0x00000031da200000,0x00000031da300000)]
  0x00000213ff63f410 JavaThread "Monitor Deflation Thread" daemon [_thread_blocked, id=5256, stack(0x00000031da300000,0x00000031da400000)]
=>0x00000213ff64b6b0 JavaThread "C2 CompilerThread0" daemon [_thread_in_native, id=10900, stack(0x00000031da400000,0x00000031da500000)]
  0x00000213ff64c930 JavaThread "C1 CompilerThread0" daemon [_thread_in_vm, id=7300, stack(0x00000031da500000,0x00000031da600000)]
  0x00000213ff65f310 JavaThread "Sweeper thread" daemon [_thread_blocked, id=17212, stack(0x00000031da600000,0x00000031da700000)]
  0x000002139b1a9660 JavaThread "Notification Thread" daemon [_thread_blocked, id=5216, stack(0x00000031da700000,0x00000031da800000)]
  0x000002139b1b3f70 JavaThread "Common-Cleaner" daemon [_thread_blocked, id=18000, stack(0x00000031da900000,0x00000031daa00000)]
  0x000002139ba83030 JavaThread "C2 CompilerThread1" daemon [_thread_in_native, id=17080, stack(0x00000031dad00000,0x00000031dae00000)]

Other Threads:
  0x00000213ff61e270 VMThread "VM Thread" [stack: 0x00000031d9d00000,0x00000031d9e00000] [id=12296]
  0x00000213fa637c50 WatcherThread [stack: 0x00000031da800000,0x00000031da900000] [id=6004]
  0x00000213fa618dc0 GCTaskThread "GC Thread#0" [stack: 0x00000031d9800000,0x00000031d9900000] [id=14588]
  0x000002139b240180 GCTaskThread "GC Thread#1" [stack: 0x00000031daa00000,0x00000031dab00000] [id=4444]
  0x000002139b453720 GCTaskThread "GC Thread#2" [stack: 0x00000031dab00000,0x00000031dac00000] [id=15416]
  0x000002139b98cd70 GCTaskThread "GC Thread#3" [stack: 0x00000031dac00000,0x00000031dad00000] [id=9192]
  0x00000213fa62a120 ConcurrentGCThread "G1 Main Marker" [stack: 0x00000031d9900000,0x00000031d9a00000] [id=13872]
  0x00000213fa62ab30 ConcurrentGCThread "G1 Conc#0" [stack: 0x00000031d9a00000,0x00000031d9b00000] [id=5800]
  0x00000213fa697270 ConcurrentGCThread "G1 Refine#0" [stack: 0x00000031d9b00000,0x00000031d9c00000] [id=4060]
  0x00000213fa698ca0 ConcurrentGCThread "G1 Service" [stack: 0x00000031d9c00000,0x00000031d9d00000] [id=17476]

Threads with active compile tasks:
C2 CompilerThread0     1702 1216       4       jdk.internal.loader.URLClassPath::getResource (74 bytes)
C1 CompilerThread0     1702 1309       3       sun.reflect.annotation.AnnotationParser::parseSig (62 bytes)
C2 CompilerThread1     1702 1242       4       jdk.internal.module.SystemModuleFinders$SystemModuleReader::find (59 bytes)

VM state: not at safepoint (normal execution)

VM Mutex/Monitor currently owned by a thread:  ([mutex/lock_event])
[0x00000213fa44e870] Metaspace_lock - owner thread: 0x00000213ff64c930
[0x00000213fa5bcb70] MethodData_lock - owner thread: 0x00000213ff64c930

Heap address: 0x0000000081c00000, size: 2020 MB, Compressed Oops mode: 32-bit

CDS archive(s) mapped at: [0x0000000800000000-0x0000000800bd0000-0x0000000800bd0000), size 12386304, SharedBaseAddress: 0x0000000800000000, ArchiveRelocationMode: 0.
Compressed class space mapped at: 0x0000000800c00000-0x0000000840c00000, reserved size: 1073741824
Narrow klass base: 0x0000000800000000, Narrow klass shift: 0, Narrow klass range: 0x100000000

GC Precious Log:
 CPUs: 4 total, 4 available
 Memory: 8074M
 Large Page Support: Disabled
 NUMA Support: Disabled
 Compressed Oops: Enabled (32-bit)
 Heap Region Size: 1M
 Heap Min Capacity: 8M
 Heap Initial Capacity: 128M
 Heap Max Capacity: 2020M
 Pre-touch: Disabled
 Parallel Workers: 4
 Concurrent Workers: 1
 Concurrent Refinement Workers: 4
 Periodic GC: Disabled

Heap:
 garbage-first heap   total 131072K, used 9861K [0x0000000081c00000, 0x0000000100000000)
  region size 1024K, 8 young (8192K), 1 survivors (1024K)
 Metaspace       used 6696K, committed 6784K, reserved 1056768K
  class space    used 774K, committed 832K, reserved 1048576K

Heap Regions: E=young(eden), S=young(survivor), O=old, HS=humongous(starts), HC=humongous(continues), CS=collection set, F=free, OA=open archive, CA=closed archive, TAMS=top-at-mark-start (previous, next)
|   0|0x0000000081c00000, 0x0000000081d00000, 0x0000000081d00000|100%| O|  |TAMS 0x0000000081c00000, 0x0000000081c00000| Untracked 
|   1|0x0000000081d00000, 0x0000000081e00000, 0x0000000081e00000|100%| O|  |TAMS 0x0000000081d00000, 0x0000000081d00000| Untracked 
|   2|0x0000000081e00000, 0x0000000081ebd000, 0x0000000081f00000| 73%| O|  |TAMS 0x0000000081e00000, 0x0000000081e00000| Untracked 
|   3|0x0000000081f00000, 0x0000000081f00000, 0x0000000082000000|  0%| F|  |TAMS 0x0000000081f00000, 0x0000000081f00000| Untracked 
|   4|0x0000000082000000, 0x0000000082000000, 0x0000000082100000|  0%| F|  |TAMS 0x0000000082000000, 0x0000000082000000| Untracked 
|   5|0x0000000082100000, 0x0000000082100000, 0x0000000082200000|  0%| F|  |TAMS 0x0000000082100000, 0x0000000082100000| Untracked 
|   6|0x0000000082200000, 0x0000000082200000, 0x0000000082300000|  0%| F|  |TAMS 0x0000000082200000, 0x0000000082200000| Untracked 
|   7|0x0000000082300000, 0x0000000082300000, 0x0000000082400000|  0%| F|  |TAMS 0x0000000082300000, 0x0000000082300000| Untracked 
|   8|0x0000000082400000, 0x0000000082400000, 0x0000000082500000|  0%| F|  |TAMS 0x0000000082400000, 0x0000000082400000| Untracked 
|   9|0x0000000082500000, 0x0000000082500000, 0x0000000082600000|  0%| F|  |TAMS 0x0000000082500000, 0x0000000082500000| Untracked 
|  10|0x0000000082600000, 0x0000000082600000, 0x0000000082700000|  0%| F|  |TAMS 0x0000000082600000, 0x0000000082600000| Untracked 
|  11|0x0000000082700000, 0x0000000082700000, 0x0000000082800000|  0%| F|  |TAMS 0x0000000082700000, 0x0000000082700000| Untracked 
|  12|0x0000000082800000, 0x0000000082800000, 0x0000000082900000|  0%| F|  |TAMS 0x0000000082800000, 0x0000000082800000| Untracked 
|  13|0x0000000082900000, 0x0000000082900000, 0x0000000082a00000|  0%| F|  |TAMS 0x0000000082900000, 0x0000000082900000| Untracked 
|  14|0x0000000082a00000, 0x0000000082a00000, 0x0000000082b00000|  0%| F|  |TAMS 0x0000000082a00000, 0x0000000082a00000| Untracked 
|  15|0x0000000082b00000, 0x0000000082b00000, 0x0000000082c00000|  0%| F|  |TAMS 0x0000000082b00000, 0x0000000082b00000| Untracked 
|  16|0x0000000082c00000, 0x0000000082c00000, 0x0000000082d00000|  0%| F|  |TAMS 0x0000000082c00000, 0x0000000082c00000| Untracked 
|  17|0x0000000082d00000, 0x0000000082d00000, 0x0000000082e00000|  0%| F|  |TAMS 0x0000000082d00000, 0x0000000082d00000| Untracked 
|  18|0x0000000082e00000, 0x0000000082e00000, 0x0000000082f00000|  0%| F|  |TAMS 0x0000000082e00000, 0x0000000082e00000| Untracked 
|  19|0x0000000082f00000, 0x0000000082f00000, 0x0000000083000000|  0%| F|  |TAMS 0x0000000082f00000, 0x0000000082f00000| Untracked 
|  20|0x0000000083000000, 0x0000000083000000, 0x0000000083100000|  0%| F|  |TAMS 0x0000000083000000, 0x0000000083000000| Untracked 
|  21|0x0000000083100000, 0x0000000083100000, 0x0000000083200000|  0%| F|  |TAMS 0x0000000083100000, 0x0000000083100000| Untracked 
|  22|0x0000000083200000, 0x0000000083200000, 0x0000000083300000|  0%| F|  |TAMS 0x0000000083200000, 0x0000000083200000| Untracked 
|  23|0x0000000083300000, 0x0000000083300000, 0x0000000083400000|  0%| F|  |TAMS 0x0000000083300000, 0x0000000083300000| Untracked 
|  24|0x0000000083400000, 0x0000000083400000, 0x0000000083500000|  0%| F|  |TAMS 0x0000000083400000, 0x0000000083400000| Untracked 
|  25|0x0000000083500000, 0x0000000083500000, 0x0000000083600000|  0%| F|  |TAMS 0x0000000083500000, 0x0000000083500000| Untracked 
|  26|0x0000000083600000, 0x0000000083600000, 0x0000000083700000|  0%| F|  |TAMS 0x0000000083600000, 0x0000000083600000| Untracked 
|  27|0x0000000083700000, 0x0000000083700000, 0x0000000083800000|  0%| F|  |TAMS 0x0000000083700000, 0x0000000083700000| Untracked 
|  28|0x0000000083800000, 0x0000000083800000, 0x0000000083900000|  0%| F|  |TAMS 0x0000000083800000, 0x0000000083800000| Untracked 
|  29|0x0000000083900000, 0x0000000083900000, 0x0000000083a00000|  0%| F|  |TAMS 0x0000000083900000, 0x0000000083900000| Untracked 
|  30|0x0000000083a00000, 0x0000000083a00000, 0x0000000083b00000|  0%| F|  |TAMS 0x0000000083a00000, 0x0000000083a00000| Untracked 
|  31|0x0000000083b00000, 0x0000000083b00000, 0x0000000083c00000|  0%| F|  |TAMS 0x0000000083b00000, 0x0000000083b00000| Untracked 
|  32|0x0000000083c00000, 0x0000000083c00000, 0x0000000083d00000|  0%| F|  |TAMS 0x0000000083c00000, 0x0000000083c00000| Untracked 
|  33|0x0000000083d00000, 0x0000000083d00000, 0x0000000083e00000|  0%| F|  |TAMS 0x0000000083d00000, 0x0000000083d00000| Untracked 
|  34|0x0000000083e00000, 0x0000000083e00000, 0x0000000083f00000|  0%| F|  |TAMS 0x0000000083e00000, 0x0000000083e00000| Untracked 
|  35|0x0000000083f00000, 0x0000000083f00000, 0x0000000084000000|  0%| F|  |TAMS 0x0000000083f00000, 0x0000000083f00000| Untracked 
|  36|0x0000000084000000, 0x0000000084000000, 0x0000000084100000|  0%| F|  |TAMS 0x0000000084000000, 0x0000000084000000| Untracked 
|  37|0x0000000084100000, 0x0000000084100000, 0x0000000084200000|  0%| F|  |TAMS 0x0000000084100000, 0x0000000084100000| Untracked 
|  38|0x0000000084200000, 0x0000000084200000, 0x0000000084300000|  0%| F|  |TAMS 0x0000000084200000, 0x0000000084200000| Untracked 
|  39|0x0000000084300000, 0x0000000084300000, 0x0000000084400000|  0%| F|  |TAMS 0x0000000084300000, 0x0000000084300000| Untracked 
|  40|0x0000000084400000, 0x0000000084400000, 0x0000000084500000|  0%| F|  |TAMS 0x0000000084400000, 0x0000000084400000| Untracked 
|  41|0x0000000084500000, 0x0000000084500000, 0x0000000084600000|  0%| F|  |TAMS 0x0000000084500000, 0x0000000084500000| Untracked 
|  42|0x0000000084600000, 0x0000000084600000, 0x0000000084700000|  0%| F|  |TAMS 0x0000000084600000, 0x0000000084600000| Untracked 
|  43|0x0000000084700000, 0x0000000084700000, 0x0000000084800000|  0%| F|  |TAMS 0x0000000084700000, 0x0000000084700000| Untracked 
|  44|0x0000000084800000, 0x0000000084800000, 0x0000000084900000|  0%| F|  |TAMS 0x0000000084800000, 0x0000000084800000| Untracked 
|  45|0x0000000084900000, 0x0000000084900000, 0x0000000084a00000|  0%| F|  |TAMS 0x0000000084900000, 0x0000000084900000| Untracked 
|  46|0x0000000084a00000, 0x0000000084a00000, 0x0000000084b00000|  0%| F|  |TAMS 0x0000000084a00000, 0x0000000084a00000| Untracked 
|  47|0x0000000084b00000, 0x0000000084b00000, 0x0000000084c00000|  0%| F|  |TAMS 0x0000000084b00000, 0x0000000084b00000| Untracked 
|  48|0x0000000084c00000, 0x0000000084c00000, 0x0000000084d00000|  0%| F|  |TAMS 0x0000000084c00000, 0x0000000084c00000| Untracked 
|  49|0x0000000084d00000, 0x0000000084d00000, 0x0000000084e00000|  0%| F|  |TAMS 0x0000000084d00000, 0x0000000084d00000| Untracked 
|  50|0x0000000084e00000, 0x0000000084e00000, 0x0000000084f00000|  0%| F|  |TAMS 0x0000000084e00000, 0x0000000084e00000| Untracked 
|  51|0x0000000084f00000, 0x0000000084f00000, 0x0000000085000000|  0%| F|  |TAMS 0x0000000084f00000, 0x0000000084f00000| Untracked 
|  52|0x0000000085000000, 0x0000000085000000, 0x0000000085100000|  0%| F|  |TAMS 0x0000000085000000, 0x0000000085000000| Untracked 
|  53|0x0000000085100000, 0x0000000085100000, 0x0000000085200000|  0%| F|  |TAMS 0x0000000085100000, 0x0000000085100000| Untracked 
|  54|0x0000000085200000, 0x0000000085200000, 0x0000000085300000|  0%| F|  |TAMS 0x0000000085200000, 0x0000000085200000| Untracked 
|  55|0x0000000085300000, 0x0000000085300000, 0x0000000085400000|  0%| F|  |TAMS 0x0000000085300000, 0x0000000085300000| Untracked 
|  56|0x0000000085400000, 0x0000000085400000, 0x0000000085500000|  0%| F|  |TAMS 0x0000000085400000, 0x0000000085400000| Untracked 
|  57|0x0000000085500000, 0x0000000085500000, 0x0000000085600000|  0%| F|  |TAMS 0x0000000085500000, 0x0000000085500000| Untracked 
|  58|0x0000000085600000, 0x0000000085600000, 0x0000000085700000|  0%| F|  |TAMS 0x0000000085600000, 0x0000000085600000| Untracked 
|  59|0x0000000085700000, 0x0000000085700000, 0x0000000085800000|  0%| F|  |TAMS 0x0000000085700000, 0x0000000085700000| Untracked 
|  60|0x0000000085800000, 0x0000000085800000, 0x0000000085900000|  0%| F|  |TAMS 0x0000000085800000, 0x0000000085800000| Untracked 
|  61|0x0000000085900000, 0x0000000085900000, 0x0000000085a00000|  0%| F|  |TAMS 0x0000000085900000, 0x0000000085900000| Untracked 
|  62|0x0000000085a00000, 0x0000000085a00000, 0x0000000085b00000|  0%| F|  |TAMS 0x0000000085a00000, 0x0000000085a00000| Untracked 
|  63|0x0000000085b00000, 0x0000000085b00000, 0x0000000085c00000|  0%| F|  |TAMS 0x0000000085b00000, 0x0000000085b00000| Untracked 
|  64|0x0000000085c00000, 0x0000000085c00000, 0x0000000085d00000|  0%| F|  |TAMS 0x0000000085c00000, 0x0000000085c00000| Untracked 
|  65|0x0000000085d00000, 0x0000000085d00000, 0x0000000085e00000|  0%| F|  |TAMS 0x0000000085d00000, 0x0000000085d00000| Untracked 
|  66|0x0000000085e00000, 0x0000000085e00000, 0x0000000085f00000|  0%| F|  |TAMS 0x0000000085e00000, 0x0000000085e00000| Untracked 
|  67|0x0000000085f00000, 0x0000000085f00000, 0x0000000086000000|  0%| F|  |TAMS 0x0000000085f00000, 0x0000000085f00000| Untracked 
|  68|0x0000000086000000, 0x0000000086000000, 0x0000000086100000|  0%| F|  |TAMS 0x0000000086000000, 0x0000000086000000| Untracked 
|  69|0x0000000086100000, 0x0000000086100000, 0x0000000086200000|  0%| F|  |TAMS 0x0000000086100000, 0x0000000086100000| Untracked 
|  70|0x0000000086200000, 0x0000000086200000, 0x0000000086300000|  0%| F|  |TAMS 0x0000000086200000, 0x0000000086200000| Untracked 
|  71|0x0000000086300000, 0x0000000086300000, 0x0000000086400000|  0%| F|  |TAMS 0x0000000086300000, 0x0000000086300000| Untracked 
|  72|0x0000000086400000, 0x0000000086400000, 0x0000000086500000|  0%| F|  |TAMS 0x0000000086400000, 0x0000000086400000| Untracked 
|  73|0x0000000086500000, 0x0000000086500000, 0x0000000086600000|  0%| F|  |TAMS 0x0000000086500000, 0x0000000086500000| Untracked 
|  74|0x0000000086600000, 0x0000000086600000, 0x0000000086700000|  0%| F|  |TAMS 0x0000000086600000, 0x0000000086600000| Untracked 
|  75|0x0000000086700000, 0x0000000086700000, 0x0000000086800000|  0%| F|  |TAMS 0x0000000086700000, 0x0000000086700000| Untracked 
|  76|0x0000000086800000, 0x0000000086800000, 0x0000000086900000|  0%| F|  |TAMS 0x0000000086800000, 0x0000000086800000| Untracked 
|  77|0x0000000086900000, 0x0000000086900000, 0x0000000086a00000|  0%| F|  |TAMS 0x0000000086900000, 0x0000000086900000| Untracked 
|  78|0x0000000086a00000, 0x0000000086a00000, 0x0000000086b00000|  0%| F|  |TAMS 0x0000000086a00000, 0x0000000086a00000| Untracked 
|  79|0x0000000086b00000, 0x0000000086b00000, 0x0000000086c00000|  0%| F|  |TAMS 0x0000000086b00000, 0x0000000086b00000| Untracked 
|  80|0x0000000086c00000, 0x0000000086c00000, 0x0000000086d00000|  0%| F|  |TAMS 0x0000000086c00000, 0x0000000086c00000| Untracked 
|  81|0x0000000086d00000, 0x0000000086d00000, 0x0000000086e00000|  0%| F|  |TAMS 0x0000000086d00000, 0x0000000086d00000| Untracked 
|  82|0x0000000086e00000, 0x0000000086e00000, 0x0000000086f00000|  0%| F|  |TAMS 0x0000000086e00000, 0x0000000086e00000| Untracked 
|  83|0x0000000086f00000, 0x0000000086f00000, 0x0000000087000000|  0%| F|  |TAMS 0x0000000086f00000, 0x0000000086f00000| Untracked 
|  84|0x0000000087000000, 0x0000000087000000, 0x0000000087100000|  0%| F|  |TAMS 0x0000000087000000, 0x0000000087000000| Untracked 
|  85|0x0000000087100000, 0x0000000087100000, 0x0000000087200000|  0%| F|  |TAMS 0x0000000087100000, 0x0000000087100000| Untracked 
|  86|0x0000000087200000, 0x0000000087200000, 0x0000000087300000|  0%| F|  |TAMS 0x0000000087200000, 0x0000000087200000| Untracked 
|  87|0x0000000087300000, 0x0000000087300000, 0x0000000087400000|  0%| F|  |TAMS 0x0000000087300000, 0x0000000087300000| Untracked 
|  88|0x0000000087400000, 0x0000000087400000, 0x0000000087500000|  0%| F|  |TAMS 0x0000000087400000, 0x0000000087400000| Untracked 
|  89|0x0000000087500000, 0x0000000087500000, 0x0000000087600000|  0%| F|  |TAMS 0x0000000087500000, 0x0000000087500000| Untracked 
|  90|0x0000000087600000, 0x0000000087600000, 0x0000000087700000|  0%| F|  |TAMS 0x0000000087600000, 0x0000000087600000| Untracked 
|  91|0x0000000087700000, 0x0000000087700000, 0x0000000087800000|  0%| F|  |TAMS 0x0000000087700000, 0x0000000087700000| Untracked 
|  92|0x0000000087800000, 0x0000000087800000, 0x0000000087900000|  0%| F|  |TAMS 0x0000000087800000, 0x0000000087800000| Untracked 
|  93|0x0000000087900000, 0x0000000087900000, 0x0000000087a00000|  0%| F|  |TAMS 0x0000000087900000, 0x0000000087900000| Untracked 
|  94|0x0000000087a00000, 0x0000000087a00000, 0x0000000087b00000|  0%| F|  |TAMS 0x0000000087a00000, 0x0000000087a00000| Untracked 
|  95|0x0000000087b00000, 0x0000000087b00000, 0x0000000087c00000|  0%| F|  |TAMS 0x0000000087b00000, 0x0000000087b00000| Untracked 
|  96|0x0000000087c00000, 0x0000000087c00000, 0x0000000087d00000|  0%| F|  |TAMS 0x0000000087c00000, 0x0000000087c00000| Untracked 
|  97|0x0000000087d00000, 0x0000000087d00000, 0x0000000087e00000|  0%| F|  |TAMS 0x0000000087d00000, 0x0000000087d00000| Untracked 
|  98|0x0000000087e00000, 0x0000000087e00000, 0x0000000087f00000|  0%| F|  |TAMS 0x0000000087e00000, 0x0000000087e00000| Untracked 
|  99|0x0000000087f00000, 0x0000000087f00000, 0x0000000088000000|  0%| F|  |TAMS 0x0000000087f00000, 0x0000000087f00000| Untracked 
| 100|0x0000000088000000, 0x0000000088000000, 0x0000000088100000|  0%| F|  |TAMS 0x0000000088000000, 0x0000000088000000| Untracked 
| 101|0x0000000088100000, 0x0000000088100000, 0x0000000088200000|  0%| F|  |TAMS 0x0000000088100000, 0x0000000088100000| Untracked 
| 102|0x0000000088200000, 0x0000000088200000, 0x0000000088300000|  0%| F|  |TAMS 0x0000000088200000, 0x0000000088200000| Untracked 
| 103|0x0000000088300000, 0x0000000088300000, 0x0000000088400000|  0%| F|  |TAMS 0x0000000088300000, 0x0000000088300000| Untracked 
| 104|0x0000000088400000, 0x0000000088400000, 0x0000000088500000|  0%| F|  |TAMS 0x0000000088400000, 0x0000000088400000| Untracked 
| 105|0x0000000088500000, 0x0000000088500000, 0x0000000088600000|  0%| F|  |TAMS 0x0000000088500000, 0x0000000088500000| Untracked 
| 106|0x0000000088600000, 0x0000000088600000, 0x0000000088700000|  0%| F|  |TAMS 0x0000000088600000, 0x0000000088600000| Untracked 
| 107|0x0000000088700000, 0x0000000088700000, 0x0000000088800000|  0%| F|  |TAMS 0x0000000088700000, 0x0000000088700000| Untracked 
| 108|0x0000000088800000, 0x0000000088800000, 0x0000000088900000|  0%| F|  |TAMS 0x0000000088800000, 0x0000000088800000| Untracked 
| 109|0x0000000088900000, 0x0000000088900000, 0x0000000088a00000|  0%| F|  |TAMS 0x0000000088900000, 0x0000000088900000| Untracked 
| 110|0x0000000088a00000, 0x0000000088ae4740, 0x0000000088b00000| 89%| S|CS|TAMS 0x0000000088a00000, 0x0000000088a00000| Complete 
| 111|0x0000000088b00000, 0x0000000088b00000, 0x0000000088c00000|  0%| F|  |TAMS 0x0000000088b00000, 0x0000000088b00000| Untracked 
| 112|0x0000000088c00000, 0x0000000088c00000, 0x0000000088d00000|  0%| F|  |TAMS 0x0000000088c00000, 0x0000000088c00000| Untracked 
| 113|0x0000000088d00000, 0x0000000088d00000, 0x0000000088e00000|  0%| F|  |TAMS 0x0000000088d00000, 0x0000000088d00000| Untracked 
| 114|0x0000000088e00000, 0x0000000088e00000, 0x0000000088f00000|  0%| F|  |TAMS 0x0000000088e00000, 0x0000000088e00000| Untracked 
| 115|0x0000000088f00000, 0x0000000088f00000, 0x0000000089000000|  0%| F|  |TAMS 0x0000000088f00000, 0x0000000088f00000| Untracked 
| 116|0x0000000089000000, 0x0000000089000000, 0x0000000089100000|  0%| F|  |TAMS 0x0000000089000000, 0x0000000089000000| Untracked 
| 117|0x0000000089100000, 0x0000000089100000, 0x0000000089200000|  0%| F|  |TAMS 0x0000000089100000, 0x0000000089100000| Untracked 
| 118|0x0000000089200000, 0x0000000089200000, 0x0000000089300000|  0%| F|  |TAMS 0x0000000089200000, 0x0000000089200000| Untracked 
| 119|0x0000000089300000, 0x0000000089300000, 0x0000000089400000|  0%| F|  |TAMS 0x0000000089300000, 0x0000000089300000| Untracked 
| 120|0x0000000089400000, 0x0000000089400000, 0x0000000089500000|  0%| F|  |TAMS 0x0000000089400000, 0x0000000089400000| Untracked 
| 121|0x0000000089500000, 0x0000000089600000, 0x0000000089600000|100%| E|  |TAMS 0x0000000089500000, 0x0000000089500000| Complete 
| 122|0x0000000089600000, 0x0000000089700000, 0x0000000089700000|100%| E|CS|TAMS 0x0000000089600000, 0x0000000089600000| Complete 
| 123|0x0000000089700000, 0x0000000089800000, 0x0000000089800000|100%| E|CS|TAMS 0x0000000089700000, 0x0000000089700000| Complete 
| 124|0x0000000089800000, 0x0000000089900000, 0x0000000089900000|100%| E|CS|TAMS 0x0000000089800000, 0x0000000089800000| Complete 
| 125|0x0000000089900000, 0x0000000089a00000, 0x0000000089a00000|100%| E|CS|TAMS 0x0000000089900000, 0x0000000089900000| Complete 
| 126|0x0000000089a00000, 0x0000000089b00000, 0x0000000089b00000|100%| E|CS|TAMS 0x0000000089a00000, 0x0000000089a00000| Complete 
| 127|0x0000000089b00000, 0x0000000089c00000, 0x0000000089c00000|100%| E|CS|TAMS 0x0000000089b00000, 0x0000000089b00000| Complete 

Card table byte_map: [0x00000213fc8b0000,0x00000213fccb0000] _byte_map_base: 0x00000213fc4a2000

Marking Bits (Prev, Next): (CMBitMap*) 0x00000213fa6193d0, (CMBitMap*) 0x00000213fa619410
 Prev Bits: [0x00000213fd0b0000, 0x00000213ff040000)
 Next Bits: [0x00000213967b0000, 0x0000021398740000)

Polling page: 0x00000213fa6a0000

Metaspace:

Usage:
  Non-class:      5.78 MB used.
      Class:    774.67 KB used.
       Both:      6.54 MB used.

Virtual space:
  Non-class space:        8.00 MB reserved,       5.81 MB ( 73%) committed,  1 nodes.
      Class space:        1.00 GB reserved,     832.00 KB ( <1%) committed,  1 nodes.
             Both:        1.01 GB reserved,       6.62 MB ( <1%) committed. 

Chunk freelists:
   Non-Class:  13.00 KB
       Class:  3.13 MB
        Both:  3.14 MB

MaxMetaspaceSize: unlimited
CompressedClassSpaceSize: 1.00 GB
Initial GC threshold: 21.00 MB
Current GC threshold: 21.00 MB
CDS: on
MetaspaceReclaimPolicy: balanced
 - commit_granule_bytes: 65536.
 - commit_granule_words: 8192.
 - virtual_space_node_default_size: 1048576.
 - enlarge_chunks_in_place: 1.
 - new_chunks_are_fully_committed: 0.
 - uncommit_free_chunks: 1.
 - use_allocation_guard: 0.
 - handle_deallocations: 1.


Internal statistics:

num_allocs_failed_limit: 0.
num_arena_births: 24.
num_arena_deaths: 0.
num_vsnodes_births: 2.
num_vsnodes_deaths: 0.
num_space_committed: 106.
num_space_uncommitted: 0.
num_chunks_returned_to_freelist: 0.
num_chunks_taken_from_freelist: 227.
num_chunk_merges: 0.
num_chunk_splits: 166.
num_chunks_enlarged: 139.
num_purges: 0.
num_inconsistent_stats: 0.

CodeHeap 'non-profiled nmethods': size=120000Kb used=514Kb max_used=514Kb free=119485Kb
 bounds [0x000002138f280000, 0x000002138f4f0000, 0x00000213967b0000]
CodeHeap 'profiled nmethods': size=120000Kb used=2523Kb max_used=2523Kb free=117477Kb
 bounds [0x00000213877b0000, 0x0000021387a30000, 0x000002138ece0000]
CodeHeap 'non-nmethods': size=5760Kb used=1148Kb max_used=1188Kb free=4611Kb
 bounds [0x000002138ece0000, 0x000002138ef50000, 0x000002138f280000]
 total_blobs=1741 nmethods=1304 adapters=350
 compilation: enabled
              stopped_count=0, restarted_count=0
 full_count=0

Compilation events (20 events):
Event: 1.651 Thread 0x00000213ff64c930 1280       3       jdk.internal.org.objectweb.asm.MethodWriter::visitTryCatchBlock (67 bytes)
Event: 1.652 Thread 0x00000213ff64c930 nmethod 1280 0x0000021387a14010 code [0x0000021387a14200, 0x0000021387a148a8]
Event: 1.652 Thread 0x00000213ff64c930 1281       3       jdk.internal.org.objectweb.asm.Handler::<init> (32 bytes)
Event: 1.652 Thread 0x00000213ff64c930 nmethod 1281 0x0000021387a14b10 code [0x0000021387a14cc0, 0x0000021387a14f98]
Event: 1.654 Thread 0x00000213ff64c930 1282       3       com.google.inject.TypeLiteral::getSupertype (35 bytes)
Event: 1.654 Thread 0x00000213ff64c930 nmethod 1282 0x0000021387a15090 code [0x0000021387a15280, 0x0000021387a15608]
Event: 1.654 Thread 0x00000213ff64c930 1284       3       java.lang.Class::copyFields (36 bytes)
Event: 1.656 Thread 0x00000213ff64c930 nmethod 1284 0x0000021387a15790 code [0x0000021387a159e0, 0x0000021387a16488]
Event: 1.656 Thread 0x00000213ff64c930 1283       3       java.lang.Class::getDeclaredFields (27 bytes)
Event: 1.656 Thread 0x00000213ff64c930 nmethod 1283 0x0000021387a16910 code [0x0000021387a16b00, 0x0000021387a16e18]
Event: 1.658 Thread 0x00000213ff64c930 1285       3       com.google.inject.spi.InjectionPoint::getDeclaredFields (17 bytes)
Event: 1.658 Thread 0x00000213ff64c930 nmethod 1285 0x0000021387a16f90 code [0x0000021387a17140, 0x0000021387a172b8]
Event: 1.658 Thread 0x00000213ff64c930 1286       3       com.google.inject.spi.InjectionPoint::getDeclaredMethods (17 bytes)
Event: 1.658 Thread 0x00000213ff64c930 nmethod 1286 0x0000021387a17410 code [0x0000021387a175c0, 0x0000021387a17738]
Event: 1.658 Thread 0x00000213ff64c930 1287       3       java.util.concurrent.atomic.AtomicReferenceArray::length (6 bytes)
Event: 1.658 Thread 0x00000213ff64c930 nmethod 1287 0x0000021387a17890 code [0x0000021387a17a20, 0x0000021387a17b38]
Event: 1.659 Thread 0x00000213ff64c930 1288       3       java.lang.StringBuilder::<init> (6 bytes)
Event: 1.659 Thread 0x00000213ff64c930 nmethod 1288 0x0000021387a17c10 code [0x0000021387a17da0, 0x0000021387a17ee8]
Event: 1.659 Thread 0x00000213ff64c930 1289       3       java.lang.AbstractStringBuilder::<init> (63 bytes)
Event: 1.660 Thread 0x00000213ff64c930 nmethod 1289 0x0000021387a17f90 code [0x0000021387a18180, 0x0000021387a18718]

GC Heap History (4 events):
Event: 0.977 GC heap before
{Heap before GC invocations=0 (full 0):
 garbage-first heap   total 131072K, used 13312K [0x0000000081c00000, 0x0000000100000000)
  region size 1024K, 13 young (13312K), 0 survivors (0K)
 Metaspace       used 3680K, committed 3840K, reserved 1056768K
  class space    used 396K, committed 448K, reserved 1048576K
}
Event: 0.982 GC heap after
{Heap after GC invocations=1 (full 0):
 garbage-first heap   total 131072K, used 2745K [0x0000000081c00000, 0x0000000100000000)
  region size 1024K, 2 young (2048K), 2 survivors (2048K)
 Metaspace       used 3680K, committed 3840K, reserved 1056768K
  class space    used 396K, committed 448K, reserved 1048576K
}
Event: 1.507 GC heap before
{Heap before GC invocations=1 (full 0):
 garbage-first heap   total 131072K, used 18105K [0x0000000081c00000, 0x0000000100000000)
  region size 1024K, 17 young (17408K), 2 survivors (2048K)
 Metaspace       used 5650K, committed 5760K, reserved 1056768K
  class space    used 656K, committed 704K, reserved 1048576K
}
Event: 1.511 GC heap after
{Heap after GC invocations=2 (full 0):
 garbage-first heap   total 131072K, used 3717K [0x0000000081c00000, 0x0000000100000000)
  region size 1024K, 1 young (1024K), 1 survivors (1024K)
 Metaspace       used 5650K, committed 5760K, reserved 1056768K
  class space    used 656K, committed 704K, reserved 1048576K
}

Deoptimization events (20 events):
Event: 1.494 Thread 0x00000213fa5c1210 Uncommon trap: trap_request=0xffffffde fr.pc=0x000002138f2f4648 relative=0x0000000000000128
Event: 1.494 Thread 0x00000213fa5c1210 Uncommon trap: reason=class_check action=maybe_recompile pc=0x000002138f2f4648 method=jdk.internal.misc.Unsafe.allocateUninitializedArray(Ljava/lang/Class;I)Ljava/lang/Object; @ 51 c2
Event: 1.494 Thread 0x00000213fa5c1210 DEOPT PACKING pc=0x000002138f2f4648 sp=0x00000031d97fb6d0
Event: 1.494 Thread 0x00000213fa5c1210 DEOPT UNPACKING pc=0x000002138ed323a3 sp=0x00000031d97fb658 mode 2
Event: 1.502 Thread 0x00000213fa5c1210 Uncommon trap: trap_request=0xffffff45 fr.pc=0x000002138f2f3264 relative=0x00000000000004c4
Event: 1.502 Thread 0x00000213fa5c1210 Uncommon trap: reason=unstable_if action=reinterpret pc=0x000002138f2f3264 method=java.lang.String.<init>([CIILjava/lang/Void;)V @ 5 c2
Event: 1.503 Thread 0x00000213fa5c1210 DEOPT PACKING pc=0x000002138f2f3264 sp=0x00000031d97fd730
Event: 1.503 Thread 0x00000213fa5c1210 DEOPT UNPACKING pc=0x000002138ed323a3 sp=0x00000031d97fd5c8 mode 2
Event: 1.513 Thread 0x00000213fa5c1210 DEOPT PACKING pc=0x00000213877efb2c sp=0x00000031d97fb080
Event: 1.513 Thread 0x00000213fa5c1210 DEOPT UNPACKING pc=0x000002138ed32b43 sp=0x00000031d97fa530 mode 0
Event: 1.585 Thread 0x00000213fa5c1210 DEOPT PACKING pc=0x00000213879a37b4 sp=0x00000031d97fd8c0
Event: 1.585 Thread 0x00000213fa5c1210 DEOPT UNPACKING pc=0x000002138ed32b43 sp=0x00000031d97fcd30 mode 0
Event: 1.616 Thread 0x00000213fa5c1210 Uncommon trap: trap_request=0xffffffc6 fr.pc=0x000002138f2f77e8 relative=0x00000000000002a8
Event: 1.616 Thread 0x00000213fa5c1210 Uncommon trap: reason=bimorphic_or_optimized_type_check action=maybe_recompile pc=0x000002138f2f77e8 method=java.util.HashMap.getNode(Ljava/lang/Object;)Ljava/util/HashMap$Node; @ 128 c2
Event: 1.616 Thread 0x00000213fa5c1210 DEOPT PACKING pc=0x000002138f2f77e8 sp=0x00000031d97fdd30
Event: 1.616 Thread 0x00000213fa5c1210 DEOPT UNPACKING pc=0x000002138ed323a3 sp=0x00000031d97fdc98 mode 2
Event: 1.616 Thread 0x00000213fa5c1210 Uncommon trap: trap_request=0xffffffde fr.pc=0x000002138f2fcf70 relative=0x00000000000009f0
Event: 1.616 Thread 0x00000213fa5c1210 Uncommon trap: reason=class_check action=maybe_recompile pc=0x000002138f2fcf70 method=java.util.HashMap.putVal(ILjava/lang/Object;Ljava/lang/Object;ZZ)Ljava/lang/Object; @ 203 c2
Event: 1.616 Thread 0x00000213fa5c1210 DEOPT PACKING pc=0x000002138f2fcf70 sp=0x00000031d97fdc70
Event: 1.616 Thread 0x00000213fa5c1210 DEOPT UNPACKING pc=0x000002138ed323a3 sp=0x00000031d97fdc10 mode 2

Classes unloaded (0 events):
No events

Classes redefined (0 events):
No events

Internal exceptions (13 events):
Event: 0.303 Thread 0x00000213fa5c1210 Exception <a 'java/lang/NullPointerException'{0x0000000089848a88}> (0x0000000089848a88) 
thrown [s\open\src\hotspot\share\interpreter\linkResolver.cpp, line 1350]
Event: 0.350 Thread 0x00000213fa5c1210 Exception <a 'java/lang/NullPointerException'{0x000000008988d948}> (0x000000008988d948) 
thrown [s\open\src\hotspot\share\interpreter\linkResolver.cpp, line 1350]
Event: 0.350 Thread 0x00000213fa5c1210 Exception <a 'java/lang/NullPointerException'{0x000000008988dc20}> (0x000000008988dc20) 
thrown [s\open\src\hotspot\share\interpreter\linkResolver.cpp, line 1350]
Event: 0.350 Thread 0x00000213fa5c1210 Exception <a 'java/lang/NullPointerException'{0x000000008988def8}> (0x000000008988def8) 
thrown [s\open\src\hotspot\share\interpreter\linkResolver.cpp, line 1350]
Event: 0.352 Thread 0x00000213fa5c1210 Exception <a 'java/lang/NullPointerException'{0x0000000089893c98}> (0x0000000089893c98) 
thrown [s\open\src\hotspot\share\interpreter\linkResolver.cpp, line 1350]
Event: 0.356 Thread 0x00000213fa5c1210 Exception <a 'java/lang/NullPointerException'{0x00000000898a9a80}> (0x00000000898a9a80) 
thrown [s\open\src\hotspot\share\interpreter\linkResolver.cpp, line 1350]
Event: 0.356 Thread 0x00000213fa5c1210 Exception <a 'java/lang/NullPointerException'{0x00000000898a9d58}> (0x00000000898a9d58) 
thrown [s\open\src\hotspot\share\interpreter\linkResolver.cpp, line 1350]
Event: 0.356 Thread 0x00000213fa5c1210 Exception <a 'java/lang/NullPointerException'{0x00000000898aa030}> (0x00000000898aa030) 
thrown [s\open\src\hotspot\share\interpreter\linkResolver.cpp, line 1350]
Event: 0.356 Thread 0x00000213fa5c1210 Exception <a 'java/lang/NullPointerException'{0x00000000898aa308}> (0x00000000898aa308) 
thrown [s\open\src\hotspot\share\interpreter\linkResolver.cpp, line 1350]
Event: 0.479 Thread 0x00000213fa5c1210 Exception <a 'java/lang/NullPointerException'{0x00000000897ee300}> (0x00000000897ee300) 
thrown [s\open\src\hotspot\share\interpreter\linkResolver.cpp, line 1350]
Event: 0.479 Thread 0x00000213fa5c1210 Exception <a 'java/lang/NullPointerException'{0x00000000897f68c8}> (0x00000000897f68c8) 
thrown [s\open\src\hotspot\share\interpreter\linkResolver.cpp, line 1350]
Event: 1.038 Thread 0x00000213fa5c1210 Exception <a 'java/lang/NoSuchMethodError'{0x0000000089be3840}: 'java.lang.Object java.lang.invoke.DirectMethodHandle$Holder.newInvokeSpecial(java.lang.Object, java.lang.Object, java.lang.Object, java.lang.Object, java.lang.Object)'> (0x0000000089be3840) 
thrown [s\open\src\hotspot\share\interpreter\linkResolver.cpp, line 759]
Event: 1.142 Thread 0x00000213fa5c1210 Exception <a 'java/lang/NoClassDefFoundError'{0x000000008994f8a0}: javax/enterprise/inject/Typed> (0x000000008994f8a0) 
thrown [s\open\src\hotspot\share\classfile\systemDictionary.cpp, line 245]

VM Operations (14 events):
Event: 0.133 Executing VM operation: HandshakeAllThreads
Event: 0.133 Executing VM operation: HandshakeAllThreads done
Event: 0.302 Executing VM operation: HandshakeAllThreads
Event: 0.302 Executing VM operation: HandshakeAllThreads done
Event: 0.316 Executing VM operation: HandshakeAllThreads
Event: 0.316 Executing VM operation: HandshakeAllThreads done
Event: 0.539 Executing VM operation: HandshakeAllThreads
Event: 0.539 Executing VM operation: HandshakeAllThreads done
Event: 0.977 Executing VM operation: G1CollectForAllocation
Event: 0.982 Executing VM operation: G1CollectForAllocation done
Event: 1.506 Executing VM operation: G1CollectForAllocation
Event: 1.511 Executing VM operation: G1CollectForAllocation done
Event: 1.632 Executing VM operation: HandshakeAllThreads
Event: 1.632 Executing VM operation: HandshakeAllThreads done

Events (20 events):
Event: 1.436 loading class jdk/internal/reflect/ByteVector done
Event: 1.436 loading class jdk/internal/reflect/ByteVectorImpl done
Event: 1.436 loading class jdk/internal/reflect/ClassFileAssembler
Event: 1.436 loading class jdk/internal/reflect/ClassFileAssembler done
Event: 1.436 loading class jdk/internal/reflect/UTF8
Event: 1.436 loading class jdk/internal/reflect/UTF8 done
Event: 1.437 loading class jdk/internal/reflect/Label
Event: 1.438 loading class jdk/internal/reflect/Label done
Event: 1.438 loading class jdk/internal/reflect/Label$PatchInfo
Event: 1.438 loading class jdk/internal/reflect/Label$PatchInfo done
Event: 1.438 loading class jdk/internal/reflect/MethodAccessorGenerator$1
Event: 1.438 loading class jdk/internal/reflect/MethodAccessorGenerator$1 done
Event: 1.438 loading class jdk/internal/reflect/ClassDefiner
Event: 1.438 loading class jdk/internal/reflect/ClassDefiner done
Event: 1.438 loading class jdk/internal/reflect/ClassDefiner$1
Event: 1.438 loading class jdk/internal/reflect/ClassDefiner$1 done
Event: 1.439 loading class jdk/internal/reflect/BootstrapConstructorAccessorImpl
Event: 1.439 loading class jdk/internal/reflect/BootstrapConstructorAccessorImpl done
Event: 1.636 loading class java/lang/Deprecated
Event: 1.636 loading class java/lang/Deprecated done


Dynamic libraries:
0x00007ff760b20000 - 0x00007ff760b30000 	C:\Program Files\Java\jdk-17\bin\javaw.exe
0x00007ffd9f6f0000 - 0x00007ffd9f8e8000 	C:\WINDOWS\SYSTEM32\ntdll.dll
0x00007ffd9ed10000 - 0x00007ffd9edcd000 	C:\WINDOWS\System32\KERNEL32.DLL
0x00007ffd9cdd0000 - 0x00007ffd9d0c6000 	C:\WINDOWS\System32\KERNELBASE.dll
0x00007ffd9d160000 - 0x00007ffd9d260000 	C:\WINDOWS\System32\ucrtbase.dll
0x00007ffd81800000 - 0x00007ffd81818000 	C:\Program Files\Java\jdk-17\bin\jli.dll
0x00007ffd9efe0000 - 0x00007ffd9f08f000 	C:\WINDOWS\System32\ADVAPI32.dll
0x00007ffd9d750000 - 0x00007ffd9d7ee000 	C:\WINDOWS\System32\msvcrt.dll
0x00007ffd9f5f0000 - 0x00007ffd9f68c000 	C:\WINDOWS\System32\sechost.dll
0x00007ffd9dfc0000 - 0x00007ffd9e0e6000 	C:\WINDOWS\System32\RPCRT4.dll
0x00007ffd9d820000 - 0x00007ffd9d9be000 	C:\WINDOWS\System32\USER32.dll
0x00007ffd9d3b0000 - 0x00007ffd9d3d2000 	C:\WINDOWS\System32\win32u.dll
0x00007ffd9d7f0000 - 0x00007ffd9d81c000 	C:\WINDOWS\System32\GDI32.dll
0x00007ffd9d540000 - 0x00007ffd9d65a000 	C:\WINDOWS\System32\gdi32full.dll
0x00007ffd9d6b0000 - 0x00007ffd9d74d000 	C:\WINDOWS\System32\msvcp_win.dll
0x00007ffd82ed0000 - 0x00007ffd8316a000 	C:\WINDOWS\WinSxS\amd64_microsoft.windows.common-controls_6595b64144ccf1df_6.0.19041.3636_none_60b6a03d71f818d5\COMCTL32.dll
0x00007ffd81620000 - 0x00007ffd8163b000 	C:\Program Files\Java\jdk-17\bin\VCRUNTIME140.dll
0x00007ffd94ed0000 - 0x00007ffd94eda000 	C:\WINDOWS\SYSTEM32\VERSION.dll
0x00007ffd9eaf0000 - 0x00007ffd9eb20000 	C:\WINDOWS\System32\IMM32.DLL
0x00007ffd94ef0000 - 0x00007ffd94efc000 	C:\Program Files\Java\jdk-17\bin\vcruntime140_1.dll
0x00007ffd68e20000 - 0x00007ffd68eae000 	C:\Program Files\Java\jdk-17\bin\msvcp140.dll
0x00007ffd61540000 - 0x00007ffd62117000 	C:\Program Files\Java\jdk-17\bin\server\jvm.dll
0x00007ffd9f090000 - 0x00007ffd9f098000 	C:\WINDOWS\System32\PSAPI.DLL
0x00007ffd895e0000 - 0x00007ffd895e9000 	C:\WINDOWS\SYSTEM32\WSOCK32.dll
0x00007ffd9eb80000 - 0x00007ffd9ebeb000 	C:\WINDOWS\System32\WS2_32.dll
0x00007ffd89a90000 - 0x00007ffd89ab7000 	C:\WINDOWS\SYSTEM32\WINMM.dll
0x00007ffd9b620000 - 0x00007ffd9b632000 	C:\WINDOWS\SYSTEM32\kernel.appcore.dll
0x00007ffd94780000 - 0x00007ffd9478a000 	C:\Program Files\Java\jdk-17\bin\jimage.dll
0x00007ffd9b350000 - 0x00007ffd9b534000 	C:\WINDOWS\SYSTEM32\DBGHELP.DLL
0x00007ffd953b0000 - 0x00007ffd953e4000 	C:\WINDOWS\SYSTEM32\dbgcore.DLL
0x00007ffd9d0d0000 - 0x00007ffd9d152000 	C:\WINDOWS\System32\bcryptPrimitives.dll
0x00007ffd89740000 - 0x00007ffd89765000 	C:\Program Files\Java\jdk-17\bin\java.dll
0x00007ffd7b730000 - 0x00007ffd7b807000 	C:\Program Files\Java\jdk-17\bin\jsvml.dll
0x00007ffd9e3a0000 - 0x00007ffd9eae4000 	C:\WINDOWS\System32\SHELL32.dll
0x00007ffd9aae0000 - 0x00007ffd9b27b000 	C:\WINDOWS\SYSTEM32\windows.storage.dll
0x00007ffd9db90000 - 0x00007ffd9dee4000 	C:\WINDOWS\System32\combase.dll
0x00007ffd9c7a0000 - 0x00007ffd9c7cd000 	C:\WINDOWS\SYSTEM32\Wldp.dll
0x00007ffd9ebf0000 - 0x00007ffd9ec9d000 	C:\WINDOWS\System32\SHCORE.dll
0x00007ffd9eca0000 - 0x00007ffd9ecf5000 	C:\WINDOWS\System32\shlwapi.dll
0x00007ffd9cd00000 - 0x00007ffd9cd25000 	C:\WINDOWS\SYSTEM32\profapi.dll
0x00007ffd93730000 - 0x00007ffd93749000 	C:\Program Files\Java\jdk-17\bin\net.dll
0x00007ffd941e0000 - 0x00007ffd942ea000 	C:\WINDOWS\SYSTEM32\WINHTTP.dll
0x00007ffd9c4a0000 - 0x00007ffd9c50a000 	C:\WINDOWS\system32\mswsock.dll
0x00007ffd934c0000 - 0x00007ffd934d6000 	C:\Program Files\Java\jdk-17\bin\nio.dll
0x00007ffd89570000 - 0x00007ffd89588000 	C:\Program Files\Java\jdk-17\bin\zip.dll
0x0000000069ac0000 - 0x0000000069ae4000 	C:\Users\Shatabdi\AppData\Local\Temp\jansi-2.4.0-197fd51c5c520e4c-jansi.dll
0x00007ffd94760000 - 0x00007ffd94770000 	C:\Program Files\Java\jdk-17\bin\verify.dll

dbghelp: loaded successfully - version: 4.0.5 - missing functions: none
symbol engine: initialized successfully - sym options: 0x614 - pdb path: .;C:\Program Files\Java\jdk-17\bin;C:\WINDOWS\SYSTEM32;C:\WINDOWS\WinSxS\amd64_microsoft.windows.common-controls_6595b64144ccf1df_6.0.19041.3636_none_60b6a03d71f818d5;C:\Program Files\Java\jdk-17\bin\server;C:\Users\Shatabdi\AppData\Local\Temp

VM Arguments:
jvm_args: -Dmaven.home=EMBEDDED -Dclassworlds.conf=G:\Java\.metadata\.plugins\org.eclipse.m2e.launching\launches\m2conf14856271664068746749.tmp -Dmaven.multiModuleProjectDirectory=C:\Users\Shatabdi\Downloads\kirana-register -Dfile.encoding=Cp1252 -XX:+ShowCodeDetailsInExceptionMessages 
java_command: org.codehaus.plexus.classworlds.launcher.Launcher -B clean install package
java_class_path (initial): C:\Users\Shatabdi\.p2\pool\plugins\org.eclipse.m2e.maven.runtime_1.18.3.20220227-1319\jars\plexus-classworlds-2.6.0.jar
Launcher Type: SUN_STANDARD

[Global flags]
     intx CICompilerCount                          = 3                                         {product} {ergonomic}
     uint ConcGCThreads                            = 1                                         {product} {ergonomic}
     uint G1ConcRefinementThreads                  = 4                                         {product} {ergonomic}
   size_t G1HeapRegionSize                         = 1048576                                   {product} {ergonomic}
    uintx GCDrainStackTargetSize                   = 64                                        {product} {ergonomic}
   size_t InitialHeapSize                          = 134217728                                 {product} {ergonomic}
   size_t MarkStackSize                            = 4194304                                   {product} {ergonomic}
   size_t MaxHeapSize                              = 2118123520                                {product} {ergonomic}
   size_t MaxNewSize                               = 1270874112                                {product} {ergonomic}
   size_t MinHeapDeltaBytes                        = 1048576                                   {product} {ergonomic}
   size_t MinHeapSize                              = 8388608                                   {product} {ergonomic}
    uintx NonNMethodCodeHeapSize                   = 5832780                                {pd product} {ergonomic}
    uintx NonProfiledCodeHeapSize                  = 122912730                              {pd product} {ergonomic}
    uintx ProfiledCodeHeapSize                     = 122912730                              {pd product} {ergonomic}
    uintx ReservedCodeCacheSize                    = 251658240                              {pd product} {ergonomic}
     bool SegmentedCodeCache                       = true                                      {product} {ergonomic}
     bool ShowCodeDetailsInExceptionMessages       = true                                   {manageable} {command line}
   size_t SoftMaxHeapSize                          = 2118123520                             {manageable} {ergonomic}
     bool UseCompressedClassPointers               = true                           {product lp64_product} {ergonomic}
     bool UseCompressedOops                        = true                           {product lp64_product} {ergonomic}
     bool UseG1GC                                  = true                                      {product} {ergonomic}
     bool UseLargePagesIndividualAllocation        = false                                  {pd product} {ergonomic}

Logging:
Log output configuration:
 #0: stdout all=warning uptime,level,tags
 #1: stderr all=off uptime,level,tags

Environment Variables:
JAVA_HOME=C:\Program Files\Java\jdk-17
CLASSPATH=E:\test\mypack.jar;.;
PATH=C:/Program Files/Java/jdk-17/bin/server;C:/Program Files/Java/jdk-17/bin;C:\Program Files\Common Files\Oracle\Java\javapath;C:\Python311\Scripts\;C:\Python311\;C:\Program Files\Java\jdk-17\bin;C:\Program Files\Intel\Intel(R) Management Engine Components\iCLS\;C:\WINDOWS\system32;C:\WINDOWS;C:\WINDOWS\System32\Wbem;C:\WINDOWS\System32\WindowsPowerShell\v1.0\;C:\Program Files (x86)\Intel\Intel(R) Management Engine Components\DAL;C:\Program Files\Intel\Intel(R) Management Engine Components\DAL;C:\Program Files (x86)\Intel\Intel(R) Management Engine Components\IPT;C:\Program Files\Intel\Intel(R) Management Engine Components\IPT;C:\WINDOWS\System32\OpenSSH\;C:\Program Files\nodejs\;C:\ProgramData\chocolatey\bin;C:\Program Files\apache-maven-3.8.7\bin;C:\Program Files\Git\cmd;C:\Users\Shatabdi\AppData\Local\Android\cmdline-tools\tools;C:\Users\Shatabdi\AppData\Local\Android\cmdline-tools\tools\bin;C:\Users\Shatabdi\AppData\Local\Android\platform-tools;C:\Program Files\TortoiseGit\bin;C:\HashiCorp\Vagrant\bin;C:\Program Files\MongoDB\Server\6.0\bin;C:\mongosh\bin;C:\Program Files\MySQL\MySQL Shell 8.0\bin\;C:\Users\Shatabdi\AppData\Local\Programs\Python\Python39\Scripts\;C:\Users\Shatabdi\AppData\Local\Programs\Python\Python39\;C:\Users\Shatabdi\AppData\Local\Microsoft\WindowsApps;C:\Program Files\Java\jdk-17\bin;C:\Users\Shatabdi\AppData\Roaming\npm;;C:\Users\Shatabdi\AppData\Local\Programs\Microsoft VS Code\bin;C:\WINDOWS\system32;
USERNAME=Shatabdi
OS=Windows_NT
PROCESSOR_IDENTIFIER=Intel64 Family 6 Model 142 Stepping 9, GenuineIntel



---------------  S Y S T E M  ---------------

OS:
 Windows 10 , 64 bit Build 19041 (10.0.19041.3636)
OS uptime: 32 days 0:55 hours

CPU: total 4 (initial active 4) (2 cores per cpu, 2 threads per core) family 6 model 142 stepping 9 microcode 0xb4, cx8, cmov, fxsr, ht, mmx, 3dnowpref, sse, sse2, sse3, ssse3, sse4.1, sse4.2, popcnt, lzcnt, tsc, tscinvbit, avx, avx2, aes, erms, clmul, bmi1, bmi2, adx, fma, vzeroupper, clflush, clflushopt

Memory: 4k page, system-wide physical 8074M (720M free)
TotalPageFile size 10122M (AvailPageFile size 4M)
current process WorkingSet (physical memory assigned to process): 76M, peak: 76M
current process commit charge ("private bytes"): 223M, peak: 223M

vm_info: Java HotSpot(TM) 64-Bit Server VM (17.0.6+9-LTS-190) for windows-amd64 JRE (17.0.6+9-LTS-190), built on Dec  6 2022 15:53:54 by "mach5one" with MS VC++ 17.1 (VS2022)

END.
