#
# There is insufficient memory for the Java Runtime Environment to continue.
# Native memory allocation (malloc) failed to allocate 2583872 bytes for Chunk::new
# Possible reasons:
#   The system is out of physical RAM or swap space
#   The process is running with CompressedOops enabled, and the Java Heap may be blocking the growth of the native heap
# Possible solutions:
#   Reduce memory load on the system
#   Increase physical memory or swap space
#   Check if swap backing store is full
#   Decrease Java heap size (-Xmx/-Xms)
#   Decrease number of Java threads
#   Decrease Java thread stack sizes (-Xss)
#   Set larger code cache with -XX:ReservedCodeCacheSize=
#   JVM is running with Unscaled Compressed Oops mode in which the Java heap is
#     placed in the first 4GB address space. The Java Heap base address is the
#     maximum limit for the native heap growth. Please use -XX:HeapBaseMinAddress
#     to set the Java Heap base and to place the Java Heap above 4GB virtual address.
# This output file may be truncated or incomplete.
#
#  Out of Memory Error (arena.cpp:189), pid=7328, tid=6444
#
# JRE version: Java(TM) SE Runtime Environment (17.0.6+9) (build 17.0.6+9-LTS-190)
# Java VM: Java HotSpot(TM) 64-Bit Server VM (17.0.6+9-LTS-190, mixed mode, sharing, tiered, compressed oops, compressed class ptrs, g1 gc, windows-amd64)
# No core dump will be written. Minidumps are not enabled by default on client versions of Windows
#

---------------  S U M M A R Y ------------

Command Line: C:\Users\Shatabdi\AppData\Local\Temp\surefire11584896987034783745\surefirebooter-20231228021726906_3.jar C:\Users\Shatabdi\AppData\Local\Temp\surefire11584896987034783745 2023-12-28T02-17-26_631-jvmRun1 surefire-20231228021726906_1tmp surefire_0-20231228021726906_2tmp

Host: Intel(R) Core(TM) i3-7020U CPU @ 2.30GHz, 4 cores, 7G,  Windows 10 , 64 bit Build 19041 (10.0.19041.3636)
Time: Thu Dec 28 02:17:37 2023 India Standard Time elapsed time: 10.275285 seconds (0d 0h 0m 10s)

---------------  T H R E A D  ---------------

Current thread (0x00000140005311c0):  JavaThread "C2 CompilerThread1" daemon [_thread_in_native, id=6444, stack(0x0000002139500000,0x0000002139600000)]


Current CompileTask:
C2:  10275 4979   !   4       org.springframework.core.annotation.AnnotationsScanner::processMethodHierarchy (276 bytes)

Stack: [0x0000002139500000,0x0000002139600000]
Native frames: (J=compiled Java code, j=interpreted, Vv=VM code, C=native code)
V  [jvm.dll+0x6734ea]
V  [jvm.dll+0x7d18f4]
V  [jvm.dll+0x7d309e]
V  [jvm.dll+0x7d3703]
V  [jvm.dll+0x2433c5]
V  [jvm.dll+0xaa46b]
V  [jvm.dll+0xaaa0c]
V  [jvm.dll+0x35eb2e]
V  [jvm.dll+0x1b986a]
V  [jvm.dll+0x215f37]
V  [jvm.dll+0x215211]
V  [jvm.dll+0x1a1730]
V  [jvm.dll+0x224b6e]
V  [jvm.dll+0x222f15]
V  [jvm.dll+0x78753c]
V  [jvm.dll+0x781a7a]
V  [jvm.dll+0x672375]
C  [ucrtbase.dll+0x21bb2]
C  [KERNEL32.DLL+0x17344]
C  [ntdll.dll+0x526b1]


---------------  P R O C E S S  ---------------

Threads class SMR info:
_java_thread_list=0x0000014003ef5110, length=18, elements={
0x000001405f5ede50, 0x000001407ed93870, 0x000001407ed942f0, 0x000001407eda7580,
0x000001407edaac60, 0x000001407edab220, 0x000001407edaf7f0, 0x000001407edb3690,
0x000001407edb4ca0, 0x000001407edbf6c0, 0x000001407f8a7330, 0x000001407f8aeae0,
0x0000014000265d70, 0x000001407fa47590, 0x00000140005311c0, 0x000001400101d3c0,
0x000001400101d890, 0x000001400101f570
}

Java Threads: ( => current thread )
  0x000001405f5ede50 JavaThread "main" [_thread_in_vm, id=11552, stack(0x0000002137c00000,0x0000002137d00000)]
  0x000001407ed93870 JavaThread "Reference Handler" daemon [_thread_blocked, id=3236, stack(0x0000002138300000,0x0000002138400000)]
  0x000001407ed942f0 JavaThread "Finalizer" daemon [_thread_blocked, id=9740, stack(0x0000002138400000,0x0000002138500000)]
  0x000001407eda7580 JavaThread "Signal Dispatcher" daemon [_thread_blocked, id=13740, stack(0x0000002138500000,0x0000002138600000)]
  0x000001407edaac60 JavaThread "Attach Listener" daemon [_thread_blocked, id=9168, stack(0x0000002138600000,0x0000002138700000)]
  0x000001407edab220 JavaThread "Service Thread" daemon [_thread_blocked, id=9896, stack(0x0000002138700000,0x0000002138800000)]
  0x000001407edaf7f0 JavaThread "Monitor Deflation Thread" daemon [_thread_blocked, id=4456, stack(0x0000002138800000,0x0000002138900000)]
  0x000001407edb3690 JavaThread "C2 CompilerThread0" daemon [_thread_in_native, id=13340, stack(0x0000002138900000,0x0000002138a00000)]
  0x000001407edb4ca0 JavaThread "C1 CompilerThread0" daemon [_thread_blocked, id=1620, stack(0x0000002138a00000,0x0000002138b00000)]
  0x000001407edbf6c0 JavaThread "Sweeper thread" daemon [_thread_blocked, id=7392, stack(0x0000002138b00000,0x0000002138c00000)]
  0x000001407f8a7330 JavaThread "Notification Thread" daemon [_thread_blocked, id=1992, stack(0x0000002138c00000,0x0000002138d00000)]
  0x000001407f8aeae0 JavaThread "Common-Cleaner" daemon [_thread_blocked, id=9324, stack(0x0000002138e00000,0x0000002138f00000)]
  0x0000014000265d70 JavaThread "surefire-forkedjvm-stream-flusher" daemon [_thread_blocked, id=11440, stack(0x0000002138f00000,0x0000002139000000)]
  0x000001407fa47590 JavaThread "surefire-forkedjvm-command-thread" daemon [_thread_in_native, id=3228, stack(0x0000002139000000,0x0000002139100000)]
=>0x00000140005311c0 JavaThread "C2 CompilerThread1" daemon [_thread_in_native, id=6444, stack(0x0000002139500000,0x0000002139600000)]
  0x000001400101d3c0 JavaThread "mysql-cj-abandoned-connection-cleanup" daemon [_thread_blocked, id=2160, stack(0x0000002139600000,0x0000002139700000)]
  0x000001400101d890 JavaThread "HikariPool-1 housekeeper" daemon [_thread_blocked, id=12968, stack(0x0000002139800000,0x0000002139900000)]
  0x000001400101f570 JavaThread "HikariPool-1 connection adder" daemon [_thread_blocked, id=8408, stack(0x0000002139900000,0x0000002139a00000)]

Other Threads:
  0x000001407ed8e870 VMThread "VM Thread" [stack: 0x0000002138200000,0x0000002138300000] [id=13748]
  0x000001407f8aa840 WatcherThread [stack: 0x0000002138d00000,0x0000002138e00000] [id=10264]
  0x000001405f647f30 GCTaskThread "GC Thread#0" [stack: 0x0000002137d00000,0x0000002137e00000] [id=11624]
  0x00000140002bceb0 GCTaskThread "GC Thread#1" [stack: 0x0000002139100000,0x0000002139200000] [id=8384]
  0x0000014000302220 GCTaskThread "GC Thread#2" [stack: 0x0000002139200000,0x0000002139300000] [id=13368]
  0x00000140002f8ae0 GCTaskThread "GC Thread#3" [stack: 0x0000002139300000,0x0000002139400000] [id=10476]
  0x000001405f658af0 ConcurrentGCThread "G1 Main Marker" [stack: 0x0000002137e00000,0x0000002137f00000] [id=7252]
  0x000001405f65acb0 ConcurrentGCThread "G1 Conc#0" [stack: 0x0000002137f00000,0x0000002138000000] [id=8220]
  0x000001407ec50090 ConcurrentGCThread "G1 Refine#0" [stack: 0x0000002138000000,0x0000002138100000] [id=2968]
  0x00000140003024d0 ConcurrentGCThread "G1 Refine#1" [stack: 0x0000002139400000,0x0000002139500000] [id=14100]
  0x000001407ec506c0 ConcurrentGCThread "G1 Service" [stack: 0x0000002138100000,0x0000002138200000] [id=1768]

Threads with active compile tasks:
C2 CompilerThread0    10321 5044   !   4       org.springframework.core.annotation.AnnotationsScanner::processClassHierarchy (234 bytes)
C2 CompilerThread1    10321 4979   !   4       org.springframework.core.annotation.AnnotationsScanner::processMethodHierarchy (276 bytes)

VM state: not at safepoint (normal execution)

VM Mutex/Monitor currently owned by a thread: None

Heap address: 0x0000000081c00000, size: 2020 MB, Compressed Oops mode: 32-bit

CDS archive(s) mapped at: [0x0000000800000000-0x0000000800bd0000-0x0000000800bd0000), size 12386304, SharedBaseAddress: 0x0000000800000000, ArchiveRelocationMode: 0.
Compressed class space mapped at: 0x0000000800c00000-0x0000000840c00000, reserved size: 1073741824
Narrow klass base: 0x0000000800000000, Narrow klass shift: 0, Narrow klass range: 0x100000000

GC Precious Log:
 CPUs: 4 total, 4 available
 Memory: 8074M
 Large Page Support: Disabled
 NUMA Support: Disabled
 Compressed Oops: Enabled (32-bit)
 Heap Region Size: 1M
 Heap Min Capacity: 8M
 Heap Initial Capacity: 128M
 Heap Max Capacity: 2020M
 Pre-touch: Disabled
 Parallel Workers: 4
 Concurrent Workers: 1
 Concurrent Refinement Workers: 4
 Periodic GC: Disabled

Heap:
 garbage-first heap   total 61440K, used 41216K [0x0000000081c00000, 0x0000000100000000)
  region size 1024K, 20 young (20480K), 4 survivors (4096K)
 Metaspace       used 62084K, committed 62592K, reserved 1105920K
  class space    used 8514K, committed 8768K, reserved 1048576K

Heap Regions: E=young(eden), S=young(survivor), O=old, HS=humongous(starts), HC=humongous(continues), CS=collection set, F=free, OA=open archive, CA=closed archive, TAMS=top-at-mark-start (previous, next)
|   0|0x0000000081c00000, 0x0000000081d00000, 0x0000000081d00000|100%|HS|  |TAMS 0x0000000081d00000, 0x0000000081c00000| Complete 
|   1|0x0000000081d00000, 0x0000000081e00000, 0x0000000081e00000|100%| O|  |TAMS 0x0000000081e00000, 0x0000000081d00000| Untracked 
|   2|0x0000000081e00000, 0x0000000081f00000, 0x0000000081f00000|100%| O|  |TAMS 0x0000000081f00000, 0x0000000081e00000| Untracked 
|   3|0x0000000081f00000, 0x0000000082000000, 0x0000000082000000|100%| O|  |TAMS 0x0000000082000000, 0x0000000081f00000| Untracked 
|   4|0x0000000082000000, 0x0000000082100000, 0x0000000082100000|100%| O|  |TAMS 0x0000000082100000, 0x0000000082000000| Untracked 
|   5|0x0000000082100000, 0x0000000082200000, 0x0000000082200000|100%| O|  |TAMS 0x0000000082200000, 0x0000000082100000| Untracked 
|   6|0x0000000082200000, 0x0000000082300000, 0x0000000082300000|100%| O|  |TAMS 0x0000000082300000, 0x0000000082200000| Untracked 
|   7|0x0000000082300000, 0x00000000823b6400, 0x0000000082400000| 71%| O|  |TAMS 0x00000000823b6400, 0x0000000082300000| Untracked 
|   8|0x0000000082400000, 0x0000000082500000, 0x0000000082500000|100%| O|  |TAMS 0x0000000082500000, 0x0000000082400000| Untracked 
|   9|0x0000000082500000, 0x0000000082600000, 0x0000000082600000|100%| O|  |TAMS 0x0000000082600000, 0x0000000082500000| Untracked 
|  10|0x0000000082600000, 0x0000000082700000, 0x0000000082700000|100%| O|  |TAMS 0x0000000082700000, 0x0000000082600000| Untracked 
|  11|0x0000000082700000, 0x0000000082800000, 0x0000000082800000|100%| O|  |TAMS 0x0000000082800000, 0x0000000082700000| Untracked 
|  12|0x0000000082800000, 0x0000000082900000, 0x0000000082900000|100%| O|  |TAMS 0x0000000082800000, 0x0000000082800000| Untracked 
|  13|0x0000000082900000, 0x0000000082a00000, 0x0000000082a00000|100%| O|  |TAMS 0x0000000082900000, 0x0000000082900000| Untracked 
|  14|0x0000000082a00000, 0x0000000082b00000, 0x0000000082b00000|100%| O|  |TAMS 0x0000000082a00000, 0x0000000082a00000| Untracked 
|  15|0x0000000082b00000, 0x0000000082c00000, 0x0000000082c00000|100%| O|  |TAMS 0x0000000082b00000, 0x0000000082b00000| Untracked 
|  16|0x0000000082c00000, 0x0000000082d00000, 0x0000000082d00000|100%| O|  |TAMS 0x0000000082c00000, 0x0000000082c00000| Untracked 
|  17|0x0000000082d00000, 0x0000000082e00000, 0x0000000082e00000|100%| O|  |TAMS 0x0000000082e00000, 0x0000000082d00000| Untracked 
|  18|0x0000000082e00000, 0x0000000082f00000, 0x0000000082f00000|100%| O|  |TAMS 0x0000000082f00000, 0x0000000082e00000| Untracked 
|  19|0x0000000082f00000, 0x0000000083000000, 0x0000000083000000|100%| O|  |TAMS 0x0000000083000000, 0x0000000082f00000| Untracked 
|  20|0x0000000083000000, 0x0000000083100000, 0x0000000083100000|100%| O|  |TAMS 0x0000000083100000, 0x0000000083000000| Untracked 
|  21|0x0000000083100000, 0x0000000083200000, 0x0000000083200000|100%| O|  |TAMS 0x0000000083200000, 0x0000000083100000| Untracked 
|  22|0x0000000083200000, 0x0000000083211600, 0x0000000083300000|  6%| O|  |TAMS 0x0000000083200000, 0x0000000083200000| Untracked 
|  23|0x0000000083300000, 0x0000000083300000, 0x0000000083400000|  0%| F|  |TAMS 0x0000000083300000, 0x0000000083300000| Untracked 
|  24|0x0000000083400000, 0x0000000083400000, 0x0000000083500000|  0%| F|  |TAMS 0x0000000083400000, 0x0000000083400000| Untracked 
|  25|0x0000000083500000, 0x0000000083500000, 0x0000000083600000|  0%| F|  |TAMS 0x0000000083500000, 0x0000000083500000| Untracked 
|  26|0x0000000083600000, 0x0000000083600000, 0x0000000083700000|  0%| F|  |TAMS 0x0000000083600000, 0x0000000083600000| Untracked 
|  27|0x0000000083700000, 0x0000000083700000, 0x0000000083800000|  0%| F|  |TAMS 0x0000000083700000, 0x0000000083700000| Untracked 
|  28|0x0000000083800000, 0x0000000083800000, 0x0000000083900000|  0%| F|  |TAMS 0x0000000083800000, 0x0000000083800000| Untracked 
|  29|0x0000000083900000, 0x0000000083900000, 0x0000000083a00000|  0%| F|  |TAMS 0x0000000083900000, 0x0000000083900000| Untracked 
|  30|0x0000000083a00000, 0x0000000083a788f0, 0x0000000083b00000| 47%| S|CS|TAMS 0x0000000083a00000, 0x0000000083a00000| Complete 
|  31|0x0000000083b00000, 0x0000000083b00000, 0x0000000083c00000|  0%| F|  |TAMS 0x0000000083b00000, 0x0000000083b00000| Untracked 
|  32|0x0000000083c00000, 0x0000000083c00000, 0x0000000083d00000|  0%| F|  |TAMS 0x0000000083c00000, 0x0000000083c00000| Untracked 
|  33|0x0000000083d00000, 0x0000000083d00000, 0x0000000083e00000|  0%| F|  |TAMS 0x0000000083d00000, 0x0000000083d00000| Untracked 
|  34|0x0000000083e00000, 0x0000000083f00000, 0x0000000083f00000|100%| S|CS|TAMS 0x0000000083e00000, 0x0000000083e00000| Complete 
|  35|0x0000000083f00000, 0x0000000084000000, 0x0000000084000000|100%| S|CS|TAMS 0x0000000083f00000, 0x0000000083f00000| Complete 
|  36|0x0000000084000000, 0x0000000084100000, 0x0000000084100000|100%| S|CS|TAMS 0x0000000084000000, 0x0000000084000000| Complete 
|  37|0x0000000084100000, 0x0000000084100000, 0x0000000084200000|  0%| F|  |TAMS 0x0000000084100000, 0x0000000084100000| Untracked 
|  38|0x0000000084200000, 0x0000000084200000, 0x0000000084300000|  0%| F|  |TAMS 0x0000000084200000, 0x0000000084200000| Untracked 
|  39|0x0000000084300000, 0x0000000084300000, 0x0000000084400000|  0%| F|  |TAMS 0x0000000084300000, 0x0000000084300000| Untracked 
|  40|0x0000000084400000, 0x0000000084400000, 0x0000000084500000|  0%| F|  |TAMS 0x0000000084400000, 0x0000000084400000| Untracked 
|  41|0x0000000084500000, 0x0000000084500000, 0x0000000084600000|  0%| F|  |TAMS 0x0000000084500000, 0x0000000084500000| Untracked 
|  42|0x0000000084600000, 0x0000000084600000, 0x0000000084700000|  0%| F|  |TAMS 0x0000000084600000, 0x0000000084600000| Untracked 
|  43|0x0000000084700000, 0x000000008476cd38, 0x0000000084800000| 42%| E|  |TAMS 0x0000000084700000, 0x0000000084700000| Complete 
|  44|0x0000000084800000, 0x0000000084900000, 0x0000000084900000|100%| E|CS|TAMS 0x0000000084800000, 0x0000000084800000| Complete 
|  45|0x0000000084900000, 0x0000000084a00000, 0x0000000084a00000|100%| E|CS|TAMS 0x0000000084900000, 0x0000000084900000| Complete 
|  46|0x0000000084a00000, 0x0000000084b00000, 0x0000000084b00000|100%| E|CS|TAMS 0x0000000084a00000, 0x0000000084a00000| Complete 
|  47|0x0000000084b00000, 0x0000000084c00000, 0x0000000084c00000|100%| E|CS|TAMS 0x0000000084b00000, 0x0000000084b00000| Complete 
|  48|0x0000000084c00000, 0x0000000084d00000, 0x0000000084d00000|100%| E|CS|TAMS 0x0000000084c00000, 0x0000000084c00000| Complete 
|  49|0x0000000084d00000, 0x0000000084e00000, 0x0000000084e00000|100%| E|CS|TAMS 0x0000000084d00000, 0x0000000084d00000| Complete 
|  50|0x0000000084e00000, 0x0000000084f00000, 0x0000000084f00000|100%| E|CS|TAMS 0x0000000084e00000, 0x0000000084e00000| Complete 
|  51|0x0000000084f00000, 0x0000000085000000, 0x0000000085000000|100%| E|CS|TAMS 0x0000000084f00000, 0x0000000084f00000| Complete 
|  52|0x0000000085000000, 0x0000000085100000, 0x0000000085100000|100%| E|CS|TAMS 0x0000000085000000, 0x0000000085000000| Complete 
|  69|0x0000000086100000, 0x0000000086200000, 0x0000000086200000|100%| E|CS|TAMS 0x0000000086100000, 0x0000000086100000| Complete 
|  70|0x0000000086200000, 0x0000000086300000, 0x0000000086300000|100%| E|CS|TAMS 0x0000000086200000, 0x0000000086200000| Complete 
|  71|0x0000000086300000, 0x0000000086400000, 0x0000000086400000|100%| E|CS|TAMS 0x0000000086300000, 0x0000000086300000| Complete 
|  72|0x0000000086400000, 0x0000000086500000, 0x0000000086500000|100%| E|CS|TAMS 0x0000000086400000, 0x0000000086400000| Complete 
|  73|0x0000000086500000, 0x0000000086600000, 0x0000000086600000|100%| E|CS|TAMS 0x0000000086500000, 0x0000000086500000| Complete 
|  74|0x0000000086600000, 0x0000000086700000, 0x0000000086700000|100%| E|CS|TAMS 0x0000000086600000, 0x0000000086600000| Complete 
| 127|0x0000000089b00000, 0x0000000089c00000, 0x0000000089c00000|100%| E|CS|TAMS 0x0000000089b00000, 0x0000000089b00000| Complete 

Card table byte_map: [0x0000014078090000,0x0000014078490000] _byte_map_base: 0x0000014077c82000

Marking Bits (Prev, Next): (CMBitMap*) 0x000001405f648580, (CMBitMap*) 0x000001405f648540
 Prev Bits: [0x000001407a820000, 0x000001407c7b0000)
 Next Bits: [0x0000014078890000, 0x000001407a820000)

Polling page: 0x000001405f470000

Metaspace:

Usage:
  Non-class:     52.32 MB used.
      Class:      8.32 MB used.
       Both:     60.63 MB used.

Virtual space:
  Non-class space:       56.00 MB reserved,      52.56 MB ( 94%) committed,  7 nodes.
      Class space:        1.00 GB reserved,       8.56 MB ( <1%) committed,  1 nodes.
             Both:        1.05 GB reserved,      61.12 MB (  6%) committed. 

Chunk freelists:
   Non-Class:  3.03 MB
       Class:  3.28 MB
        Both:  6.31 MB

MaxMetaspaceSize: unlimited
CompressedClassSpaceSize: 1.00 GB
Initial GC threshold: 21.00 MB
Current GC threshold: 75.00 MB
CDS: on
MetaspaceReclaimPolicy: balanced
 - commit_granule_bytes: 65536.
 - commit_granule_words: 8192.
 - virtual_space_node_default_size: 1048576.
 - enlarge_chunks_in_place: 1.
 - new_chunks_are_fully_committed: 0.
 - uncommit_free_chunks: 1.
 - use_allocation_guard: 0.
 - handle_deallocations: 1.


Internal statistics:

num_allocs_failed_limit: 9.
num_arena_births: 580.
num_arena_deaths: 0.
num_vsnodes_births: 8.
num_vsnodes_deaths: 0.
num_space_committed: 978.
num_space_uncommitted: 0.
num_chunks_returned_to_freelist: 9.
num_chunks_taken_from_freelist: 2762.
num_chunk_merges: 3.
num_chunk_splits: 1998.
num_chunks_enlarged: 1588.
num_purges: 0.
num_inconsistent_stats: 0.

CodeHeap 'non-profiled nmethods': size=120000Kb used=2393Kb max_used=3065Kb free=117606Kb
 bounds [0x0000014070140000, 0x0000014070440000, 0x0000014077670000]
CodeHeap 'profiled nmethods': size=120000Kb used=8584Kb max_used=10694Kb free=111415Kb
 bounds [0x0000014068670000, 0x00000140690f0000, 0x000001406fba0000]
CodeHeap 'non-nmethods': size=5760Kb used=1335Kb max_used=1395Kb free=4424Kb
 bounds [0x000001406fba0000, 0x000001406fe10000, 0x0000014070140000]
 total_blobs=5082 nmethods=4421 adapters=572
 compilation: enabled
              stopped_count=0, restarted_count=0
 full_count=0

Compilation events (20 events):
Event: 10.244 Thread 0x000001407edb4ca0 5203       2       java.lang.Class::methodToString (78 bytes)
Event: 10.245 Thread 0x000001407edb4ca0 nmethod 5203 0x0000014068799f10 code [0x000001406879a160, 0x000001406879a648]
Event: 10.247 Thread 0x000001407edb4ca0 5204       2       java.lang.reflect.ProxyGenerator::generateClassFile (281 bytes)
Event: 10.248 Thread 0x000001407edb4ca0 nmethod 5204 0x0000014068820890 code [0x0000014068820be0, 0x0000014068821588]
Event: 10.248 Thread 0x000001407edb4ca0 5205       1       org.springframework.beans.factory.support.AbstractAutowireCapableBeanFactory::getParameterNameDiscoverer (5 bytes)
Event: 10.248 Thread 0x000001407edb4ca0 nmethod 5205 0x000001407019e390 code [0x000001407019e520, 0x000001407019e5f8]
Event: 10.251 Thread 0x000001407edb4ca0 5207       1       org.springframework.core.MethodParameter::initParameterNameDiscovery (6 bytes)
Event: 10.251 Thread 0x000001407edb4ca0 nmethod 5207 0x000001407019e010 code [0x000001407019e1a0, 0x000001407019e2b8]
Event: 10.252 Thread 0x000001407edb4ca0 5208       1       org.springframework.boot.context.properties.ConfigurationPropertiesBinder$ConfigurationPropertiesBinderFactory::getObjectType (3 bytes)
Event: 10.252 Thread 0x000001407edb4ca0 nmethod 5208 0x0000014070171e10 code [0x0000014070171fa0, 0x0000014070172078]
Event: 10.252 Thread 0x000001407edb4ca0 5209   !   2       org.springframework.util.ReflectionUtils::doWithFields (107 bytes)
Event: 10.253 Thread 0x000001407edb4ca0 nmethod 5209 0x00000140686d9a10 code [0x00000140686d9c00, 0x00000140686da018]
Event: 10.265 Thread 0x000001407edb4ca0 5210       2       org.springframework.util.ReflectionUtils::doWithFields (7 bytes)
Event: 10.266 Thread 0x000001407edb4ca0 nmethod 5210 0x00000140688cf010 code [0x00000140688cf1a0, 0x00000140688cf2a8]
Event: 10.267 Thread 0x000001407edb4ca0 5211       2       org.springframework.core.MethodClassKey::compareTo (78 bytes)
Event: 10.268 Thread 0x000001407edb4ca0 nmethod 5211 0x00000140688c5a90 code [0x00000140688c5c80, 0x00000140688c5f28]
Event: 10.268 Thread 0x000001407edb4ca0 5212       2       java.lang.String::repeat (190 bytes)
Event: 10.270 Thread 0x000001407edb4ca0 nmethod 5212 0x0000014068680a90 code [0x0000014068680d00, 0x0000014068681728]
Event: 10.272 Thread 0x000001407edb4ca0 5213       3       java.lang.reflect.Executable$$Lambda$1234/0x000000080113b4b0::apply (13 bytes)
Event: 10.272 Thread 0x000001407edb4ca0 nmethod 5213 0x0000014068a76b90 code [0x0000014068a76d40, 0x0000014068a76f88]

GC Heap History (20 events):
Event: 1.920 GC heap before
{Heap before GC invocations=2 (full 0):
 garbage-first heap   total 131072K, used 31979K [0x0000000081c00000, 0x0000000100000000)
  region size 1024K, 24 young (24576K), 1 survivors (1024K)
 Metaspace       used 10173K, committed 10368K, reserved 1064960K
  class space    used 1289K, committed 1408K, reserved 1048576K
}
Event: 1.926 GC heap after
{Heap after GC invocations=3 (full 0):
 garbage-first heap   total 131072K, used 10131K [0x0000000081c00000, 0x0000000100000000)
  region size 1024K, 3 young (3072K), 3 survivors (3072K)
 Metaspace       used 10173K, committed 10368K, reserved 1064960K
  class space    used 1289K, committed 1408K, reserved 1048576K
}
Event: 3.291 GC heap before
{Heap before GC invocations=3 (full 0):
 garbage-first heap   total 131072K, used 59283K [0x0000000081c00000, 0x0000000100000000)
  region size 1024K, 53 young (54272K), 3 survivors (3072K)
 Metaspace       used 21238K, committed 21504K, reserved 1073152K
  class space    used 2756K, committed 2944K, reserved 1048576K
}
Event: 3.303 GC heap after
{Heap after GC invocations=4 (full 0):
 garbage-first heap   total 131072K, used 13717K [0x0000000081c00000, 0x0000000100000000)
  region size 1024K, 6 young (6144K), 6 survivors (6144K)
 Metaspace       used 21238K, committed 21504K, reserved 1073152K
  class space    used 2756K, committed 2944K, reserved 1048576K
}
Event: 4.229 GC heap before
{Heap before GC invocations=5 (full 0):
 garbage-first heap   total 51200K, used 40341K [0x0000000081c00000, 0x0000000100000000)
  region size 1024K, 33 young (33792K), 6 survivors (6144K)
 Metaspace       used 24536K, committed 24832K, reserved 1073152K
  class space    used 3185K, committed 3328K, reserved 1048576K
}
Event: 4.244 GC heap after
{Heap after GC invocations=6 (full 0):
 garbage-first heap   total 51200K, used 15971K [0x0000000081c00000, 0x0000000100000000)
  region size 1024K, 6 young (6144K), 6 survivors (6144K)
 Metaspace       used 24536K, committed 24832K, reserved 1073152K
  class space    used 3185K, committed 3328K, reserved 1048576K
}
Event: 4.959 GC heap before
{Heap before GC invocations=6 (full 0):
 garbage-first heap   total 51200K, used 34403K [0x0000000081c00000, 0x0000000100000000)
  region size 1024K, 24 young (24576K), 6 survivors (6144K)
 Metaspace       used 27406K, committed 27712K, reserved 1073152K
  class space    used 3641K, committed 3776K, reserved 1048576K
}
Event: 4.977 GC heap after
{Heap after GC invocations=7 (full 0):
 garbage-first heap   total 51200K, used 17257K [0x0000000081c00000, 0x0000000100000000)
  region size 1024K, 2 young (2048K), 2 survivors (2048K)
 Metaspace       used 27406K, committed 27712K, reserved 1073152K
  class space    used 3641K, committed 3776K, reserved 1048576K
}
Event: 5.650 GC heap before
{Heap before GC invocations=7 (full 0):
 garbage-first heap   total 51200K, used 34665K [0x0000000081c00000, 0x0000000100000000)
  region size 1024K, 20 young (20480K), 2 survivors (2048K)
 Metaspace       used 31203K, committed 31616K, reserved 1081344K
  class space    used 4156K, committed 4352K, reserved 1048576K
}
Event: 5.657 GC heap after
{Heap after GC invocations=8 (full 0):
 garbage-first heap   total 51200K, used 18399K [0x0000000081c00000, 0x0000000100000000)
  region size 1024K, 2 young (2048K), 2 survivors (2048K)
 Metaspace       used 31203K, committed 31616K, reserved 1081344K
  class space    used 4156K, committed 4352K, reserved 1048576K
}
Event: 6.246 GC heap before
{Heap before GC invocations=8 (full 0):
 garbage-first heap   total 51200K, used 36831K [0x0000000081c00000, 0x0000000100000000)
  region size 1024K, 21 young (21504K), 2 survivors (2048K)
 Metaspace       used 35784K, committed 36096K, reserved 1081344K
  class space    used 4806K, committed 4928K, reserved 1048576K
}
Event: 6.255 GC heap after
{Heap after GC invocations=9 (full 0):
 garbage-first heap   total 61440K, used 19017K [0x0000000081c00000, 0x0000000100000000)
  region size 1024K, 2 young (2048K), 2 survivors (2048K)
 Metaspace       used 35784K, committed 36096K, reserved 1081344K
  class space    used 4806K, committed 4928K, reserved 1048576K
}
Event: 7.382 GC heap before
{Heap before GC invocations=10 (full 0):
 garbage-first heap   total 61440K, used 46665K [0x0000000081c00000, 0x0000000100000000)
  region size 1024K, 29 young (29696K), 2 survivors (2048K)
 Metaspace       used 45326K, committed 45696K, reserved 1089536K
  class space    used 6010K, committed 6208K, reserved 1048576K
}
Event: 7.392 GC heap after
{Heap after GC invocations=11 (full 0):
 garbage-first heap   total 61440K, used 21386K [0x0000000081c00000, 0x0000000100000000)
  region size 1024K, 4 young (4096K), 4 survivors (4096K)
 Metaspace       used 45326K, committed 45696K, reserved 1089536K
  class space    used 6010K, committed 6208K, reserved 1048576K
}
Event: 8.331 GC heap before
{Heap before GC invocations=12 (full 0):
 garbage-first heap   total 61440K, used 45962K [0x0000000081c00000, 0x0000000100000000)
  region size 1024K, 29 young (29696K), 4 survivors (4096K)
 Metaspace       used 51847K, committed 52288K, reserved 1097728K
  class space    used 7103K, committed 7296K, reserved 1048576K
}
Event: 8.344 GC heap after
{Heap after GC invocations=13 (full 0):
 garbage-first heap   total 61440K, used 22362K [0x0000000081c00000, 0x0000000100000000)
  region size 1024K, 1 young (1024K), 1 survivors (1024K)
 Metaspace       used 51847K, committed 52288K, reserved 1097728K
  class space    used 7103K, committed 7296K, reserved 1048576K
}
Event: 9.085 GC heap before
{Heap before GC invocations=13 (full 0):
 garbage-first heap   total 61440K, used 46938K [0x0000000081c00000, 0x0000000100000000)
  region size 1024K, 26 young (26624K), 1 survivors (1024K)
 Metaspace       used 57230K, committed 57664K, reserved 1105920K
  class space    used 7830K, committed 8000K, reserved 1048576K
}
Event: 9.096 GC heap after
{Heap after GC invocations=14 (full 0):
 garbage-first heap   total 61440K, used 24159K [0x0000000081c00000, 0x0000000100000000)
  region size 1024K, 3 young (3072K), 3 survivors (3072K)
 Metaspace       used 57230K, committed 57664K, reserved 1105920K
  class space    used 7830K, committed 8000K, reserved 1048576K
}
Event: 9.778 GC heap before
{Heap before GC invocations=14 (full 0):
 garbage-first heap   total 61440K, used 47711K [0x0000000081c00000, 0x0000000100000000)
  region size 1024K, 26 young (26624K), 3 survivors (3072K)
 Metaspace       used 60178K, committed 60608K, reserved 1105920K
  class space    used 8245K, committed 8448K, reserved 1048576K
}
Event: 9.789 GC heap after
{Heap after GC invocations=15 (full 0):
 garbage-first heap   total 61440K, used 25856K [0x0000000081c00000, 0x0000000100000000)
  region size 1024K, 4 young (4096K), 4 survivors (4096K)
 Metaspace       used 60178K, committed 60608K, reserved 1105920K
  class space    used 8245K, committed 8448K, reserved 1048576K
}

Deoptimization events (20 events):
Event: 10.013 Thread 0x000001405f5ede50 Uncommon trap: trap_request=0xffffff45 fr.pc=0x00000140701bba54 relative=0x0000000000001074
Event: 10.013 Thread 0x000001405f5ede50 Uncommon trap: reason=unstable_if action=reinterpret pc=0x00000140701bba54 method=java.util.concurrent.ConcurrentHashMap.transfer([Ljava/util/concurrent/ConcurrentHashMap$Node;[Ljava/util/concurrent/ConcurrentHashMap$Node;)V @ 352 c2
Event: 10.013 Thread 0x000001405f5ede50 DEOPT PACKING pc=0x00000140701bba54 sp=0x0000002137cfb3f0
Event: 10.013 Thread 0x000001405f5ede50 DEOPT UNPACKING pc=0x000001406fbf23a3 sp=0x0000002137cfb358 mode 2
Event: 10.182 Thread 0x000001405f5ede50 Uncommon trap: trap_request=0xffffff45 fr.pc=0x00000140702fae90 relative=0x0000000000000df0
Event: 10.182 Thread 0x000001405f5ede50 Uncommon trap: reason=unstable_if action=reinterpret pc=0x00000140702fae90 method=org.springframework.beans.factory.support.DefaultSingletonBeanRegistry.getSingleton(Ljava/lang/String;Z)Ljava/lang/Object; @ 39 c2
Event: 10.182 Thread 0x000001405f5ede50 DEOPT PACKING pc=0x00000140702fae90 sp=0x0000002137cfb5e0
Event: 10.182 Thread 0x000001405f5ede50 DEOPT UNPACKING pc=0x000001406fbf23a3 sp=0x0000002137cfb578 mode 2
Event: 10.205 Thread 0x000001405f5ede50 Uncommon trap: trap_request=0xffffffde fr.pc=0x000001407020c100 relative=0x0000000000000140
Event: 10.205 Thread 0x000001405f5ede50 Uncommon trap: reason=class_check action=maybe_recompile pc=0x000001407020c100 method=org.springframework.boot.context.properties.source.ConfigurationPropertyName$Elements.charAt(II)C @ 43 c2
Event: 10.205 Thread 0x000001405f5ede50 DEOPT PACKING pc=0x000001407020c100 sp=0x0000002137cf9180
Event: 10.205 Thread 0x000001405f5ede50 DEOPT UNPACKING pc=0x000001406fbf23a3 sp=0x0000002137cf90f8 mode 2
Event: 10.205 Thread 0x000001405f5ede50 Uncommon trap: trap_request=0xffffffde fr.pc=0x000001407020c100 relative=0x0000000000000140
Event: 10.205 Thread 0x000001405f5ede50 Uncommon trap: reason=class_check action=maybe_recompile pc=0x000001407020c100 method=org.springframework.boot.context.properties.source.ConfigurationPropertyName$Elements.charAt(II)C @ 43 c2
Event: 10.205 Thread 0x000001405f5ede50 DEOPT PACKING pc=0x000001407020c100 sp=0x0000002137cf9180
Event: 10.205 Thread 0x000001405f5ede50 DEOPT UNPACKING pc=0x000001406fbf23a3 sp=0x0000002137cf90f8 mode 2
Event: 10.230 Thread 0x000001405f5ede50 Uncommon trap: trap_request=0xfffffff4 fr.pc=0x000001407029c7e0 relative=0x0000000000000240
Event: 10.230 Thread 0x000001405f5ede50 Uncommon trap: reason=null_check action=make_not_entrant pc=0x000001407029c7e0 method=org.springframework.util.ClassUtils.isAssignable(Ljava/lang/Class;Ljava/lang/Class;)Z @ 14 c2
Event: 10.230 Thread 0x000001405f5ede50 DEOPT PACKING pc=0x000001407029c7e0 sp=0x0000002137cfba30
Event: 10.230 Thread 0x000001405f5ede50 DEOPT UNPACKING pc=0x000001406fbf23a3 sp=0x0000002137cfb9c0 mode 2

Classes unloaded (0 events):
No events

Classes redefined (0 events):
No events

Internal exceptions (20 events):
Event: 8.520 Thread 0x000001405f5ede50 Exception <a 'java/lang/NoSuchMethodError'{0x00000000862a7bf0}: 'java.lang.Object java.lang.invoke.Invokers$Holder.linkToTargetMethod(java.lang.Object, java.lang.Object, java.lang.Object, java.lang.Object, java.lang.Object, java.lang.Object, java.lang.Object, java.lang.Object, java.lang.Object, java.lang.Object, java.lang.Object, java.lang.Object)'> (0x00000000862a7bf0) 
thrown [s\open\src\hotspot\share\interpreter\linkResolver.cpp, line 759]
Event: 8.585 Thread 0x000001405f5ede50 Exception <a 'java/lang/NoSuchMethodError'{0x0000000084f045f8}: 'java.lang.Object java.lang.invoke.DirectMethodHandle$Holder.newInvokeSpecial(java.lang.Object, java.lang.Object, java.lang.Object, java.lang.Object, java.lang.Object, java.lang.Object, java.lang.Object, int)'> (0x0000000084f045f8) 
thrown [s\open\src\hotspot\share\interpreter\linkResolver.cpp, line 759]
Event: 8.585 Thread 0x000001405f5ede50 Exception <a 'java/lang/NoSuchMethodError'{0x0000000084f09de8}: 'java.lang.Object java.lang.invoke.DirectMethodHandle$Holder.invokeSpecial(java.lang.Object, java.lang.Object, java.lang.Object, java.lang.Object, java.lang.Object, java.lang.Object, java.lang.Object, java.lang.Object, int)'> (0x0000000084f09de8) 
thrown [s\open\src\hotspot\share\interpreter\linkResolver.cpp, line 759]
Event: 8.585 Thread 0x000001405f5ede50 Exception <a 'java/lang/NoSuchMethodError'{0x0000000084f0f0a8}: 'java.lang.Object java.lang.invoke.Invokers$Holder.linkToTargetMethod(java.lang.Object, java.lang.Object, java.lang.Object, java.lang.Object, java.lang.Object, java.lang.Object, int, java.lang.Object)'> (0x0000000084f0f0a8) 
thrown [s\open\src\hotspot\share\interpreter\linkResolver.cpp, line 759]
Event: 8.852 Thread 0x000001405f5ede50 Exception <a 'java/lang/IncompatibleClassChangeError'{0x000000008464a2c8}: Found class java.lang.Object, but interface was expected> (0x000000008464a2c8) 
thrown [s\open\src\hotspot\share\interpreter\linkResolver.cpp, line 826]
Event: 8.870 Thread 0x000001405f5ede50 Exception <a 'java/lang/IncompatibleClassChangeError'{0x00000000846c8090}: Found class java.lang.Object, but interface was expected> (0x00000000846c8090) 
thrown [s\open\src\hotspot\share\interpreter\linkResolver.cpp, line 826]
Event: 8.917 Thread 0x000001405f5ede50 Exception <a 'java/lang/IncompatibleClassChangeError'{0x000000008443bde8}: Found class java.lang.Object, but interface was expected> (0x000000008443bde8) 
thrown [s\open\src\hotspot\share\interpreter\linkResolver.cpp, line 826]
Event: 9.124 Thread 0x000001405f5ede50 Exception <a 'java/lang/IncompatibleClassChangeError'{0x000000008660d3b0}: Found class java.lang.Object, but interface was expected> (0x000000008660d3b0) 
thrown [s\open\src\hotspot\share\interpreter\linkResolver.cpp, line 826]
Event: 9.276 Thread 0x000001405f5ede50 Exception <a 'java/lang/reflect/InvocationTargetException'{0x00000000850d37e8}> (0x00000000850d37e8) 
thrown [s\open\src\hotspot\share\runtime\reflection.cpp, line 1121]
Event: 9.476 Thread 0x000001405f5ede50 Exception <a 'java/lang/NoSuchMethodError'{0x0000000084bf7c40}: 'void java.lang.invoke.DirectMethodHandle$Holder.invokeInterface(java.lang.Object, java.lang.Object, int)'> (0x0000000084bf7c40) 
thrown [s\open\src\hotspot\share\interpreter\linkResolver.cpp, line 759]
Event: 9.484 Thread 0x000001405f5ede50 Exception <a 'java/lang/IncompatibleClassChangeError'{0x0000000084a486c8}: Found class java.lang.Object, but interface was expected> (0x0000000084a486c8) 
thrown [s\open\src\hotspot\share\interpreter\linkResolver.cpp, line 826]
Event: 9.486 Thread 0x000001405f5ede50 Exception <a 'java/lang/NoSuchMethodError'{0x0000000084a597d8}: 'int java.lang.invoke.DirectMethodHandle$Holder.invokeSpecialIFC(java.lang.Object, java.lang.Object, java.lang.Object)'> (0x0000000084a597d8) 
thrown [s\open\src\hotspot\share\interpreter\linkResolver.cpp, line 759]
Event: 9.488 Thread 0x000001405f5ede50 Exception <a 'java/lang/NoSuchMethodError'{0x0000000084a67a20}: 'void java.lang.invoke.DirectMethodHandle$Holder.invokeStatic(java.lang.Object, int, java.lang.Object)'> (0x0000000084a67a20) 
thrown [s\open\src\hotspot\share\interpreter\linkResolver.cpp, line 759]
Event: 9.835 Thread 0x000001405f5ede50 Exception <a 'sun/nio/fs/WindowsException'{0x00000000866321c0}> (0x00000000866321c0) 
thrown [s\open\src\hotspot\share\prims\jni.cpp, line 516]
Event: 9.836 Thread 0x000001405f5ede50 Exception <a 'sun/nio/fs/WindowsException'{0x0000000086635820}> (0x0000000086635820) 
thrown [s\open\src\hotspot\share\prims\jni.cpp, line 516]
Event: 9.989 Thread 0x000001405f5ede50 Exception <a 'java/lang/IncompatibleClassChangeError'{0x00000000862f39a8}: Found class java.lang.Object, but interface was expected> (0x00000000862f39a8) 
thrown [s\open\src\hotspot\share\interpreter\linkResolver.cpp, line 826]
Event: 10.061 Thread 0x000001405f5ede50 Exception <a 'java/lang/NoSuchMethodError'{0x00000000850d2de0}: 'void java.lang.invoke.DirectMethodHandle$Holder.invokeVirtual(java.lang.Object, java.lang.Object, int)'> (0x00000000850d2de0) 
thrown [s\open\src\hotspot\share\interpreter\linkResolver.cpp, line 759]
Event: 10.065 Thread 0x000001405f5ede50 Exception <a 'java/lang/NoSuchMethodError'{0x00000000850fb848}: 'void java.lang.invoke.DirectMethodHandle$Holder.invokeVirtual(java.lang.Object, java.lang.Object, long)'> (0x00000000850fb848) 
thrown [s\open\src\hotspot\share\interpreter\linkResolver.cpp, line 759]
Event: 10.213 Thread 0x000001405f5ede50 Exception <a 'java/lang/IncompatibleClassChangeError'{0x0000000084b820a0}: Found class java.lang.Object, but interface was expected> (0x0000000084b820a0) 
thrown [s\open\src\hotspot\share\interpreter\linkResolver.cpp, line 826]
Event: 10.230 Thread 0x000001405f5ede50 Implicit null exception at 0x000001407029c5c0 to 0x000001407029c7cc

VM Operations (20 events):
Event: 9.049 Executing VM operation: HandshakeAllThreads
Event: 9.049 Executing VM operation: HandshakeAllThreads done
Event: 9.085 Executing VM operation: G1CollectForAllocation
Event: 9.096 Executing VM operation: G1CollectForAllocation done
Event: 9.188 Executing VM operation: HandshakeAllThreads
Event: 9.188 Executing VM operation: HandshakeAllThreads done
Event: 9.700 Executing VM operation: HandshakeAllThreads
Event: 9.700 Executing VM operation: HandshakeAllThreads done
Event: 9.740 Executing VM operation: HandshakeAllThreads
Event: 9.740 Executing VM operation: HandshakeAllThreads done
Event: 9.740 Executing VM operation: HandshakeAllThreads
Event: 9.740 Executing VM operation: HandshakeAllThreads done
Event: 9.778 Executing VM operation: G1CollectForAllocation
Event: 9.791 Executing VM operation: G1CollectForAllocation done
Event: 9.879 Executing VM operation: HandshakeAllThreads
Event: 9.879 Executing VM operation: HandshakeAllThreads done
Event: 9.897 Executing VM operation: HandshakeAllThreads
Event: 9.897 Executing VM operation: HandshakeAllThreads done
Event: 10.101 Executing VM operation: HandshakeAllThreads
Event: 10.101 Executing VM operation: HandshakeAllThreads done

Events (20 events):
Event: 9.906 Thread 0x000001407edbf6c0 flushing nmethod 0x000001406905d190
Event: 9.906 Thread 0x000001407edbf6c0 flushing nmethod 0x000001406905d910
Event: 9.906 Thread 0x000001407edbf6c0 flushing nmethod 0x000001406905e510
Event: 9.906 Thread 0x000001407edbf6c0 flushing nmethod 0x000001406905f190
Event: 9.906 Thread 0x000001407edbf6c0 flushing nmethod 0x000001406905fd10
Event: 9.906 Thread 0x000001407edbf6c0 flushing nmethod 0x0000014069060110
Event: 9.906 Thread 0x000001407edbf6c0 flushing nmethod 0x0000014069061110
Event: 9.906 Thread 0x000001407edbf6c0 flushing nmethod 0x0000014069061510
Event: 9.906 Thread 0x000001407edbf6c0 flushing nmethod 0x0000014069061910
Event: 9.906 Thread 0x000001407edbf6c0 flushing nmethod 0x0000014069061d90
Event: 9.906 Thread 0x000001407edbf6c0 flushing nmethod 0x0000014069063e10
Event: 9.906 Thread 0x000001407edbf6c0 flushing nmethod 0x0000014069064210
Event: 9.907 Thread 0x000001407edbf6c0 flushing nmethod 0x0000014069079e90
Event: 9.907 Thread 0x000001407edbf6c0 flushing nmethod 0x00000140690c8310
Event: 9.967 loading class java/util/OptionalLong
Event: 9.969 loading class java/util/OptionalLong done
Event: 9.969 loading class java/util/OptionalDouble
Event: 9.969 loading class java/util/OptionalDouble done
Event: 10.030 loading class java/util/concurrent/RejectedExecutionException
Event: 10.031 loading class java/util/concurrent/RejectedExecutionException done


Dynamic libraries:
0x00007ff7fde70000 - 0x00007ff7fde80000 	C:\Program Files\Java\jdk-17\bin\java.exe
0x00007ff96dc30000 - 0x00007ff96de28000 	C:\WINDOWS\SYSTEM32\ntdll.dll
0x00007ff96c890000 - 0x00007ff96c94d000 	C:\WINDOWS\System32\KERNEL32.DLL
0x00007ff96b900000 - 0x00007ff96bbf6000 	C:\WINDOWS\System32\KERNELBASE.dll
0x00007ff96b670000 - 0x00007ff96b770000 	C:\WINDOWS\System32\ucrtbase.dll
0x00007ff965fd0000 - 0x00007ff965feb000 	C:\Program Files\Java\jdk-17\bin\VCRUNTIME140.dll
0x00007ff963ea0000 - 0x00007ff963eb8000 	C:\Program Files\Java\jdk-17\bin\jli.dll
0x00007ff96cce0000 - 0x00007ff96cd8f000 	C:\WINDOWS\System32\ADVAPI32.dll
0x00007ff96d5a0000 - 0x00007ff96d63e000 	C:\WINDOWS\System32\msvcrt.dll
0x00007ff96c980000 - 0x00007ff96ca1c000 	C:\WINDOWS\System32\sechost.dll
0x00007ff96d640000 - 0x00007ff96d766000 	C:\WINDOWS\System32\RPCRT4.dll
0x00007ff96d9f0000 - 0x00007ff96db8e000 	C:\WINDOWS\System32\USER32.dll
0x00007ff96b4d0000 - 0x00007ff96b4f2000 	C:\WINDOWS\System32\win32u.dll
0x00007ff96c950000 - 0x00007ff96c97c000 	C:\WINDOWS\System32\GDI32.dll
0x00007ff96b550000 - 0x00007ff96b66a000 	C:\WINDOWS\System32\gdi32full.dll
0x00007ff96b310000 - 0x00007ff96b3ad000 	C:\WINDOWS\System32\msvcp_win.dll
0x00007ff955080000 - 0x00007ff95531a000 	C:\WINDOWS\WinSxS\amd64_microsoft.windows.common-controls_6595b64144ccf1df_6.0.19041.3636_none_60b6a03d71f818d5\COMCTL32.dll
0x00007ff95dec0000 - 0x00007ff95deca000 	C:\WINDOWS\SYSTEM32\VERSION.dll
0x00007ff96cbd0000 - 0x00007ff96cc00000 	C:\WINDOWS\System32\IMM32.DLL
0x00007ff965fc0000 - 0x00007ff965fcc000 	C:\Program Files\Java\jdk-17\bin\vcruntime140_1.dll
0x00007ff94aed0000 - 0x00007ff94af5e000 	C:\Program Files\Java\jdk-17\bin\msvcp140.dll
0x00007ff934af0000 - 0x00007ff9356c7000 	C:\Program Files\Java\jdk-17\bin\server\jvm.dll
0x00007ff96d590000 - 0x00007ff96d598000 	C:\WINDOWS\System32\PSAPI.DLL
0x00007ff953df0000 - 0x00007ff953df9000 	C:\WINDOWS\SYSTEM32\WSOCK32.dll
0x00007ff957740000 - 0x00007ff957767000 	C:\WINDOWS\SYSTEM32\WINMM.dll
0x00007ff96c310000 - 0x00007ff96c37b000 	C:\WINDOWS\System32\WS2_32.dll
0x00007ff969b60000 - 0x00007ff969b72000 	C:\WINDOWS\SYSTEM32\kernel.appcore.dll
0x00007ff9680a0000 - 0x00007ff9680aa000 	C:\Program Files\Java\jdk-17\bin\jimage.dll
0x00007ff969890000 - 0x00007ff969a74000 	C:\WINDOWS\SYSTEM32\DBGHELP.DLL
0x00007ff95a780000 - 0x00007ff95a7b4000 	C:\WINDOWS\SYSTEM32\dbgcore.DLL
0x00007ff96bc00000 - 0x00007ff96bc82000 	C:\WINDOWS\System32\bcryptPrimitives.dll
0x00007ff953ee0000 - 0x00007ff953f05000 	C:\Program Files\Java\jdk-17\bin\java.dll
0x00007ff9402a0000 - 0x00007ff940377000 	C:\Program Files\Java\jdk-17\bin\jsvml.dll
0x00007ff96ce40000 - 0x00007ff96d585000 	C:\WINDOWS\System32\SHELL32.dll
0x00007ff969020000 - 0x00007ff9697bb000 	C:\WINDOWS\SYSTEM32\windows.storage.dll
0x00007ff96c380000 - 0x00007ff96c6d4000 	C:\WINDOWS\System32\combase.dll
0x00007ff96ace0000 - 0x00007ff96ad0d000 	C:\WINDOWS\SYSTEM32\Wldp.dll
0x00007ff96cc00000 - 0x00007ff96ccad000 	C:\WINDOWS\System32\SHCORE.dll
0x00007ff96d990000 - 0x00007ff96d9e5000 	C:\WINDOWS\System32\shlwapi.dll
0x00007ff96b240000 - 0x00007ff96b265000 	C:\WINDOWS\SYSTEM32\profapi.dll
0x00007ff94afa0000 - 0x00007ff94afb9000 	C:\Program Files\Java\jdk-17\bin\net.dll
0x00007ff95def0000 - 0x00007ff95dffa000 	C:\WINDOWS\SYSTEM32\WINHTTP.dll
0x00007ff96aa40000 - 0x00007ff96aaaa000 	C:\WINDOWS\system32\mswsock.dll
0x00007ff94af80000 - 0x00007ff94af96000 	C:\Program Files\Java\jdk-17\bin\nio.dll
0x00007ff94afe0000 - 0x00007ff94aff8000 	C:\Program Files\Java\jdk-17\bin\zip.dll
0x00007ff965ef0000 - 0x00007ff965efa000 	C:\Program Files\Java\jdk-17\bin\management.dll
0x00007ff964f20000 - 0x00007ff964f2b000 	C:\Program Files\Java\jdk-17\bin\management_ext.dll
0x00007ff9637a0000 - 0x00007ff9637ad000 	C:\Program Files\Java\jdk-17\bin\sunmscapi.dll
0x00007ff96b7a0000 - 0x00007ff96b8fd000 	C:\WINDOWS\System32\CRYPT32.dll
0x00007ff96ad50000 - 0x00007ff96ad77000 	C:\WINDOWS\SYSTEM32\ncrypt.dll
0x00007ff96ad10000 - 0x00007ff96ad4b000 	C:\WINDOWS\SYSTEM32\NTASN1.dll
0x00007ff96ac40000 - 0x00007ff96ac58000 	C:\WINDOWS\SYSTEM32\CRYPTSP.dll
0x00007ff96a310000 - 0x00007ff96a344000 	C:\WINDOWS\system32\rsaenh.dll
0x00007ff96b770000 - 0x00007ff96b797000 	C:\WINDOWS\System32\bcrypt.dll
0x00007ff96b200000 - 0x00007ff96b22e000 	C:\WINDOWS\SYSTEM32\USERENV.dll
0x00007ff96ac30000 - 0x00007ff96ac3c000 	C:\WINDOWS\SYSTEM32\CRYPTBASE.dll
0x00007ff96a6d0000 - 0x00007ff96a70b000 	C:\WINDOWS\SYSTEM32\IPHLPAPI.DLL
0x00007ff96d890000 - 0x00007ff96d898000 	C:\WINDOWS\System32\NSI.dll
0x00007ff95e240000 - 0x00007ff95e257000 	C:\WINDOWS\SYSTEM32\dhcpcsvc6.DLL
0x00007ff961050000 - 0x00007ff96106d000 	C:\WINDOWS\SYSTEM32\dhcpcsvc.DLL
0x00007ff96a770000 - 0x00007ff96a83a000 	C:\WINDOWS\SYSTEM32\DNSAPI.dll
0x00007ff965f50000 - 0x00007ff965f60000 	C:\Program Files\Java\jdk-17\bin\verify.dll
0x0000000060470000 - 0x0000000060496000 	C:\Program Files\Bonjour\mdnsNSP.dll
0x00007ff957790000 - 0x00007ff95779a000 	C:\Windows\System32\rasadhlp.dll
0x00007ff95b900000 - 0x00007ff95b980000 	C:\WINDOWS\System32\fwpuclnt.dll

dbghelp: loaded successfully - version: 4.0.5 - missing functions: none
symbol engine: initialized successfully - sym options: 0x614 - pdb path: .;C:\Program Files\Java\jdk-17\bin;C:\WINDOWS\SYSTEM32;C:\WINDOWS\WinSxS\amd64_microsoft.windows.common-controls_6595b64144ccf1df_6.0.19041.3636_none_60b6a03d71f818d5;C:\Program Files\Java\jdk-17\bin\server;C:\Program Files\Bonjour

VM Arguments:
java_command: C:\Users\Shatabdi\AppData\Local\Temp\surefire11584896987034783745\surefirebooter-20231228021726906_3.jar C:\Users\Shatabdi\AppData\Local\Temp\surefire11584896987034783745 2023-12-28T02-17-26_631-jvmRun1 surefire-20231228021726906_1tmp surefire_0-20231228021726906_2tmp
java_class_path (initial): C:\Users\Shatabdi\AppData\Local\Temp\surefire11584896987034783745\surefirebooter-20231228021726906_3.jar
Launcher Type: SUN_STANDARD

[Global flags]
     intx CICompilerCount                          = 3                                         {product} {ergonomic}
     uint ConcGCThreads                            = 1                                         {product} {ergonomic}
     uint G1ConcRefinementThreads                  = 4                                         {product} {ergonomic}
   size_t G1HeapRegionSize                         = 1048576                                   {product} {ergonomic}
    uintx GCDrainStackTargetSize                   = 64                                        {product} {ergonomic}
   size_t InitialHeapSize                          = 134217728                                 {product} {ergonomic}
   size_t MarkStackSize                            = 4194304                                   {product} {ergonomic}
   size_t MaxHeapSize                              = 2118123520                                {product} {ergonomic}
   size_t MaxNewSize                               = 1270874112                                {product} {ergonomic}
   size_t MinHeapDeltaBytes                        = 1048576                                   {product} {ergonomic}
   size_t MinHeapSize                              = 8388608                                   {product} {ergonomic}
    uintx NonNMethodCodeHeapSize                   = 5832780                                {pd product} {ergonomic}
    uintx NonProfiledCodeHeapSize                  = 122912730                              {pd product} {ergonomic}
    uintx ProfiledCodeHeapSize                     = 122912730                              {pd product} {ergonomic}
    uintx ReservedCodeCacheSize                    = 251658240                              {pd product} {ergonomic}
     bool SegmentedCodeCache                       = true                                      {product} {ergonomic}
   size_t SoftMaxHeapSize                          = 2118123520                             {manageable} {ergonomic}
     bool UseCompressedClassPointers               = true                           {product lp64_product} {ergonomic}
     bool UseCompressedOops                        = true                           {product lp64_product} {ergonomic}
     bool UseG1GC                                  = true                                      {product} {ergonomic}
     bool UseLargePagesIndividualAllocation        = false                                  {pd product} {ergonomic}

Logging:
Log output configuration:
 #0: stdout all=warning uptime,level,tags
 #1: stderr all=off uptime,level,tags

Environment Variables:
JAVA_HOME=C:\Program Files\Java\jdk-17
CLASSPATH=E:\test\mypack.jar;.;
PATH=C:/Program Files/Java/jdk-17/bin/server;C:/Program Files/Java/jdk-17/bin;C:\Program Files\Common Files\Oracle\Java\javapath;C:\Python311\Scripts\;C:\Python311\;C:\Program Files\Java\jdk-17\bin;C:\Program Files\Intel\Intel(R) Management Engine Components\iCLS\;C:\WINDOWS\system32;C:\WINDOWS;C:\WINDOWS\System32\Wbem;C:\WINDOWS\System32\WindowsPowerShell\v1.0\;C:\Program Files (x86)\Intel\Intel(R) Management Engine Components\DAL;C:\Program Files\Intel\Intel(R) Management Engine Components\DAL;C:\Program Files (x86)\Intel\Intel(R) Management Engine Components\IPT;C:\Program Files\Intel\Intel(R) Management Engine Components\IPT;C:\WINDOWS\System32\OpenSSH\;C:\Program Files\nodejs\;C:\ProgramData\chocolatey\bin;C:\Program Files\apache-maven-3.8.7\bin;C:\Program Files\Git\cmd;C:\Users\Shatabdi\AppData\Local\Android\cmdline-tools\tools;C:\Users\Shatabdi\AppData\Local\Android\cmdline-tools\tools\bin;C:\Users\Shatabdi\AppData\Local\Android\platform-tools;C:\Program Files\TortoiseGit\bin;C:\HashiCorp\Vagrant\bin;C:\Program Files\MongoDB\Server\6.0\bin;C:\mongosh\bin;C:\Program Files\MySQL\MySQL Shell 8.0\bin\;C:\Users\Shatabdi\AppData\Local\Programs\Python\Python39\Scripts\;C:\Users\Shatabdi\AppData\Local\Programs\Python\Python39\;C:\Users\Shatabdi\AppData\Local\Microsoft\WindowsApps;C:\Program Files\Java\jdk-17\bin;C:\Users\Shatabdi\AppData\Roaming\npm;;C:\Users\Shatabdi\AppData\Local\Programs\Microsoft VS Code\bin;C:\WINDOWS\system32;
USERNAME=Shatabdi
OS=Windows_NT
PROCESSOR_IDENTIFIER=Intel64 Family 6 Model 142 Stepping 9, GenuineIntel



---------------  S Y S T E M  ---------------

OS:
 Windows 10 , 64 bit Build 19041 (10.0.19041.3636)
OS uptime: 0 days 5:19 hours

CPU: total 4 (initial active 4) (2 cores per cpu, 2 threads per core) family 6 model 142 stepping 9 microcode 0xb4, cx8, cmov, fxsr, ht, mmx, 3dnowpref, sse, sse2, sse3, ssse3, sse4.1, sse4.2, popcnt, lzcnt, tsc, tscinvbit, avx, avx2, aes, erms, clmul, bmi1, bmi2, adx, fma, vzeroupper, clflush, clflushopt

Memory: 4k page, system-wide physical 8074M (1018M free)
TotalPageFile size 10122M (AvailPageFile size 4M)
current process WorkingSet (physical memory assigned to process): 252M, peak: 256M
current process commit charge ("private bytes"): 286M, peak: 288M

vm_info: Java HotSpot(TM) 64-Bit Server VM (17.0.6+9-LTS-190) for windows-amd64 JRE (17.0.6+9-LTS-190), built on Dec  6 2022 15:53:54 by "mach5one" with MS VC++ 17.1 (VS2022)

END.
