#
# There is insufficient memory for the Java Runtime Environment to continue.
# Native memory allocation (malloc) failed to allocate 1220576 bytes for Chunk::new
# Possible reasons:
#   The system is out of physical RAM or swap space
#   The process is running with CompressedOops enabled, and the Java Heap may be blocking the growth of the native heap
# Possible solutions:
#   Reduce memory load on the system
#   Increase physical memory or swap space
#   Check if swap backing store is full
#   Decrease Java heap size (-Xmx/-Xms)
#   Decrease number of Java threads
#   Decrease Java thread stack sizes (-Xss)
#   Set larger code cache with -XX:ReservedCodeCacheSize=
#   JVM is running with Unscaled Compressed Oops mode in which the Java heap is
#     placed in the first 4GB address space. The Java Heap base address is the
#     maximum limit for the native heap growth. Please use -XX:HeapBaseMinAddress
#     to set the Java Heap base and to place the Java Heap above 4GB virtual address.
# This output file may be truncated or incomplete.
#
#  Out of Memory Error (arena.cpp:189), pid=11544, tid=3240
#
# JRE version: Java(TM) SE Runtime Environment (17.0.6+9) (build 17.0.6+9-LTS-190)
# Java VM: Java HotSpot(TM) 64-Bit Server VM (17.0.6+9-LTS-190, mixed mode, sharing, tiered, compressed oops, compressed class ptrs, g1 gc, windows-amd64)
# No core dump will be written. Minidumps are not enabled by default on client versions of Windows
#

---------------  S U M M A R Y ------------

Command Line: C:\Users\Shatabdi\AppData\Local\Temp\surefire18421272205602804816\surefirebooter-20231228021912211_3.jar C:\Users\Shatabdi\AppData\Local\Temp\surefire18421272205602804816 2023-12-28T02-19-11_927-jvmRun1 surefire-20231228021912211_1tmp surefire_0-20231228021912211_2tmp

Host: Intel(R) Core(TM) i3-7020U CPU @ 2.30GHz, 4 cores, 7G,  Windows 10 , 64 bit Build 19041 (10.0.19041.3636)
Time: Thu Dec 28 02:19:22 2023 India Standard Time elapsed time: 10.251140 seconds (0d 0h 0m 10s)

---------------  T H R E A D  ---------------

Current thread (0x00000280fafa0a50):  JavaThread "C2 CompilerThread0" daemon [_thread_in_native, id=3240, stack(0x000000816ed00000,0x000000816ee00000)]


Current CompileTask:
C2:  10251 5104       4       org.springframework.beans.factory.support.AbstractBeanFactory::isTypeMatch (619 bytes)

Stack: [0x000000816ed00000,0x000000816ee00000]
Native frames: (J=compiled Java code, j=interpreted, Vv=VM code, C=native code)
V  [jvm.dll+0x6734ea]
V  [jvm.dll+0x7d18f4]
V  [jvm.dll+0x7d309e]
V  [jvm.dll+0x7d3703]
V  [jvm.dll+0x2433c5]
V  [jvm.dll+0xaa46b]
V  [jvm.dll+0xaaa0c]
V  [jvm.dll+0x35eb2e]
V  [jvm.dll+0x329401]
V  [jvm.dll+0x32889a]
V  [jvm.dll+0x215ddf]
V  [jvm.dll+0x215211]
V  [jvm.dll+0x1a1730]
V  [jvm.dll+0x224b6e]
V  [jvm.dll+0x222f15]
V  [jvm.dll+0x78753c]
V  [jvm.dll+0x781a7a]
V  [jvm.dll+0x672375]
C  [ucrtbase.dll+0x21bb2]
C  [KERNEL32.DLL+0x17344]
C  [ntdll.dll+0x526b1]


---------------  P R O C E S S  ---------------

Threads class SMR info:
_java_thread_list=0x00000280fd0692c0, length=18, elements={
0x00000280ec74eb00, 0x00000280faf817f0, 0x00000280faf82660, 0x00000280faf9aab0,
0x00000280faf9b460, 0x00000280faf9be10, 0x00000280faf9c7c0, 0x00000280fafa0a50,
0x00000280fafc9510, 0x00000280fafd4ae0, 0x00000280fbcc8d50, 0x00000280fbccfc90,
0x00000280fbe39390, 0x00000280fbfe6010, 0x00000280fc626c10, 0x00000280fd0943c0,
0x00000280fe841b00, 0x00000280fe8407c0
}

Java Threads: ( => current thread )
  0x00000280ec74eb00 JavaThread "main" [_thread_in_native, id=12156, stack(0x000000816e000000,0x000000816e100000)]
  0x00000280faf817f0 JavaThread "Reference Handler" daemon [_thread_blocked, id=14684, stack(0x000000816e700000,0x000000816e800000)]
  0x00000280faf82660 JavaThread "Finalizer" daemon [_thread_blocked, id=8040, stack(0x000000816e800000,0x000000816e900000)]
  0x00000280faf9aab0 JavaThread "Signal Dispatcher" daemon [_thread_blocked, id=8672, stack(0x000000816e900000,0x000000816ea00000)]
  0x00000280faf9b460 JavaThread "Attach Listener" daemon [_thread_blocked, id=8104, stack(0x000000816ea00000,0x000000816eb00000)]
  0x00000280faf9be10 JavaThread "Service Thread" daemon [_thread_blocked, id=8308, stack(0x000000816eb00000,0x000000816ec00000)]
  0x00000280faf9c7c0 JavaThread "Monitor Deflation Thread" daemon [_thread_blocked, id=10056, stack(0x000000816ec00000,0x000000816ed00000)]
=>0x00000280fafa0a50 JavaThread "C2 CompilerThread0" daemon [_thread_in_native, id=3240, stack(0x000000816ed00000,0x000000816ee00000)]
  0x00000280fafc9510 JavaThread "C1 CompilerThread0" daemon [_thread_blocked, id=14108, stack(0x000000816ee00000,0x000000816ef00000)]
  0x00000280fafd4ae0 JavaThread "Sweeper thread" daemon [_thread_blocked, id=5112, stack(0x000000816ef00000,0x000000816f000000)]
  0x00000280fbcc8d50 JavaThread "Notification Thread" daemon [_thread_blocked, id=10224, stack(0x000000816f000000,0x000000816f100000)]
  0x00000280fbccfc90 JavaThread "Common-Cleaner" daemon [_thread_blocked, id=3716, stack(0x000000816f200000,0x000000816f300000)]
  0x00000280fbe39390 JavaThread "surefire-forkedjvm-stream-flusher" daemon [_thread_blocked, id=10372, stack(0x000000816f300000,0x000000816f400000)]
  0x00000280fbfe6010 JavaThread "surefire-forkedjvm-command-thread" daemon [_thread_in_native, id=12796, stack(0x000000816f400000,0x000000816f500000)]
  0x00000280fc626c10 JavaThread "C2 CompilerThread1" daemon [_thread_in_native, id=7628, stack(0x000000816f900000,0x000000816fa00000)]
  0x00000280fd0943c0 JavaThread "mysql-cj-abandoned-connection-cleanup" daemon [_thread_blocked, id=5948, stack(0x000000816fa00000,0x000000816fb00000)]
  0x00000280fe841b00 JavaThread "HikariPool-1 housekeeper" daemon [_thread_blocked, id=10656, stack(0x000000816fc00000,0x000000816fd00000)]
  0x00000280fe8407c0 JavaThread "HikariPool-1 connection adder" daemon [_thread_blocked, id=2520, stack(0x000000816fd00000,0x000000816fe00000)]

Other Threads:
  0x00000280faf7c7f0 VMThread "VM Thread" [stack: 0x000000816e600000,0x000000816e700000] [id=9252]
  0x00000280fbccb840 WatcherThread [stack: 0x000000816f100000,0x000000816f200000] [id=2604]
  0x00000280ec7a8cd0 GCTaskThread "GC Thread#0" [stack: 0x000000816e100000,0x000000816e200000] [id=1744]
  0x00000280fc2e2210 GCTaskThread "GC Thread#1" [stack: 0x000000816f500000,0x000000816f600000] [id=14340]
  0x00000280fc2e24c0 GCTaskThread "GC Thread#2" [stack: 0x000000816f600000,0x000000816f700000] [id=5788]
  0x00000280fc318bd0 GCTaskThread "GC Thread#3" [stack: 0x000000816f700000,0x000000816f800000] [id=14316]
  0x00000280ec7b9890 ConcurrentGCThread "G1 Main Marker" [stack: 0x000000816e200000,0x000000816e300000] [id=9244]
  0x00000280ec7baa40 ConcurrentGCThread "G1 Conc#0" [stack: 0x000000816e300000,0x000000816e400000] [id=14804]
  0x00000280fae40090 ConcurrentGCThread "G1 Refine#0" [stack: 0x000000816e400000,0x000000816e500000] [id=8976]
  0x00000280fc30ae90 ConcurrentGCThread "G1 Refine#1" [stack: 0x000000816f800000,0x000000816f900000] [id=3392]
  0x00000280fae40ab0 ConcurrentGCThread "G1 Service" [stack: 0x000000816e500000,0x000000816e600000] [id=10360]

Threads with active compile tasks:
C2 CompilerThread0    10293 5104       4       org.springframework.beans.factory.support.AbstractBeanFactory::isTypeMatch (619 bytes)
C2 CompilerThread1    10293 4913       4       org.springframework.core.annotation.TypeMappedAnnotations$MergedAnnotationFinder::doWithAnnotations (75 bytes)

VM state: not at safepoint (normal execution)

VM Mutex/Monitor currently owned by a thread: None

Heap address: 0x0000000081c00000, size: 2020 MB, Compressed Oops mode: 32-bit

CDS archive(s) mapped at: [0x0000000800000000-0x0000000800bd0000-0x0000000800bd0000), size 12386304, SharedBaseAddress: 0x0000000800000000, ArchiveRelocationMode: 0.
Compressed class space mapped at: 0x0000000800c00000-0x0000000840c00000, reserved size: 1073741824
Narrow klass base: 0x0000000800000000, Narrow klass shift: 0, Narrow klass range: 0x100000000

GC Precious Log:
 CPUs: 4 total, 4 available
 Memory: 8074M
 Large Page Support: Disabled
 NUMA Support: Disabled
 Compressed Oops: Enabled (32-bit)
 Heap Region Size: 1M
 Heap Min Capacity: 8M
 Heap Initial Capacity: 128M
 Heap Max Capacity: 2020M
 Pre-touch: Disabled
 Parallel Workers: 4
 Concurrent Workers: 1
 Concurrent Refinement Workers: 4
 Periodic GC: Disabled

Heap:
 garbage-first heap   total 68608K, used 48451K [0x0000000081c00000, 0x0000000100000000)
  region size 1024K, 28 young (28672K), 4 survivors (4096K)
 Metaspace       used 62578K, committed 63104K, reserved 1105920K
  class space    used 8622K, committed 8896K, reserved 1048576K

Heap Regions: E=young(eden), S=young(survivor), O=old, HS=humongous(starts), HC=humongous(continues), CS=collection set, F=free, OA=open archive, CA=closed archive, TAMS=top-at-mark-start (previous, next)
|   0|0x0000000081c00000, 0x0000000081d00000, 0x0000000081d00000|100%|HS|  |TAMS 0x0000000081d00000, 0x0000000081c00000| Complete 
|   1|0x0000000081d00000, 0x0000000081e00000, 0x0000000081e00000|100%| O|  |TAMS 0x0000000081e00000, 0x0000000081d00000| Untracked 
|   2|0x0000000081e00000, 0x0000000081f00000, 0x0000000081f00000|100%| O|  |TAMS 0x0000000081f00000, 0x0000000081e00000| Untracked 
|   3|0x0000000081f00000, 0x0000000082000000, 0x0000000082000000|100%| O|  |TAMS 0x0000000082000000, 0x0000000081f00000| Untracked 
|   4|0x0000000082000000, 0x0000000082100000, 0x0000000082100000|100%| O|  |TAMS 0x0000000082100000, 0x0000000082000000| Untracked 
|   5|0x0000000082100000, 0x0000000082200000, 0x0000000082200000|100%| O|  |TAMS 0x0000000082200000, 0x0000000082100000| Untracked 
|   6|0x0000000082200000, 0x0000000082300000, 0x0000000082300000|100%| O|  |TAMS 0x0000000082300000, 0x0000000082200000| Untracked 
|   7|0x0000000082300000, 0x0000000082400000, 0x0000000082400000|100%| O|  |TAMS 0x0000000082400000, 0x0000000082300000| Untracked 
|   8|0x0000000082400000, 0x0000000082500000, 0x0000000082500000|100%| O|  |TAMS 0x0000000082500000, 0x0000000082400000| Untracked 
|   9|0x0000000082500000, 0x0000000082600000, 0x0000000082600000|100%| O|  |TAMS 0x0000000082600000, 0x0000000082500000| Untracked 
|  10|0x0000000082600000, 0x0000000082700000, 0x0000000082700000|100%| O|  |TAMS 0x0000000082700000, 0x0000000082600000| Untracked 
|  11|0x0000000082700000, 0x0000000082800000, 0x0000000082800000|100%| O|  |TAMS 0x0000000082800000, 0x0000000082700000| Untracked 
|  12|0x0000000082800000, 0x0000000082900000, 0x0000000082900000|100%| O|  |TAMS 0x0000000082900000, 0x0000000082800000| Untracked 
|  13|0x0000000082900000, 0x0000000082a00000, 0x0000000082a00000|100%| O|  |TAMS 0x0000000082a00000, 0x0000000082900000| Untracked 
|  14|0x0000000082a00000, 0x0000000082b00000, 0x0000000082b00000|100%| O|  |TAMS 0x0000000082b00000, 0x0000000082a00000| Untracked 
|  15|0x0000000082b00000, 0x0000000082b00000, 0x0000000082c00000|  0%| F|  |TAMS 0x0000000082b00000, 0x0000000082b00000| Untracked 
|  16|0x0000000082c00000, 0x0000000082d00000, 0x0000000082d00000|100%| O|  |TAMS 0x0000000082d00000, 0x0000000082c00000| Untracked 
|  17|0x0000000082d00000, 0x0000000082e00000, 0x0000000082e00000|100%| O|  |TAMS 0x0000000082e00000, 0x0000000082d00000| Untracked 
|  18|0x0000000082e00000, 0x0000000082f00000, 0x0000000082f00000|100%| O|  |TAMS 0x0000000082f00000, 0x0000000082e00000| Untracked 
|  19|0x0000000082f00000, 0x0000000083000000, 0x0000000083000000|100%| O|  |TAMS 0x0000000083000000, 0x0000000082f00000| Untracked 
|  20|0x0000000083000000, 0x0000000083100000, 0x0000000083100000|100%| O|  |TAMS 0x0000000083100000, 0x0000000083000000| Untracked 
|  21|0x0000000083100000, 0x00000000831b3800, 0x0000000083200000| 70%| O|  |TAMS 0x00000000831b3800, 0x0000000083100000| Untracked 
|  22|0x0000000083200000, 0x0000000083200000, 0x0000000083300000|  0%| F|  |TAMS 0x0000000083200000, 0x0000000083200000| Untracked 
|  23|0x0000000083300000, 0x0000000083300000, 0x0000000083400000|  0%| F|  |TAMS 0x0000000083300000, 0x0000000083300000| Untracked 
|  24|0x0000000083400000, 0x0000000083400000, 0x0000000083500000|  0%| F|  |TAMS 0x0000000083400000, 0x0000000083400000| Untracked 
|  25|0x0000000083500000, 0x0000000083500000, 0x0000000083600000|  0%| F|  |TAMS 0x0000000083500000, 0x0000000083500000| Untracked 
|  26|0x0000000083600000, 0x0000000083600000, 0x0000000083700000|  0%| F|  |TAMS 0x0000000083600000, 0x0000000083600000| Untracked 
|  27|0x0000000083700000, 0x0000000083700000, 0x0000000083800000|  0%| F|  |TAMS 0x0000000083700000, 0x0000000083700000| Untracked 
|  28|0x0000000083800000, 0x0000000083800000, 0x0000000083900000|  0%| F|  |TAMS 0x0000000083800000, 0x0000000083800000| Untracked 
|  29|0x0000000083900000, 0x0000000083900000, 0x0000000083a00000|  0%| F|  |TAMS 0x0000000083900000, 0x0000000083900000| Untracked 
|  30|0x0000000083a00000, 0x0000000083a00000, 0x0000000083b00000|  0%| F|  |TAMS 0x0000000083a00000, 0x0000000083a00000| Untracked 
|  31|0x0000000083b00000, 0x0000000083b9d788, 0x0000000083c00000| 61%| S|CS|TAMS 0x0000000083b00000, 0x0000000083b00000| Complete 
|  32|0x0000000083c00000, 0x0000000083d00000, 0x0000000083d00000|100%| S|CS|TAMS 0x0000000083c00000, 0x0000000083c00000| Complete 
|  33|0x0000000083d00000, 0x0000000083e00000, 0x0000000083e00000|100%| S|CS|TAMS 0x0000000083d00000, 0x0000000083d00000| Complete 
|  34|0x0000000083e00000, 0x0000000083f00000, 0x0000000083f00000|100%| S|CS|TAMS 0x0000000083e00000, 0x0000000083e00000| Complete 
|  35|0x0000000083f00000, 0x0000000083f00000, 0x0000000084000000|  0%| F|  |TAMS 0x0000000083f00000, 0x0000000083f00000| Untracked 
|  36|0x0000000084000000, 0x0000000084000000, 0x0000000084100000|  0%| F|  |TAMS 0x0000000084000000, 0x0000000084000000| Untracked 
|  37|0x0000000084100000, 0x0000000084100000, 0x0000000084200000|  0%| F|  |TAMS 0x0000000084100000, 0x0000000084100000| Untracked 
|  38|0x0000000084200000, 0x0000000084200000, 0x0000000084300000|  0%| F|  |TAMS 0x0000000084200000, 0x0000000084200000| Untracked 
|  39|0x0000000084300000, 0x0000000084300000, 0x0000000084400000|  0%| F|  |TAMS 0x0000000084300000, 0x0000000084300000| Untracked 
|  40|0x0000000084400000, 0x0000000084400000, 0x0000000084500000|  0%| F|  |TAMS 0x0000000084400000, 0x0000000084400000| Untracked 
|  41|0x0000000084500000, 0x0000000084500000, 0x0000000084600000|  0%| F|  |TAMS 0x0000000084500000, 0x0000000084500000| Untracked 
|  42|0x0000000084600000, 0x0000000084600000, 0x0000000084700000|  0%| F|  |TAMS 0x0000000084600000, 0x0000000084600000| Untracked 
|  43|0x0000000084700000, 0x0000000084800000, 0x0000000084800000|100%| E|  |TAMS 0x0000000084700000, 0x0000000084700000| Complete 
|  44|0x0000000084800000, 0x0000000084900000, 0x0000000084900000|100%| E|CS|TAMS 0x0000000084800000, 0x0000000084800000| Complete 
|  45|0x0000000084900000, 0x0000000084a00000, 0x0000000084a00000|100%| E|CS|TAMS 0x0000000084900000, 0x0000000084900000| Complete 
|  46|0x0000000084a00000, 0x0000000084b00000, 0x0000000084b00000|100%| E|CS|TAMS 0x0000000084a00000, 0x0000000084a00000| Complete 
|  47|0x0000000084b00000, 0x0000000084c00000, 0x0000000084c00000|100%| E|CS|TAMS 0x0000000084b00000, 0x0000000084b00000| Complete 
|  48|0x0000000084c00000, 0x0000000084d00000, 0x0000000084d00000|100%| E|CS|TAMS 0x0000000084c00000, 0x0000000084c00000| Complete 
|  49|0x0000000084d00000, 0x0000000084e00000, 0x0000000084e00000|100%| E|CS|TAMS 0x0000000084d00000, 0x0000000084d00000| Complete 
|  50|0x0000000084e00000, 0x0000000084f00000, 0x0000000084f00000|100%| E|CS|TAMS 0x0000000084e00000, 0x0000000084e00000| Complete 
|  51|0x0000000084f00000, 0x0000000085000000, 0x0000000085000000|100%| E|CS|TAMS 0x0000000084f00000, 0x0000000084f00000| Complete 
|  52|0x0000000085000000, 0x0000000085100000, 0x0000000085100000|100%| E|CS|TAMS 0x0000000085000000, 0x0000000085000000| Complete 
|  53|0x0000000085100000, 0x0000000085200000, 0x0000000085200000|100%| E|CS|TAMS 0x0000000085100000, 0x0000000085100000| Complete 
|  54|0x0000000085200000, 0x0000000085300000, 0x0000000085300000|100%| E|CS|TAMS 0x0000000085200000, 0x0000000085200000| Complete 
|  55|0x0000000085300000, 0x0000000085400000, 0x0000000085400000|100%| E|CS|TAMS 0x0000000085300000, 0x0000000085300000| Complete 
|  56|0x0000000085400000, 0x0000000085500000, 0x0000000085500000|100%| E|CS|TAMS 0x0000000085400000, 0x0000000085400000| Complete 
|  57|0x0000000085500000, 0x0000000085600000, 0x0000000085600000|100%| E|CS|TAMS 0x0000000085500000, 0x0000000085500000| Complete 
|  58|0x0000000085600000, 0x0000000085700000, 0x0000000085700000|100%| E|CS|TAMS 0x0000000085600000, 0x0000000085600000| Complete 
|  59|0x0000000085700000, 0x0000000085800000, 0x0000000085800000|100%| E|CS|TAMS 0x0000000085700000, 0x0000000085700000| Complete 
|  60|0x0000000085800000, 0x0000000085900000, 0x0000000085900000|100%| E|CS|TAMS 0x0000000085800000, 0x0000000085800000| Complete 
|  61|0x0000000085900000, 0x0000000085a00000, 0x0000000085a00000|100%| E|CS|TAMS 0x0000000085900000, 0x0000000085900000| Complete 
|  62|0x0000000085a00000, 0x0000000085b00000, 0x0000000085b00000|100%| E|CS|TAMS 0x0000000085a00000, 0x0000000085a00000| Complete 
|  63|0x0000000085b00000, 0x0000000085c00000, 0x0000000085c00000|100%| E|CS|TAMS 0x0000000085b00000, 0x0000000085b00000| Complete 
|  64|0x0000000085c00000, 0x0000000085d00000, 0x0000000085d00000|100%| E|CS|TAMS 0x0000000085c00000, 0x0000000085c00000| Complete 
|  65|0x0000000085d00000, 0x0000000085e00000, 0x0000000085e00000|100%| E|CS|TAMS 0x0000000085d00000, 0x0000000085d00000| Complete 
| 127|0x0000000089b00000, 0x0000000089c00000, 0x0000000089c00000|100%| E|CS|TAMS 0x0000000089b00000, 0x0000000089b00000| Complete 

Card table byte_map: [0x00000280f43e0000,0x00000280f47e0000] _byte_map_base: 0x00000280f3fd2000

Marking Bits (Prev, Next): (CMBitMap*) 0x00000280ec7a9320, (CMBitMap*) 0x00000280ec7a92e0
 Prev Bits: [0x00000280f6b70000, 0x00000280f8b00000)
 Next Bits: [0x00000280f4be0000, 0x00000280f6b70000)

Polling page: 0x00000280ea5b0000

Metaspace:

Usage:
  Non-class:     52.69 MB used.
      Class:      8.42 MB used.
       Both:     61.11 MB used.

Virtual space:
  Non-class space:       56.00 MB reserved,      52.94 MB ( 95%) committed,  7 nodes.
      Class space:        1.00 GB reserved,       8.69 MB ( <1%) committed,  1 nodes.
             Both:        1.05 GB reserved,      61.62 MB (  6%) committed. 

Chunk freelists:
   Non-Class:  2.73 MB
       Class:  3.19 MB
        Both:  5.92 MB

MaxMetaspaceSize: unlimited
CompressedClassSpaceSize: 1.00 GB
Initial GC threshold: 21.00 MB
Current GC threshold: 91.25 MB
CDS: on
MetaspaceReclaimPolicy: balanced
 - commit_granule_bytes: 65536.
 - commit_granule_words: 8192.
 - virtual_space_node_default_size: 1048576.
 - enlarge_chunks_in_place: 1.
 - new_chunks_are_fully_committed: 0.
 - uncommit_free_chunks: 1.
 - use_allocation_guard: 0.
 - handle_deallocations: 1.


Internal statistics:

num_allocs_failed_limit: 9.
num_arena_births: 602.
num_arena_deaths: 0.
num_vsnodes_births: 8.
num_vsnodes_deaths: 0.
num_space_committed: 986.
num_space_uncommitted: 0.
num_chunks_returned_to_freelist: 9.
num_chunks_taken_from_freelist: 2800.
num_chunk_merges: 6.
num_chunk_splits: 2021.
num_chunks_enlarged: 1608.
num_purges: 0.
num_inconsistent_stats: 0.

CodeHeap 'non-profiled nmethods': size=120000Kb used=3262Kb max_used=3262Kb free=116737Kb
 bounds [0x0000028087ad0000, 0x0000028087e00000, 0x000002808f000000]
CodeHeap 'profiled nmethods': size=120000Kb used=10978Kb max_used=10978Kb free=109021Kb
 bounds [0x0000028080000000, 0x0000028080ac0000, 0x0000028087530000]
CodeHeap 'non-nmethods': size=5760Kb used=1335Kb max_used=1428Kb free=4424Kb
 bounds [0x0000028087530000, 0x00000280877a0000, 0x0000028087ad0000]
 total_blobs=5951 nmethods=5289 adapters=573
 compilation: enabled
              stopped_count=0, restarted_count=0
 full_count=0

Compilation events (20 events):
Event: 10.059 Thread 0x00000280fafc9510 5314       2       org.springframework.beans.TypeConverterSupport::<init> (5 bytes)
Event: 10.059 Thread 0x00000280fafc9510 nmethod 5314 0x0000028080ab6910 code [0x0000028080ab6aa0, 0x0000028080ab6bb8]
Event: 10.059 Thread 0x00000280fafc9510 5315       2       org.springframework.beans.PropertyEditorRegistrySupport::<init> (15 bytes)
Event: 10.059 Thread 0x00000280fafc9510 nmethod 5315 0x0000028080ab6c90 code [0x0000028080ab6e20, 0x0000028080ab6f38]
Event: 10.062 Thread 0x00000280fafc9510 5316       2       java.lang.Character::hashCode (8 bytes)
Event: 10.062 Thread 0x00000280fafc9510 nmethod 5316 0x0000028080ab7010 code [0x0000028080ab71a0, 0x0000028080ab72b8]
Event: 10.062 Thread 0x00000280fafc9510 5317       2       java.lang.Character::hashCode (2 bytes)
Event: 10.062 Thread 0x00000280fafc9510 nmethod 5317 0x0000028080ab7390 code [0x0000028080ab7520, 0x0000028080ab7618]
Event: 10.073 Thread 0x00000280fafc9510 5318       2       java.lang.Character$UnicodeBlock::<init> (17 bytes)
Event: 10.073 Thread 0x00000280fafc9510 nmethod 5318 0x0000028080ab7690 code [0x0000028080ab7860, 0x0000028080ab7b58]
Event: 10.073 Thread 0x00000280fafc9510 5319       2       java.lang.Character$Subset::<init> (24 bytes)
Event: 10.073 Thread 0x00000280fafc9510 nmethod 5319 0x0000028080ab7c90 code [0x0000028080ab7e40, 0x0000028080ab8068]
Event: 10.078 Thread 0x00000280fafc9510 5321       2       java.util.stream.Collectors$$Lambda$108/0x0000000800c61b98::accept (11 bytes)
Event: 10.078 Thread 0x00000280fafc9510 nmethod 5321 0x0000028080ab8190 code [0x0000028080ab8340, 0x0000028080ab84c8]
Event: 10.079 Thread 0x00000280fc626c10 nmethod 5073 0x0000028087decb90 code [0x0000028087ded460, 0x0000028087df8f08]
Event: 10.081 Thread 0x00000280fafc9510 5322       2       java.util.stream.ReferencePipeline$StatefulOp::<init> (29 bytes)
Event: 10.081 Thread 0x00000280fc626c10 5300       4       java.util.TreeMap::successor (66 bytes)
Event: 10.081 Thread 0x00000280fafc9510 nmethod 5322 0x0000028080ab8590 code [0x0000028080ab8720, 0x0000028080ab8848]
Event: 10.084 Thread 0x00000280fc626c10 nmethod 5300 0x0000028087dff090 code [0x0000028087dff200, 0x0000028087dff2f8]
Event: 10.084 Thread 0x00000280fc626c10 4913       4       org.springframework.core.annotation.TypeMappedAnnotations$MergedAnnotationFinder::doWithAnnotations (75 bytes)

GC Heap History (20 events):
Event: 1.662 GC heap before
{Heap before GC invocations=2 (full 0):
 garbage-first heap   total 131072K, used 31546K [0x0000000081c00000, 0x0000000100000000)
  region size 1024K, 24 young (24576K), 1 survivors (1024K)
 Metaspace       used 10179K, committed 10368K, reserved 1064960K
  class space    used 1289K, committed 1408K, reserved 1048576K
}
Event: 1.668 GC heap after
{Heap after GC invocations=3 (full 0):
 garbage-first heap   total 131072K, used 9646K [0x0000000081c00000, 0x0000000100000000)
  region size 1024K, 3 young (3072K), 3 survivors (3072K)
 Metaspace       used 10179K, committed 10368K, reserved 1064960K
  class space    used 1289K, committed 1408K, reserved 1048576K
}
Event: 2.996 GC heap before
{Heap before GC invocations=3 (full 0):
 garbage-first heap   total 131072K, used 58798K [0x0000000081c00000, 0x0000000100000000)
  region size 1024K, 53 young (54272K), 3 survivors (3072K)
 Metaspace       used 21241K, committed 21504K, reserved 1073152K
  class space    used 2759K, committed 2880K, reserved 1048576K
}
Event: 3.008 GC heap after
{Heap after GC invocations=4 (full 0):
 garbage-first heap   total 131072K, used 13348K [0x0000000081c00000, 0x0000000100000000)
  region size 1024K, 6 young (6144K), 6 survivors (6144K)
 Metaspace       used 21241K, committed 21504K, reserved 1073152K
  class space    used 2759K, committed 2880K, reserved 1048576K
}
Event: 3.801 GC heap before
{Heap before GC invocations=5 (full 0):
 garbage-first heap   total 51200K, used 37924K [0x0000000081c00000, 0x0000000100000000)
  region size 1024K, 30 young (30720K), 6 survivors (6144K)
 Metaspace       used 23899K, committed 24256K, reserved 1073152K
  class space    used 3103K, committed 3264K, reserved 1048576K
}
Event: 3.812 GC heap after
{Heap after GC invocations=6 (full 0):
 garbage-first heap   total 51200K, used 14873K [0x0000000081c00000, 0x0000000100000000)
  region size 1024K, 3 young (3072K), 3 survivors (3072K)
 Metaspace       used 23899K, committed 24256K, reserved 1073152K
  class space    used 3103K, committed 3264K, reserved 1048576K
}
Event: 3.844 GC heap before
{Heap before GC invocations=6 (full 0):
 garbage-first heap   total 51200K, used 15897K [0x0000000081c00000, 0x0000000100000000)
  region size 1024K, 4 young (4096K), 3 survivors (3072K)
 Metaspace       used 24028K, committed 24320K, reserved 1073152K
  class space    used 3119K, committed 3264K, reserved 1048576K
}
Event: 3.852 GC heap after
{Heap after GC invocations=7 (full 0):
 garbage-first heap   total 51200K, used 15592K [0x0000000081c00000, 0x0000000100000000)
  region size 1024K, 1 young (1024K), 1 survivors (1024K)
 Metaspace       used 24028K, committed 24320K, reserved 1073152K
  class space    used 3119K, committed 3264K, reserved 1048576K
}
Event: 4.590 GC heap before
{Heap before GC invocations=7 (full 0):
 garbage-first heap   total 51200K, used 35048K [0x0000000081c00000, 0x0000000100000000)
  region size 1024K, 20 young (20480K), 1 survivors (1024K)
 Metaspace       used 27133K, committed 27456K, reserved 1073152K
  class space    used 3598K, committed 3776K, reserved 1048576K
}
Event: 4.599 GC heap after
{Heap after GC invocations=8 (full 0):
 garbage-first heap   total 83968K, used 17023K [0x0000000081c00000, 0x0000000100000000)
  region size 1024K, 2 young (2048K), 2 survivors (2048K)
 Metaspace       used 27133K, committed 27456K, reserved 1073152K
  class space    used 3598K, committed 3776K, reserved 1048576K
}
Event: 5.944 GC heap before
{Heap before GC invocations=8 (full 0):
 garbage-first heap   total 83968K, used 54911K [0x0000000081c00000, 0x0000000100000000)
  region size 1024K, 40 young (40960K), 2 survivors (2048K)
 Metaspace       used 35775K, committed 36096K, reserved 1081344K
  class space    used 4806K, committed 4928K, reserved 1048576K
}
Event: 5.957 GC heap after
{Heap after GC invocations=9 (full 0):
 garbage-first heap   total 83968K, used 19092K [0x0000000081c00000, 0x0000000100000000)
  region size 1024K, 4 young (4096K), 4 survivors (4096K)
 Metaspace       used 35775K, committed 36096K, reserved 1081344K
  class space    used 4806K, committed 4928K, reserved 1048576K
}
Event: 7.392 GC heap before
{Heap before GC invocations=10 (full 0):
 garbage-first heap   total 68608K, used 55956K [0x0000000081c00000, 0x0000000100000000)
  region size 1024K, 40 young (40960K), 4 survivors (4096K)
 Metaspace       used 47837K, committed 48256K, reserved 1097728K
  class space    used 6289K, committed 6464K, reserved 1048576K
}
Event: 7.408 GC heap after
{Heap after GC invocations=11 (full 0):
 garbage-first heap   total 68608K, used 22061K [0x0000000081c00000, 0x0000000100000000)
  region size 1024K, 5 young (5120K), 5 survivors (5120K)
 Metaspace       used 47837K, committed 48256K, reserved 1097728K
  class space    used 6289K, committed 6464K, reserved 1048576K
}
Event: 7.454 GC heap before
{Heap before GC invocations=11 (full 0):
 garbage-first heap   total 68608K, used 22061K [0x0000000081c00000, 0x0000000100000000)
  region size 1024K, 6 young (6144K), 5 survivors (5120K)
 Metaspace       used 48397K, committed 48832K, reserved 1097728K
  class space    used 6532K, committed 6720K, reserved 1048576K
}
Event: 7.467 GC heap after
{Heap after GC invocations=12 (full 0):
 garbage-first heap   total 68608K, used 22055K [0x0000000081c00000, 0x0000000100000000)
  region size 1024K, 1 young (1024K), 1 survivors (1024K)
 Metaspace       used 48397K, committed 48832K, reserved 1097728K
  class space    used 6532K, committed 6720K, reserved 1048576K
}
Event: 8.490 GC heap before
{Heap before GC invocations=12 (full 0):
 garbage-first heap   total 68608K, used 51751K [0x0000000081c00000, 0x0000000100000000)
  region size 1024K, 30 young (30720K), 1 survivors (1024K)
 Metaspace       used 55222K, committed 55680K, reserved 1097728K
  class space    used 7588K, committed 7808K, reserved 1048576K
}
Event: 8.499 GC heap after
{Heap after GC invocations=13 (full 0):
 garbage-first heap   total 68608K, used 22557K [0x0000000081c00000, 0x0000000100000000)
  region size 1024K, 2 young (2048K), 2 survivors (2048K)
 Metaspace       used 55222K, committed 55680K, reserved 1097728K
  class space    used 7588K, committed 7808K, reserved 1048576K
}
Event: 9.407 GC heap before
{Heap before GC invocations=14 (full 0):
 garbage-first heap   total 68608K, used 53277K [0x0000000081c00000, 0x0000000100000000)
  region size 1024K, 32 young (32768K), 2 survivors (2048K)
 Metaspace       used 59399K, committed 59840K, reserved 1105920K
  class space    used 8182K, committed 8384K, reserved 1048576K
}
Event: 9.420 GC heap after
{Heap after GC invocations=15 (full 0):
 garbage-first heap   total 68608K, used 24899K [0x0000000081c00000, 0x0000000100000000)
  region size 1024K, 4 young (4096K), 4 survivors (4096K)
 Metaspace       used 59399K, committed 59840K, reserved 1105920K
  class space    used 8182K, committed 8384K, reserved 1048576K
}

Deoptimization events (20 events):
Event: 10.013 Thread 0x00000280ec74eb00 Uncommon trap: trap_request=0xffffff45 fr.pc=0x0000028087d0cba0 relative=0x0000000000000100
Event: 10.013 Thread 0x00000280ec74eb00 Uncommon trap: reason=unstable_if action=reinterpret pc=0x0000028087d0cba0 method=java.util.ArrayList.indexOfRange(Ljava/lang/Object;II)I @ 7 c2
Event: 10.013 Thread 0x00000280ec74eb00 DEOPT PACKING pc=0x0000028087d0cba0 sp=0x000000816e0fc520
Event: 10.013 Thread 0x00000280ec74eb00 DEOPT UNPACKING pc=0x00000280875823a3 sp=0x000000816e0fc4a0 mode 2
Event: 10.082 Thread 0x00000280ec74eb00 Uncommon trap: trap_request=0xffffffde fr.pc=0x0000028087df19dc relative=0x000000000000457c
Event: 10.082 Thread 0x00000280ec74eb00 Uncommon trap: reason=class_check action=maybe_recompile pc=0x0000028087df19dc method=org.springframework.core.annotation.AnnotationsScanner.processClassHierarchy(Ljava/lang/Object;[ILjava/lang/Class;Lorg/springframework/core/annotation/AnnotationsProcess
Event: 10.082 Thread 0x00000280ec74eb00 DEOPT PACKING pc=0x0000028087df19dc sp=0x000000816e0fd2b0
Event: 10.082 Thread 0x00000280ec74eb00 DEOPT UNPACKING pc=0x00000280875823a3 sp=0x000000816e0fd320 mode 2
Event: 10.083 Thread 0x00000280ec74eb00 Uncommon trap: trap_request=0xffffffde fr.pc=0x0000028087df19dc relative=0x000000000000457c
Event: 10.083 Thread 0x00000280ec74eb00 Uncommon trap: reason=class_check action=maybe_recompile pc=0x0000028087df19dc method=org.springframework.core.annotation.AnnotationsScanner.processClassHierarchy(Ljava/lang/Object;[ILjava/lang/Class;Lorg/springframework/core/annotation/AnnotationsProcess
Event: 10.083 Thread 0x00000280ec74eb00 DEOPT PACKING pc=0x0000028087df19dc sp=0x000000816e0fd210
Event: 10.083 Thread 0x00000280ec74eb00 DEOPT UNPACKING pc=0x00000280875823a3 sp=0x000000816e0fd280 mode 2
Event: 10.143 Thread 0x00000280ec74eb00 Uncommon trap: trap_request=0xffffffde fr.pc=0x0000028087bbb9bc relative=0x0000000000001a1c
Event: 10.143 Thread 0x00000280ec74eb00 Uncommon trap: reason=class_check action=maybe_recompile pc=0x0000028087bbb9bc method=java.util.zip.InflaterInputStream.read([BII)I @ 100 c2
Event: 10.143 Thread 0x00000280ec74eb00 DEOPT PACKING pc=0x0000028087bbb9bc sp=0x000000816e0f9fc0
Event: 10.143 Thread 0x00000280ec74eb00 DEOPT UNPACKING pc=0x00000280875823a3 sp=0x000000816e0fa010 mode 2
Event: 10.143 Thread 0x00000280ec74eb00 Uncommon trap: trap_request=0xffffffde fr.pc=0x0000028087bbb9bc relative=0x0000000000001a1c
Event: 10.143 Thread 0x00000280ec74eb00 Uncommon trap: reason=class_check action=maybe_recompile pc=0x0000028087bbb9bc method=java.util.zip.InflaterInputStream.read([BII)I @ 100 c2
Event: 10.143 Thread 0x00000280ec74eb00 DEOPT PACKING pc=0x0000028087bbb9bc sp=0x000000816e0f9fc0
Event: 10.143 Thread 0x00000280ec74eb00 DEOPT UNPACKING pc=0x00000280875823a3 sp=0x000000816e0fa010 mode 2

Classes unloaded (0 events):
No events

Classes redefined (0 events):
No events

Internal exceptions (20 events):
Event: 9.013 Thread 0x00000280ec74eb00 Exception <a 'java/lang/reflect/InvocationTargetException'{0x0000000084dc8eb8}> (0x0000000084dc8eb8) 
thrown [s\open\src\hotspot\share\runtime\reflection.cpp, line 1121]
Event: 9.202 Thread 0x00000280ec74eb00 Exception <a 'java/lang/NoSuchMethodError'{0x0000000084731c08}: 'void java.lang.invoke.DirectMethodHandle$Holder.invokeInterface(java.lang.Object, java.lang.Object, int)'> (0x0000000084731c08) 
thrown [s\open\src\hotspot\share\interpreter\linkResolver.cpp, line 759]
Event: 9.212 Thread 0x00000280ec74eb00 Exception <a 'java/lang/IncompatibleClassChangeError'{0x0000000084780aa8}: Found class java.lang.Object, but interface was expected> (0x0000000084780aa8) 
thrown [s\open\src\hotspot\share\interpreter\linkResolver.cpp, line 826]
Event: 9.213 Thread 0x00000280ec74eb00 Exception <a 'java/lang/NoSuchMethodError'{0x0000000084791588}: 'int java.lang.invoke.DirectMethodHandle$Holder.invokeSpecialIFC(java.lang.Object, java.lang.Object, java.lang.Object)'> (0x0000000084791588) 
thrown [s\open\src\hotspot\share\interpreter\linkResolver.cpp, line 759]
Event: 9.215 Thread 0x00000280ec74eb00 Exception <a 'java/lang/NoSuchMethodError'{0x000000008479f460}: 'void java.lang.invoke.DirectMethodHandle$Holder.invokeStatic(java.lang.Object, int, java.lang.Object)'> (0x000000008479f460) 
thrown [s\open\src\hotspot\share\interpreter\linkResolver.cpp, line 759]
Event: 9.559 Thread 0x00000280ec74eb00 Exception <a 'sun/nio/fs/WindowsException'{0x0000000085aa9158}> (0x0000000085aa9158) 
thrown [s\open\src\hotspot\share\prims\jni.cpp, line 516]
Event: 9.560 Thread 0x00000280ec74eb00 Exception <a 'sun/nio/fs/WindowsException'{0x0000000085aac7b8}> (0x0000000085aac7b8) 
thrown [s\open\src\hotspot\share\prims\jni.cpp, line 516]
Event: 9.684 Thread 0x00000280ec74eb00 Exception <a 'java/lang/IncompatibleClassChangeError'{0x000000008556f0e0}: Found class java.lang.Object, but interface was expected> (0x000000008556f0e0) 
thrown [s\open\src\hotspot\share\interpreter\linkResolver.cpp, line 826]
Event: 9.746 Thread 0x00000280ec74eb00 Exception <a 'java/lang/NoSuchMethodError'{0x000000008534c460}: 'void java.lang.invoke.DirectMethodHandle$Holder.invokeVirtual(java.lang.Object, java.lang.Object, int)'> (0x000000008534c460) 
thrown [s\open\src\hotspot\share\interpreter\linkResolver.cpp, line 759]
Event: 9.750 Thread 0x00000280ec74eb00 Exception <a 'java/lang/NoSuchMethodError'{0x0000000085374038}: 'void java.lang.invoke.DirectMethodHandle$Holder.invokeVirtual(java.lang.Object, java.lang.Object, long)'> (0x0000000085374038) 
thrown [s\open\src\hotspot\share\interpreter\linkResolver.cpp, line 759]
Event: 9.896 Thread 0x00000280ec74eb00 Exception <a 'java/lang/IncompatibleClassChangeError'{0x0000000084e44218}: Found class java.lang.Object, but interface was expected> (0x0000000084e44218) 
thrown [s\open\src\hotspot\share\interpreter\linkResolver.cpp, line 826]
Event: 9.911 Thread 0x00000280ec74eb00 Implicit null exception at 0x0000028087c2a940 to 0x0000028087c2ab4c
Event: 10.008 Thread 0x00000280ec74eb00 Exception <a 'java/lang/NoSuchMethodError'{0x0000000084a87968}: 'java.lang.Object java.lang.invoke.DirectMethodHandle$Holder.newInvokeSpecial(java.lang.Object, java.lang.Object, int, java.lang.Object, java.lang.Object)'> (0x0000000084a87968) 
thrown [s\open\src\hotspot\share\interpreter\linkResolver.cpp, line 759]
Event: 10.009 Thread 0x00000280ec74eb00 Exception <a 'java/lang/NoSuchMethodError'{0x0000000084a934a0}: 'java.lang.Object java.lang.invoke.DirectMethodHandle$Holder.invokeSpecial(java.lang.Object, java.lang.Object, int, java.lang.Object, int, java.lang.Object)'> (0x0000000084a934a0) 
thrown [s\open\src\hotspot\share\interpreter\linkResolver.cpp, line 759]
Event: 10.010 Thread 0x00000280ec74eb00 Exception <a 'java/lang/NoSuchMethodError'{0x0000000084a9b730}: 'java.lang.Object java.lang.invoke.DirectMethodHandle$Holder.newInvokeSpecial(java.lang.Object, java.lang.Object, int, java.lang.Object, int)'> (0x0000000084a9b730) 
thrown [s\open\src\hotspot\share\interpreter\linkResolver.cpp, line 759]
Event: 10.010 Thread 0x00000280ec74eb00 Exception <a 'java/lang/NoSuchMethodError'{0x0000000084a9fd38}: 'java.lang.Object java.lang.invoke.DirectMethodHandle$Holder.invokeSpecial(java.lang.Object, java.lang.Object, java.lang.Object, int, java.lang.Object, int)'> (0x0000000084a9fd38) 
thrown [s\open\src\hotspot\share\interpreter\linkResolver.cpp, line 759]
Event: 10.074 Thread 0x00000280ec74eb00 Exception <a 'java/lang/NoSuchMethodError'{0x0000000084806920}: 'int java.lang.invoke.DirectMethodHandle$Holder.invokeStatic(java.lang.Object, java.lang.Object, int)'> (0x0000000084806920) 
thrown [s\open\src\hotspot\share\interpreter\linkResolver.cpp, line 759]
Event: 10.136 Thread 0x00000280ec74eb00 Exception <a 'java/lang/reflect/InvocationTargetException'{0x0000000084772ae0}> (0x0000000084772ae0) 
thrown [s\open\src\hotspot\share\runtime\reflection.cpp, line 1121]
Event: 10.152 Thread 0x00000280ec74eb00 Exception <a 'java/lang/NoSuchMethodError'{0x0000000084793230}: 'void java.lang.invoke.DirectMethodHandle$Holder.invokeStatic(java.lang.Object, long)'> (0x0000000084793230) 
thrown [s\open\src\hotspot\share\interpreter\linkResolver.cpp, line 759]
Event: 10.153 Thread 0x00000280ec74eb00 Exception <a 'java/lang/NoSuchMethodError'{0x0000000084798ba8}: 'java.lang.Object java.lang.invoke.DirectMethodHandle$Holder.newInvokeSpecial(java.lang.Object, long)'> (0x0000000084798ba8) 
thrown [s\open\src\hotspot\share\interpreter\linkResolver.cpp, line 759]

VM Operations (20 events):
Event: 8.490 Executing VM operation: G1CollectForAllocation
Event: 8.499 Executing VM operation: G1CollectForAllocation done
Event: 8.566 Executing VM operation: G1Concurrent
Event: 8.574 Executing VM operation: G1Concurrent done
Event: 8.600 Executing VM operation: G1Concurrent
Event: 8.601 Executing VM operation: G1Concurrent done
Event: 8.801 Executing VM operation: HandshakeAllThreads
Event: 8.801 Executing VM operation: HandshakeAllThreads done
Event: 8.930 Executing VM operation: HandshakeAllThreads
Event: 8.930 Executing VM operation: HandshakeAllThreads done
Event: 9.279 Executing VM operation: ICBufferFull
Event: 9.279 Executing VM operation: ICBufferFull done
Event: 9.407 Executing VM operation: G1CollectForAllocation
Event: 9.420 Executing VM operation: G1CollectForAllocation done
Event: 9.449 Executing VM operation: HandshakeAllThreads
Event: 9.449 Executing VM operation: HandshakeAllThreads done
Event: 9.489 Executing VM operation: HandshakeAllThreads
Event: 9.489 Executing VM operation: HandshakeAllThreads done
Event: 9.782 Executing VM operation: HandshakeAllThreads
Event: 9.782 Executing VM operation: HandshakeAllThreads done

Events (20 events):
Event: 10.136 loading class java/lang/instrument/Instrumentation
Event: 10.136 loading class java/lang/instrument/Instrumentation done
Event: 10.142 loading class java/util/jar/JarInputStream
Event: 10.142 loading class java/util/zip/ZipInputStream
Event: 10.142 loading class java/util/zip/ZipInputStream done
Event: 10.142 loading class java/util/jar/JarInputStream done
Event: 10.142 loading class java/io/PushbackInputStream
Event: 10.143 loading class java/io/PushbackInputStream done
Event: 10.143 loading class sun/security/util/ManifestEntryVerifier
Event: 10.143 loading class sun/security/util/ManifestEntryVerifier done
Event: 10.146 loading class java/lang/ProcessBuilder
Event: 10.146 loading class java/lang/ProcessBuilder done
Event: 10.146 loading class java/lang/ProcessImpl
Event: 10.147 loading class java/lang/ProcessImpl done
Event: 10.154 loading class java/lang/ProcessImpl$2
Event: 10.154 loading class java/lang/ProcessImpl$2 done
Event: 10.154 loading class java/lang/Process$PipeInputStream
Event: 10.154 loading class java/lang/Process$PipeInputStream done
Event: 10.154 loading class jdk/internal/event/ProcessStartEvent
Event: 10.154 loading class jdk/internal/event/ProcessStartEvent done


Dynamic libraries:
0x00007ff7fde70000 - 0x00007ff7fde80000 	C:\Program Files\Java\jdk-17\bin\java.exe
0x00007ff96dc30000 - 0x00007ff96de28000 	C:\WINDOWS\SYSTEM32\ntdll.dll
0x00007ff96c890000 - 0x00007ff96c94d000 	C:\WINDOWS\System32\KERNEL32.DLL
0x00007ff96b900000 - 0x00007ff96bbf6000 	C:\WINDOWS\System32\KERNELBASE.dll
0x00007ff96b670000 - 0x00007ff96b770000 	C:\WINDOWS\System32\ucrtbase.dll
0x00007ff965fd0000 - 0x00007ff965feb000 	C:\Program Files\Java\jdk-17\bin\VCRUNTIME140.dll
0x00007ff963ea0000 - 0x00007ff963eb8000 	C:\Program Files\Java\jdk-17\bin\jli.dll
0x00007ff96cce0000 - 0x00007ff96cd8f000 	C:\WINDOWS\System32\ADVAPI32.dll
0x00007ff96d5a0000 - 0x00007ff96d63e000 	C:\WINDOWS\System32\msvcrt.dll
0x00007ff96c980000 - 0x00007ff96ca1c000 	C:\WINDOWS\System32\sechost.dll
0x00007ff96d640000 - 0x00007ff96d766000 	C:\WINDOWS\System32\RPCRT4.dll
0x00007ff96d9f0000 - 0x00007ff96db8e000 	C:\WINDOWS\System32\USER32.dll
0x00007ff96b4d0000 - 0x00007ff96b4f2000 	C:\WINDOWS\System32\win32u.dll
0x00007ff96c950000 - 0x00007ff96c97c000 	C:\WINDOWS\System32\GDI32.dll
0x00007ff96b550000 - 0x00007ff96b66a000 	C:\WINDOWS\System32\gdi32full.dll
0x00007ff96b310000 - 0x00007ff96b3ad000 	C:\WINDOWS\System32\msvcp_win.dll
0x00007ff955080000 - 0x00007ff95531a000 	C:\WINDOWS\WinSxS\amd64_microsoft.windows.common-controls_6595b64144ccf1df_6.0.19041.3636_none_60b6a03d71f818d5\COMCTL32.dll
0x00007ff95dec0000 - 0x00007ff95deca000 	C:\WINDOWS\SYSTEM32\VERSION.dll
0x00007ff96cbd0000 - 0x00007ff96cc00000 	C:\WINDOWS\System32\IMM32.DLL
0x00007ff965fc0000 - 0x00007ff965fcc000 	C:\Program Files\Java\jdk-17\bin\vcruntime140_1.dll
0x00007ff94aed0000 - 0x00007ff94af5e000 	C:\Program Files\Java\jdk-17\bin\msvcp140.dll
0x00007ff934af0000 - 0x00007ff9356c7000 	C:\Program Files\Java\jdk-17\bin\server\jvm.dll
0x00007ff96d590000 - 0x00007ff96d598000 	C:\WINDOWS\System32\PSAPI.DLL
0x00007ff957740000 - 0x00007ff957767000 	C:\WINDOWS\SYSTEM32\WINMM.dll
0x00007ff953df0000 - 0x00007ff953df9000 	C:\WINDOWS\SYSTEM32\WSOCK32.dll
0x00007ff96c310000 - 0x00007ff96c37b000 	C:\WINDOWS\System32\WS2_32.dll
0x00007ff969b60000 - 0x00007ff969b72000 	C:\WINDOWS\SYSTEM32\kernel.appcore.dll
0x00007ff9680a0000 - 0x00007ff9680aa000 	C:\Program Files\Java\jdk-17\bin\jimage.dll
0x00007ff969890000 - 0x00007ff969a74000 	C:\WINDOWS\SYSTEM32\DBGHELP.DLL
0x00007ff95a780000 - 0x00007ff95a7b4000 	C:\WINDOWS\SYSTEM32\dbgcore.DLL
0x00007ff96bc00000 - 0x00007ff96bc82000 	C:\WINDOWS\System32\bcryptPrimitives.dll
0x00007ff953ee0000 - 0x00007ff953f05000 	C:\Program Files\Java\jdk-17\bin\java.dll
0x00007ff9402a0000 - 0x00007ff940377000 	C:\Program Files\Java\jdk-17\bin\jsvml.dll
0x00007ff96ce40000 - 0x00007ff96d585000 	C:\WINDOWS\System32\SHELL32.dll
0x00007ff969020000 - 0x00007ff9697bb000 	C:\WINDOWS\SYSTEM32\windows.storage.dll
0x00007ff96c380000 - 0x00007ff96c6d4000 	C:\WINDOWS\System32\combase.dll
0x00007ff96ace0000 - 0x00007ff96ad0d000 	C:\WINDOWS\SYSTEM32\Wldp.dll
0x00007ff96cc00000 - 0x00007ff96ccad000 	C:\WINDOWS\System32\SHCORE.dll
0x00007ff96d990000 - 0x00007ff96d9e5000 	C:\WINDOWS\System32\shlwapi.dll
0x00007ff96b240000 - 0x00007ff96b265000 	C:\WINDOWS\SYSTEM32\profapi.dll
0x00007ff94afa0000 - 0x00007ff94afb9000 	C:\Program Files\Java\jdk-17\bin\net.dll
0x00007ff95def0000 - 0x00007ff95dffa000 	C:\WINDOWS\SYSTEM32\WINHTTP.dll
0x00007ff96aa40000 - 0x00007ff96aaaa000 	C:\WINDOWS\system32\mswsock.dll
0x00007ff94af80000 - 0x00007ff94af96000 	C:\Program Files\Java\jdk-17\bin\nio.dll
0x00007ff94afe0000 - 0x00007ff94aff8000 	C:\Program Files\Java\jdk-17\bin\zip.dll
0x00007ff965ef0000 - 0x00007ff965efa000 	C:\Program Files\Java\jdk-17\bin\management.dll
0x00007ff964f20000 - 0x00007ff964f2b000 	C:\Program Files\Java\jdk-17\bin\management_ext.dll
0x00007ff9637a0000 - 0x00007ff9637ad000 	C:\Program Files\Java\jdk-17\bin\sunmscapi.dll
0x00007ff96b7a0000 - 0x00007ff96b8fd000 	C:\WINDOWS\System32\CRYPT32.dll
0x00007ff96ad50000 - 0x00007ff96ad77000 	C:\WINDOWS\SYSTEM32\ncrypt.dll
0x00007ff96ad10000 - 0x00007ff96ad4b000 	C:\WINDOWS\SYSTEM32\NTASN1.dll
0x00007ff96ac40000 - 0x00007ff96ac58000 	C:\WINDOWS\SYSTEM32\CRYPTSP.dll
0x00007ff96a310000 - 0x00007ff96a344000 	C:\WINDOWS\system32\rsaenh.dll
0x00007ff96b770000 - 0x00007ff96b797000 	C:\WINDOWS\System32\bcrypt.dll
0x00007ff96b200000 - 0x00007ff96b22e000 	C:\WINDOWS\SYSTEM32\USERENV.dll
0x00007ff96ac30000 - 0x00007ff96ac3c000 	C:\WINDOWS\SYSTEM32\CRYPTBASE.dll
0x00007ff96a6d0000 - 0x00007ff96a70b000 	C:\WINDOWS\SYSTEM32\IPHLPAPI.DLL
0x00007ff96d890000 - 0x00007ff96d898000 	C:\WINDOWS\System32\NSI.dll
0x00007ff95e240000 - 0x00007ff95e257000 	C:\WINDOWS\SYSTEM32\dhcpcsvc6.DLL
0x00007ff961050000 - 0x00007ff96106d000 	C:\WINDOWS\SYSTEM32\dhcpcsvc.DLL
0x00007ff96a770000 - 0x00007ff96a83a000 	C:\WINDOWS\SYSTEM32\DNSAPI.dll
0x00007ff965f50000 - 0x00007ff965f60000 	C:\Program Files\Java\jdk-17\bin\verify.dll
0x0000000060470000 - 0x0000000060496000 	C:\Program Files\Bonjour\mdnsNSP.dll
0x00007ff957790000 - 0x00007ff95779a000 	C:\Windows\System32\rasadhlp.dll
0x00007ff95b900000 - 0x00007ff95b980000 	C:\WINDOWS\System32\fwpuclnt.dll

dbghelp: loaded successfully - version: 4.0.5 - missing functions: none
symbol engine: initialized successfully - sym options: 0x614 - pdb path: .;C:\Program Files\Java\jdk-17\bin;C:\WINDOWS\SYSTEM32;C:\WINDOWS\WinSxS\amd64_microsoft.windows.common-controls_6595b64144ccf1df_6.0.19041.3636_none_60b6a03d71f818d5;C:\Program Files\Java\jdk-17\bin\server;C:\Program Files\Bonjour

VM Arguments:
java_command: C:\Users\Shatabdi\AppData\Local\Temp\surefire18421272205602804816\surefirebooter-20231228021912211_3.jar C:\Users\Shatabdi\AppData\Local\Temp\surefire18421272205602804816 2023-12-28T02-19-11_927-jvmRun1 surefire-20231228021912211_1tmp surefire_0-20231228021912211_2tmp
java_class_path (initial): C:\Users\Shatabdi\AppData\Local\Temp\surefire18421272205602804816\surefirebooter-20231228021912211_3.jar
Launcher Type: SUN_STANDARD

[Global flags]
     intx CICompilerCount                          = 3                                         {product} {ergonomic}
     uint ConcGCThreads                            = 1                                         {product} {ergonomic}
     uint G1ConcRefinementThreads                  = 4                                         {product} {ergonomic}
   size_t G1HeapRegionSize                         = 1048576                                   {product} {ergonomic}
    uintx GCDrainStackTargetSize                   = 64                                        {product} {ergonomic}
   size_t InitialHeapSize                          = 134217728                                 {product} {ergonomic}
   size_t MarkStackSize                            = 4194304                                   {product} {ergonomic}
   size_t MaxHeapSize                              = 2118123520                                {product} {ergonomic}
   size_t MaxNewSize                               = 1270874112                                {product} {ergonomic}
   size_t MinHeapDeltaBytes                        = 1048576                                   {product} {ergonomic}
   size_t MinHeapSize                              = 8388608                                   {product} {ergonomic}
    uintx NonNMethodCodeHeapSize                   = 5832780                                {pd product} {ergonomic}
    uintx NonProfiledCodeHeapSize                  = 122912730                              {pd product} {ergonomic}
    uintx ProfiledCodeHeapSize                     = 122912730                              {pd product} {ergonomic}
    uintx ReservedCodeCacheSize                    = 251658240                              {pd product} {ergonomic}
     bool SegmentedCodeCache                       = true                                      {product} {ergonomic}
   size_t SoftMaxHeapSize                          = 2118123520                             {manageable} {ergonomic}
     bool UseCompressedClassPointers               = true                           {product lp64_product} {ergonomic}
     bool UseCompressedOops                        = true                           {product lp64_product} {ergonomic}
     bool UseG1GC                                  = true                                      {product} {ergonomic}
     bool UseLargePagesIndividualAllocation        = false                                  {pd product} {ergonomic}

Logging:
Log output configuration:
 #0: stdout all=warning uptime,level,tags
 #1: stderr all=off uptime,level,tags

Environment Variables:
JAVA_HOME=C:\Program Files\Java\jdk-17
CLASSPATH=E:\test\mypack.jar;.;
PATH=C:/Program Files/Java/jdk-17/bin/server;C:/Program Files/Java/jdk-17/bin;C:\Program Files\Common Files\Oracle\Java\javapath;C:\Python311\Scripts\;C:\Python311\;C:\Program Files\Java\jdk-17\bin;C:\Program Files\Intel\Intel(R) Management Engine Components\iCLS\;C:\WINDOWS\system32;C:\WINDOWS;C:\WINDOWS\System32\Wbem;C:\WINDOWS\System32\WindowsPowerShell\v1.0\;C:\Program Files (x86)\Intel\Intel(R) Management Engine Components\DAL;C:\Program Files\Intel\Intel(R) Management Engine Components\DAL;C:\Program Files (x86)\Intel\Intel(R) Management Engine Components\IPT;C:\Program Files\Intel\Intel(R) Management Engine Components\IPT;C:\WINDOWS\System32\OpenSSH\;C:\Program Files\nodejs\;C:\ProgramData\chocolatey\bin;C:\Program Files\apache-maven-3.8.7\bin;C:\Program Files\Git\cmd;C:\Users\Shatabdi\AppData\Local\Android\cmdline-tools\tools;C:\Users\Shatabdi\AppData\Local\Android\cmdline-tools\tools\bin;C:\Users\Shatabdi\AppData\Local\Android\platform-tools;C:\Program Files\TortoiseGit\bin;C:\HashiCorp\Vagrant\bin;C:\Program Files\MongoDB\Server\6.0\bin;C:\mongosh\bin;C:\Program Files\MySQL\MySQL Shell 8.0\bin\;C:\Users\Shatabdi\AppData\Local\Programs\Python\Python39\Scripts\;C:\Users\Shatabdi\AppData\Local\Programs\Python\Python39\;C:\Users\Shatabdi\AppData\Local\Microsoft\WindowsApps;C:\Program Files\Java\jdk-17\bin;C:\Users\Shatabdi\AppData\Roaming\npm;;C:\Users\Shatabdi\AppData\Local\Programs\Microsoft VS Code\bin;C:\WINDOWS\system32;
USERNAME=Shatabdi
OS=Windows_NT
PROCESSOR_IDENTIFIER=Intel64 Family 6 Model 142 Stepping 9, GenuineIntel



---------------  S Y S T E M  ---------------

OS:
 Windows 10 , 64 bit Build 19041 (10.0.19041.3636)
OS uptime: 0 days 5:20 hours

CPU: total 4 (initial active 4) (2 cores per cpu, 2 threads per core) family 6 model 142 stepping 9 microcode 0xb4, cx8, cmov, fxsr, ht, mmx, 3dnowpref, sse, sse2, sse3, ssse3, sse4.1, sse4.2, popcnt, lzcnt, tsc, tscinvbit, avx, avx2, aes, erms, clmul, bmi1, bmi2, adx, fma, vzeroupper, clflush, clflushopt

Memory: 4k page, system-wide physical 8074M (1096M free)
TotalPageFile size 10122M (AvailPageFile size 5M)
current process WorkingSet (physical memory assigned to process): 241M, peak: 275M
current process commit charge ("private bytes"): 273M, peak: 307M

vm_info: Java HotSpot(TM) 64-Bit Server VM (17.0.6+9-LTS-190) for windows-amd64 JRE (17.0.6+9-LTS-190), built on Dec  6 2022 15:53:54 by "mach5one" with MS VC++ 17.1 (VS2022)

END.
