#
# There is insufficient memory for the Java Runtime Environment to continue.
# Native memory allocation (malloc) failed to allocate 1338736 bytes for Chunk::new
# Possible reasons:
#   The system is out of physical RAM or swap space
#   The process is running with CompressedOops enabled, and the Java Heap may be blocking the growth of the native heap
# Possible solutions:
#   Reduce memory load on the system
#   Increase physical memory or swap space
#   Check if swap backing store is full
#   Decrease Java heap size (-Xmx/-Xms)
#   Decrease number of Java threads
#   Decrease Java thread stack sizes (-Xss)
#   Set larger code cache with -XX:ReservedCodeCacheSize=
#   JVM is running with Unscaled Compressed Oops mode in which the Java heap is
#     placed in the first 4GB address space. The Java Heap base address is the
#     maximum limit for the native heap growth. Please use -XX:HeapBaseMinAddress
#     to set the Java Heap base and to place the Java Heap above 4GB virtual address.
# This output file may be truncated or incomplete.
#
#  Out of Memory Error (arena.cpp:189), pid=11168, tid=6648
#
# JRE version: Java(TM) SE Runtime Environment (17.0.6+9) (build 17.0.6+9-LTS-190)
# Java VM: Java HotSpot(TM) 64-Bit Server VM (17.0.6+9-LTS-190, mixed mode, tiered, compressed oops, compressed class ptrs, g1 gc, windows-amd64)
# No core dump will be written. Minidumps are not enabled by default on client versions of Windows
#

---------------  S U M M A R Y ------------

Command Line: C:\Users\Shatabdi\AppData\Local\Temp\surefire9508359977742515297\surefirebooter-20231228023712700_3.jar C:\Users\Shatabdi\AppData\Local\Temp\surefire9508359977742515297 2023-12-28T02-37-12_427-jvmRun1 surefire-20231228023712700_1tmp surefire_0-20231228023712700_2tmp

Host: Intel(R) Core(TM) i3-7020U CPU @ 2.30GHz, 4 cores, 7G,  Windows 10 , 64 bit Build 19041 (10.0.19041.3636)
Time: Thu Dec 28 02:37:13 2023 India Standard Time elapsed time: 0.897603 seconds (0d 0h 0m 0s)

---------------  T H R E A D  ---------------

Current thread (0x0000021eab01c7d0):  JavaThread "C2 CompilerThread0" daemon [_thread_in_native, id=6648, stack(0x00000028fa400000,0x00000028fa500000)]


Current CompileTask:
C2:    897  755   !   4       jdk.internal.loader.URLClassPath$JarLoader::getResource (65 bytes)

Stack: [0x00000028fa400000,0x00000028fa500000]
Native frames: (J=compiled Java code, j=interpreted, Vv=VM code, C=native code)
V  [jvm.dll+0x6734ea]
V  [jvm.dll+0x7d18f4]
V  [jvm.dll+0x7d309e]
V  [jvm.dll+0x7d3703]
V  [jvm.dll+0x2433c5]
V  [jvm.dll+0xaa46b]
V  [jvm.dll+0xaaa0c]
V  [jvm.dll+0x35eadf]
V  [jvm.dll+0x329401]
V  [jvm.dll+0x32889a]
V  [jvm.dll+0x215ddf]
V  [jvm.dll+0x215211]
V  [jvm.dll+0x1a1730]
V  [jvm.dll+0x224b6e]
V  [jvm.dll+0x222f15]
V  [jvm.dll+0x78753c]
V  [jvm.dll+0x781a7a]
V  [jvm.dll+0x672375]
C  [ucrtbase.dll+0x21bb2]
C  [KERNEL32.DLL+0x17344]
C  [ntdll.dll+0x526b1]


---------------  P R O C E S S  ---------------

Threads class SMR info:
_java_thread_list=0x0000021eab8d7df0, length=15, elements={
0x0000021e8ae8e750, 0x0000021eaa6a6620, 0x0000021eaa6a7620, 0x0000021eaa6c9b80,
0x0000021eaa6cc450, 0x0000021eaa6ccd10, 0x0000021eaa6cd5d0, 0x0000021eab01c7d0,
0x0000021eab025190, 0x0000021eab028280, 0x0000021eab178370, 0x0000021eab195020,
0x0000021eab3b53c0, 0x0000021eab5e2840, 0x0000021eab8e13d0
}

Java Threads: ( => current thread )
  0x0000021e8ae8e750 JavaThread "main" [_thread_in_vm, id=5304, stack(0x00000028f9600000,0x00000028f9700000)]
  0x0000021eaa6a6620 JavaThread "Reference Handler" daemon [_thread_blocked, id=8980, stack(0x00000028f9d00000,0x00000028f9e00000)]
  0x0000021eaa6a7620 JavaThread "Finalizer" daemon [_thread_blocked, id=9084, stack(0x00000028f9e00000,0x00000028f9f00000)]
  0x0000021eaa6c9b80 JavaThread "Signal Dispatcher" daemon [_thread_blocked, id=3284, stack(0x00000028fa000000,0x00000028fa100000)]
  0x0000021eaa6cc450 JavaThread "Attach Listener" daemon [_thread_blocked, id=11624, stack(0x00000028fa100000,0x00000028fa200000)]
  0x0000021eaa6ccd10 JavaThread "Service Thread" daemon [_thread_blocked, id=14888, stack(0x00000028fa200000,0x00000028fa300000)]
  0x0000021eaa6cd5d0 JavaThread "Monitor Deflation Thread" daemon [_thread_blocked, id=7808, stack(0x00000028fa300000,0x00000028fa400000)]
=>0x0000021eab01c7d0 JavaThread "C2 CompilerThread0" daemon [_thread_in_native, id=6648, stack(0x00000028fa400000,0x00000028fa500000)]
  0x0000021eab025190 JavaThread "C1 CompilerThread0" daemon [_thread_blocked, id=10284, stack(0x00000028fa500000,0x00000028fa600000)]
  0x0000021eab028280 JavaThread "Sweeper thread" daemon [_thread_blocked, id=5632, stack(0x00000028fa600000,0x00000028fa700000)]
  0x0000021eab178370 JavaThread "Notification Thread" daemon [_thread_blocked, id=6320, stack(0x00000028fa700000,0x00000028fa800000)]
  0x0000021eab195020 JavaThread "Common-Cleaner" daemon [_thread_blocked, id=2480, stack(0x00000028fa900000,0x00000028faa00000)]
  0x0000021eab3b53c0 JavaThread "surefire-forkedjvm-stream-flusher" daemon [_thread_blocked, id=3760, stack(0x00000028faa00000,0x00000028fab00000)]
  0x0000021eab5e2840 JavaThread "surefire-forkedjvm-command-thread" daemon [_thread_in_native, id=12668, stack(0x00000028fab00000,0x00000028fac00000)]
  0x0000021eab8e13d0 JavaThread "C2 CompilerThread1" daemon [_thread_in_native, id=10536, stack(0x00000028fb000000,0x00000028fb100000)]

Other Threads:
  0x0000021eaa63fd90 VMThread "VM Thread" [stack: 0x00000028f9c00000,0x00000028f9d00000] [id=1720]
  0x0000021e8af0aac0 WatcherThread [stack: 0x00000028fa800000,0x00000028fa900000] [id=2316]
  0x0000021e8aee98c0 GCTaskThread "GC Thread#0" [stack: 0x00000028f9700000,0x00000028f9800000] [id=6592]
  0x0000021eab8dc640 GCTaskThread "GC Thread#1" [stack: 0x00000028fac00000,0x00000028fad00000] [id=1540]
  0x0000021eab8dc8f0 GCTaskThread "GC Thread#2" [stack: 0x00000028fad00000,0x00000028fae00000] [id=6372]
  0x0000021eab8bc090 GCTaskThread "GC Thread#3" [stack: 0x00000028fae00000,0x00000028faf00000] [id=14876]
  0x0000021e8aefa390 ConcurrentGCThread "G1 Main Marker" [stack: 0x00000028f9800000,0x00000028f9900000] [id=10952]
  0x0000021e8aefb450 ConcurrentGCThread "G1 Conc#0" [stack: 0x00000028f9900000,0x00000028f9a00000] [id=9780]
  0x0000021eaa4e0090 ConcurrentGCThread "G1 Refine#0" [stack: 0x00000028f9a00000,0x00000028f9b00000] [id=11352]
  0x0000021eab8bc340 ConcurrentGCThread "G1 Refine#1" [stack: 0x00000028faf00000,0x00000028fb000000] [id=6928]
  0x0000021eaa4e09c0 ConcurrentGCThread "G1 Service" [stack: 0x00000028f9b00000,0x00000028f9c00000] [id=11856]

Threads with active compile tasks:
C2 CompilerThread0      936  755   !   4       jdk.internal.loader.URLClassPath$JarLoader::getResource (65 bytes)
C2 CompilerThread1      936  973       4       java.lang.StringBuilder::toString (35 bytes)

VM state: not at safepoint (normal execution)

VM Mutex/Monitor currently owned by a thread: None

Heap address: 0x0000000081c00000, size: 2020 MB, Compressed Oops mode: 32-bit

CDS archive(s) not mapped
Compressed class space mapped at: 0x0000000100000000-0x0000000140000000, reserved size: 1073741824
Narrow klass base: 0x0000000000000000, Narrow klass shift: 3, Narrow klass range: 0x140000000

GC Precious Log:
 CPUs: 4 total, 4 available
 Memory: 8074M
 Large Page Support: Disabled
 NUMA Support: Disabled
 Compressed Oops: Enabled (32-bit)
 Heap Region Size: 1M
 Heap Min Capacity: 8M
 Heap Initial Capacity: 128M
 Heap Max Capacity: 2020M
 Pre-touch: Disabled
 Parallel Workers: 4
 Concurrent Workers: 1
 Concurrent Refinement Workers: 4
 Periodic GC: Disabled

Heap:
 garbage-first heap   total 131072K, used 13642K [0x0000000081c00000, 0x0000000100000000)
  region size 1024K, 9 young (9216K), 2 survivors (2048K)
 Metaspace       used 12168K, committed 12224K, reserved 1064960K
  class space    used 1191K, committed 1216K, reserved 1048576K

Heap Regions: E=young(eden), S=young(survivor), O=old, HS=humongous(starts), HC=humongous(continues), CS=collection set, F=free, OA=open archive, CA=closed archive, TAMS=top-at-mark-start (previous, next)
|   0|0x0000000081c00000, 0x0000000081d00000, 0x0000000081d00000|100%|HS|  |TAMS 0x0000000081c00000, 0x0000000081c00000| Complete 
|   1|0x0000000081d00000, 0x0000000081e00000, 0x0000000081e00000|100%| O|  |TAMS 0x0000000081d00000, 0x0000000081d00000| Untracked 
|   2|0x0000000081e00000, 0x0000000081f00000, 0x0000000081f00000|100%| O|  |TAMS 0x0000000081e00000, 0x0000000081e00000| Untracked 
|   3|0x0000000081f00000, 0x0000000082000000, 0x0000000082000000|100%| O|  |TAMS 0x0000000081f00000, 0x0000000081f00000| Untracked 
|   4|0x0000000082000000, 0x0000000082100000, 0x0000000082100000|100%| O|  |TAMS 0x0000000082000000, 0x0000000082000000| Untracked 
|   5|0x0000000082100000, 0x0000000082152800, 0x0000000082200000| 32%| O|  |TAMS 0x0000000082100000, 0x0000000082100000| Untracked 
|   6|0x0000000082200000, 0x0000000082200000, 0x0000000082300000|  0%| F|  |TAMS 0x0000000082200000, 0x0000000082200000| Untracked 
|   7|0x0000000082300000, 0x0000000082300000, 0x0000000082400000|  0%| F|  |TAMS 0x0000000082300000, 0x0000000082300000| Untracked 
|   8|0x0000000082400000, 0x0000000082400000, 0x0000000082500000|  0%| F|  |TAMS 0x0000000082400000, 0x0000000082400000| Untracked 
|   9|0x0000000082500000, 0x0000000082500000, 0x0000000082600000|  0%| F|  |TAMS 0x0000000082500000, 0x0000000082500000| Untracked 
|  10|0x0000000082600000, 0x0000000082600000, 0x0000000082700000|  0%| F|  |TAMS 0x0000000082600000, 0x0000000082600000| Untracked 
|  11|0x0000000082700000, 0x0000000082700000, 0x0000000082800000|  0%| F|  |TAMS 0x0000000082700000, 0x0000000082700000| Untracked 
|  12|0x0000000082800000, 0x0000000082800000, 0x0000000082900000|  0%| F|  |TAMS 0x0000000082800000, 0x0000000082800000| Untracked 
|  13|0x0000000082900000, 0x0000000082900000, 0x0000000082a00000|  0%| F|  |TAMS 0x0000000082900000, 0x0000000082900000| Untracked 
|  14|0x0000000082a00000, 0x0000000082a00000, 0x0000000082b00000|  0%| F|  |TAMS 0x0000000082a00000, 0x0000000082a00000| Untracked 
|  15|0x0000000082b00000, 0x0000000082b00000, 0x0000000082c00000|  0%| F|  |TAMS 0x0000000082b00000, 0x0000000082b00000| Untracked 
|  16|0x0000000082c00000, 0x0000000082c00000, 0x0000000082d00000|  0%| F|  |TAMS 0x0000000082c00000, 0x0000000082c00000| Untracked 
|  17|0x0000000082d00000, 0x0000000082d00000, 0x0000000082e00000|  0%| F|  |TAMS 0x0000000082d00000, 0x0000000082d00000| Untracked 
|  18|0x0000000082e00000, 0x0000000082e00000, 0x0000000082f00000|  0%| F|  |TAMS 0x0000000082e00000, 0x0000000082e00000| Untracked 
|  19|0x0000000082f00000, 0x0000000082f00000, 0x0000000083000000|  0%| F|  |TAMS 0x0000000082f00000, 0x0000000082f00000| Untracked 
|  20|0x0000000083000000, 0x0000000083000000, 0x0000000083100000|  0%| F|  |TAMS 0x0000000083000000, 0x0000000083000000| Untracked 
|  21|0x0000000083100000, 0x0000000083100000, 0x0000000083200000|  0%| F|  |TAMS 0x0000000083100000, 0x0000000083100000| Untracked 
|  22|0x0000000083200000, 0x0000000083200000, 0x0000000083300000|  0%| F|  |TAMS 0x0000000083200000, 0x0000000083200000| Untracked 
|  23|0x0000000083300000, 0x0000000083300000, 0x0000000083400000|  0%| F|  |TAMS 0x0000000083300000, 0x0000000083300000| Untracked 
|  24|0x0000000083400000, 0x0000000083400000, 0x0000000083500000|  0%| F|  |TAMS 0x0000000083400000, 0x0000000083400000| Untracked 
|  25|0x0000000083500000, 0x0000000083500000, 0x0000000083600000|  0%| F|  |TAMS 0x0000000083500000, 0x0000000083500000| Untracked 
|  26|0x0000000083600000, 0x0000000083600000, 0x0000000083700000|  0%| F|  |TAMS 0x0000000083600000, 0x0000000083600000| Untracked 
|  27|0x0000000083700000, 0x0000000083700000, 0x0000000083800000|  0%| F|  |TAMS 0x0000000083700000, 0x0000000083700000| Untracked 
|  28|0x0000000083800000, 0x0000000083800000, 0x0000000083900000|  0%| F|  |TAMS 0x0000000083800000, 0x0000000083800000| Untracked 
|  29|0x0000000083900000, 0x0000000083900000, 0x0000000083a00000|  0%| F|  |TAMS 0x0000000083900000, 0x0000000083900000| Untracked 
|  30|0x0000000083a00000, 0x0000000083a00000, 0x0000000083b00000|  0%| F|  |TAMS 0x0000000083a00000, 0x0000000083a00000| Untracked 
|  31|0x0000000083b00000, 0x0000000083b00000, 0x0000000083c00000|  0%| F|  |TAMS 0x0000000083b00000, 0x0000000083b00000| Untracked 
|  32|0x0000000083c00000, 0x0000000083c00000, 0x0000000083d00000|  0%| F|  |TAMS 0x0000000083c00000, 0x0000000083c00000| Untracked 
|  33|0x0000000083d00000, 0x0000000083d00000, 0x0000000083e00000|  0%| F|  |TAMS 0x0000000083d00000, 0x0000000083d00000| Untracked 
|  34|0x0000000083e00000, 0x0000000083e00000, 0x0000000083f00000|  0%| F|  |TAMS 0x0000000083e00000, 0x0000000083e00000| Untracked 
|  35|0x0000000083f00000, 0x0000000083f00000, 0x0000000084000000|  0%| F|  |TAMS 0x0000000083f00000, 0x0000000083f00000| Untracked 
|  36|0x0000000084000000, 0x0000000084000000, 0x0000000084100000|  0%| F|  |TAMS 0x0000000084000000, 0x0000000084000000| Untracked 
|  37|0x0000000084100000, 0x0000000084100000, 0x0000000084200000|  0%| F|  |TAMS 0x0000000084100000, 0x0000000084100000| Untracked 
|  38|0x0000000084200000, 0x0000000084200000, 0x0000000084300000|  0%| F|  |TAMS 0x0000000084200000, 0x0000000084200000| Untracked 
|  39|0x0000000084300000, 0x0000000084300000, 0x0000000084400000|  0%| F|  |TAMS 0x0000000084300000, 0x0000000084300000| Untracked 
|  40|0x0000000084400000, 0x0000000084400000, 0x0000000084500000|  0%| F|  |TAMS 0x0000000084400000, 0x0000000084400000| Untracked 
|  41|0x0000000084500000, 0x0000000084500000, 0x0000000084600000|  0%| F|  |TAMS 0x0000000084500000, 0x0000000084500000| Untracked 
|  42|0x0000000084600000, 0x0000000084600000, 0x0000000084700000|  0%| F|  |TAMS 0x0000000084600000, 0x0000000084600000| Untracked 
|  43|0x0000000084700000, 0x0000000084700000, 0x0000000084800000|  0%| F|  |TAMS 0x0000000084700000, 0x0000000084700000| Untracked 
|  44|0x0000000084800000, 0x0000000084800000, 0x0000000084900000|  0%| F|  |TAMS 0x0000000084800000, 0x0000000084800000| Untracked 
|  45|0x0000000084900000, 0x0000000084900000, 0x0000000084a00000|  0%| F|  |TAMS 0x0000000084900000, 0x0000000084900000| Untracked 
|  46|0x0000000084a00000, 0x0000000084a00000, 0x0000000084b00000|  0%| F|  |TAMS 0x0000000084a00000, 0x0000000084a00000| Untracked 
|  47|0x0000000084b00000, 0x0000000084b00000, 0x0000000084c00000|  0%| F|  |TAMS 0x0000000084b00000, 0x0000000084b00000| Untracked 
|  48|0x0000000084c00000, 0x0000000084c00000, 0x0000000084d00000|  0%| F|  |TAMS 0x0000000084c00000, 0x0000000084c00000| Untracked 
|  49|0x0000000084d00000, 0x0000000084d00000, 0x0000000084e00000|  0%| F|  |TAMS 0x0000000084d00000, 0x0000000084d00000| Untracked 
|  50|0x0000000084e00000, 0x0000000084e00000, 0x0000000084f00000|  0%| F|  |TAMS 0x0000000084e00000, 0x0000000084e00000| Untracked 
|  51|0x0000000084f00000, 0x0000000084f00000, 0x0000000085000000|  0%| F|  |TAMS 0x0000000084f00000, 0x0000000084f00000| Untracked 
|  52|0x0000000085000000, 0x0000000085000000, 0x0000000085100000|  0%| F|  |TAMS 0x0000000085000000, 0x0000000085000000| Untracked 
|  53|0x0000000085100000, 0x0000000085100000, 0x0000000085200000|  0%| F|  |TAMS 0x0000000085100000, 0x0000000085100000| Untracked 
|  54|0x0000000085200000, 0x0000000085200000, 0x0000000085300000|  0%| F|  |TAMS 0x0000000085200000, 0x0000000085200000| Untracked 
|  55|0x0000000085300000, 0x0000000085300000, 0x0000000085400000|  0%| F|  |TAMS 0x0000000085300000, 0x0000000085300000| Untracked 
|  56|0x0000000085400000, 0x0000000085400000, 0x0000000085500000|  0%| F|  |TAMS 0x0000000085400000, 0x0000000085400000| Untracked 
|  57|0x0000000085500000, 0x0000000085500000, 0x0000000085600000|  0%| F|  |TAMS 0x0000000085500000, 0x0000000085500000| Untracked 
|  58|0x0000000085600000, 0x0000000085600000, 0x0000000085700000|  0%| F|  |TAMS 0x0000000085600000, 0x0000000085600000| Untracked 
|  59|0x0000000085700000, 0x0000000085700000, 0x0000000085800000|  0%| F|  |TAMS 0x0000000085700000, 0x0000000085700000| Untracked 
|  60|0x0000000085800000, 0x0000000085800000, 0x0000000085900000|  0%| F|  |TAMS 0x0000000085800000, 0x0000000085800000| Untracked 
|  61|0x0000000085900000, 0x0000000085900000, 0x0000000085a00000|  0%| F|  |TAMS 0x0000000085900000, 0x0000000085900000| Untracked 
|  62|0x0000000085a00000, 0x0000000085a00000, 0x0000000085b00000|  0%| F|  |TAMS 0x0000000085a00000, 0x0000000085a00000| Untracked 
|  63|0x0000000085b00000, 0x0000000085b00000, 0x0000000085c00000|  0%| F|  |TAMS 0x0000000085b00000, 0x0000000085b00000| Untracked 
|  64|0x0000000085c00000, 0x0000000085c00000, 0x0000000085d00000|  0%| F|  |TAMS 0x0000000085c00000, 0x0000000085c00000| Untracked 
|  65|0x0000000085d00000, 0x0000000085d00000, 0x0000000085e00000|  0%| F|  |TAMS 0x0000000085d00000, 0x0000000085d00000| Untracked 
|  66|0x0000000085e00000, 0x0000000085e00000, 0x0000000085f00000|  0%| F|  |TAMS 0x0000000085e00000, 0x0000000085e00000| Untracked 
|  67|0x0000000085f00000, 0x0000000085f00000, 0x0000000086000000|  0%| F|  |TAMS 0x0000000085f00000, 0x0000000085f00000| Untracked 
|  68|0x0000000086000000, 0x0000000086000000, 0x0000000086100000|  0%| F|  |TAMS 0x0000000086000000, 0x0000000086000000| Untracked 
|  69|0x0000000086100000, 0x0000000086100000, 0x0000000086200000|  0%| F|  |TAMS 0x0000000086100000, 0x0000000086100000| Untracked 
|  70|0x0000000086200000, 0x0000000086200000, 0x0000000086300000|  0%| F|  |TAMS 0x0000000086200000, 0x0000000086200000| Untracked 
|  71|0x0000000086300000, 0x0000000086300000, 0x0000000086400000|  0%| F|  |TAMS 0x0000000086300000, 0x0000000086300000| Untracked 
|  72|0x0000000086400000, 0x0000000086400000, 0x0000000086500000|  0%| F|  |TAMS 0x0000000086400000, 0x0000000086400000| Untracked 
|  73|0x0000000086500000, 0x0000000086500000, 0x0000000086600000|  0%| F|  |TAMS 0x0000000086500000, 0x0000000086500000| Untracked 
|  74|0x0000000086600000, 0x0000000086600000, 0x0000000086700000|  0%| F|  |TAMS 0x0000000086600000, 0x0000000086600000| Untracked 
|  75|0x0000000086700000, 0x0000000086700000, 0x0000000086800000|  0%| F|  |TAMS 0x0000000086700000, 0x0000000086700000| Untracked 
|  76|0x0000000086800000, 0x0000000086800000, 0x0000000086900000|  0%| F|  |TAMS 0x0000000086800000, 0x0000000086800000| Untracked 
|  77|0x0000000086900000, 0x0000000086900000, 0x0000000086a00000|  0%| F|  |TAMS 0x0000000086900000, 0x0000000086900000| Untracked 
|  78|0x0000000086a00000, 0x0000000086a00000, 0x0000000086b00000|  0%| F|  |TAMS 0x0000000086a00000, 0x0000000086a00000| Untracked 
|  79|0x0000000086b00000, 0x0000000086b00000, 0x0000000086c00000|  0%| F|  |TAMS 0x0000000086b00000, 0x0000000086b00000| Untracked 
|  80|0x0000000086c00000, 0x0000000086c00000, 0x0000000086d00000|  0%| F|  |TAMS 0x0000000086c00000, 0x0000000086c00000| Untracked 
|  81|0x0000000086d00000, 0x0000000086d00000, 0x0000000086e00000|  0%| F|  |TAMS 0x0000000086d00000, 0x0000000086d00000| Untracked 
|  82|0x0000000086e00000, 0x0000000086e00000, 0x0000000086f00000|  0%| F|  |TAMS 0x0000000086e00000, 0x0000000086e00000| Untracked 
|  83|0x0000000086f00000, 0x0000000086f00000, 0x0000000087000000|  0%| F|  |TAMS 0x0000000086f00000, 0x0000000086f00000| Untracked 
|  84|0x0000000087000000, 0x0000000087000000, 0x0000000087100000|  0%| F|  |TAMS 0x0000000087000000, 0x0000000087000000| Untracked 
|  85|0x0000000087100000, 0x0000000087100000, 0x0000000087200000|  0%| F|  |TAMS 0x0000000087100000, 0x0000000087100000| Untracked 
|  86|0x0000000087200000, 0x0000000087200000, 0x0000000087300000|  0%| F|  |TAMS 0x0000000087200000, 0x0000000087200000| Untracked 
|  87|0x0000000087300000, 0x0000000087300000, 0x0000000087400000|  0%| F|  |TAMS 0x0000000087300000, 0x0000000087300000| Untracked 
|  88|0x0000000087400000, 0x0000000087400000, 0x0000000087500000|  0%| F|  |TAMS 0x0000000087400000, 0x0000000087400000| Untracked 
|  89|0x0000000087500000, 0x0000000087500000, 0x0000000087600000|  0%| F|  |TAMS 0x0000000087500000, 0x0000000087500000| Untracked 
|  90|0x0000000087600000, 0x0000000087600000, 0x0000000087700000|  0%| F|  |TAMS 0x0000000087600000, 0x0000000087600000| Untracked 
|  91|0x0000000087700000, 0x0000000087700000, 0x0000000087800000|  0%| F|  |TAMS 0x0000000087700000, 0x0000000087700000| Untracked 
|  92|0x0000000087800000, 0x0000000087800000, 0x0000000087900000|  0%| F|  |TAMS 0x0000000087800000, 0x0000000087800000| Untracked 
|  93|0x0000000087900000, 0x0000000087900000, 0x0000000087a00000|  0%| F|  |TAMS 0x0000000087900000, 0x0000000087900000| Untracked 
|  94|0x0000000087a00000, 0x0000000087a00000, 0x0000000087b00000|  0%| F|  |TAMS 0x0000000087a00000, 0x0000000087a00000| Untracked 
|  95|0x0000000087b00000, 0x0000000087b00000, 0x0000000087c00000|  0%| F|  |TAMS 0x0000000087b00000, 0x0000000087b00000| Untracked 
|  96|0x0000000087c00000, 0x0000000087c00000, 0x0000000087d00000|  0%| F|  |TAMS 0x0000000087c00000, 0x0000000087c00000| Untracked 
|  97|0x0000000087d00000, 0x0000000087d00000, 0x0000000087e00000|  0%| F|  |TAMS 0x0000000087d00000, 0x0000000087d00000| Untracked 
|  98|0x0000000087e00000, 0x0000000087e00000, 0x0000000087f00000|  0%| F|  |TAMS 0x0000000087e00000, 0x0000000087e00000| Untracked 
|  99|0x0000000087f00000, 0x0000000087f00000, 0x0000000088000000|  0%| F|  |TAMS 0x0000000087f00000, 0x0000000087f00000| Untracked 
| 100|0x0000000088000000, 0x0000000088000000, 0x0000000088100000|  0%| F|  |TAMS 0x0000000088000000, 0x0000000088000000| Untracked 
| 101|0x0000000088100000, 0x0000000088100000, 0x0000000088200000|  0%| F|  |TAMS 0x0000000088100000, 0x0000000088100000| Untracked 
| 102|0x0000000088200000, 0x0000000088200000, 0x0000000088300000|  0%| F|  |TAMS 0x0000000088200000, 0x0000000088200000| Untracked 
| 103|0x0000000088300000, 0x0000000088300000, 0x0000000088400000|  0%| F|  |TAMS 0x0000000088300000, 0x0000000088300000| Untracked 
| 104|0x0000000088400000, 0x0000000088400000, 0x0000000088500000|  0%| F|  |TAMS 0x0000000088400000, 0x0000000088400000| Untracked 
| 105|0x0000000088500000, 0x0000000088500000, 0x0000000088600000|  0%| F|  |TAMS 0x0000000088500000, 0x0000000088500000| Untracked 
| 106|0x0000000088600000, 0x0000000088600000, 0x0000000088700000|  0%| F|  |TAMS 0x0000000088600000, 0x0000000088600000| Untracked 
| 107|0x0000000088700000, 0x0000000088700000, 0x0000000088800000|  0%| F|  |TAMS 0x0000000088700000, 0x0000000088700000| Untracked 
| 108|0x0000000088800000, 0x0000000088800000, 0x0000000088900000|  0%| F|  |TAMS 0x0000000088800000, 0x0000000088800000| Untracked 
| 109|0x0000000088900000, 0x0000000088900000, 0x0000000088a00000|  0%| F|  |TAMS 0x0000000088900000, 0x0000000088900000| Untracked 
| 110|0x0000000088a00000, 0x0000000088a00000, 0x0000000088b00000|  0%| F|  |TAMS 0x0000000088a00000, 0x0000000088a00000| Untracked 
| 111|0x0000000088b00000, 0x0000000088b00000, 0x0000000088c00000|  0%| F|  |TAMS 0x0000000088b00000, 0x0000000088b00000| Untracked 
| 112|0x0000000088c00000, 0x0000000088c00000, 0x0000000088d00000|  0%| F|  |TAMS 0x0000000088c00000, 0x0000000088c00000| Untracked 
| 113|0x0000000088d00000, 0x0000000088e00000, 0x0000000088e00000|100%| E|CS|TAMS 0x0000000088d00000, 0x0000000088d00000| Complete 
| 114|0x0000000088e00000, 0x0000000088f00000, 0x0000000088f00000|100%| E|CS|TAMS 0x0000000088e00000, 0x0000000088e00000| Complete 
| 115|0x0000000088f00000, 0x0000000088f00000, 0x0000000089000000|  0%| F|  |TAMS 0x0000000088f00000, 0x0000000088f00000| Untracked 
| 116|0x0000000089000000, 0x0000000089000000, 0x0000000089100000|  0%| F|  |TAMS 0x0000000089000000, 0x0000000089000000| Untracked 
| 117|0x0000000089100000, 0x0000000089100000, 0x0000000089200000|  0%| F|  |TAMS 0x0000000089100000, 0x0000000089100000| Untracked 
| 118|0x0000000089200000, 0x0000000089200000, 0x0000000089300000|  0%| F|  |TAMS 0x0000000089200000, 0x0000000089200000| Untracked 
| 119|0x0000000089300000, 0x0000000089300000, 0x0000000089400000|  0%| F|  |TAMS 0x0000000089300000, 0x0000000089300000| Untracked 
| 120|0x0000000089400000, 0x000000008947ce40, 0x0000000089500000| 48%| S|  |TAMS 0x0000000089400000, 0x0000000089400000| Complete 
| 121|0x0000000089500000, 0x0000000089600000, 0x0000000089600000|100%| E|CS|TAMS 0x0000000089500000, 0x0000000089500000| Complete 
| 122|0x0000000089600000, 0x0000000089700000, 0x0000000089700000|100%| E|CS|TAMS 0x0000000089600000, 0x0000000089600000| Complete 
| 123|0x0000000089700000, 0x0000000089800000, 0x0000000089800000|100%| E|CS|TAMS 0x0000000089700000, 0x0000000089700000| Complete 
| 124|0x0000000089800000, 0x0000000089900000, 0x0000000089900000|100%| E|CS|TAMS 0x0000000089800000, 0x0000000089800000| Complete 
| 125|0x0000000089900000, 0x0000000089a00000, 0x0000000089a00000|100%| E|CS|TAMS 0x0000000089900000, 0x0000000089900000| Complete 
| 126|0x0000000089a00000, 0x0000000089b00000, 0x0000000089b00000|100%| E|CS|TAMS 0x0000000089a00000, 0x0000000089a00000| Complete 
| 127|0x0000000089b00000, 0x0000000089c00000, 0x0000000089c00000|100%| F|CS|TAMS 0x0000000089b00000, 0x0000000089b00000| Untracked 

Card table byte_map: [0x0000021ea3920000,0x0000021ea3d20000] _byte_map_base: 0x0000021ea3512000

Marking Bits (Prev, Next): (CMBitMap*) 0x0000021e8aee9de0, (CMBitMap*) 0x0000021e8aee9e20
 Prev Bits: [0x0000021ea4120000, 0x0000021ea60b0000)
 Next Bits: [0x0000021ea60b0000, 0x0000021ea8040000)

Polling page: 0x0000021e8af70000

Metaspace:

Usage:
  Non-class:     10.74 MB used.
      Class:      1.17 MB used.
       Both:     11.91 MB used.

Virtual space:
  Non-class space:       16.00 MB reserved,      10.81 MB ( 68%) committed,  2 nodes.
      Class space:        1.00 GB reserved,       1.19 MB ( <1%) committed,  1 nodes.
             Both:        1.02 GB reserved,      12.00 MB (  1%) committed. 

Chunk freelists:
   Non-Class:  384.00 KB
       Class:  2.63 MB
        Both:  3.00 MB

MaxMetaspaceSize: unlimited
CompressedClassSpaceSize: 1.00 GB
Initial GC threshold: 21.00 MB
Current GC threshold: 21.00 MB
CDS: off
MetaspaceReclaimPolicy: balanced
 - commit_granule_bytes: 65536.
 - commit_granule_words: 8192.
 - virtual_space_node_default_size: 1048576.
 - enlarge_chunks_in_place: 1.
 - new_chunks_are_fully_committed: 0.
 - uncommit_free_chunks: 1.
 - use_allocation_guard: 0.
 - handle_deallocations: 1.


Internal statistics:

num_allocs_failed_limit: 0.
num_arena_births: 46.
num_arena_deaths: 0.
num_vsnodes_births: 3.
num_vsnodes_deaths: 0.
num_space_committed: 192.
num_space_uncommitted: 0.
num_chunks_returned_to_freelist: 0.
num_chunks_taken_from_freelist: 180.
num_chunk_merges: 0.
num_chunk_splits: 91.
num_chunks_enlarged: 59.
num_purges: 0.
num_inconsistent_stats: 0.

CodeHeap 'non-profiled nmethods': size=120000Kb used=329Kb max_used=329Kb free=119670Kb
 bounds [0x0000021e9b9c0000, 0x0000021e9bc30000, 0x0000021ea2ef0000]
CodeHeap 'profiled nmethods': size=120000Kb used=1815Kb max_used=1815Kb free=118184Kb
 bounds [0x0000021e93ef0000, 0x0000021e94160000, 0x0000021e9b420000]
CodeHeap 'non-nmethods': size=5760Kb used=1142Kb max_used=1164Kb free=4617Kb
 bounds [0x0000021e9b420000, 0x0000021e9b690000, 0x0000021e9b9c0000]
 total_blobs=1414 nmethods=985 adapters=342
 compilation: enabled
              stopped_count=0, restarted_count=0
 full_count=0

Compilation events (20 events):
Event: 0.891 Thread 0x0000021eab025190  931       1       sun.reflect.generics.tree.SimpleClassTypeSignature::getDollar (5 bytes)
Event: 0.891 Thread 0x0000021eab025190 nmethod 931 0x0000021e9ba0d810 code [0x0000021e9ba0d9a0, 0x0000021e9ba0da78]
Event: 0.891 Thread 0x0000021eab025190  934       1       java.util.HashMap$Node::getKey (5 bytes)
Event: 0.891 Thread 0x0000021eab025190 nmethod 934 0x0000021e9ba0db10 code [0x0000021e9ba0dca0, 0x0000021e9ba0dd78]
Event: 0.891 Thread 0x0000021eab025190  927       3       jdk.internal.org.objectweb.asm.ByteVector::put11 (52 bytes)
Event: 0.891 Thread 0x0000021eab025190 nmethod 927 0x0000021e940a1b90 code [0x0000021e940a1d40, 0x0000021e940a1f48]
Event: 0.891 Thread 0x0000021eab025190  937       3       jdk.internal.misc.Unsafe::pickPos (14 bytes)
Event: 0.892 Thread 0x0000021eab025190 nmethod 937 0x0000021e940a2090 code [0x0000021e940a2220, 0x0000021e940a2318]
Event: 0.892 Thread 0x0000021eab025190  935       3       java.security.AccessController::executePrivileged (65 bytes)
Event: 0.892 Thread 0x0000021eab025190 nmethod 935 0x0000021e940a2390 code [0x0000021e940a2560, 0x0000021e940a2858]
Event: 0.892 Thread 0x0000021eab025190  938       1       java.util.HashMap$Node::getValue (5 bytes)
Event: 0.892 Thread 0x0000021eab025190 nmethod 938 0x0000021e9ba0e110 code [0x0000021e9ba0e2a0, 0x0000021e9ba0e378]
Event: 0.892 Thread 0x0000021eab025190  932       1       sun.reflect.generics.visitor.Reifier::getFactory (5 bytes)
Event: 0.892 Thread 0x0000021eab025190 nmethod 932 0x0000021e9ba0e410 code [0x0000021e9ba0e5a0, 0x0000021e9ba0e678]
Event: 0.892 Thread 0x0000021eab025190  933       1       sun.reflect.generics.tree.SimpleClassTypeSignature::getTypeArguments (5 bytes)
Event: 0.892 Thread 0x0000021eab025190 nmethod 933 0x0000021e9ba0e710 code [0x0000021e9ba0e8a0, 0x0000021e9ba0e978]
Event: 0.892 Thread 0x0000021eab025190  936       1       java.lang.Class::getAnnotationType (5 bytes)
Event: 0.892 Thread 0x0000021eab025190 nmethod 936 0x0000021e9ba0ea10 code [0x0000021e9ba0eba0, 0x0000021e9ba0ec78]
Event: 0.893 Thread 0x0000021eab025190  940       3       java.lang.Class::getReflectionFactory (26 bytes)
Event: 0.894 Thread 0x0000021eab025190 nmethod 940 0x0000021e940a2990 code [0x0000021e940a2bc0, 0x0000021e940a3438]

GC Heap History (2 events):
Event: 0.601 GC heap before
{Heap before GC invocations=0 (full 0):
 garbage-first heap   total 131072K, used 13312K [0x0000000081c00000, 0x0000000100000000)
  region size 1024K, 13 young (13312K), 0 survivors (0K)
 Metaspace       used 10243K, committed 10432K, reserved 1064960K
  class space    used 935K, committed 1024K, reserved 1048576K
}
Event: 0.608 GC heap after
{Heap after GC invocations=1 (full 0):
 garbage-first heap   total 131072K, used 7498K [0x0000000081c00000, 0x0000000100000000)
  region size 1024K, 2 young (2048K), 2 survivors (2048K)
 Metaspace       used 10243K, committed 10432K, reserved 1064960K
  class space    used 935K, committed 1024K, reserved 1048576K
}

Deoptimization events (20 events):
Event: 0.387 Thread 0x0000021e8ae8e750 Uncommon trap: trap_request=0xffffff45 fr.pc=0x0000021e9b9d8364 relative=0x0000000000000064
Event: 0.387 Thread 0x0000021e8ae8e750 Uncommon trap: reason=unstable_if action=reinterpret pc=0x0000021e9b9d8364 method=java.io.WinNTFileSystem.isSlash(C)Z @ 9 c2
Event: 0.387 Thread 0x0000021e8ae8e750 DEOPT PACKING pc=0x0000021e9b9d8364 sp=0x00000028f96fec40
Event: 0.387 Thread 0x0000021e8ae8e750 DEOPT UNPACKING pc=0x0000021e9b4723a3 sp=0x00000028f96febc8 mode 2
Event: 0.493 Thread 0x0000021e8ae8e750 Uncommon trap: trap_request=0xffffff45 fr.pc=0x0000021e9b9c76e8 relative=0x0000000000000448
Event: 0.493 Thread 0x0000021e8ae8e750 Uncommon trap: reason=unstable_if action=reinterpret pc=0x0000021e9b9c76e8 method=java.lang.StringLatin1.canEncode(I)Z @ 4 c2
Event: 0.493 Thread 0x0000021e8ae8e750 DEOPT PACKING pc=0x0000021e9b9c76e8 sp=0x00000028f96feae0
Event: 0.493 Thread 0x0000021e8ae8e750 DEOPT UNPACKING pc=0x0000021e9b4723a3 sp=0x00000028f96fea08 mode 2
Event: 0.493 Thread 0x0000021e8ae8e750 Uncommon trap: trap_request=0xffffff45 fr.pc=0x0000021e9b9c92cc relative=0x000000000000042c
Event: 0.493 Thread 0x0000021e8ae8e750 Uncommon trap: reason=unstable_if action=reinterpret pc=0x0000021e9b9c92cc method=java.lang.AbstractStringBuilder.isLatin1()Z @ 10 c2
Event: 0.493 Thread 0x0000021e8ae8e750 DEOPT PACKING pc=0x0000021e9b9c92cc sp=0x00000028f96fea80
Event: 0.493 Thread 0x0000021e8ae8e750 DEOPT UNPACKING pc=0x0000021e9b4723a3 sp=0x00000028f96fea00 mode 2
Event: 0.493 Thread 0x0000021e8ae8e750 Uncommon trap: trap_request=0xffffff45 fr.pc=0x0000021e9b9d775c relative=0x000000000000005c
Event: 0.493 Thread 0x0000021e8ae8e750 Uncommon trap: reason=unstable_if action=reinterpret pc=0x0000021e9b9d775c method=java.lang.AbstractStringBuilder.isLatin1()Z @ 10 c2
Event: 0.493 Thread 0x0000021e8ae8e750 DEOPT PACKING pc=0x0000021e9b9d775c sp=0x00000028f96fea60
Event: 0.493 Thread 0x0000021e8ae8e750 DEOPT UNPACKING pc=0x0000021e9b4723a3 sp=0x00000028f96fe9f0 mode 2
Event: 0.510 Thread 0x0000021e8ae8e750 DEOPT PACKING pc=0x0000021e93f26556 sp=0x00000028f96fe5b0
Event: 0.510 Thread 0x0000021e8ae8e750 DEOPT UNPACKING pc=0x0000021e9b472b43 sp=0x00000028f96fda38 mode 0
Event: 0.556 Thread 0x0000021e8ae8e750 DEOPT PACKING pc=0x0000021e93f23812 sp=0x00000028f96fedc0
Event: 0.556 Thread 0x0000021e8ae8e750 DEOPT UNPACKING pc=0x0000021e9b472b43 sp=0x00000028f96fe2a8 mode 0

Classes unloaded (0 events):
No events

Classes redefined (0 events):
No events

Internal exceptions (14 events):
Event: 0.214 Thread 0x0000021e8ae8e750 Exception <a 'java/lang/NoSuchMethodError'{0x000000008997ddd8}: 'java.lang.Object java.lang.invoke.DirectMethodHandle$Holder.invokeStaticInit(java.lang.Object)'> (0x000000008997ddd8) 
thrown [s\open\src\hotspot\share\interpreter\linkResolver.cpp, line 759]
Event: 0.257 Thread 0x0000021e8ae8e750 Exception <a 'java/lang/NoSuchMethodError'{0x00000000899ba210}: 'int java.lang.invoke.DirectMethodHandle$Holder.invokeSpecial(java.lang.Object, java.lang.Object, java.lang.Object)'> (0x00000000899ba210) 
thrown [s\open\src\hotspot\share\interpreter\linkResolver.cpp, line 759]
Event: 0.577 Thread 0x0000021e8ae8e750 Exception <a 'java/lang/NoSuchMethodError'{0x0000000088f81538}: 'void java.lang.invoke.DirectMethodHandle$Holder.invokeStatic(java.lang.Object, java.lang.Object, java.lang.Object)'> (0x0000000088f81538) 
thrown [s\open\src\hotspot\share\interpreter\linkResolver.cpp, line 759]
Event: 0.579 Thread 0x0000021e8ae8e750 Exception <a 'java/lang/NoSuchMethodError'{0x0000000088f89fa0}: 'void java.lang.invoke.DirectMethodHandle$Holder.invokeSpecial(java.lang.Object, java.lang.Object, java.lang.Object)'> (0x0000000088f89fa0) 
thrown [s\open\src\hotspot\share\interpreter\linkResolver.cpp, line 759]
Event: 0.626 Thread 0x0000021e8ae8e750 Exception <a 'java/lang/NoSuchMethodError'{0x0000000089b928a0}: 'java.lang.Object java.lang.invoke.DirectMethodHandle$Holder.invokeVirtual(java.lang.Object, java.lang.Object, java.lang.Object)'> (0x0000000089b928a0) 
thrown [s\open\src\hotspot\share\interpreter\linkResolver.cpp, line 759]
Event: 0.674 Thread 0x0000021e8ae8e750 Exception <a 'java/lang/NoSuchMethodError'{0x0000000089ab3128}: 'int java.lang.invoke.DirectMethodHandle$Holder.invokeVirtual(java.lang.Object, java.lang.Object)'> (0x0000000089ab3128) 
thrown [s\open\src\hotspot\share\interpreter\linkResolver.cpp, line 759]
Event: 0.683 Thread 0x0000021e8ae8e750 Exception <a 'java/lang/NoSuchMethodError'{0x0000000089ad6d78}: 'java.lang.Object java.lang.invoke.DirectMethodHandle$Holder.invokeStaticInit(java.lang.Object, int)'> (0x0000000089ad6d78) 
thrown [s\open\src\hotspot\share\interpreter\linkResolver.cpp, line 759]
Event: 0.739 Thread 0x0000021e8ae8e750 Exception <a 'java/lang/NoSuchMethodError'{0x000000008984c368}: 'void java.lang.invoke.DirectMethodHandle$Holder.invokeInterface(java.lang.Object, java.lang.Object)'> (0x000000008984c368) 
thrown [s\open\src\hotspot\share\interpreter\linkResolver.cpp, line 759]
Event: 0.740 Thread 0x0000021e8ae8e750 Exception <a 'java/lang/IncompatibleClassChangeError'{0x000000008984faf8}: Found class java.lang.Object, but interface was expected> (0x000000008984faf8) 
thrown [s\open\src\hotspot\share\interpreter\linkResolver.cpp, line 826]
Event: 0.765 Thread 0x0000021e8ae8e750 Exception <a 'java/lang/NoSuchMethodError'{0x00000000898f0a68}: 'java.lang.Object java.lang.invoke.DirectMethodHandle$Holder.invokeStaticInit(java.lang.Object, java.lang.Object, java.lang.Object)'> (0x00000000898f0a68) 
thrown [s\open\src\hotspot\share\interpreter\linkResolver.cpp, line 759]
Event: 0.766 Thread 0x0000021e8ae8e750 Exception <a 'java/lang/NoSuchMethodError'{0x00000000898f7c98}: 'void java.lang.invoke.DirectMethodHandle$Holder.invokeStaticInit(java.lang.Object, java.lang.Object, java.lang.Object)'> (0x00000000898f7c98) 
thrown [s\open\src\hotspot\share\interpreter\linkResolver.cpp, line 759]
Event: 0.799 Thread 0x0000021e8ae8e750 Exception <a 'java/lang/NoSuchMethodError'{0x000000008976d4c8}: 'java.lang.Object java.lang.invoke.DirectMethodHandle$Holder.newInvokeSpecial(java.lang.Object, java.lang.Object, java.lang.Object, java.lang.Object, java.lang.Object)'> (0x000000008976d4c8) 
thrown [s\open\src\hotspot\share\interpreter\linkResolver.cpp, line 759]
Event: 0.825 Thread 0x0000021e8ae8e750 Exception <a 'java/lang/NoSuchMethodError'{0x00000000897df080}: 'void java.lang.invoke.DirectMethodHandle$Holder.invokeInterface(java.lang.Object, java.lang.Object, java.lang.Object)'> (0x00000000897df080) 
thrown [s\open\src\hotspot\share\interpreter\linkResolver.cpp, line 759]
Event: 0.892 Thread 0x0000021e8ae8e750 Exception <a 'java/lang/NoSuchMethodError'{0x000000008954b828}: 'java.lang.Object java.lang.invoke.DirectMethodHandle$Holder.invokeInterface(java.lang.Object, java.lang.Object)'> (0x000000008954b828) 
thrown [s\open\src\hotspot\share\interpreter\linkResolver.cpp, line 759]

VM Operations (6 events):
Event: 0.136 Executing VM operation: HandshakeAllThreads
Event: 0.136 Executing VM operation: HandshakeAllThreads done
Event: 0.387 Executing VM operation: HandshakeAllThreads
Event: 0.387 Executing VM operation: HandshakeAllThreads done
Event: 0.601 Executing VM operation: G1CollectForAllocation
Event: 0.608 Executing VM operation: G1CollectForAllocation done

Events (20 events):
Event: 0.882 loading class jdk/internal/reflect/ByteVectorImpl
Event: 0.882 loading class jdk/internal/reflect/ByteVector
Event: 0.882 loading class jdk/internal/reflect/ByteVector done
Event: 0.882 loading class jdk/internal/reflect/ByteVectorImpl done
Event: 0.882 loading class jdk/internal/reflect/ClassFileAssembler
Event: 0.883 loading class jdk/internal/reflect/ClassFileAssembler done
Event: 0.883 loading class jdk/internal/reflect/UTF8
Event: 0.883 loading class jdk/internal/reflect/UTF8 done
Event: 0.884 loading class jdk/internal/reflect/Label
Event: 0.884 loading class jdk/internal/reflect/Label done
Event: 0.884 loading class jdk/internal/reflect/Label$PatchInfo
Event: 0.884 loading class jdk/internal/reflect/Label$PatchInfo done
Event: 0.884 loading class jdk/internal/reflect/MethodAccessorGenerator$1
Event: 0.885 loading class jdk/internal/reflect/MethodAccessorGenerator$1 done
Event: 0.885 loading class jdk/internal/reflect/ClassDefiner
Event: 0.885 loading class jdk/internal/reflect/ClassDefiner done
Event: 0.885 loading class jdk/internal/reflect/ClassDefiner$1
Event: 0.885 loading class jdk/internal/reflect/ClassDefiner$1 done
Event: 0.885 loading class jdk/internal/reflect/BootstrapConstructorAccessorImpl
Event: 0.885 loading class jdk/internal/reflect/BootstrapConstructorAccessorImpl done


Dynamic libraries:
0x00007ff7fde70000 - 0x00007ff7fde80000 	C:\Program Files\Java\jdk-17\bin\java.exe
0x00007ff96dc30000 - 0x00007ff96de28000 	C:\WINDOWS\SYSTEM32\ntdll.dll
0x00007ff96c890000 - 0x00007ff96c94d000 	C:\WINDOWS\System32\KERNEL32.DLL
0x00007ff96b900000 - 0x00007ff96bbf6000 	C:\WINDOWS\System32\KERNELBASE.dll
0x00007ff96b670000 - 0x00007ff96b770000 	C:\WINDOWS\System32\ucrtbase.dll
0x00007ff963ea0000 - 0x00007ff963eb8000 	C:\Program Files\Java\jdk-17\bin\jli.dll
0x00007ff96cce0000 - 0x00007ff96cd8f000 	C:\WINDOWS\System32\ADVAPI32.dll
0x00007ff96d5a0000 - 0x00007ff96d63e000 	C:\WINDOWS\System32\msvcrt.dll
0x00007ff96c980000 - 0x00007ff96ca1c000 	C:\WINDOWS\System32\sechost.dll
0x00007ff96d640000 - 0x00007ff96d766000 	C:\WINDOWS\System32\RPCRT4.dll
0x00007ff96d9f0000 - 0x00007ff96db8e000 	C:\WINDOWS\System32\USER32.dll
0x00007ff96b4d0000 - 0x00007ff96b4f2000 	C:\WINDOWS\System32\win32u.dll
0x00007ff96c950000 - 0x00007ff96c97c000 	C:\WINDOWS\System32\GDI32.dll
0x00007ff96b550000 - 0x00007ff96b66a000 	C:\WINDOWS\System32\gdi32full.dll
0x00007ff96b310000 - 0x00007ff96b3ad000 	C:\WINDOWS\System32\msvcp_win.dll
0x00007ff965fd0000 - 0x00007ff965feb000 	C:\Program Files\Java\jdk-17\bin\VCRUNTIME140.dll
0x00007ff955080000 - 0x00007ff95531a000 	C:\WINDOWS\WinSxS\amd64_microsoft.windows.common-controls_6595b64144ccf1df_6.0.19041.3636_none_60b6a03d71f818d5\COMCTL32.dll
0x00007ff95dec0000 - 0x00007ff95deca000 	C:\WINDOWS\SYSTEM32\VERSION.dll
0x00007ff96cbd0000 - 0x00007ff96cc00000 	C:\WINDOWS\System32\IMM32.DLL
0x00007ff965fc0000 - 0x00007ff965fcc000 	C:\Program Files\Java\jdk-17\bin\vcruntime140_1.dll
0x00007ff94aed0000 - 0x00007ff94af5e000 	C:\Program Files\Java\jdk-17\bin\msvcp140.dll
0x00007ff934af0000 - 0x00007ff9356c7000 	C:\Program Files\Java\jdk-17\bin\server\jvm.dll
0x00007ff96d590000 - 0x00007ff96d598000 	C:\WINDOWS\System32\PSAPI.DLL
0x00007ff953df0000 - 0x00007ff953df9000 	C:\WINDOWS\SYSTEM32\WSOCK32.dll
0x00007ff96c310000 - 0x00007ff96c37b000 	C:\WINDOWS\System32\WS2_32.dll
0x00007ff957740000 - 0x00007ff957767000 	C:\WINDOWS\SYSTEM32\WINMM.dll
0x00007ff969b60000 - 0x00007ff969b72000 	C:\WINDOWS\SYSTEM32\kernel.appcore.dll
0x00007ff9680a0000 - 0x00007ff9680aa000 	C:\Program Files\Java\jdk-17\bin\jimage.dll
0x00007ff969890000 - 0x00007ff969a74000 	C:\WINDOWS\SYSTEM32\DBGHELP.DLL
0x00007ff95a780000 - 0x00007ff95a7b4000 	C:\WINDOWS\SYSTEM32\dbgcore.DLL
0x00007ff96bc00000 - 0x00007ff96bc82000 	C:\WINDOWS\System32\bcryptPrimitives.dll
0x00007ff953ee0000 - 0x00007ff953f05000 	C:\Program Files\Java\jdk-17\bin\java.dll
0x00007ff9402a0000 - 0x00007ff940377000 	C:\Program Files\Java\jdk-17\bin\jsvml.dll
0x00007ff96ce40000 - 0x00007ff96d585000 	C:\WINDOWS\System32\SHELL32.dll
0x00007ff969020000 - 0x00007ff9697bb000 	C:\WINDOWS\SYSTEM32\windows.storage.dll
0x00007ff96c380000 - 0x00007ff96c6d4000 	C:\WINDOWS\System32\combase.dll
0x00007ff96ace0000 - 0x00007ff96ad0d000 	C:\WINDOWS\SYSTEM32\Wldp.dll
0x00007ff96cc00000 - 0x00007ff96ccad000 	C:\WINDOWS\System32\SHCORE.dll
0x00007ff96d990000 - 0x00007ff96d9e5000 	C:\WINDOWS\System32\shlwapi.dll
0x00007ff96b240000 - 0x00007ff96b265000 	C:\WINDOWS\SYSTEM32\profapi.dll
0x00007ff94afa0000 - 0x00007ff94afb9000 	C:\Program Files\Java\jdk-17\bin\net.dll
0x00007ff95def0000 - 0x00007ff95dffa000 	C:\WINDOWS\SYSTEM32\WINHTTP.dll
0x00007ff96aa40000 - 0x00007ff96aaaa000 	C:\WINDOWS\system32\mswsock.dll
0x00007ff94af80000 - 0x00007ff94af96000 	C:\Program Files\Java\jdk-17\bin\nio.dll
0x00007ff94afe0000 - 0x00007ff94aff8000 	C:\Program Files\Java\jdk-17\bin\zip.dll
0x00007ff965ef0000 - 0x00007ff965efa000 	C:\Program Files\Java\jdk-17\bin\management.dll
0x00007ff964f20000 - 0x00007ff964f2b000 	C:\Program Files\Java\jdk-17\bin\management_ext.dll

dbghelp: loaded successfully - version: 4.0.5 - missing functions: none
symbol engine: initialized successfully - sym options: 0x614 - pdb path: .;C:\Program Files\Java\jdk-17\bin;C:\WINDOWS\SYSTEM32;C:\WINDOWS\WinSxS\amd64_microsoft.windows.common-controls_6595b64144ccf1df_6.0.19041.3636_none_60b6a03d71f818d5;C:\Program Files\Java\jdk-17\bin\server

VM Arguments:
java_command: C:\Users\Shatabdi\AppData\Local\Temp\surefire9508359977742515297\surefirebooter-20231228023712700_3.jar C:\Users\Shatabdi\AppData\Local\Temp\surefire9508359977742515297 2023-12-28T02-37-12_427-jvmRun1 surefire-20231228023712700_1tmp surefire_0-20231228023712700_2tmp
java_class_path (initial): C:\Users\Shatabdi\AppData\Local\Temp\surefire9508359977742515297\surefirebooter-20231228023712700_3.jar
Launcher Type: SUN_STANDARD

[Global flags]
     intx CICompilerCount                          = 3                                         {product} {ergonomic}
     uint ConcGCThreads                            = 1                                         {product} {ergonomic}
     uint G1ConcRefinementThreads                  = 4                                         {product} {ergonomic}
   size_t G1HeapRegionSize                         = 1048576                                   {product} {ergonomic}
    uintx GCDrainStackTargetSize                   = 64                                        {product} {ergonomic}
   size_t InitialHeapSize                          = 134217728                                 {product} {ergonomic}
   size_t MarkStackSize                            = 4194304                                   {product} {ergonomic}
   size_t MaxHeapSize                              = 2118123520                                {product} {ergonomic}
   size_t MaxNewSize                               = 1270874112                                {product} {ergonomic}
   size_t MinHeapDeltaBytes                        = 1048576                                   {product} {ergonomic}
   size_t MinHeapSize                              = 8388608                                   {product} {ergonomic}
    uintx NonNMethodCodeHeapSize                   = 5832780                                {pd product} {ergonomic}
    uintx NonProfiledCodeHeapSize                  = 122912730                              {pd product} {ergonomic}
    uintx ProfiledCodeHeapSize                     = 122912730                              {pd product} {ergonomic}
    uintx ReservedCodeCacheSize                    = 251658240                              {pd product} {ergonomic}
     bool SegmentedCodeCache                       = true                                      {product} {ergonomic}
   size_t SoftMaxHeapSize                          = 2118123520                             {manageable} {ergonomic}
     bool UseCompressedClassPointers               = true                           {product lp64_product} {ergonomic}
     bool UseCompressedOops                        = true                           {product lp64_product} {ergonomic}
     bool UseG1GC                                  = true                                      {product} {ergonomic}
     bool UseLargePagesIndividualAllocation        = false                                  {pd product} {ergonomic}

Logging:
Log output configuration:
 #0: stdout all=warning uptime,level,tags
 #1: stderr all=off uptime,level,tags

Environment Variables:
JAVA_HOME=C:\Program Files\Java\jdk-17
CLASSPATH=E:\test\mypack.jar;.;
PATH=C:/Program Files/Java/jdk-17/bin/server;C:/Program Files/Java/jdk-17/bin;C:\Program Files\Common Files\Oracle\Java\javapath;C:\Python311\Scripts\;C:\Python311\;C:\Program Files\Java\jdk-17\bin;C:\Program Files\Intel\Intel(R) Management Engine Components\iCLS\;C:\WINDOWS\system32;C:\WINDOWS;C:\WINDOWS\System32\Wbem;C:\WINDOWS\System32\WindowsPowerShell\v1.0\;C:\Program Files (x86)\Intel\Intel(R) Management Engine Components\DAL;C:\Program Files\Intel\Intel(R) Management Engine Components\DAL;C:\Program Files (x86)\Intel\Intel(R) Management Engine Components\IPT;C:\Program Files\Intel\Intel(R) Management Engine Components\IPT;C:\WINDOWS\System32\OpenSSH\;C:\Program Files\nodejs\;C:\ProgramData\chocolatey\bin;C:\Program Files\apache-maven-3.8.7\bin;C:\Program Files\Git\cmd;C:\Users\Shatabdi\AppData\Local\Android\cmdline-tools\tools;C:\Users\Shatabdi\AppData\Local\Android\cmdline-tools\tools\bin;C:\Users\Shatabdi\AppData\Local\Android\platform-tools;C:\Program Files\TortoiseGit\bin;C:\HashiCorp\Vagrant\bin;C:\Program Files\MongoDB\Server\6.0\bin;C:\mongosh\bin;C:\Program Files\MySQL\MySQL Shell 8.0\bin\;C:\Users\Shatabdi\AppData\Local\Programs\Python\Python39\Scripts\;C:\Users\Shatabdi\AppData\Local\Programs\Python\Python39\;C:\Users\Shatabdi\AppData\Local\Microsoft\WindowsApps;C:\Program Files\Java\jdk-17\bin;C:\Users\Shatabdi\AppData\Roaming\npm;;C:\Users\Shatabdi\AppData\Local\Programs\Microsoft VS Code\bin;C:\WINDOWS\system32;
USERNAME=Shatabdi
OS=Windows_NT
PROCESSOR_IDENTIFIER=Intel64 Family 6 Model 142 Stepping 9, GenuineIntel



---------------  S Y S T E M  ---------------

OS:
 Windows 10 , 64 bit Build 19041 (10.0.19041.3636)
OS uptime: 0 days 5:38 hours

CPU: total 4 (initial active 4) (2 cores per cpu, 2 threads per core) family 6 model 142 stepping 9 microcode 0xb4, cx8, cmov, fxsr, ht, mmx, 3dnowpref, sse, sse2, sse3, ssse3, sse4.1, sse4.2, popcnt, lzcnt, tsc, tscinvbit, avx, avx2, aes, erms, clmul, bmi1, bmi2, adx, fma, vzeroupper, clflush, clflushopt

Memory: 4k page, system-wide physical 8074M (979M free)
TotalPageFile size 10122M (AvailPageFile size 5M)
current process WorkingSet (physical memory assigned to process): 77M, peak: 77M
current process commit charge ("private bytes"): 222M, peak: 223M

vm_info: Java HotSpot(TM) 64-Bit Server VM (17.0.6+9-LTS-190) for windows-amd64 JRE (17.0.6+9-LTS-190), built on Dec  6 2022 15:53:54 by "mach5one" with MS VC++ 17.1 (VS2022)

END.
