#
# There is insufficient memory for the Java Runtime Environment to continue.
# Native memory allocation (malloc) failed to allocate 946016 bytes for Chunk::new
# Possible reasons:
#   The system is out of physical RAM or swap space
#   The process is running with CompressedOops enabled, and the Java Heap may be blocking the growth of the native heap
# Possible solutions:
#   Reduce memory load on the system
#   Increase physical memory or swap space
#   Check if swap backing store is full
#   Decrease Java heap size (-Xmx/-Xms)
#   Decrease number of Java threads
#   Decrease Java thread stack sizes (-Xss)
#   Set larger code cache with -XX:ReservedCodeCacheSize=
#   JVM is running with Unscaled Compressed Oops mode in which the Java heap is
#     placed in the first 4GB address space. The Java Heap base address is the
#     maximum limit for the native heap growth. Please use -XX:HeapBaseMinAddress
#     to set the Java Heap base and to place the Java Heap above 4GB virtual address.
# This output file may be truncated or incomplete.
#
#  Out of Memory Error (arena.cpp:189), pid=5176, tid=9296
#
# JRE version: Java(TM) SE Runtime Environment (17.0.6+9) (build 17.0.6+9-LTS-190)
# Java VM: Java HotSpot(TM) 64-Bit Server VM (17.0.6+9-LTS-190, mixed mode, sharing, tiered, compressed oops, compressed class ptrs, g1 gc, windows-amd64)
# No core dump will be written. Minidumps are not enabled by default on client versions of Windows
#

---------------  S U M M A R Y ------------

Command Line: -Dmaven.home=EMBEDDED -Dclassworlds.conf=G:\Java\.metadata\.plugins\org.eclipse.m2e.launching\launches\m2conf5518049545380646664.tmp -Dmaven.multiModuleProjectDirectory=C:\Users\Shatabdi\Downloads\kirana-register -Dfile.encoding=Cp1252 -XX:+ShowCodeDetailsInExceptionMessages org.codehaus.plexus.classworlds.launcher.Launcher -B clean install package

Host: Intel(R) Core(TM) i3-7020U CPU @ 2.30GHz, 4 cores, 7G,  Windows 10 , 64 bit Build 19041 (10.0.19041.3636)
Time: Thu Dec 28 01:00:11 2023 India Standard Time elapsed time: 3.673456 seconds (0d 0h 0m 3s)

---------------  T H R E A D  ---------------

Current thread (0x0000013083295ca0):  JavaThread "C2 CompilerThread1" daemon [_thread_in_native, id=9296, stack(0x0000000405000000,0x0000000405100000)]


Current CompileTask:
C2:   3673 3330   !   4       org.codehaus.plexus.interpolation.StringSearchInterpolator::interpolate (668 bytes)

Stack: [0x0000000405000000,0x0000000405100000]
Native frames: (J=compiled Java code, j=interpreted, Vv=VM code, C=native code)
V  [jvm.dll+0x6734ea]
V  [jvm.dll+0x7d18f4]
V  [jvm.dll+0x7d309e]
V  [jvm.dll+0x7d3703]
V  [jvm.dll+0x2433c5]
V  [jvm.dll+0xaa46b]
V  [jvm.dll+0xaaa0c]
V  [jvm.dll+0x2a8b1f]
V  [jvm.dll+0x57bf85]
V  [jvm.dll+0x21e142]
V  [jvm.dll+0x21e51f]
V  [jvm.dll+0x217c36]
V  [jvm.dll+0x215109]
V  [jvm.dll+0x1a1730]
V  [jvm.dll+0x224b6e]
V  [jvm.dll+0x222f15]
V  [jvm.dll+0x78753c]
V  [jvm.dll+0x781a7a]
V  [jvm.dll+0x672375]
C  [ucrtbase.dll+0x21bb2]
C  [KERNEL32.DLL+0x17344]
C  [ntdll.dll+0x526b1]


---------------  P R O C E S S  ---------------

Threads class SMR info:
_java_thread_list=0x00000130832682b0, length=13, elements={
0x00000130e1de11b0, 0x00000130ff57efc0, 0x00000130ff582720, 0x00000130ff596a90,
0x00000130ff597de0, 0x00000130ff59a7a0, 0x00000130ff59f590, 0x00000130ff5a4330,
0x00000130ff5a4dd0, 0x00000130ff5ba3e0, 0x00000130829ba420, 0x00000130829b6f30,
0x0000013083295ca0
}

Java Threads: ( => current thread )
  0x00000130e1de11b0 JavaThread "main" [_thread_in_Java, id=5340, stack(0x0000000403a00000,0x0000000403b00000)]
  0x00000130ff57efc0 JavaThread "Reference Handler" daemon [_thread_blocked, id=14284, stack(0x0000000404100000,0x0000000404200000)]
  0x00000130ff582720 JavaThread "Finalizer" daemon [_thread_blocked, id=1052, stack(0x0000000404200000,0x0000000404300000)]
  0x00000130ff596a90 JavaThread "Signal Dispatcher" daemon [_thread_blocked, id=3136, stack(0x0000000404300000,0x0000000404400000)]
  0x00000130ff597de0 JavaThread "Attach Listener" daemon [_thread_blocked, id=9780, stack(0x0000000404400000,0x0000000404500000)]
  0x00000130ff59a7a0 JavaThread "Service Thread" daemon [_thread_blocked, id=7708, stack(0x0000000404500000,0x0000000404600000)]
  0x00000130ff59f590 JavaThread "Monitor Deflation Thread" daemon [_thread_blocked, id=2340, stack(0x0000000404600000,0x0000000404700000)]
  0x00000130ff5a4330 JavaThread "C2 CompilerThread0" daemon [_thread_in_native, id=7396, stack(0x0000000404700000,0x0000000404800000)]
  0x00000130ff5a4dd0 JavaThread "C1 CompilerThread0" daemon [_thread_in_native, id=11228, stack(0x0000000404800000,0x0000000404900000)]
  0x00000130ff5ba3e0 JavaThread "Sweeper thread" daemon [_thread_blocked, id=32, stack(0x0000000404900000,0x0000000404a00000)]
  0x00000130829ba420 JavaThread "Notification Thread" daemon [_thread_blocked, id=14048, stack(0x0000000404a00000,0x0000000404b00000)]
  0x00000130829b6f30 JavaThread "Common-Cleaner" daemon [_thread_blocked, id=4872, stack(0x0000000404c00000,0x0000000404d00000)]
=>0x0000013083295ca0 JavaThread "C2 CompilerThread1" daemon [_thread_in_native, id=9296, stack(0x0000000405000000,0x0000000405100000)]

Other Threads:
  0x00000130ff578f60 VMThread "VM Thread" [stack: 0x0000000404000000,0x0000000404100000] [id=3552]
  0x00000130829c0a40 WatcherThread [stack: 0x0000000404b00000,0x0000000404c00000] [id=5328]
  0x00000130e1e39b70 GCTaskThread "GC Thread#0" [stack: 0x0000000403b00000,0x0000000403c00000] [id=11788]
  0x0000013082aafbe0 GCTaskThread "GC Thread#1" [stack: 0x0000000404d00000,0x0000000404e00000] [id=4124]
  0x00000130831d8fa0 GCTaskThread "GC Thread#2" [stack: 0x0000000404e00000,0x0000000404f00000] [id=2332]
  0x00000130832547e0 GCTaskThread "GC Thread#3" [stack: 0x0000000404f00000,0x0000000405000000] [id=2840]
  0x00000130e1e4aed0 ConcurrentGCThread "G1 Main Marker" [stack: 0x0000000403c00000,0x0000000403d00000] [id=14464]
  0x00000130e1e4b8e0 ConcurrentGCThread "G1 Conc#0" [stack: 0x0000000403d00000,0x0000000403e00000] [id=1968]
  0x00000130e1eb2100 ConcurrentGCThread "G1 Refine#0" [stack: 0x0000000403e00000,0x0000000403f00000] [id=11468]
  0x00000130e1eb3b30 ConcurrentGCThread "G1 Service" [stack: 0x0000000403f00000,0x0000000404000000] [id=10164]

Threads with active compile tasks:
C2 CompilerThread0     3719 3329       4       org.apache.maven.model.interpolation.StringVisitorModelInterpolator$ModelVisitor::visit (117 bytes)
C1 CompilerThread0     3719 3506       2       org.apache.maven.model.building.DefaultModelProblemCollector::<init> (77 bytes)
C2 CompilerThread1     3720 3330   !   4       org.codehaus.plexus.interpolation.StringSearchInterpolator::interpolate (668 bytes)

VM state: not at safepoint (normal execution)

VM Mutex/Monitor currently owned by a thread: None

Heap address: 0x0000000081c00000, size: 2020 MB, Compressed Oops mode: 32-bit

CDS archive(s) mapped at: [0x0000000800000000-0x0000000800bd0000-0x0000000800bd0000), size 12386304, SharedBaseAddress: 0x0000000800000000, ArchiveRelocationMode: 0.
Compressed class space mapped at: 0x0000000800c00000-0x0000000840c00000, reserved size: 1073741824
Narrow klass base: 0x0000000800000000, Narrow klass shift: 0, Narrow klass range: 0x100000000

GC Precious Log:
 CPUs: 4 total, 4 available
 Memory: 8074M
 Large Page Support: Disabled
 NUMA Support: Disabled
 Compressed Oops: Enabled (32-bit)
 Heap Region Size: 1M
 Heap Min Capacity: 8M
 Heap Initial Capacity: 128M
 Heap Max Capacity: 2020M
 Pre-touch: Disabled
 Parallel Workers: 4
 Concurrent Workers: 1
 Concurrent Refinement Workers: 4
 Periodic GC: Disabled

Heap:
 garbage-first heap   total 131072K, used 57541K [0x0000000081c00000, 0x0000000100000000)
  region size 1024K, 55 young (56320K), 9 survivors (9216K)
 Metaspace       used 14021K, committed 14272K, reserved 1064960K
  class space    used 1558K, committed 1664K, reserved 1048576K

Heap Regions: E=young(eden), S=young(survivor), O=old, HS=humongous(starts), HC=humongous(continues), CS=collection set, F=free, OA=open archive, CA=closed archive, TAMS=top-at-mark-start (previous, next)
|   0|0x0000000081c00000, 0x0000000081d00000, 0x0000000081d00000|100%| O|  |TAMS 0x0000000081c00000, 0x0000000081c00000| Untracked 
|   1|0x0000000081d00000, 0x0000000081e00000, 0x0000000081e00000|100%| O|  |TAMS 0x0000000081d00000, 0x0000000081d00000| Untracked 
|   2|0x0000000081e00000, 0x0000000081eb3200, 0x0000000081f00000| 69%| O|  |TAMS 0x0000000081e00000, 0x0000000081e00000| Untracked 
|   3|0x0000000081f00000, 0x0000000081f00000, 0x0000000082000000|  0%| F|  |TAMS 0x0000000081f00000, 0x0000000081f00000| Untracked 
|   4|0x0000000082000000, 0x0000000082000000, 0x0000000082100000|  0%| F|  |TAMS 0x0000000082000000, 0x0000000082000000| Untracked 
|   5|0x0000000082100000, 0x0000000082100000, 0x0000000082200000|  0%| F|  |TAMS 0x0000000082100000, 0x0000000082100000| Untracked 
|   6|0x0000000082200000, 0x0000000082200000, 0x0000000082300000|  0%| F|  |TAMS 0x0000000082200000, 0x0000000082200000| Untracked 
|   7|0x0000000082300000, 0x0000000082300000, 0x0000000082400000|  0%| F|  |TAMS 0x0000000082300000, 0x0000000082300000| Untracked 
|   8|0x0000000082400000, 0x0000000082400000, 0x0000000082500000|  0%| F|  |TAMS 0x0000000082400000, 0x0000000082400000| Untracked 
|   9|0x0000000082500000, 0x0000000082500000, 0x0000000082600000|  0%| F|  |TAMS 0x0000000082500000, 0x0000000082500000| Untracked 
|  10|0x0000000082600000, 0x0000000082600000, 0x0000000082700000|  0%| F|  |TAMS 0x0000000082600000, 0x0000000082600000| Untracked 
|  11|0x0000000082700000, 0x0000000082700000, 0x0000000082800000|  0%| F|  |TAMS 0x0000000082700000, 0x0000000082700000| Untracked 
|  12|0x0000000082800000, 0x0000000082800000, 0x0000000082900000|  0%| F|  |TAMS 0x0000000082800000, 0x0000000082800000| Untracked 
|  13|0x0000000082900000, 0x0000000082900000, 0x0000000082a00000|  0%| F|  |TAMS 0x0000000082900000, 0x0000000082900000| Untracked 
|  14|0x0000000082a00000, 0x0000000082a00000, 0x0000000082b00000|  0%| F|  |TAMS 0x0000000082a00000, 0x0000000082a00000| Untracked 
|  15|0x0000000082b00000, 0x0000000082b00000, 0x0000000082c00000|  0%| F|  |TAMS 0x0000000082b00000, 0x0000000082b00000| Untracked 
|  16|0x0000000082c00000, 0x0000000082c00000, 0x0000000082d00000|  0%| F|  |TAMS 0x0000000082c00000, 0x0000000082c00000| Untracked 
|  17|0x0000000082d00000, 0x0000000082d00000, 0x0000000082e00000|  0%| F|  |TAMS 0x0000000082d00000, 0x0000000082d00000| Untracked 
|  18|0x0000000082e00000, 0x0000000082e00000, 0x0000000082f00000|  0%| F|  |TAMS 0x0000000082e00000, 0x0000000082e00000| Untracked 
|  19|0x0000000082f00000, 0x0000000082f00000, 0x0000000083000000|  0%| F|  |TAMS 0x0000000082f00000, 0x0000000082f00000| Untracked 
|  20|0x0000000083000000, 0x0000000083000000, 0x0000000083100000|  0%| F|  |TAMS 0x0000000083000000, 0x0000000083000000| Untracked 
|  21|0x0000000083100000, 0x0000000083100000, 0x0000000083200000|  0%| F|  |TAMS 0x0000000083100000, 0x0000000083100000| Untracked 
|  22|0x0000000083200000, 0x0000000083200000, 0x0000000083300000|  0%| F|  |TAMS 0x0000000083200000, 0x0000000083200000| Untracked 
|  23|0x0000000083300000, 0x0000000083300000, 0x0000000083400000|  0%| F|  |TAMS 0x0000000083300000, 0x0000000083300000| Untracked 
|  24|0x0000000083400000, 0x0000000083400000, 0x0000000083500000|  0%| F|  |TAMS 0x0000000083400000, 0x0000000083400000| Untracked 
|  25|0x0000000083500000, 0x0000000083500000, 0x0000000083600000|  0%| F|  |TAMS 0x0000000083500000, 0x0000000083500000| Untracked 
|  26|0x0000000083600000, 0x0000000083600000, 0x0000000083700000|  0%| F|  |TAMS 0x0000000083600000, 0x0000000083600000| Untracked 
|  27|0x0000000083700000, 0x0000000083700000, 0x0000000083800000|  0%| F|  |TAMS 0x0000000083700000, 0x0000000083700000| Untracked 
|  28|0x0000000083800000, 0x0000000083800000, 0x0000000083900000|  0%| F|  |TAMS 0x0000000083800000, 0x0000000083800000| Untracked 
|  29|0x0000000083900000, 0x0000000083900000, 0x0000000083a00000|  0%| F|  |TAMS 0x0000000083900000, 0x0000000083900000| Untracked 
|  30|0x0000000083a00000, 0x0000000083a00000, 0x0000000083b00000|  0%| F|  |TAMS 0x0000000083a00000, 0x0000000083a00000| Untracked 
|  31|0x0000000083b00000, 0x0000000083b00000, 0x0000000083c00000|  0%| F|  |TAMS 0x0000000083b00000, 0x0000000083b00000| Untracked 
|  32|0x0000000083c00000, 0x0000000083c00000, 0x0000000083d00000|  0%| F|  |TAMS 0x0000000083c00000, 0x0000000083c00000| Untracked 
|  33|0x0000000083d00000, 0x0000000083d00000, 0x0000000083e00000|  0%| F|  |TAMS 0x0000000083d00000, 0x0000000083d00000| Untracked 
|  34|0x0000000083e00000, 0x0000000083e00000, 0x0000000083f00000|  0%| F|  |TAMS 0x0000000083e00000, 0x0000000083e00000| Untracked 
|  35|0x0000000083f00000, 0x0000000083f00000, 0x0000000084000000|  0%| F|  |TAMS 0x0000000083f00000, 0x0000000083f00000| Untracked 
|  36|0x0000000084000000, 0x0000000084000000, 0x0000000084100000|  0%| F|  |TAMS 0x0000000084000000, 0x0000000084000000| Untracked 
|  37|0x0000000084100000, 0x0000000084100000, 0x0000000084200000|  0%| F|  |TAMS 0x0000000084100000, 0x0000000084100000| Untracked 
|  38|0x0000000084200000, 0x0000000084200000, 0x0000000084300000|  0%| F|  |TAMS 0x0000000084200000, 0x0000000084200000| Untracked 
|  39|0x0000000084300000, 0x0000000084300000, 0x0000000084400000|  0%| F|  |TAMS 0x0000000084300000, 0x0000000084300000| Untracked 
|  40|0x0000000084400000, 0x0000000084400000, 0x0000000084500000|  0%| F|  |TAMS 0x0000000084400000, 0x0000000084400000| Untracked 
|  41|0x0000000084500000, 0x0000000084500000, 0x0000000084600000|  0%| F|  |TAMS 0x0000000084500000, 0x0000000084500000| Untracked 
|  42|0x0000000084600000, 0x0000000084600000, 0x0000000084700000|  0%| F|  |TAMS 0x0000000084600000, 0x0000000084600000| Untracked 
|  43|0x0000000084700000, 0x000000008477e430, 0x0000000084800000| 49%| S|CS|TAMS 0x0000000084700000, 0x0000000084700000| Complete 
|  44|0x0000000084800000, 0x0000000084900000, 0x0000000084900000|100%| S|CS|TAMS 0x0000000084800000, 0x0000000084800000| Complete 
|  45|0x0000000084900000, 0x0000000084a00000, 0x0000000084a00000|100%| S|CS|TAMS 0x0000000084900000, 0x0000000084900000| Complete 
|  46|0x0000000084a00000, 0x0000000084b00000, 0x0000000084b00000|100%| S|CS|TAMS 0x0000000084a00000, 0x0000000084a00000| Complete 
|  47|0x0000000084b00000, 0x0000000084c00000, 0x0000000084c00000|100%| S|CS|TAMS 0x0000000084b00000, 0x0000000084b00000| Complete 
|  48|0x0000000084c00000, 0x0000000084d00000, 0x0000000084d00000|100%| S|CS|TAMS 0x0000000084c00000, 0x0000000084c00000| Complete 
|  49|0x0000000084d00000, 0x0000000084e00000, 0x0000000084e00000|100%| S|CS|TAMS 0x0000000084d00000, 0x0000000084d00000| Complete 
|  50|0x0000000084e00000, 0x0000000084f00000, 0x0000000084f00000|100%| S|CS|TAMS 0x0000000084e00000, 0x0000000084e00000| Complete 
|  51|0x0000000084f00000, 0x0000000085000000, 0x0000000085000000|100%| S|CS|TAMS 0x0000000084f00000, 0x0000000084f00000| Complete 
|  52|0x0000000085000000, 0x0000000085000000, 0x0000000085100000|  0%| F|  |TAMS 0x0000000085000000, 0x0000000085000000| Untracked 
|  53|0x0000000085100000, 0x0000000085100000, 0x0000000085200000|  0%| F|  |TAMS 0x0000000085100000, 0x0000000085100000| Untracked 
|  54|0x0000000085200000, 0x0000000085200000, 0x0000000085300000|  0%| F|  |TAMS 0x0000000085200000, 0x0000000085200000| Untracked 
|  55|0x0000000085300000, 0x0000000085300000, 0x0000000085400000|  0%| F|  |TAMS 0x0000000085300000, 0x0000000085300000| Untracked 
|  56|0x0000000085400000, 0x0000000085400000, 0x0000000085500000|  0%| F|  |TAMS 0x0000000085400000, 0x0000000085400000| Untracked 
|  57|0x0000000085500000, 0x0000000085500000, 0x0000000085600000|  0%| F|  |TAMS 0x0000000085500000, 0x0000000085500000| Untracked 
|  58|0x0000000085600000, 0x0000000085600000, 0x0000000085700000|  0%| F|  |TAMS 0x0000000085600000, 0x0000000085600000| Untracked 
|  59|0x0000000085700000, 0x0000000085700000, 0x0000000085800000|  0%| F|  |TAMS 0x0000000085700000, 0x0000000085700000| Untracked 
|  60|0x0000000085800000, 0x0000000085800000, 0x0000000085900000|  0%| F|  |TAMS 0x0000000085800000, 0x0000000085800000| Untracked 
|  61|0x0000000085900000, 0x0000000085900000, 0x0000000085a00000|  0%| F|  |TAMS 0x0000000085900000, 0x0000000085900000| Untracked 
|  62|0x0000000085a00000, 0x0000000085a00000, 0x0000000085b00000|  0%| F|  |TAMS 0x0000000085a00000, 0x0000000085a00000| Untracked 
|  63|0x0000000085b00000, 0x0000000085b00000, 0x0000000085c00000|  0%| F|  |TAMS 0x0000000085b00000, 0x0000000085b00000| Untracked 
|  64|0x0000000085c00000, 0x0000000085c00000, 0x0000000085d00000|  0%| F|  |TAMS 0x0000000085c00000, 0x0000000085c00000| Untracked 
|  65|0x0000000085d00000, 0x0000000085d00000, 0x0000000085e00000|  0%| F|  |TAMS 0x0000000085d00000, 0x0000000085d00000| Untracked 
|  66|0x0000000085e00000, 0x0000000085e00000, 0x0000000085f00000|  0%| F|  |TAMS 0x0000000085e00000, 0x0000000085e00000| Untracked 
|  67|0x0000000085f00000, 0x0000000085f00000, 0x0000000086000000|  0%| F|  |TAMS 0x0000000085f00000, 0x0000000085f00000| Untracked 
|  68|0x0000000086000000, 0x0000000086000000, 0x0000000086100000|  0%| F|  |TAMS 0x0000000086000000, 0x0000000086000000| Untracked 
|  69|0x0000000086100000, 0x0000000086100000, 0x0000000086200000|  0%| F|  |TAMS 0x0000000086100000, 0x0000000086100000| Untracked 
|  70|0x0000000086200000, 0x0000000086200000, 0x0000000086300000|  0%| F|  |TAMS 0x0000000086200000, 0x0000000086200000| Untracked 
|  71|0x0000000086300000, 0x0000000086300000, 0x0000000086400000|  0%| F|  |TAMS 0x0000000086300000, 0x0000000086300000| Untracked 
|  72|0x0000000086400000, 0x0000000086400000, 0x0000000086500000|  0%| F|  |TAMS 0x0000000086400000, 0x0000000086400000| Untracked 
|  73|0x0000000086500000, 0x0000000086500000, 0x0000000086600000|  0%| F|  |TAMS 0x0000000086500000, 0x0000000086500000| Untracked 
|  74|0x0000000086600000, 0x0000000086600000, 0x0000000086700000|  0%| F|  |TAMS 0x0000000086600000, 0x0000000086600000| Untracked 
|  75|0x0000000086700000, 0x0000000086700000, 0x0000000086800000|  0%| F|  |TAMS 0x0000000086700000, 0x0000000086700000| Untracked 
|  76|0x0000000086800000, 0x0000000086800000, 0x0000000086900000|  0%| F|  |TAMS 0x0000000086800000, 0x0000000086800000| Untracked 
|  77|0x0000000086900000, 0x0000000086900000, 0x0000000086a00000|  0%| F|  |TAMS 0x0000000086900000, 0x0000000086900000| Untracked 
|  78|0x0000000086a00000, 0x0000000086a00000, 0x0000000086b00000|  0%| F|  |TAMS 0x0000000086a00000, 0x0000000086a00000| Untracked 
|  79|0x0000000086b00000, 0x0000000086b00000, 0x0000000086c00000|  0%| F|  |TAMS 0x0000000086b00000, 0x0000000086b00000| Untracked 
|  80|0x0000000086c00000, 0x0000000086c00000, 0x0000000086d00000|  0%| F|  |TAMS 0x0000000086c00000, 0x0000000086c00000| Untracked 
|  81|0x0000000086d00000, 0x0000000086d00000, 0x0000000086e00000|  0%| F|  |TAMS 0x0000000086d00000, 0x0000000086d00000| Untracked 
|  82|0x0000000086e00000, 0x0000000086f00000, 0x0000000086f00000|100%| E|  |TAMS 0x0000000086e00000, 0x0000000086e00000| Complete 
|  83|0x0000000086f00000, 0x0000000087000000, 0x0000000087000000|100%| E|CS|TAMS 0x0000000086f00000, 0x0000000086f00000| Complete 
|  84|0x0000000087000000, 0x0000000087100000, 0x0000000087100000|100%| E|CS|TAMS 0x0000000087000000, 0x0000000087000000| Complete 
|  85|0x0000000087100000, 0x0000000087200000, 0x0000000087200000|100%| E|CS|TAMS 0x0000000087100000, 0x0000000087100000| Complete 
|  86|0x0000000087200000, 0x0000000087300000, 0x0000000087300000|100%| E|CS|TAMS 0x0000000087200000, 0x0000000087200000| Complete 
|  87|0x0000000087300000, 0x0000000087400000, 0x0000000087400000|100%| E|CS|TAMS 0x0000000087300000, 0x0000000087300000| Complete 
|  88|0x0000000087400000, 0x0000000087500000, 0x0000000087500000|100%| E|CS|TAMS 0x0000000087400000, 0x0000000087400000| Complete 
|  89|0x0000000087500000, 0x0000000087600000, 0x0000000087600000|100%| E|CS|TAMS 0x0000000087500000, 0x0000000087500000| Complete 
|  90|0x0000000087600000, 0x0000000087700000, 0x0000000087700000|100%| E|CS|TAMS 0x0000000087600000, 0x0000000087600000| Complete 
|  91|0x0000000087700000, 0x0000000087800000, 0x0000000087800000|100%| E|CS|TAMS 0x0000000087700000, 0x0000000087700000| Complete 
|  92|0x0000000087800000, 0x0000000087900000, 0x0000000087900000|100%| E|CS|TAMS 0x0000000087800000, 0x0000000087800000| Complete 
|  93|0x0000000087900000, 0x0000000087a00000, 0x0000000087a00000|100%| E|CS|TAMS 0x0000000087900000, 0x0000000087900000| Complete 
|  94|0x0000000087a00000, 0x0000000087b00000, 0x0000000087b00000|100%| E|CS|TAMS 0x0000000087a00000, 0x0000000087a00000| Complete 
|  95|0x0000000087b00000, 0x0000000087c00000, 0x0000000087c00000|100%| E|CS|TAMS 0x0000000087b00000, 0x0000000087b00000| Complete 
|  96|0x0000000087c00000, 0x0000000087d00000, 0x0000000087d00000|100%| E|CS|TAMS 0x0000000087c00000, 0x0000000087c00000| Complete 
|  97|0x0000000087d00000, 0x0000000087e00000, 0x0000000087e00000|100%| E|CS|TAMS 0x0000000087d00000, 0x0000000087d00000| Complete 
|  98|0x0000000087e00000, 0x0000000087f00000, 0x0000000087f00000|100%| E|CS|TAMS 0x0000000087e00000, 0x0000000087e00000| Complete 
|  99|0x0000000087f00000, 0x0000000088000000, 0x0000000088000000|100%| E|CS|TAMS 0x0000000087f00000, 0x0000000087f00000| Complete 
| 100|0x0000000088000000, 0x0000000088100000, 0x0000000088100000|100%| E|CS|TAMS 0x0000000088000000, 0x0000000088000000| Complete 
| 101|0x0000000088100000, 0x0000000088200000, 0x0000000088200000|100%| E|CS|TAMS 0x0000000088100000, 0x0000000088100000| Complete 
| 102|0x0000000088200000, 0x0000000088300000, 0x0000000088300000|100%| E|CS|TAMS 0x0000000088200000, 0x0000000088200000| Complete 
| 103|0x0000000088300000, 0x0000000088400000, 0x0000000088400000|100%| E|CS|TAMS 0x0000000088300000, 0x0000000088300000| Complete 
| 104|0x0000000088400000, 0x0000000088500000, 0x0000000088500000|100%| E|CS|TAMS 0x0000000088400000, 0x0000000088400000| Complete 
| 105|0x0000000088500000, 0x0000000088600000, 0x0000000088600000|100%| E|CS|TAMS 0x0000000088500000, 0x0000000088500000| Complete 
| 106|0x0000000088600000, 0x0000000088700000, 0x0000000088700000|100%| E|CS|TAMS 0x0000000088600000, 0x0000000088600000| Complete 
| 107|0x0000000088700000, 0x0000000088800000, 0x0000000088800000|100%| E|CS|TAMS 0x0000000088700000, 0x0000000088700000| Complete 
| 108|0x0000000088800000, 0x0000000088900000, 0x0000000088900000|100%| E|CS|TAMS 0x0000000088800000, 0x0000000088800000| Complete 
| 109|0x0000000088900000, 0x0000000088a00000, 0x0000000088a00000|100%| E|CS|TAMS 0x0000000088900000, 0x0000000088900000| Complete 
| 110|0x0000000088a00000, 0x0000000088b00000, 0x0000000088b00000|100%| E|CS|TAMS 0x0000000088a00000, 0x0000000088a00000| Complete 
| 111|0x0000000088b00000, 0x0000000088c00000, 0x0000000088c00000|100%| E|CS|TAMS 0x0000000088b00000, 0x0000000088b00000| Complete 
| 112|0x0000000088c00000, 0x0000000088d00000, 0x0000000088d00000|100%| E|CS|TAMS 0x0000000088c00000, 0x0000000088c00000| Complete 
| 113|0x0000000088d00000, 0x0000000088e00000, 0x0000000088e00000|100%| E|CS|TAMS 0x0000000088d00000, 0x0000000088d00000| Complete 
| 114|0x0000000088e00000, 0x0000000088f00000, 0x0000000088f00000|100%| E|CS|TAMS 0x0000000088e00000, 0x0000000088e00000| Complete 
| 115|0x0000000088f00000, 0x0000000089000000, 0x0000000089000000|100%| E|CS|TAMS 0x0000000088f00000, 0x0000000088f00000| Complete 
| 116|0x0000000089000000, 0x0000000089100000, 0x0000000089100000|100%| E|CS|TAMS 0x0000000089000000, 0x0000000089000000| Complete 
| 117|0x0000000089100000, 0x0000000089200000, 0x0000000089200000|100%| E|CS|TAMS 0x0000000089100000, 0x0000000089100000| Complete 
| 118|0x0000000089200000, 0x0000000089300000, 0x0000000089300000|100%| E|CS|TAMS 0x0000000089200000, 0x0000000089200000| Complete 
| 119|0x0000000089300000, 0x0000000089400000, 0x0000000089400000|100%| E|CS|TAMS 0x0000000089300000, 0x0000000089300000| Complete 
| 120|0x0000000089400000, 0x0000000089500000, 0x0000000089500000|100%| E|CS|TAMS 0x0000000089400000, 0x0000000089400000| Complete 
| 121|0x0000000089500000, 0x0000000089600000, 0x0000000089600000|100%| E|CS|TAMS 0x0000000089500000, 0x0000000089500000| Complete 
| 122|0x0000000089600000, 0x0000000089700000, 0x0000000089700000|100%| E|CS|TAMS 0x0000000089600000, 0x0000000089600000| Complete 
| 123|0x0000000089700000, 0x0000000089800000, 0x0000000089800000|100%| E|CS|TAMS 0x0000000089700000, 0x0000000089700000| Complete 
| 124|0x0000000089800000, 0x0000000089900000, 0x0000000089900000|100%| E|CS|TAMS 0x0000000089800000, 0x0000000089800000| Complete 
| 125|0x0000000089900000, 0x0000000089a00000, 0x0000000089a00000|100%| E|CS|TAMS 0x0000000089900000, 0x0000000089900000| Complete 
| 126|0x0000000089a00000, 0x0000000089b00000, 0x0000000089b00000|100%| E|CS|TAMS 0x0000000089a00000, 0x0000000089a00000| Complete 
| 127|0x0000000089b00000, 0x0000000089c00000, 0x0000000089c00000|100%| E|CS|TAMS 0x0000000089b00000, 0x0000000089b00000| Complete 

Card table byte_map: [0x00000130fa880000,0x00000130fac80000] _byte_map_base: 0x00000130fa472000

Marking Bits (Prev, Next): (CMBitMap*) 0x00000130e1e3a180, (CMBitMap*) 0x00000130e1e3a1c0
 Prev Bits: [0x00000130fb080000, 0x00000130fd010000)
 Next Bits: [0x00000130fd010000, 0x00000130fefa0000)

Polling page: 0x00000130e1ec0000

Metaspace:

Usage:
  Non-class:     12.17 MB used.
      Class:      1.52 MB used.
       Both:     13.69 MB used.

Virtual space:
  Non-class space:       16.00 MB reserved,      12.31 MB ( 77%) committed,  2 nodes.
      Class space:        1.00 GB reserved,       1.62 MB ( <1%) committed,  1 nodes.
             Both:        1.02 GB reserved,      13.94 MB (  1%) committed. 

Chunk freelists:
   Non-Class:  2.59 MB
       Class:  2.42 MB
        Both:  5.01 MB

MaxMetaspaceSize: unlimited
CompressedClassSpaceSize: 1.00 GB
Initial GC threshold: 21.00 MB
Current GC threshold: 21.00 MB
CDS: on
MetaspaceReclaimPolicy: balanced
 - commit_granule_bytes: 65536.
 - commit_granule_words: 8192.
 - virtual_space_node_default_size: 1048576.
 - enlarge_chunks_in_place: 1.
 - new_chunks_are_fully_committed: 0.
 - uncommit_free_chunks: 1.
 - use_allocation_guard: 0.
 - handle_deallocations: 1.


Internal statistics:

num_allocs_failed_limit: 0.
num_arena_births: 88.
num_arena_deaths: 0.
num_vsnodes_births: 3.
num_vsnodes_deaths: 0.
num_space_committed: 223.
num_space_uncommitted: 0.
num_chunks_returned_to_freelist: 0.
num_chunks_taken_from_freelist: 580.
num_chunk_merges: 0.
num_chunk_splits: 409.
num_chunks_enlarged: 318.
num_purges: 0.
num_inconsistent_stats: 0.

CodeHeap 'non-profiled nmethods': size=120000Kb used=1552Kb max_used=1552Kb free=118447Kb
 bounds [0x00000130f2920000, 0x00000130f2b90000, 0x00000130f9e50000]
CodeHeap 'profiled nmethods': size=120000Kb used=7140Kb max_used=7140Kb free=112859Kb
 bounds [0x00000130eae50000, 0x00000130eb550000, 0x00000130f2380000]
CodeHeap 'non-nmethods': size=5760Kb used=1175Kb max_used=1239Kb free=4584Kb
 bounds [0x00000130f2380000, 0x00000130f25f0000, 0x00000130f2920000]
 total_blobs=3966 nmethods=3498 adapters=380
 compilation: enabled
              stopped_count=0, restarted_count=0
 full_count=0

Compilation events (20 events):
Event: 3.647 Thread 0x00000130ff5a4dd0 nmethod 3444 0x00000130f2aa2a90 code [0x00000130f2aa2c20, 0x00000130f2aa2cf8]
Event: 3.648 Thread 0x00000130ff5a4dd0 3448       3       org.apache.maven.model.PatternSet::getIncludes (23 bytes)
Event: 3.649 Thread 0x00000130ff5a4dd0 nmethod 3448 0x00000130eb51fd90 code [0x00000130eb51ff60, 0x00000130eb520358]
Event: 3.649 Thread 0x00000130ff5a4dd0 3449       3       org.apache.maven.model.PatternSet::getExcludes (23 bytes)
Event: 3.649 Thread 0x00000130ff5a4dd0 nmethod 3449 0x00000130eb520490 code [0x00000130eb520660, 0x00000130eb520a58]
Event: 3.650 Thread 0x00000130ff5a4dd0 3450       3       org.codehaus.plexus.util.SelectorUtils::isDoubleStar (32 bytes)
Event: 3.650 Thread 0x00000130ff5a4dd0 nmethod 3450 0x00000130eb520b90 code [0x00000130eb520d20, 0x00000130eb520f58]
Event: 3.650 Thread 0x00000130ff5a4dd0 3451       1       org.codehaus.plexus.util.MatchPattern::getTokenizedPathChars (5 bytes)
Event: 3.651 Thread 0x00000130ff5a4dd0 nmethod 3451 0x00000130f2aa2d90 code [0x00000130f2aa2f20, 0x00000130f2aa2ff8]
Event: 3.656 Thread 0x00000130ff5a4dd0 3452   !   3       org.apache.maven.model.Exclusion::clone (73 bytes)
Event: 3.657 Thread 0x00000130ff5a4dd0 nmethod 3452 0x00000130eb521010 code [0x00000130eb5212c0, 0x00000130eb521eb8]
Event: 3.658 Thread 0x00000130ff5a4dd0 3453       3       org.apache.maven.model.interpolation.StringVisitorModelInterpolator$ModelVisitor::visit (42 bytes)
Event: 3.658 Thread 0x00000130ff5a4dd0 nmethod 3453 0x00000130eb522390 code [0x00000130eb5225c0, 0x00000130eb522f18]
Event: 3.660 Thread 0x00000130ff5a4dd0 3455       3       java.lang.AbstractStringBuilder::append (33 bytes)
Event: 3.660 Thread 0x00000130ff5a4dd0 nmethod 3455 0x00000130eb523190 code [0x00000130eb523340, 0x00000130eb523528]
Event: 3.661 Thread 0x00000130ff5a4dd0 3456       3       java.io.StringReader::<init> (28 bytes)
Event: 3.662 Thread 0x00000130ff5a4dd0 nmethod 3456 0x00000130eb523690 code [0x00000130eb523860, 0x00000130eb523c18]
Event: 3.667 Thread 0x00000130ff5a4dd0 3459       3       org.apache.maven.model.merge.MavenModelMerger::mergeModelBase_Modules (224 bytes)
Event: 3.670 Thread 0x00000130ff5a4dd0 nmethod 3459 0x00000130eb523d90 code [0x00000130eb524260, 0x00000130eb527128]
Event: 3.670 Thread 0x00000130ff5a4dd0 3460       3       org.apache.maven.model.merge.MavenModelMerger::mergeModelBase_Repositories (210 bytes)

GC Heap History (6 events):
Event: 0.729 GC heap before
{Heap before GC invocations=0 (full 0):
 garbage-first heap   total 131072K, used 13312K [0x0000000081c00000, 0x0000000100000000)
  region size 1024K, 13 young (13312K), 0 survivors (0K)
 Metaspace       used 3680K, committed 3840K, reserved 1056768K
  class space    used 397K, committed 448K, reserved 1048576K
}
Event: 0.734 GC heap after
{Heap after GC invocations=1 (full 0):
 garbage-first heap   total 131072K, used 2740K [0x0000000081c00000, 0x0000000100000000)
  region size 1024K, 2 young (2048K), 2 survivors (2048K)
 Metaspace       used 3680K, committed 3840K, reserved 1056768K
  class space    used 397K, committed 448K, reserved 1048576K
}
Event: 1.196 GC heap before
{Heap before GC invocations=1 (full 0):
 garbage-first heap   total 131072K, used 18100K [0x0000000081c00000, 0x0000000100000000)
  region size 1024K, 17 young (17408K), 2 survivors (2048K)
 Metaspace       used 5648K, committed 5760K, reserved 1056768K
  class space    used 658K, committed 704K, reserved 1048576K
}
Event: 1.200 GC heap after
{Heap after GC invocations=2 (full 0):
 garbage-first heap   total 131072K, used 3592K [0x0000000081c00000, 0x0000000100000000)
  region size 1024K, 1 young (1024K), 1 survivors (1024K)
 Metaspace       used 5648K, committed 5760K, reserved 1056768K
  class space    used 658K, committed 704K, reserved 1048576K
}
Event: 2.944 GC heap before
{Heap before GC invocations=2 (full 0):
 garbage-first heap   total 131072K, used 80392K [0x0000000081c00000, 0x0000000100000000)
  region size 1024K, 76 young (77824K), 1 survivors (1024K)
 Metaspace       used 12363K, committed 12544K, reserved 1064960K
  class space    used 1416K, committed 1536K, reserved 1048576K
}
Event: 2.965 GC heap after
{Heap after GC invocations=3 (full 0):
 garbage-first heap   total 131072K, used 11461K [0x0000000081c00000, 0x0000000100000000)
  region size 1024K, 9 young (9216K), 9 survivors (9216K)
 Metaspace       used 12363K, committed 12544K, reserved 1064960K
  class space    used 1416K, committed 1536K, reserved 1048576K
}

Deoptimization events (20 events):
Event: 3.412 Thread 0x00000130e1de11b0 Uncommon trap: trap_request=0xffffffde fr.pc=0x00000130f294c534 relative=0x0000000000001154
Event: 3.412 Thread 0x00000130e1de11b0 Uncommon trap: reason=class_check action=maybe_recompile pc=0x00000130f294c534 method=jdk.internal.loader.URLClassPath.getLoader(I)Ljdk/internal/loader/URLClassPath$Loader; @ 88 c2
Event: 3.412 Thread 0x00000130e1de11b0 DEOPT PACKING pc=0x00000130f294c534 sp=0x0000000403afc490
Event: 3.412 Thread 0x00000130e1de11b0 DEOPT UNPACKING pc=0x00000130f23d23a3 sp=0x0000000403afc480 mode 2
Event: 3.412 Thread 0x00000130e1de11b0 Uncommon trap: trap_request=0xffffff45 fr.pc=0x00000130f2954e48 relative=0x00000000000009a8
Event: 3.412 Thread 0x00000130e1de11b0 Uncommon trap: reason=unstable_if action=reinterpret pc=0x00000130f2954e48 method=java.util.jar.JarFile.isMultiRelease()Z @ 4 c2
Event: 3.412 Thread 0x00000130e1de11b0 DEOPT PACKING pc=0x00000130f2954e48 sp=0x0000000403afc4b0
Event: 3.412 Thread 0x00000130e1de11b0 DEOPT UNPACKING pc=0x00000130f23d23a3 sp=0x0000000403afc358 mode 2
Event: 3.509 Thread 0x00000130e1de11b0 Uncommon trap: trap_request=0xffffffde fr.pc=0x00000130f294c534 relative=0x0000000000001154
Event: 3.509 Thread 0x00000130e1de11b0 Uncommon trap: reason=class_check action=maybe_recompile pc=0x00000130f294c534 method=jdk.internal.loader.URLClassPath.getLoader(I)Ljdk/internal/loader/URLClassPath$Loader; @ 88 c2
Event: 3.509 Thread 0x00000130e1de11b0 DEOPT PACKING pc=0x00000130f294c534 sp=0x0000000403afd430
Event: 3.509 Thread 0x00000130e1de11b0 DEOPT UNPACKING pc=0x00000130f23d23a3 sp=0x0000000403afd420 mode 2
Event: 3.533 Thread 0x00000130e1de11b0 Uncommon trap: trap_request=0xffffffde fr.pc=0x00000130f294c534 relative=0x0000000000001154
Event: 3.533 Thread 0x00000130e1de11b0 Uncommon trap: reason=class_check action=maybe_recompile pc=0x00000130f294c534 method=jdk.internal.loader.URLClassPath.getLoader(I)Ljdk/internal/loader/URLClassPath$Loader; @ 88 c2
Event: 3.533 Thread 0x00000130e1de11b0 DEOPT PACKING pc=0x00000130f294c534 sp=0x0000000403afcaf0
Event: 3.533 Thread 0x00000130e1de11b0 DEOPT UNPACKING pc=0x00000130f23d23a3 sp=0x0000000403afcae0 mode 2
Event: 3.644 Thread 0x00000130e1de11b0 Uncommon trap: trap_request=0xffffffc6 fr.pc=0x00000130f2985828 relative=0x0000000000000368
Event: 3.644 Thread 0x00000130e1de11b0 Uncommon trap: reason=bimorphic_or_optimized_type_check action=maybe_recompile pc=0x00000130f2985828 method=java.nio.Buffer.<init>(IIIILjdk/internal/access/foreign/MemorySegmentProxy;)V @ 39 c2
Event: 3.644 Thread 0x00000130e1de11b0 DEOPT PACKING pc=0x00000130f2985828 sp=0x0000000403afcc40
Event: 3.644 Thread 0x00000130e1de11b0 DEOPT UNPACKING pc=0x00000130f23d23a3 sp=0x0000000403afcbe8 mode 2

Classes unloaded (0 events):
No events

Classes redefined (0 events):
No events

Internal exceptions (20 events):
Event: 0.259 Thread 0x00000130e1de11b0 Exception <a 'java/lang/NullPointerException'{0x0000000089892d80}> (0x0000000089892d80) 
thrown [s\open\src\hotspot\share\interpreter\linkResolver.cpp, line 1350]
Event: 0.260 Thread 0x00000130e1de11b0 Exception <a 'java/lang/NullPointerException'{0x0000000089898b20}> (0x0000000089898b20) 
thrown [s\open\src\hotspot\share\interpreter\linkResolver.cpp, line 1350]
Event: 0.262 Thread 0x00000130e1de11b0 Exception <a 'java/lang/NullPointerException'{0x00000000898ae908}> (0x00000000898ae908) 
thrown [s\open\src\hotspot\share\interpreter\linkResolver.cpp, line 1350]
Event: 0.262 Thread 0x00000130e1de11b0 Exception <a 'java/lang/NullPointerException'{0x00000000898aebe0}> (0x00000000898aebe0) 
thrown [s\open\src\hotspot\share\interpreter\linkResolver.cpp, line 1350]
Event: 0.262 Thread 0x00000130e1de11b0 Exception <a 'java/lang/NullPointerException'{0x00000000898aeeb8}> (0x00000000898aeeb8) 
thrown [s\open\src\hotspot\share\interpreter\linkResolver.cpp, line 1350]
Event: 0.262 Thread 0x00000130e1de11b0 Exception <a 'java/lang/NullPointerException'{0x00000000898af190}> (0x00000000898af190) 
thrown [s\open\src\hotspot\share\interpreter\linkResolver.cpp, line 1350]
Event: 0.342 Thread 0x00000130e1de11b0 Exception <a 'java/lang/NullPointerException'{0x00000000897f3148}> (0x00000000897f3148) 
thrown [s\open\src\hotspot\share\interpreter\linkResolver.cpp, line 1350]
Event: 0.342 Thread 0x00000130e1de11b0 Exception <a 'java/lang/NullPointerException'{0x00000000897fb710}> (0x00000000897fb710) 
thrown [s\open\src\hotspot\share\interpreter\linkResolver.cpp, line 1350]
Event: 0.773 Thread 0x00000130e1de11b0 Exception <a 'java/lang/NoSuchMethodError'{0x0000000089be8c98}: 'java.lang.Object java.lang.invoke.DirectMethodHandle$Holder.newInvokeSpecial(java.lang.Object, java.lang.Object, java.lang.Object, java.lang.Object, java.lang.Object)'> (0x0000000089be8c98) 
thrown [s\open\src\hotspot\share\interpreter\linkResolver.cpp, line 759]
Event: 0.848 Thread 0x00000130e1de11b0 Exception <a 'java/lang/NoClassDefFoundError'{0x0000000089954f28}: javax/enterprise/inject/Typed> (0x0000000089954f28) 
thrown [s\open\src\hotspot\share\classfile\systemDictionary.cpp, line 245]
Event: 1.880 Thread 0x00000130e1de11b0 Exception <a 'java/lang/NoClassDefFoundError'{0x0000000088463b78}: com/google/inject/servlet/ServletModuleTargetVisitor> (0x0000000088463b78) 
thrown [s\open\src\hotspot\share\classfile\systemDictionary.cpp, line 245]
Event: 1.969 Thread 0x00000130e1de11b0 Exception <a 'java/lang/NoSuchMethodError'{0x00000000883aed98}: 'java.lang.Object java.lang.invoke.DirectMethodHandle$Holder.invokeStaticInit(java.lang.Object, int, int, int, int)'> (0x00000000883aed98) 
thrown [s\open\src\hotspot\share\interpreter\linkResolver.cpp, line 759]
Event: 2.098 Thread 0x00000130e1de11b0 Implicit null exception at 0x00000130f295bef2 to 0x00000130f295c50c
Event: 2.098 Thread 0x00000130e1de11b0 Implicit null exception at 0x00000130f2947cf2 to 0x00000130f294832c
Event: 3.250 Thread 0x00000130e1de11b0 Implicit null exception at 0x00000130f29be86f to 0x00000130f29bea38
Event: 3.250 Thread 0x00000130e1de11b0 Implicit null exception at 0x00000130f29addef to 0x00000130f29adfd0
Event: 3.250 Thread 0x00000130e1de11b0 Implicit null exception at 0x00000130f299d60f to 0x00000130f299d689
Event: 3.414 Thread 0x00000130e1de11b0 Exception <a 'java/lang/NoSuchMethodError'{0x0000000087faf7c0}: 'void java.lang.invoke.DirectMethodHandle$Holder.invokeInterface(java.lang.Object, java.lang.Object, java.lang.Object)'> (0x0000000087faf7c0) 
thrown [s\open\src\hotspot\share\interpreter\linkResolver.cpp, line 759]
Event: 3.597 Thread 0x00000130e1de11b0 Exception <a 'java/lang/NoSuchMethodError'{0x00000000876efc48}: 'int java.lang.invoke.DirectMethodHandle$Holder.invokeStatic(java.lang.Object, java.lang.Object, int)'> (0x00000000876efc48) 
thrown [s\open\src\hotspot\share\interpreter\linkResolver.cpp, line 759]
Event: 3.640 Thread 0x00000130e1de11b0 Exception <a 'java/lang/NoSuchMethodError'{0x0000000087417030}: 'java.lang.Object java.lang.invoke.DirectMethodHandle$Holder.invokeStaticInit(java.lang.Object)'> (0x0000000087417030) 
thrown [s\open\src\hotspot\share\interpreter\linkResolver.cpp, line 759]

VM Operations (20 events):
Event: 1.866 Executing VM operation: ICBufferFull
Event: 1.866 Executing VM operation: ICBufferFull done
Event: 1.948 Executing VM operation: HandshakeAllThreads
Event: 1.948 Executing VM operation: HandshakeAllThreads done
Event: 1.993 Executing VM operation: HandshakeAllThreads
Event: 1.993 Executing VM operation: HandshakeAllThreads done
Event: 2.089 Executing VM operation: HandshakeAllThreads
Event: 2.089 Executing VM operation: HandshakeAllThreads done
Event: 2.217 Executing VM operation: ICBufferFull
Event: 2.217 Executing VM operation: ICBufferFull done
Event: 2.699 Executing VM operation: ICBufferFull
Event: 2.699 Executing VM operation: ICBufferFull done
Event: 2.944 Executing VM operation: G1CollectForAllocation
Event: 2.965 Executing VM operation: G1CollectForAllocation done
Event: 3.129 Executing VM operation: HandshakeAllThreads
Event: 3.129 Executing VM operation: HandshakeAllThreads done
Event: 3.352 Executing VM operation: ICBufferFull
Event: 3.353 Executing VM operation: ICBufferFull done
Event: 3.399 Executing VM operation: HandshakeAllThreads
Event: 3.399 Executing VM operation: HandshakeAllThreads done

Events (20 events):
Event: 3.635 loading class java/io/CharArrayWriter
Event: 3.635 loading class java/io/CharArrayWriter done
Event: 3.641 loading class java/lang/ThreadLocal$SuppliedThreadLocal
Event: 3.641 loading class java/lang/ThreadLocal$SuppliedThreadLocal done
Event: 3.643 loading class java/nio/channels/SelectableChannel
Event: 3.643 loading class java/nio/channels/SelectableChannel done
Event: 3.643 loading class sun/nio/ch/NativeThread
Event: 3.643 loading class sun/nio/ch/NativeThread done
Event: 3.643 loading class sun/nio/ch/Util
Event: 3.643 loading class sun/nio/ch/Util done
Event: 3.643 loading class sun/nio/ch/Util$1
Event: 3.643 loading class sun/nio/ch/Util$1 done
Event: 3.644 loading class sun/nio/ch/Util$BufferCache
Event: 3.644 loading class sun/nio/ch/Util$BufferCache done
Event: 3.644 loading class java/nio/DirectByteBuffer$Deallocator
Event: 3.644 loading class java/nio/DirectByteBuffer$Deallocator done
Event: 3.644 loading class sun/nio/ch/IOStatus
Event: 3.644 loading class sun/nio/ch/IOStatus done
Event: 3.647 loading class java/nio/file/attribute/PosixFileAttributes
Event: 3.647 loading class java/nio/file/attribute/PosixFileAttributes done


Dynamic libraries:
0x00007ff75ec10000 - 0x00007ff75ec20000 	C:\Program Files\Java\jdk-17\bin\javaw.exe
0x00007ff96dc30000 - 0x00007ff96de28000 	C:\WINDOWS\SYSTEM32\ntdll.dll
0x00007ff96c890000 - 0x00007ff96c94d000 	C:\WINDOWS\System32\KERNEL32.DLL
0x00007ff96b900000 - 0x00007ff96bbf6000 	C:\WINDOWS\System32\KERNELBASE.dll
0x00007ff96b670000 - 0x00007ff96b770000 	C:\WINDOWS\System32\ucrtbase.dll
0x00007ff9432e0000 - 0x00007ff9432fb000 	C:\Program Files\Java\jdk-17\bin\VCRUNTIME140.dll
0x00007ff953f00000 - 0x00007ff953f18000 	C:\Program Files\Java\jdk-17\bin\jli.dll
0x00007ff96cce0000 - 0x00007ff96cd8f000 	C:\WINDOWS\System32\ADVAPI32.dll
0x00007ff96d5a0000 - 0x00007ff96d63e000 	C:\WINDOWS\System32\msvcrt.dll
0x00007ff96c980000 - 0x00007ff96ca1c000 	C:\WINDOWS\System32\sechost.dll
0x00007ff96d640000 - 0x00007ff96d766000 	C:\WINDOWS\System32\RPCRT4.dll
0x00007ff96d9f0000 - 0x00007ff96db8e000 	C:\WINDOWS\System32\USER32.dll
0x00007ff96b4d0000 - 0x00007ff96b4f2000 	C:\WINDOWS\System32\win32u.dll
0x00007ff96c950000 - 0x00007ff96c97c000 	C:\WINDOWS\System32\GDI32.dll
0x00007ff96b550000 - 0x00007ff96b66a000 	C:\WINDOWS\System32\gdi32full.dll
0x00007ff96b310000 - 0x00007ff96b3ad000 	C:\WINDOWS\System32\msvcp_win.dll
0x00007ff955080000 - 0x00007ff95531a000 	C:\WINDOWS\WinSxS\amd64_microsoft.windows.common-controls_6595b64144ccf1df_6.0.19041.3636_none_60b6a03d71f818d5\COMCTL32.dll
0x00007ff95dec0000 - 0x00007ff95deca000 	C:\WINDOWS\SYSTEM32\VERSION.dll
0x00007ff96cbd0000 - 0x00007ff96cc00000 	C:\WINDOWS\System32\IMM32.DLL
0x00007ff946ab0000 - 0x00007ff946abc000 	C:\Program Files\Java\jdk-17\bin\vcruntime140_1.dll
0x00007ff939c60000 - 0x00007ff939cee000 	C:\Program Files\Java\jdk-17\bin\msvcp140.dll
0x00007ff90a7f0000 - 0x00007ff90b3c7000 	C:\Program Files\Java\jdk-17\bin\server\jvm.dll
0x00007ff96d590000 - 0x00007ff96d598000 	C:\WINDOWS\System32\PSAPI.DLL
0x00007ff957740000 - 0x00007ff957767000 	C:\WINDOWS\SYSTEM32\WINMM.dll
0x00007ff953df0000 - 0x00007ff953df9000 	C:\WINDOWS\SYSTEM32\WSOCK32.dll
0x00007ff96c310000 - 0x00007ff96c37b000 	C:\WINDOWS\System32\WS2_32.dll
0x00007ff969b60000 - 0x00007ff969b72000 	C:\WINDOWS\SYSTEM32\kernel.appcore.dll
0x00007ff9680a0000 - 0x00007ff9680aa000 	C:\Program Files\Java\jdk-17\bin\jimage.dll
0x00007ff969890000 - 0x00007ff969a74000 	C:\WINDOWS\SYSTEM32\DBGHELP.DLL
0x00007ff95a780000 - 0x00007ff95a7b4000 	C:\WINDOWS\SYSTEM32\dbgcore.DLL
0x00007ff96bc00000 - 0x00007ff96bc82000 	C:\WINDOWS\System32\bcryptPrimitives.dll
0x00007ff953f20000 - 0x00007ff953f45000 	C:\Program Files\Java\jdk-17\bin\java.dll
0x00007ff9402a0000 - 0x00007ff940377000 	C:\Program Files\Java\jdk-17\bin\jsvml.dll
0x00007ff96ce40000 - 0x00007ff96d585000 	C:\WINDOWS\System32\SHELL32.dll
0x00007ff969020000 - 0x00007ff9697bb000 	C:\WINDOWS\SYSTEM32\windows.storage.dll
0x00007ff96c380000 - 0x00007ff96c6d4000 	C:\WINDOWS\System32\combase.dll
0x00007ff96ace0000 - 0x00007ff96ad0d000 	C:\WINDOWS\SYSTEM32\Wldp.dll
0x00007ff96cc00000 - 0x00007ff96ccad000 	C:\WINDOWS\System32\SHCORE.dll
0x00007ff96d990000 - 0x00007ff96d9e5000 	C:\WINDOWS\System32\shlwapi.dll
0x00007ff96b240000 - 0x00007ff96b265000 	C:\WINDOWS\SYSTEM32\profapi.dll
0x00007ff94afe0000 - 0x00007ff94aff9000 	C:\Program Files\Java\jdk-17\bin\net.dll
0x00007ff95def0000 - 0x00007ff95dffa000 	C:\WINDOWS\SYSTEM32\WINHTTP.dll
0x00007ff96aa40000 - 0x00007ff96aaaa000 	C:\WINDOWS\system32\mswsock.dll
0x00007ff947590000 - 0x00007ff9475a6000 	C:\Program Files\Java\jdk-17\bin\nio.dll
0x00007ff953ee0000 - 0x00007ff953ef8000 	C:\Program Files\Java\jdk-17\bin\zip.dll
0x0000000069ac0000 - 0x0000000069ae4000 	C:\Users\Shatabdi\AppData\Local\Temp\jansi-2.4.0-4bc84cfeab05ebb6-jansi.dll
0x00007ff94af60000 - 0x00007ff94af70000 	C:\Program Files\Java\jdk-17\bin\verify.dll

dbghelp: loaded successfully - version: 4.0.5 - missing functions: none
symbol engine: initialized successfully - sym options: 0x614 - pdb path: .;C:\Program Files\Java\jdk-17\bin;C:\WINDOWS\SYSTEM32;C:\WINDOWS\WinSxS\amd64_microsoft.windows.common-controls_6595b64144ccf1df_6.0.19041.3636_none_60b6a03d71f818d5;C:\Program Files\Java\jdk-17\bin\server;C:\Users\Shatabdi\AppData\Local\Temp

VM Arguments:
jvm_args: -Dmaven.home=EMBEDDED -Dclassworlds.conf=G:\Java\.metadata\.plugins\org.eclipse.m2e.launching\launches\m2conf5518049545380646664.tmp -Dmaven.multiModuleProjectDirectory=C:\Users\Shatabdi\Downloads\kirana-register -Dfile.encoding=Cp1252 -XX:+ShowCodeDetailsInExceptionMessages 
java_command: org.codehaus.plexus.classworlds.launcher.Launcher -B clean install package
java_class_path (initial): C:\Users\Shatabdi\.p2\pool\plugins\org.eclipse.m2e.maven.runtime_1.18.3.20220227-1319\jars\plexus-classworlds-2.6.0.jar
Launcher Type: SUN_STANDARD

[Global flags]
     intx CICompilerCount                          = 3                                         {product} {ergonomic}
     uint ConcGCThreads                            = 1                                         {product} {ergonomic}
     uint G1ConcRefinementThreads                  = 4                                         {product} {ergonomic}
   size_t G1HeapRegionSize                         = 1048576                                   {product} {ergonomic}
    uintx GCDrainStackTargetSize                   = 64                                        {product} {ergonomic}
   size_t InitialHeapSize                          = 134217728                                 {product} {ergonomic}
   size_t MarkStackSize                            = 4194304                                   {product} {ergonomic}
   size_t MaxHeapSize                              = 2118123520                                {product} {ergonomic}
   size_t MaxNewSize                               = 1270874112                                {product} {ergonomic}
   size_t MinHeapDeltaBytes                        = 1048576                                   {product} {ergonomic}
   size_t MinHeapSize                              = 8388608                                   {product} {ergonomic}
    uintx NonNMethodCodeHeapSize                   = 5832780                                {pd product} {ergonomic}
    uintx NonProfiledCodeHeapSize                  = 122912730                              {pd product} {ergonomic}
    uintx ProfiledCodeHeapSize                     = 122912730                              {pd product} {ergonomic}
    uintx ReservedCodeCacheSize                    = 251658240                              {pd product} {ergonomic}
     bool SegmentedCodeCache                       = true                                      {product} {ergonomic}
     bool ShowCodeDetailsInExceptionMessages       = true                                   {manageable} {command line}
   size_t SoftMaxHeapSize                          = 2118123520                             {manageable} {ergonomic}
     bool UseCompressedClassPointers               = true                           {product lp64_product} {ergonomic}
     bool UseCompressedOops                        = true                           {product lp64_product} {ergonomic}
     bool UseG1GC                                  = true                                      {product} {ergonomic}
     bool UseLargePagesIndividualAllocation        = false                                  {pd product} {ergonomic}

Logging:
Log output configuration:
 #0: stdout all=warning uptime,level,tags
 #1: stderr all=off uptime,level,tags

Environment Variables:
JAVA_HOME=C:\Program Files\Java\jdk-17
CLASSPATH=E:\test\mypack.jar;.;
PATH=C:/Program Files/Java/jdk-17/bin/server;C:/Program Files/Java/jdk-17/bin;C:\Program Files\Common Files\Oracle\Java\javapath;C:\Python311\Scripts\;C:\Python311\;C:\Program Files\Java\jdk-17\bin;C:\Program Files\Intel\Intel(R) Management Engine Components\iCLS\;C:\WINDOWS\system32;C:\WINDOWS;C:\WINDOWS\System32\Wbem;C:\WINDOWS\System32\WindowsPowerShell\v1.0\;C:\Program Files (x86)\Intel\Intel(R) Management Engine Components\DAL;C:\Program Files\Intel\Intel(R) Management Engine Components\DAL;C:\Program Files (x86)\Intel\Intel(R) Management Engine Components\IPT;C:\Program Files\Intel\Intel(R) Management Engine Components\IPT;C:\WINDOWS\System32\OpenSSH\;C:\Program Files\nodejs\;C:\ProgramData\chocolatey\bin;C:\Program Files\apache-maven-3.8.7\bin;C:\Program Files\Git\cmd;C:\Users\Shatabdi\AppData\Local\Android\cmdline-tools\tools;C:\Users\Shatabdi\AppData\Local\Android\cmdline-tools\tools\bin;C:\Users\Shatabdi\AppData\Local\Android\platform-tools;C:\Program Files\TortoiseGit\bin;C:\HashiCorp\Vagrant\bin;C:\Program Files\MongoDB\Server\6.0\bin;C:\mongosh\bin;C:\Program Files\MySQL\MySQL Shell 8.0\bin\;C:\Users\Shatabdi\AppData\Local\Programs\Python\Python39\Scripts\;C:\Users\Shatabdi\AppData\Local\Programs\Python\Python39\;C:\Users\Shatabdi\AppData\Local\Microsoft\WindowsApps;C:\Program Files\Java\jdk-17\bin;C:\Users\Shatabdi\AppData\Roaming\npm;;C:\Users\Shatabdi\AppData\Local\Programs\Microsoft VS Code\bin;C:\WINDOWS\system32;
USERNAME=Shatabdi
OS=Windows_NT
PROCESSOR_IDENTIFIER=Intel64 Family 6 Model 142 Stepping 9, GenuineIntel



---------------  S Y S T E M  ---------------

OS:
 Windows 10 , 64 bit Build 19041 (10.0.19041.3636)
OS uptime: 0 days 4:01 hours

CPU: total 4 (initial active 4) (2 cores per cpu, 2 threads per core) family 6 model 142 stepping 9 microcode 0xb4, cx8, cmov, fxsr, ht, mmx, 3dnowpref, sse, sse2, sse3, ssse3, sse4.1, sse4.2, popcnt, lzcnt, tsc, tscinvbit, avx, avx2, aes, erms, clmul, bmi1, bmi2, adx, fma, vzeroupper, clflush, clflushopt

Memory: 4k page, system-wide physical 8074M (931M free)
TotalPageFile size 10122M (AvailPageFile size 5M)
current process WorkingSet (physical memory assigned to process): 170M, peak: 170M
current process commit charge ("private bytes"): 247M, peak: 248M

vm_info: Java HotSpot(TM) 64-Bit Server VM (17.0.6+9-LTS-190) for windows-amd64 JRE (17.0.6+9-LTS-190), built on Dec  6 2022 15:53:54 by "mach5one" with MS VC++ 17.1 (VS2022)

END.
